#
# A fatal error has been detected by the Java Runtime Environment:
#
#  SIGSEGV (0xb) at pc=0xb6c34879, pid=4027, tid=0x5b7aeb40
#
# JRE version: Java(TM) SE Runtime Environment (8.0_171-b11) (build 1.8.0_171-b11)
# Java VM: Java HotSpot(TM) Server VM (25.171-b11 mixed mode linux-x86 )
# Problematic frame:
# V  [libjvm.so+0x507879]  java_lang_Class::is_primitive(oopDesc*)+0x19
#
# Failed to write core dump. Core dumps have been disabled. To enable core dumping, try "ulimit -c unlimited" before starting Java again
#
# If you would like to submit a bug report, please visit:
#   http://bugreport.java.com/bugreport/crash.jsp
#

---------------  T H R E A D  ---------------

Current thread (0x5b864c00):  JavaThread "JavaFX Application Thread" [_thread_in_vm, id=4065, stack(0x5b75e000,0x5b7af000)]

siginfo: si_signo: 11 (SIGSEGV), si_code: 1 (SEGV_MAPERR), si_addr: 0x0000004c

Registers:
EAX=0x00000044, EBX=0xb7112f50, ECX=0xb7112f50, EDX=0x00000008
ESP=0x5b7ab784, EBP=0x5b7ab800, ESI=0x00000008, EDI=0x5b864688
EIP=0xb6c34879, EFLAGS=0x00010296, CR2=0x0000004c

Top of Stack: (sp=0x5b7ab784)
0x5b7ab784:   b6f8982a 00000008 5b864eb0 5b864c00
0x5b7ab794:   5b7ab7b0 0000000c 5b7ab7b8 62b6aee0
0x5b7ab7a4:   62b6b5a8 62b72ed4 000083d8 5b864eb0
0x5b7ab7b4:   b7112f50 00000000 00000000 58f55580
0x5b7ab7c4:   00000031 00000001 b650d478 b650d4c8
0x5b7ab7d4:   b650d520 5b865778 5b865790 00000000
0x5b7ab7e4:   00000003 0000000c 00000008 5bbbcd13
0x5b7ab7f4:   b7112f50 65e145c0 62c79fb0 5b7ab8c0 

Instructions: (pc=0xb6c34879)
0xb6c34859:   8d bc 27 00 00 00 00 55 e8 00 00 00 00 59 81 c1
0xb6c34869:   ea e6 4d 00 89 e5 8b 81 8c 7d 02 00 8b 55 08 5d
0xb6c34879:   8b 14 02 85 d2 0f 94 c0 c3 8d b4 26 00 00 00 00
0xb6c34889:   8d bc 27 00 00 00 00 55 e8 00 00 00 00 59 81 c1 

Register to memory mapping:

EAX=0x00000044 is an unknown value
EBX=0xb7112f50: <offset 0x9e5f50> in /usr/lib/jvm/java-8-oracle/jre/lib/i386/server/libjvm.so at 0xb672d000
ECX=0xb7112f50: <offset 0x9e5f50> in /usr/lib/jvm/java-8-oracle/jre/lib/i386/server/libjvm.so at 0xb672d000
EDX=0x00000008 is an unknown value
ESP=0x5b7ab784 is pointing into the stack for thread: 0x5b864c00
EBP=0x5b7ab800 is pointing into the stack for thread: 0x5b864c00
ESI=0x00000008 is an unknown value
EDI=0x5b864688 is an unknown value


Stack: [0x5b75e000,0x5b7af000],  sp=0x5b7ab784,  free space=309k
Native frames: (J=compiled Java code, j=interpreted, Vv=VM code, C=native code)
V  [libjvm.so+0x507879]  java_lang_Class::is_primitive(oopDesc*)+0x19
V  [libjvm.so+0x85b8ec]  SystemDictionary::resolve_instance_class_or_null(Symbol*, Handle, Handle, Thread*)+0x6dc
V  [libjvm.so+0x85ccee]  SystemDictionary::resolve_or_fail(Symbol*, Handle, Handle, bool, Thread*)+0x1e
V  [libjvm.so+0x8bc1b0]  VerificationType::is_reference_assignable_from(VerificationType const&, ClassVerifier*, bool, Thread*) const+0x190
V  [libjvm.so+0x8d0b6a]  StackMapFrame::pop_stack(VerificationType, Thread*)+0x13a
V  [libjvm.so+0x8c2b4c]  ClassVerifier::verify_field_instructions(RawBytecodeStream*, StackMapFrame*, constantPoolHandle, Thread*)+0x7cc
V  [libjvm.so+0x8c9e9e]  ClassVerifier::verify_method(methodHandle, Thread*)+0x17ce
V  [libjvm.so+0x8cf244]  ClassVerifier::verify_class(Thread*)+0xc4
V  [libjvm.so+0x8cf7d6]  Verifier::verify(instanceKlassHandle, Verifier::Mode, bool, Thread*)+0x376
V  [libjvm.so+0x4d047d]  InstanceKlass::verify_code(instanceKlassHandle, bool, Thread*)+0x2d
V  [libjvm.so+0x4dbdba]  InstanceKlass::link_class_impl(instanceKlassHandle, bool, Thread*)+0x2fa
V  [libjvm.so+0x4dbb22]  InstanceKlass::link_class_impl(instanceKlassHandle, bool, Thread*)+0x62
V  [libjvm.so+0x4dc290]  InstanceKlass::initialize_impl(instanceKlassHandle, Thread*)+0x40
V  [libjvm.so+0x4dc6e1]  InstanceKlass::initialize(Thread*)+0x31
V  [libjvm.so+0x4fa761]  InterpreterRuntime::_new(JavaThread*, ConstantPool*, int)+0x221
j  juego.Mazo.generarCartas()V+124
j  vista.Algooh.start(Ljavafx/stage/Stage;)V+17
j  com.sun.javafx.application.LauncherImpl.lambda$launchApplication1$161(Ljava/util/concurrent/atomic/AtomicBoolean;Ljavafx/application/Application;)V+20
j  com.sun.javafx.application.LauncherImpl$$Lambda$58.run()V+8
j  com.sun.javafx.application.PlatformImpl.lambda$runAndWait$174(Ljava/lang/Runnable;Ljava/util/concurrent/CountDownLatch;)V+1
j  com.sun.javafx.application.PlatformImpl$$Lambda$51.run()V+8
j  com.sun.javafx.application.PlatformImpl.lambda$null$172(Ljava/lang/Runnable;)Ljava/lang/Void;+1
j  com.sun.javafx.application.PlatformImpl$$Lambda$53.run()Ljava/lang/Object;+4
v  ~StubRoutines::call_stub
V  [libjvm.so+0x50579f]  JavaCalls::call_helper(JavaValue*, methodHandle*, JavaCallArguments*, Thread*)+0x101f
V  [libjvm.so+0x75a5e9]  os::os_exception_wrapper(void (*)(JavaValue*, methodHandle*, JavaCallArguments*, Thread*), JavaValue*, methodHandle*, JavaCallArguments*, Thread*)+0x19
V  [libjvm.so+0x503d6f]  JavaCalls::call(JavaValue*, methodHandle, JavaCallArguments*, Thread*)+0x2f
V  [libjvm.so+0x597f90]  JVM_DoPrivileged+0x2a0
C  [libjava.so+0x9f9a]  Java_java_security_AccessController_doPrivileged__Ljava_security_PrivilegedAction_2Ljava_security_AccessControlContext_2+0x3a
j  java.security.AccessController.doPrivileged(Ljava/security/PrivilegedAction;Ljava/security/AccessControlContext;)Ljava/lang/Object;+0
j  com.sun.javafx.application.PlatformImpl.lambda$runLater$173(Ljava/lang/Runnable;Ljava/security/AccessControlContext;)V+7
j  com.sun.javafx.application.PlatformImpl$$Lambda$52.run()V+8
j  com.sun.glass.ui.InvokeLaterDispatcher$Future.run()V+4
v  ~StubRoutines::call_stub
V  [libjvm.so+0x50579f]  JavaCalls::call_helper(JavaValue*, methodHandle*, JavaCallArguments*, Thread*)+0x101f
V  [libjvm.so+0x75a5e9]  os::os_exception_wrapper(void (*)(JavaValue*, methodHandle*, JavaCallArguments*, Thread*), JavaValue*, methodHandle*, JavaCallArguments*, Thread*)+0x19
V  [libjvm.so+0x503d6f]  JavaCalls::call(JavaValue*, methodHandle, JavaCallArguments*, Thread*)+0x2f
V  [libjvm.so+0x548651]  jni_invoke_nonstatic(JNIEnv_*, JavaValue*, _jobject*, JNICallType, _jmethodID*, JNI_ArgumentPusher*, Thread*)+0x441
V  [libjvm.so+0x54b081]  jni_CallVoidMethodV+0xe1
C  [libglass.so+0x12ffc]  JNIEnv_::CallVoidMethod(_jobject*, _jmethodID*, ...)+0x1c
C  [libglass.so+0x1dad0]  call_runnable(void*)+0x30
C  [libgdk-x11-2.0.so.0+0x150a0]

Java frames: (J=compiled Java code, j=interpreted, Vv=VM code)
j  juego.Mazo.generarCartas()V+124
j  vista.Algooh.start(Ljavafx/stage/Stage;)V+17
j  com.sun.javafx.application.LauncherImpl.lambda$launchApplication1$161(Ljava/util/concurrent/atomic/AtomicBoolean;Ljavafx/application/Application;)V+20
j  com.sun.javafx.application.LauncherImpl$$Lambda$58.run()V+8
j  com.sun.javafx.application.PlatformImpl.lambda$runAndWait$174(Ljava/lang/Runnable;Ljava/util/concurrent/CountDownLatch;)V+1
j  com.sun.javafx.application.PlatformImpl$$Lambda$51.run()V+8
j  com.sun.javafx.application.PlatformImpl.lambda$null$172(Ljava/lang/Runnable;)Ljava/lang/Void;+1
j  com.sun.javafx.application.PlatformImpl$$Lambda$53.run()Ljava/lang/Object;+4
v  ~StubRoutines::call_stub
j  java.security.AccessController.doPrivileged(Ljava/security/PrivilegedAction;Ljava/security/AccessControlContext;)Ljava/lang/Object;+0
j  com.sun.javafx.application.PlatformImpl.lambda$runLater$173(Ljava/lang/Runnable;Ljava/security/AccessControlContext;)V+7
j  com.sun.javafx.application.PlatformImpl$$Lambda$52.run()V+8
j  com.sun.glass.ui.InvokeLaterDispatcher$Future.run()V+4
v  ~StubRoutines::call_stub
j  com.sun.glass.ui.gtk.GtkApplication._runLoop(Ljava/lang/Runnable;Z)V+0
j  com.sun.glass.ui.gtk.GtkApplication.lambda$null$48(Ljava/lang/Runnable;Z)V+7
j  com.sun.glass.ui.gtk.GtkApplication$$Lambda$41.run()V+12
j  java.lang.Thread.run()V+11
v  ~StubRoutines::call_stub

---------------  P R O C E S S  ---------------

Java Threads: ( => current thread )
  0x5b867400 JavaThread "JavaFX-Launcher" [_thread_blocked, id=4066, stack(0x5b68d000,0x5b6de000)]
=>0x5b864c00 JavaThread "JavaFX Application Thread" [_thread_in_vm, id=4065, stack(0x5b75e000,0x5b7af000)]
  0x5b861c00 JavaThread "Thread-1" daemon [_thread_blocked, id=4064, stack(0x5b7af000,0x5b800000)]
  0x622cc400 JavaThread "QuantumRenderer-0" daemon [_thread_blocked, id=4062, stack(0x6272e000,0x6277f000)]
  0x62ca6c00 JavaThread "Service Thread" daemon [_thread_blocked, id=4060, stack(0x62f08000,0x62f59000)]
  0x62ca4800 JavaThread "C1 CompilerThread3" daemon [_thread_blocked, id=4059, stack(0x6247d000,0x624fe000)]
  0x62ca2c00 JavaThread "C2 CompilerThread2" daemon [_thread_blocked, id=4058, stack(0x624fe000,0x6257f000)]
  0x62ca1800 JavaThread "C2 CompilerThread1" daemon [_thread_blocked, id=4057, stack(0x6257f000,0x62600000)]
  0x62c9f800 JavaThread "C2 CompilerThread0" daemon [_thread_blocked, id=4056, stack(0x6277f000,0x62800000)]
  0x62900800 JavaThread "JDWP Command Reader" daemon [_thread_in_native, id=4053, stack(0x65b2e000,0x65b7f000)]
  0x62c9e000 JavaThread "JDWP Event Helper Thread" daemon [_thread_blocked, id=4051, stack(0x65d2e000,0x65d7f000)]
  0x62c9b800 JavaThread "JDWP Transport Listener: dt_socket" daemon [_thread_blocked, id=4049, stack(0x65f2e000,0x65f7f000)]
  0x62c92800 JavaThread "Signal Dispatcher" daemon [_thread_blocked, id=4047, stack(0x6612e000,0x6617f000)]
  0x62c78000 JavaThread "Finalizer" daemon [_thread_blocked, id=4045, stack(0x6632e000,0x6637f000)]
  0x62c75400 JavaThread "Reference Handler" daemon [_thread_blocked, id=4044, stack(0x6652e000,0x6657f000)]
  0xb650b000 JavaThread "main" [_thread_blocked, id=4033, stack(0xb6687000,0xb66d8000)]

Other Threads:
  0x62c70800 VMThread [stack: 0x62f59000,0x62fda000] [id=4043]
  0x62caa000 WatcherThread [stack: 0x623fc000,0x6247d000] [id=4061]

VM state:not at safepoint (normal execution)

VM Mutex/Monitor currently owned by a thread: None

Heap:
 PSYoungGen      total 19200K, used 4267K [0x916c0000, 0x92c00000, 0xa6c00000)
  eden space 16640K, 10% used [0x916c0000,0x9186eae0,0x92700000)
  from space 2560K, 99% used [0x92700000,0x9297c448,0x92980000)
  to   space 2560K, 0% used [0x92980000,0x92980000,0x92c00000)
 ParOldGen       total 43776K, used 3606K [0x66c00000, 0x696c0000, 0x916c0000)
  object space 43776K, 8% used [0x66c00000,0x66f85838,0x696c0000)
 Metaspace       used 5078K, capacity 5364K, committed 5400K, reserved 5424K

Card table byte_map: [0x669ff000,0x66c00000] byte_map_base: 0x666c9000

Marking Bits: (ParMarkBitMap*) 0xb7143660
 Begin Bits: [0x63a00000, 0x64a00000)
 End Bits:   [0x64a00000, 0x65a00000)

Polling page: 0xb7752000

CodeCache: size=245760Kb used=1852Kb max_used=1864Kb free=243907Kb
 bounds [0xa7178000, 0xa73b8000, 0xb6178000]
 total_blobs=863 nmethods=594 adapters=191
 compilation: enabled

Compilation events (10 events):
Event: 0,610 Thread 0x62ca4800  586       3       java.util.zip.ZipFile$ZipFileInputStream::finalize (5 bytes)
Event: 0,610 Thread 0x62ca4800 nmethod 586 0xa7343388 code [0xa73434a0, 0xa734358c]
Event: 0,610 Thread 0x62ca4800  591       3       java.lang.ref.ReferenceQueue::reallyPoll (66 bytes)
Event: 0,610 Thread 0x62ca4800 nmethod 591 0xa73450c8 code [0xa7345200, 0xa7345520]
Event: 0,610 Thread 0x62ca4800  592       3       java.lang.ref.Finalizer::access$100 (6 bytes)
Event: 0,610 Thread 0x62ca4800 nmethod 592 0xa73455c8 code [0xa73456e0, 0xa73457cc]
Event: 0,610 Thread 0x62ca4800  593   !   3       java.lang.ref.Finalizer::runFinalizer (62 bytes)
Event: 0,611 Thread 0x62ca4800 nmethod 593 0xa7345888 code [0xa7345a20, 0xa73460f8]
Event: 0,612 Thread 0x62c9f800 nmethod 594 0xa7347348 code [0xa73474a0, 0xa734781c]
Event: 0,612 Thread 0x62ca2c00 nmethod 587 0xa7346b88 code [0xa7346cc0, 0xa7346fdc]

GC Heap History (2 events):
Event: 0,603 GC heap before
{Heap before GC invocations=1 (full 0):
 PSYoungGen      total 19200K, used 16560K [0x916c0000, 0x92c00000, 0xa6c00000)
  eden space 16640K, 99% used [0x916c0000,0x926ec390,0x92700000)
  from space 2560K, 0% used [0x92980000,0x92980000,0x92c00000)
  to   space 2560K, 0% used [0x92700000,0x92700000,0x92980000)
 ParOldGen       total 43776K, used 0K [0x66c00000, 0x696c0000, 0x916c0000)
  object space 43776K, 0% used [0x66c00000,0x66c00000,0x696c0000)
 Metaspace       used 5066K, capacity 5364K, committed 5400K, reserved 5424K
Event: 0,607 GC heap after
Heap after GC invocations=1 (full 0):
 PSYoungGen      total 19200K, used 2545K [0x916c0000, 0x92c00000, 0xa6c00000)
  eden space 16640K, 0% used [0x916c0000,0x916c0000,0x92700000)
  from space 2560K, 99% used [0x92700000,0x9297c448,0x92980000)
  to   space 2560K, 0% used [0x92980000,0x92980000,0x92c00000)
 ParOldGen       total 43776K, used 3606K [0x66c00000, 0x696c0000, 0x916c0000)
  object space 43776K, 8% used [0x66c00000,0x66f85838,0x696c0000)
 Metaspace       used 5066K, capacity 5364K, committed 5400K, reserved 5424K
}

Deoptimization events (4 events):
Event: 0,146 Thread 0xb650b000 Uncommon trap: reason=unstable_if action=reinterpret pc=0xa7234940 method=java.lang.String.hashCode()I @ 14
Event: 0,457 Thread 0x5b864c00 Uncommon trap: reason=unstable_if action=reinterpret pc=0xa72ad650 method=java.lang.String.replace(CC)Ljava/lang/String; @ 2
Event: 0,583 Thread 0x5b864c00 Uncommon trap: reason=unstable_if action=reinterpret pc=0xa733be28 method=com.sun.javafx.image.impl.ByteBgra$ToByteBgraPreConv.doConvert([BII[BIIII)V @ 31
Event: 0,583 Thread 0x5b864c00 Uncommon trap: reason=unstable_if action=reinterpret pc=0xa7342aec method=com.sun.javafx.image.impl.BaseByteToByteConverter$FourByteReorderer.doConvert([BII[BIIII)V @ 31

Classes redefined (1 events):
Event: 191,992 Thread 0x62c70800 redefined class name=vista.Algooh, count=1

Internal exceptions (10 events):
Event: 0,020 Thread 0xb650b000 Exception <a 'java/lang/NoSuchMethodError': Method sun.misc.Unsafe.prefetchRead(Ljava/lang/Object;J)V name or signature does not match> (0x916c7170) thrown at [/HUDSON/workspace/8-2-build-linux-i586/jdk8u171/10807/hotspot/src/share/vm/prims/jni.cpp, line 
Event: 0,143 Thread 0xb650b000 Exception <a 'java/security/PrivilegedActionException'> (0x918afe88) thrown at [/HUDSON/workspace/8-2-build-linux-i586/jdk8u171/10807/hotspot/src/share/vm/prims/jvm.cpp, line 1435]
Event: 0,143 Thread 0xb650b000 Exception <a 'java/security/PrivilegedActionException'> (0x918b0088) thrown at [/HUDSON/workspace/8-2-build-linux-i586/jdk8u171/10807/hotspot/src/share/vm/prims/jvm.cpp, line 1435]
Event: 0,190 Thread 0xb650b000 Exception <a 'java/lang/NoSuchFieldError': method resolution failed> (0x919d2328) thrown at [/HUDSON/workspace/8-2-build-linux-i586/jdk8u171/10807/hotspot/src/share/vm/prims/methodHandles.cpp, line 1167]
Event: 0,194 Thread 0xb650b000 Exception <a 'java/lang/NoSuchFieldError': method resolution failed> (0x919de478) thrown at [/HUDSON/workspace/8-2-build-linux-i586/jdk8u171/10807/hotspot/src/share/vm/prims/methodHandles.cpp, line 1167]
Event: 0,210 Thread 0xb650b000 Exception <a 'java/security/PrivilegedActionException'> (0x91a5b4c8) thrown at [/HUDSON/workspace/8-2-build-linux-i586/jdk8u171/10807/hotspot/src/share/vm/prims/jvm.cpp, line 1435]
Event: 0,210 Thread 0xb650b000 Exception <a 'java/security/PrivilegedActionException'> (0x91a5b6c8) thrown at [/HUDSON/workspace/8-2-build-linux-i586/jdk8u171/10807/hotspot/src/share/vm/prims/jvm.cpp, line 1435]
Event: 0,211 Thread 0xb650b000 Exception <a 'java/security/PrivilegedActionException'> (0x91a5d8d0) thrown at [/HUDSON/workspace/8-2-build-linux-i586/jdk8u171/10807/hotspot/src/share/vm/prims/jvm.cpp, line 1435]
Event: 0,211 Thread 0xb650b000 Exception <a 'java/security/PrivilegedActionException'> (0x91a5dad0) thrown at [/HUDSON/workspace/8-2-build-linux-i586/jdk8u171/10807/hotspot/src/share/vm/prims/jvm.cpp, line 1435]
Event: 0,211 Thread 0xb650b000 Exception <a 'java/lang/NullPointerException'> (0x91a5e038) thrown at [/HUDSON/workspace/8-2-build-linux-i586/jdk8u171/10807/hotspot/src/share/vm/interpreter/linkResolver.cpp, line 1185]

Events (10 events):
Event: 192,037 Executing VM operation: GetOwnedMonitorInfo
Event: 192,037 Executing VM operation: GetOwnedMonitorInfo done
Event: 192,037 Executing VM operation: GetCurrentContendedMonitor
Event: 192,037 Executing VM operation: GetCurrentContendedMonitor done
Event: 211,946 Executing VM operation: GetCurrentLocation
Event: 211,946 Executing VM operation: GetCurrentLocation done
Event: 211,946 Executing VM operation: EnterInterpOnlyMode
Event: 211,946 Executing VM operation: EnterInterpOnlyMode done
Event: 211,946 Executing VM operation: ChangeSingleStep
Event: 211,946 Executing VM operation: ChangeSingleStep done


Dynamic libraries:
08048000-08049000 r-xp 00000000 08:11 22815194   /usr/lib/jvm/java-8-oracle/bin/java
08049000-0804a000 rw-p 00000000 08:11 22815194   /usr/lib/jvm/java-8-oracle/bin/java
09f46000-09f67000 rw-p 00000000 00:00 0          [heap]
5b337000-5b68d000 rw-p 00000000 00:00 0 
5b68d000-5b690000 ---p 00000000 00:00 0 
5b690000-5b6de000 rw-p 00000000 00:00 0 
5b6de000-5b75e000 rw-s 1384a7000 00:06 340       /dev/dri/card0
5b75e000-5b761000 ---p 00000000 00:00 0 
5b761000-5b7af000 rw-p 00000000 00:00 0 
5b7af000-5b7b2000 ---p 00000000 00:00 0 
5b7b2000-5b800000 rw-p 00000000 00:00 0 
5b800000-5b872000 rw-p 00000000 00:00 0 
5b872000-5b900000 ---p 00000000 00:00 0 
5b919000-5b94e000 r-xp 00000000 08:11 22815501   /usr/lib/jvm/java-8-oracle/jre/lib/i386/libjavafx_iio.so
5b94e000-5b94f000 rw-p 00034000 08:11 22815501   /usr/lib/jvm/java-8-oracle/jre/lib/i386/libjavafx_iio.so
5b94f000-5b98b000 r-xp 00000000 08:11 22812352   /usr/lib/i386-linux-gnu/gtk-2.0/2.10.0/engines/libmurrine.so
5b98b000-5b98c000 r--p 0003b000 08:11 22812352   /usr/lib/i386-linux-gnu/gtk-2.0/2.10.0/engines/libmurrine.so
5b98c000-5b98d000 rw-p 0003c000 08:11 22812352   /usr/lib/i386-linux-gnu/gtk-2.0/2.10.0/engines/libmurrine.so
5b98d000-5b9b7000 r-xp 00000000 08:11 22809794   /usr/lib/i386-linux-gnu/libvorbis.so.0.4.8
5b9b7000-5b9b8000 r--p 00029000 08:11 22809794   /usr/lib/i386-linux-gnu/libvorbis.so.0.4.8
5b9b8000-5b9b9000 rw-p 0002a000 08:11 22809794   /usr/lib/i386-linux-gnu/libvorbis.so.0.4.8
5b9b9000-5b9c2000 r-xp 00000000 08:11 22810457   /usr/lib/i386-linux-gnu/libltdl.so.7.3.1
5b9c2000-5b9c3000 ---p 00009000 08:11 22810457   /usr/lib/i386-linux-gnu/libltdl.so.7.3.1
5b9c3000-5b9c4000 r--p 00009000 08:11 22810457   /usr/lib/i386-linux-gnu/libltdl.so.7.3.1
5b9c4000-5b9c5000 rw-p 0000a000 08:11 22810457   /usr/lib/i386-linux-gnu/libltdl.so.7.3.1
5b9c5000-5b9dc000 r-xp 00000000 08:11 22810869   /usr/lib/i386-linux-gnu/libtdb.so.1.3.8
5b9dc000-5b9dd000 r--p 00016000 08:11 22810869   /usr/lib/i386-linux-gnu/libtdb.so.1.3.8
5b9dd000-5b9de000 rw-p 00017000 08:11 22810869   /usr/lib/i386-linux-gnu/libtdb.so.1.3.8
5b9de000-5b9e7000 r-xp 00000000 08:11 22807438   /usr/lib/i386-linux-gnu/libvorbisfile.so.3.3.7
5b9e7000-5b9e8000 r--p 00008000 08:11 22807438   /usr/lib/i386-linux-gnu/libvorbisfile.so.3.3.7
5b9e8000-5b9e9000 rw-p 00009000 08:11 22807438   /usr/lib/i386-linux-gnu/libvorbisfile.so.3.3.7
5b9e9000-5b9fa000 r-xp 00000000 08:11 22809869   /usr/lib/i386-linux-gnu/libcanberra.so.0.2.5
5b9fa000-5b9fb000 r--p 00010000 08:11 22809869   /usr/lib/i386-linux-gnu/libcanberra.so.0.2.5
5b9fb000-5b9fc000 rw-p 00011000 08:11 22809869   /usr/lib/i386-linux-gnu/libcanberra.so.0.2.5
5b9fc000-5ba10000 r-xp 00000000 08:11 29361499   /lib/i386-linux-gnu/libgpg-error.so.0.17.0
5ba10000-5ba11000 r--p 00013000 08:11 29361499   /lib/i386-linux-gnu/libgpg-error.so.0.17.0
5ba11000-5ba12000 rw-p 00014000 08:11 29361499   /lib/i386-linux-gnu/libgpg-error.so.0.17.0
5ba12000-5babd000 r-xp 00000000 08:11 29360996   /lib/i386-linux-gnu/libgcrypt.so.20.0.5
5babd000-5babe000 r--p 000aa000 08:11 29360996   /lib/i386-linux-gnu/libgcrypt.so.20.0.5
5babe000-5bac1000 rw-p 000ab000 08:11 29360996   /lib/i386-linux-gnu/libgcrypt.so.20.0.5
5bac1000-5bae5000 r-xp 00000000 08:11 29361522   /lib/i386-linux-gnu/liblzma.so.5.0.0
5bae5000-5bae6000 r--p 00023000 08:11 29361522   /lib/i386-linux-gnu/liblzma.so.5.0.0
5bae6000-5bae7000 rw-p 00024000 08:11 29361522   /lib/i386-linux-gnu/liblzma.so.5.0.0
5bae7000-5bb72000 r-xp 00000000 08:11 29361647   /lib/i386-linux-gnu/libsystemd.so.0.14.0
5bb72000-5bb74000 r--p 0008a000 08:11 29361647   /lib/i386-linux-gnu/libsystemd.so.0.14.0
5bb74000-5bb75000 rw-p 0008c000 08:11 29361647   /lib/i386-linux-gnu/libsystemd.so.0.14.0
5bb75000-5bbcc000 r-xp 00000000 08:11 29361450   /lib/i386-linux-gnu/libdbus-1.so.3.14.6
5bbcc000-5bbcd000 ---p 00057000 08:11 29361450   /lib/i386-linux-gnu/libdbus-1.so.3.14.6
5bbcd000-5bbce000 r--p 00057000 08:11 29361450   /lib/i386-linux-gnu/libdbus-1.so.3.14.6
5bbce000-5bbcf000 rw-p 00058000 08:11 29361450   /lib/i386-linux-gnu/libdbus-1.so.3.14.6
5bbcf000-5bbfd000 r-xp 00000000 08:11 22809796   /usr/lib/i386-linux-gnu/libatspi.so.0.0.1
5bbfd000-5bbff000 r--p 0002d000 08:11 22809796   /usr/lib/i386-linux-gnu/libatspi.so.0.0.1
5bbff000-5bc00000 rw-p 0002f000 08:11 22809796   /usr/lib/i386-linux-gnu/libatspi.so.0.0.1
5bc00000-5bc92000 rw-p 00000000 00:00 0 
5bc92000-5bd00000 ---p 00000000 00:00 0 
5bd00000-5bd07000 r-xp 00000000 08:11 22810606   /usr/lib/i386-linux-gnu/libogg.so.0.8.2
5bd07000-5bd08000 r--p 00006000 08:11 22810606   /usr/lib/i386-linux-gnu/libogg.so.0.8.2
5bd08000-5bd09000 rw-p 00007000 08:11 22810606   /usr/lib/i386-linux-gnu/libogg.so.0.8.2
5bd09000-5bd3a000 r-xp 00000000 08:11 22809788   /usr/lib/i386-linux-gnu/libatk-bridge-2.0.so.0.0.0
5bd3a000-5bd3b000 r--p 00030000 08:11 22809788   /usr/lib/i386-linux-gnu/libatk-bridge-2.0.so.0.0.0
5bd3b000-5bd3c000 rw-p 00031000 08:11 22809788   /usr/lib/i386-linux-gnu/libatk-bridge-2.0.so.0.0.0
5bd3c000-5bd3d000 rw-p 00000000 00:00 0 
5bd4a000-5bd52000 r-xp 00000000 08:11 22812486   /usr/lib/i386-linux-gnu/gtk-2.0/modules/libtopmenu-gtk-module.so
5bd52000-5bd53000 r--p 00007000 08:11 22812486   /usr/lib/i386-linux-gnu/gtk-2.0/modules/libtopmenu-gtk-module.so
5bd53000-5bd54000 rw-p 00008000 08:11 22812486   /usr/lib/i386-linux-gnu/gtk-2.0/modules/libtopmenu-gtk-module.so
5bd54000-5bd5c000 r-xp 00000000 08:11 22809407   /usr/lib/i386-linux-gnu/libgailutil.so.18.0.1
5bd5c000-5bd5d000 r--p 00007000 08:11 22809407   /usr/lib/i386-linux-gnu/libgailutil.so.18.0.1
5bd5d000-5bd5e000 rw-p 00008000 08:11 22809407   /usr/lib/i386-linux-gnu/libgailutil.so.18.0.1
5bd5e000-5bdb8000 r-xp 00000000 08:11 22809406   /usr/lib/i386-linux-gnu/gtk-2.0/modules/libgail.so
5bdb8000-5bdb9000 r--p 00059000 08:11 22809406   /usr/lib/i386-linux-gnu/gtk-2.0/modules/libgail.so
5bdb9000-5bdba000 rw-p 0005a000 08:11 22809406   /usr/lib/i386-linux-gnu/gtk-2.0/modules/libgail.so
5bdba000-5bdde000 r-xp 00000000 08:11 22815495   /usr/lib/jvm/java-8-oracle/jre/lib/i386/libglass.so
5bdde000-5bde0000 rw-p 00024000 08:11 22815495   /usr/lib/jvm/java-8-oracle/jre/lib/i386/libglass.so
5bde0000-5be60000 rw-s 1058a7000 00:06 340       /dev/dri/card0
5be60000-5be95000 r-xp 00000000 08:11 22810900   /usr/lib/i386-linux-gnu/libtxc_dxtn_s2tc.so.0.0.0
5be95000-5be96000 r--p 00034000 08:11 22810900   /usr/lib/i386-linux-gnu/libtxc_dxtn_s2tc.so.0.0.0
5be96000-5be97000 rw-p 00035000 08:11 22810900   /usr/lib/i386-linux-gnu/libtxc_dxtn_s2tc.so.0.0.0
5be97000-5be98000 ---p 00000000 00:00 0 
5be98000-5c698000 rw-p 00000000 00:00 0 
5c698000-5c7d9000 rw-s 00000000 08:11 18092007   /home/axel/.cache/mesa/index
5c7d9000-5c7f3000 r-xp 00000000 08:11 29361453   /lib/i386-linux-gnu/libbsd.so.0.8.2
5c7f3000-5c7f4000 r--p 00019000 08:11 29361453   /lib/i386-linux-gnu/libbsd.so.0.8.2
5c7f4000-5c7f5000 rw-p 0001a000 08:11 29361453   /lib/i386-linux-gnu/libbsd.so.0.8.2
5c7f5000-5c815000 r-xp 00000000 08:11 29361623   /lib/i386-linux-gnu/libtinfo.so.5.9
5c815000-5c817000 r--p 0001f000 08:11 29361623   /lib/i386-linux-gnu/libtinfo.so.5.9
5c817000-5c818000 rw-p 00021000 08:11 29361623   /lib/i386-linux-gnu/libtinfo.so.5.9
5c818000-5c84a000 r-xp 00000000 08:11 22810039   /usr/lib/i386-linux-gnu/libedit.so.2.0.53
5c84a000-5c84b000 ---p 00032000 08:11 22810039   /usr/lib/i386-linux-gnu/libedit.so.2.0.53
5c84b000-5c84c000 r--p 00032000 08:11 22810039   /usr/lib/i386-linux-gnu/libedit.so.2.0.53
5c84c000-5c84d000 rw-p 00033000 08:11 22810039   /usr/lib/i386-linux-gnu/libedit.so.2.0.53
5c84d000-5c84f000 rw-p 00000000 00:00 0 
5c84f000-5ff43000 r-xp 00000000 08:11 22811575   /usr/lib/i386-linux-gnu/libLLVM-5.0.so.1
5ff43000-6019d000 r--p 036f3000 08:11 22811575   /usr/lib/i386-linux-gnu/libLLVM-5.0.so.1
6019d000-6020a000 rw-p 0394d000 08:11 22811575   /usr/lib/i386-linux-gnu/libLLVM-5.0.so.1
6020a000-60242000 rw-p 00000000 00:00 0 
60242000-6025c000 r-xp 00000000 08:11 22808162   /usr/lib/i386-linux-gnu/libelf-0.165.so
6025c000-6025d000 r--p 00019000 08:11 22808162   /usr/lib/i386-linux-gnu/libelf-0.165.so
6025d000-6025e000 rw-p 0001a000 08:11 22808162   /usr/lib/i386-linux-gnu/libelf-0.165.so
6025e000-60268000 r-xp 00000000 08:11 22806656   /usr/lib/i386-linux-gnu/libdrm_amdgpu.so.1.0.0
60268000-60269000 r--p 00009000 08:11 22806656   /usr/lib/i386-linux-gnu/libdrm_amdgpu.so.1.0.0
60269000-6026a000 rw-p 0000a000 08:11 22806656   /usr/lib/i386-linux-gnu/libdrm_amdgpu.so.1.0.0
6026a000-60276000 r-xp 00000000 08:11 22810011   /usr/lib/i386-linux-gnu/libdrm_radeon.so.1.0.1
60276000-60277000 r--p 0000b000 08:11 22810011   /usr/lib/i386-linux-gnu/libdrm_radeon.so.1.0.1
60277000-60278000 rw-p 0000c000 08:11 22810011   /usr/lib/i386-linux-gnu/libdrm_radeon.so.1.0.1
60278000-60280000 r-xp 00000000 08:11 22810008   /usr/lib/i386-linux-gnu/libdrm_nouveau.so.2.0.0
60280000-60281000 r--p 00007000 08:11 22810008   /usr/lib/i386-linux-gnu/libdrm_nouveau.so.2.0.0
60281000-60282000 rw-p 00008000 08:11 22810008   /usr/lib/i386-linux-gnu/libdrm_nouveau.so.2.0.0
60282000-60290000 r-xp 00000000 08:11 22810789   /usr/lib/i386-linux-gnu/libsensors.so.4.4.0
60290000-60291000 r--p 0000d000 08:11 22810789   /usr/lib/i386-linux-gnu/libsensors.so.4.4.0
60291000-60292000 rw-p 0000e000 08:11 22810789   /usr/lib/i386-linux-gnu/libsensors.so.4.4.0
60292000-60dc1000 r-xp 00000000 08:11 22811577   /usr/lib/i386-linux-gnu/dri/nouveau_dri.so
60dc1000-60dea000 r--p 00b2e000 08:11 22811577   /usr/lib/i386-linux-gnu/dri/nouveau_dri.so
60dea000-60df0000 rw-p 00b57000 08:11 22811577   /usr/lib/i386-linux-gnu/dri/nouveau_dri.so
60df0000-60fe5000 rw-p 00000000 00:00 0 
60fe5000-60fec000 r-xp 00000000 08:11 22809953   /usr/lib/i386-linux-gnu/libdatrie.so.1.3.3
60fec000-60fed000 ---p 00007000 08:11 22809953   /usr/lib/i386-linux-gnu/libdatrie.so.1.3.3
60fed000-60fee000 r--p 00007000 08:11 22809953   /usr/lib/i386-linux-gnu/libdatrie.so.1.3.3
60fee000-60fef000 rw-p 00008000 08:11 22809953   /usr/lib/i386-linux-gnu/libdatrie.so.1.3.3
60fef000-60ff4000 r-xp 00000000 08:11 22809699   /usr/lib/i386-linux-gnu/libXdmcp.so.6.0.0
60ff4000-60ff5000 r--p 00004000 08:11 22809699   /usr/lib/i386-linux-gnu/libXdmcp.so.6.0.0
60ff5000-60ff6000 rw-p 00005000 08:11 22809699   /usr/lib/i386-linux-gnu/libXdmcp.so.6.0.0
60ff6000-60ff8000 r-xp 00000000 08:11 22809688   /usr/lib/i386-linux-gnu/libXau.so.6.0.0
60ff8000-60ff9000 r--p 00001000 08:11 22809688   /usr/lib/i386-linux-gnu/libXau.so.6.0.0
60ff9000-60ffa000 rw-p 00002000 08:11 22809688   /usr/lib/i386-linux-gnu/libXau.so.6.0.0
60ffa000-6101f000 r-xp 00000000 08:11 22807269   /usr/lib/i386-linux-gnu/libgraphite2.so.3.0.1
6101f000-61020000 ---p 00025000 08:11 22807269   /usr/lib/i386-linux-gnu/libgraphite2.so.3.0.1
61020000-61021000 r--p 00025000 08:11 22807269   /usr/lib/i386-linux-gnu/libgraphite2.so.3.0.1
61021000-61022000 rw-p 00026000 08:11 22807269   /usr/lib/i386-linux-gnu/libgraphite2.so.3.0.1
61022000-61034000 r-xp 00000000 08:11 22813181   /usr/lib/i386-linux-gnu/libdrm.so.2.4.0
61034000-61035000 r--p 00011000 08:11 22813181   /usr/lib/i386-linux-gnu/libdrm.so.2.4.0
61035000-61036000 rw-p 00012000 08:11 22813181   /usr/lib/i386-linux-gnu/libdrm.so.2.4.0
61036000-6104e000 r-xp 00000000 08:11 22811054   /usr/lib/i386-linux-gnu/libxcb-glx.so.0.0.0
6104e000-6104f000 ---p 00018000 08:11 22811054   /usr/lib/i386-linux-gnu/libxcb-glx.so.0.0.0
6104f000-61050000 r--p 00018000 08:11 22811054   /usr/lib/i386-linux-gnu/libxcb-glx.so.0.0.0
61050000-61051000 rw-p 00019000 08:11 22811054   /usr/lib/i386-linux-gnu/libxcb-glx.so.0.0.0
61051000-61065000 r-xp 00000000 08:11 22807298   /usr/lib/i386-linux-gnu/libglapi.so.0.0.0
61065000-61066000 ---p 00014000 08:11 22807298   /usr/lib/i386-linux-gnu/libglapi.so.0.0.0
61066000-61068000 r--p 00014000 08:11 22807298   /usr/lib/i386-linux-gnu/libglapi.so.0.0.0
61068000-6106e000 rwxp 00016000 08:11 22807298   /usr/lib/i386-linux-gnu/libglapi.so.0.0.0
6106e000-6106f000 rwxp 00000000 00:00 0 
6106f000-610e2000 r-xp 00000000 08:11 29361580   /lib/i386-linux-gnu/libpcre.so.3.13.2
610e2000-610e3000 r--p 00072000 08:11 29361580   /lib/i386-linux-gnu/libpcre.so.3.13.2
610e3000-610e4000 rw-p 00073000 08:11 29361580   /lib/i386-linux-gnu/libpcre.so.3.13.2
610e4000-6110a000 r-xp 00000000 08:11 29361437   /lib/i386-linux-gnu/libexpat.so.1.6.0
6110a000-6110b000 ---p 00026000 08:11 29361437   /lib/i386-linux-gnu/libexpat.so.1.6.0
6110b000-6110d000 r--p 00026000 08:11 29361437   /lib/i386-linux-gnu/libexpat.so.1.6.0
6110d000-6110e000 rw-p 00028000 08:11 29361437   /lib/i386-linux-gnu/libexpat.so.1.6.0
6110e000-61137000 r-xp 00000000 08:11 29361592   /lib/i386-linux-gnu/libpng12.so.0.54.0
61137000-61138000 r--p 00028000 08:11 29361592   /lib/i386-linux-gnu/libpng12.so.0.54.0
61138000-61139000 rw-p 00029000 08:11 29361592   /lib/i386-linux-gnu/libpng12.so.0.54.0
61139000-611e2000 r-xp 00000000 08:11 22810669   /usr/lib/i386-linux-gnu/libpixman-1.so.0.33.6
611e2000-611e8000 r--p 000a8000 08:11 22810669   /usr/lib/i386-linux-gnu/libpixman-1.so.0.33.6
611e8000-611e9000 rw-p 000ae000 08:11 22810669   /usr/lib/i386-linux-gnu/libpixman-1.so.0.33.6
611e9000-6124b000 r-xp 00000000 08:11 22810258   /usr/lib/i386-linux-gnu/libharfbuzz.so.0.10000.1
6124b000-6124c000 r--p 00061000 08:11 22810258   /usr/lib/i386-linux-gnu/libharfbuzz.so.0.10000.1
6124c000-6124d000 rw-p 00062000 08:11 22810258   /usr/lib/i386-linux-gnu/libharfbuzz.so.0.10000.1
6124d000-613ba000 r-xp 00000000 08:11 22809828   /usr/lib/i386-linux-gnu/libstdc++.so.6.0.21
613ba000-613bb000 ---p 0016d000 08:11 22809828   /usr/lib/i386-linux-gnu/libstdc++.so.6.0.21
613bb000-613c0000 r--p 0016d000 08:11 22809828   /usr/lib/i386-linux-gnu/libstdc++.so.6.0.21
613c0000-613c1000 rw-p 00172000 08:11 22809828   /usr/lib/i386-linux-gnu/libstdc++.so.6.0.21
613c1000-613c4000 rw-p 00000000 00:00 0 
613c4000-6142d000 r-xp 00000000 08:11 22809926   /usr/lib/i386-linux-gnu/mesa/libGL.so.1.2.0
6142d000-6142f000 r--p 00068000 08:11 22809926   /usr/lib/i386-linux-gnu/mesa/libGL.so.1.2.0
6142f000-61434000 rwxp 0006a000 08:11 22809926   /usr/lib/i386-linux-gnu/mesa/libGL.so.1.2.0
61434000-6157a000 r-xp 00000000 08:11 22809684   /usr/lib/i386-linux-gnu/libX11.so.6.3.0
6157a000-6157b000 ---p 00146000 08:11 22809684   /usr/lib/i386-linux-gnu/libX11.so.6.3.0
6157b000-6157c000 r--p 00146000 08:11 22809684   /usr/lib/i386-linux-gnu/libX11.so.6.3.0
6157c000-6157e000 rw-p 00147000 08:11 22809684   /usr/lib/i386-linux-gnu/libX11.so.6.3.0
6157e000-6157f000 rw-p 00000000 00:00 0 
6157f000-616a6000 r-xp 00000000 08:11 29361563   /lib/i386-linux-gnu/libglib-2.0.so.0.4800.2
616a6000-616a7000 r--p 00126000 08:11 29361563   /lib/i386-linux-gnu/libglib-2.0.so.0.4800.2
616a7000-616a8000 rw-p 00127000 08:11 29361563   /lib/i386-linux-gnu/libglib-2.0.so.0.4800.2
616a8000-61704000 r-xp 00000000 08:11 22806997   /usr/lib/i386-linux-gnu/libgobject-2.0.so.0.4800.2
61704000-61705000 ---p 0005c000 08:11 22806997   /usr/lib/i386-linux-gnu/libgobject-2.0.so.0.4800.2
61705000-61706000 r--p 0005c000 08:11 22806997   /usr/lib/i386-linux-gnu/libgobject-2.0.so.0.4800.2
61706000-61707000 rw-p 0005d000 08:11 22806997   /usr/lib/i386-linux-gnu/libgobject-2.0.so.0.4800.2
61707000-61749000 r-xp 00000000 08:11 22810218   /usr/lib/i386-linux-gnu/libfontconfig.so.1.9.0
61749000-6174a000 ---p 00042000 08:11 22810218   /usr/lib/i386-linux-gnu/libfontconfig.so.1.9.0
6174a000-6174b000 r--p 00042000 08:11 22810218   /usr/lib/i386-linux-gnu/libfontconfig.so.1.9.0
6174b000-61750000 rw-p 00043000 08:11 22810218   /usr/lib/i386-linux-gnu/libfontconfig.so.1.9.0
61750000-617fb000 r-xp 00000000 08:11 22807770   /usr/lib/i386-linux-gnu/libfreetype.so.6.12.1
617fb000-617ff000 r--p 000aa000 08:11 22807770   /usr/lib/i386-linux-gnu/libfreetype.so.6.12.1
617ff000-61800000 rw-p 000ae000 08:11 22807770   /usr/lib/i386-linux-gnu/libfreetype.so.6.12.1
61800000-6193d000 r-xp 00000000 08:11 22809857   /usr/lib/i386-linux-gnu/libcairo.so.2.11400.6
6193d000-6193f000 r--p 0013c000 08:11 22809857   /usr/lib/i386-linux-gnu/libcairo.so.2.11400.6
6193f000-61940000 rw-p 0013e000 08:11 22809857   /usr/lib/i386-linux-gnu/libcairo.so.2.11400.6
61940000-61941000 rw-p 00000000 00:00 0 
61941000-61b05000 r-xp 00000000 08:11 22807027   /usr/lib/i386-linux-gnu/libgio-2.0.so.0.4800.2
61b05000-61b06000 ---p 001c4000 08:11 22807027   /usr/lib/i386-linux-gnu/libgio-2.0.so.0.4800.2
61b06000-61b08000 r--p 001c4000 08:11 22807027   /usr/lib/i386-linux-gnu/libgio-2.0.so.0.4800.2
61b08000-61b09000 rw-p 001c6000 08:11 22807027   /usr/lib/i386-linux-gnu/libgio-2.0.so.0.4800.2
61b09000-61b0a000 rw-p 00000000 00:00 0 
61b0a000-61ff7000 r-xp 00000000 08:11 22809410   /usr/lib/i386-linux-gnu/libgtk-x11-2.0.so.0.2400.30
61ff7000-61ff8000 ---p 004ed000 08:11 22809410   /usr/lib/i386-linux-gnu/libgtk-x11-2.0.so.0.2400.30
61ff8000-61ffc000 r--p 004ed000 08:11 22809410   /usr/lib/i386-linux-gnu/libgtk-x11-2.0.so.0.2400.30
61ffc000-61ffe000 rw-p 004f1000 08:11 22809410   /usr/lib/i386-linux-gnu/libgtk-x11-2.0.so.0.2400.30
61ffe000-62000000 rw-p 00000000 00:00 0 
62000000-6203d000 rw-p 00000000 00:00 0 
6203d000-62100000 ---p 00000000 00:00 0 
62101000-62125000 r-xp 00000000 08:11 22811084   /usr/lib/i386-linux-gnu/libxcb.so.1.1.0
62125000-62126000 r--p 00023000 08:11 22811084   /usr/lib/i386-linux-gnu/libxcb.so.1.1.0
62126000-62127000 rw-p 00024000 08:11 22811084   /usr/lib/i386-linux-gnu/libxcb.so.1.1.0
62127000-6213b000 r-xp 00000000 08:11 29365520   /lib/i386-linux-gnu/libresolv-2.23.so
6213b000-6213c000 ---p 00014000 08:11 29365520   /lib/i386-linux-gnu/libresolv-2.23.so
6213c000-6213d000 r--p 00014000 08:11 29365520   /lib/i386-linux-gnu/libresolv-2.23.so
6213d000-6213e000 rw-p 00015000 08:11 29365520   /lib/i386-linux-gnu/libresolv-2.23.so
6213e000-62140000 rw-p 00000000 00:00 0 
62140000-621fd000 r-xp 00000000 08:11 22809409   /usr/lib/i386-linux-gnu/libgdk-x11-2.0.so.0.2400.30
621fd000-621ff000 r--p 000bc000 08:11 22809409   /usr/lib/i386-linux-gnu/libgdk-x11-2.0.so.0.2400.30
621ff000-62200000 rw-p 000be000 08:11 22809409   /usr/lib/i386-linux-gnu/libgdk-x11-2.0.so.0.2400.30
62200000-622fe000 rw-p 00000000 00:00 0 
622fe000-62300000 ---p 00000000 00:00 0 
62302000-62309000 r-xp 00000000 08:11 22810089   /usr/lib/i386-linux-gnu/libffi.so.6.0.4
62309000-6230a000 r--p 00006000 08:11 22810089   /usr/lib/i386-linux-gnu/libffi.so.6.0.4
6230a000-6230b000 rw-p 00007000 08:11 22810089   /usr/lib/i386-linux-gnu/libffi.so.6.0.4
6230b000-62314000 r-xp 00000000 08:11 22810875   /usr/lib/i386-linux-gnu/libthai.so.0.2.4
62314000-62315000 r--p 00008000 08:11 22810875   /usr/lib/i386-linux-gnu/libthai.so.0.2.4
62315000-62316000 rw-p 00009000 08:11 22810875   /usr/lib/i386-linux-gnu/libthai.so.0.2.4
62316000-62364000 r-xp 00000000 08:11 22810639   /usr/lib/i386-linux-gnu/libpango-1.0.so.0.3800.1
62364000-62365000 ---p 0004e000 08:11 22810639   /usr/lib/i386-linux-gnu/libpango-1.0.so.0.3800.1
62365000-62366000 r--p 0004e000 08:11 22810639   /usr/lib/i386-linux-gnu/libpango-1.0.so.0.3800.1
62366000-62367000 rw-p 0004f000 08:11 22810639   /usr/lib/i386-linux-gnu/libpango-1.0.so.0.3800.1
62367000-623fc000 r--s 0110b000 08:11 22815526   /usr/lib/jvm/java-8-oracle/jre/lib/ext/jfxrt.jar
623fc000-623fd000 ---p 00000000 00:00 0 
623fd000-6247d000 rw-p 00000000 00:00 0 
6247d000-62480000 ---p 00000000 00:00 0 
62480000-624fe000 rw-p 00000000 00:00 0 
624fe000-62501000 ---p 00000000 00:00 0 
62501000-6257f000 rw-p 00000000 00:00 0 
6257f000-62582000 ---p 00000000 00:00 0 
62582000-62600000 rw-p 00000000 00:00 0 
62600000-626b4000 rw-p 00000000 00:00 0 
626b4000-62700000 ---p 00000000 00:00 0 
62702000-62706000 r-xp 00000000 08:11 22811050   /usr/lib/i386-linux-gnu/libxcb-dri2.so.0.0.0
62706000-62707000 r--p 00003000 08:11 22811050   /usr/lib/i386-linux-gnu/libxcb-dri2.so.0.0.0
62707000-62708000 rw-p 00004000 08:11 22811050   /usr/lib/i386-linux-gnu/libxcb-dri2.so.0.0.0
62708000-6272a000 r-xp 00000000 08:11 29361609   /lib/i386-linux-gnu/libselinux.so.1
6272a000-6272b000 ---p 00022000 08:11 29361609   /lib/i386-linux-gnu/libselinux.so.1
6272b000-6272c000 r--p 00022000 08:11 29361609   /lib/i386-linux-gnu/libselinux.so.1
6272c000-6272d000 rw-p 00023000 08:11 29361609   /lib/i386-linux-gnu/libselinux.so.1
6272d000-6272e000 rw-p 00000000 00:00 0 
6272e000-62731000 ---p 00000000 00:00 0 
62731000-6277f000 rw-p 00000000 00:00 0 
6277f000-62782000 ---p 00000000 00:00 0 
62782000-62800000 rw-p 00000000 00:00 0 
62800000-62825000 rw-p 00000000 00:00 0 
62825000-62900000 ---p 00000000 00:00 0 
62900000-62942000 rw-p 00000000 00:00 0 
62942000-62a00000 ---p 00000000 00:00 0 
62a00000-62a21000 rw-p 00000000 00:00 0 
62a21000-62b00000 ---p 00000000 00:00 0 
62b00000-62bfc000 rw-p 00000000 00:00 0 
62bfc000-62c00000 ---p 00000000 00:00 0 
62c00000-62cff000 rw-p 00000000 00:00 0 
62cff000-62d00000 ---p 00000000 00:00 0 
62d00000-62d21000 rw-p 00000000 00:00 0 
62d21000-62e00000 ---p 00000000 00:00 0 
62e00000-62ef9000 rw-p 00000000 00:00 0 
62ef9000-62f00000 ---p 00000000 00:00 0 
62f00000-62f05000 r-xp 00000000 08:11 22811074   /usr/lib/i386-linux-gnu/libxcb-sync.so.1.0.0
62f05000-62f06000 ---p 00005000 08:11 22811074   /usr/lib/i386-linux-gnu/libxcb-sync.so.1.0.0
62f06000-62f07000 r--p 00005000 08:11 22811074   /usr/lib/i386-linux-gnu/libxcb-sync.so.1.0.0
62f07000-62f08000 rw-p 00006000 08:11 22811074   /usr/lib/i386-linux-gnu/libxcb-sync.so.1.0.0
62f08000-62f0b000 ---p 00000000 00:00 0 
62f0b000-62f59000 rw-p 00000000 00:00 0 
62f59000-62f5a000 ---p 00000000 00:00 0 
62f5a000-62fda000 rw-p 00000000 00:00 0 
62fda000-631b4000 r--s 03d68000 08:11 22815549   /usr/lib/jvm/java-8-oracle/jre/lib/rt.jar
631b4000-635fa000 rw-p 00000000 00:00 0 
635fa000-63600000 ---p 00000000 00:00 0 
63600000-65a00000 rw-p 00000000 00:00 0 
65a00000-65aee000 rw-p 00000000 00:00 0 
65aee000-65b00000 ---p 00000000 00:00 0 
65b01000-65b02000 r-xp 00000000 08:11 22809682   /usr/lib/i386-linux-gnu/libX11-xcb.so.1.0.0
65b02000-65b03000 r--p 00000000 08:11 22809682   /usr/lib/i386-linux-gnu/libX11-xcb.so.1.0.0
65b03000-65b04000 rw-p 00001000 08:11 22809682   /usr/lib/i386-linux-gnu/libX11-xcb.so.1.0.0
65b04000-65b06000 r-xp 00000000 08:11 22811062   /usr/lib/i386-linux-gnu/libxcb-present.so.0.0.0
65b06000-65b07000 r--p 00001000 08:11 22811062   /usr/lib/i386-linux-gnu/libxcb-present.so.0.0.0
65b07000-65b08000 rw-p 00002000 08:11 22811062   /usr/lib/i386-linux-gnu/libxcb-present.so.0.0.0
65b08000-65b11000 r-xp 00000000 08:11 22811068   /usr/lib/i386-linux-gnu/libxcb-render.so.0.0.0
65b11000-65b12000 r--p 00008000 08:11 22811068   /usr/lib/i386-linux-gnu/libxcb-render.so.0.0.0
65b12000-65b13000 rw-p 00009000 08:11 22811068   /usr/lib/i386-linux-gnu/libxcb-render.so.0.0.0
65b13000-65b2c000 r-xp 00000000 08:11 29361431   /lib/i386-linux-gnu/libz.so.1.2.8
65b2c000-65b2d000 r--p 00018000 08:11 29361431   /lib/i386-linux-gnu/libz.so.1.2.8
65b2d000-65b2e000 rw-p 00019000 08:11 29361431   /lib/i386-linux-gnu/libz.so.1.2.8
65b2e000-65b31000 ---p 00000000 00:00 0 
65b31000-65b7f000 rw-p 00000000 00:00 0 
65b7f000-65b80000 ---p 00000000 00:00 0 
65b80000-65c00000 rw-p 00000000 00:00 0 
65c00000-65c21000 rw-p 00000000 00:00 0 
65c21000-65d00000 ---p 00000000 00:00 0 
65d01000-65d03000 r-xp 00000000 08:11 22811052   /usr/lib/i386-linux-gnu/libxcb-dri3.so.0.0.0
65d03000-65d04000 r--p 00001000 08:11 22811052   /usr/lib/i386-linux-gnu/libxcb-dri3.so.0.0.0
65d04000-65d05000 rw-p 00002000 08:11 22811052   /usr/lib/i386-linux-gnu/libxcb-dri3.so.0.0.0
65d05000-65d07000 r-xp 00000000 08:11 22811072   /usr/lib/i386-linux-gnu/libxcb-shm.so.0.0.0
65d07000-65d08000 r--p 00001000 08:11 22811072   /usr/lib/i386-linux-gnu/libxcb-shm.so.0.0.0
65d08000-65d09000 rw-p 00002000 08:11 22811072   /usr/lib/i386-linux-gnu/libxcb-shm.so.0.0.0
65d09000-65d1c000 r-xp 00000000 08:11 22809701   /usr/lib/i386-linux-gnu/libXext.so.6.4.0
65d1c000-65d1d000 r--p 00012000 08:11 22809701   /usr/lib/i386-linux-gnu/libXext.so.6.4.0
65d1d000-65d1e000 rw-p 00013000 08:11 22809701   /usr/lib/i386-linux-gnu/libXext.so.6.4.0
65d1e000-65d20000 r-xp 00000000 08:11 22809697   /usr/lib/i386-linux-gnu/libXdamage.so.1.1.0
65d20000-65d21000 r--p 00001000 08:11 22809697   /usr/lib/i386-linux-gnu/libXdamage.so.1.1.0
65d21000-65d22000 rw-p 00002000 08:11 22809697   /usr/lib/i386-linux-gnu/libXdamage.so.1.1.0
65d22000-65d2c000 r-xp 00000000 08:11 22806816   /usr/lib/i386-linux-gnu/libXcursor.so.1.0.2
65d2c000-65d2d000 r--p 00009000 08:11 22806816   /usr/lib/i386-linux-gnu/libXcursor.so.1.0.2
65d2d000-65d2e000 rw-p 0000a000 08:11 22806816   /usr/lib/i386-linux-gnu/libXcursor.so.1.0.2
65d2e000-65d31000 ---p 00000000 00:00 0 
65d31000-65d7f000 rw-p 00000000 00:00 0 
65d7f000-65d80000 ---p 00000000 00:00 0 
65d80000-65e00000 rw-p 00000000 00:00 0 
65e00000-65e97000 rw-p 00000000 00:00 0 
65e97000-65f00000 ---p 00000000 00:00 0 
65f02000-65f0d000 r-xp 00000000 08:11 22809719   /usr/lib/i386-linux-gnu/libXrandr.so.2.2.0
65f0d000-65f0e000 r--p 0000a000 08:11 22809719   /usr/lib/i386-linux-gnu/libXrandr.so.2.2.0
65f0e000-65f0f000 rw-p 0000b000 08:11 22809719   /usr/lib/i386-linux-gnu/libXrandr.so.2.2.0
65f0f000-65f20000 r-xp 00000000 08:11 22809709   /usr/lib/i386-linux-gnu/libXi.so.6.1.0
65f20000-65f21000 r--p 00010000 08:11 22809709   /usr/lib/i386-linux-gnu/libXi.so.6.1.0
65f21000-65f22000 rw-p 00011000 08:11 22809709   /usr/lib/i386-linux-gnu/libXi.so.6.1.0
65f22000-65f2c000 r-xp 00000000 08:11 22809721   /usr/lib/i386-linux-gnu/libXrender.so.1.3.0
65f2c000-65f2d000 r--p 00009000 08:11 22809721   /usr/lib/i386-linux-gnu/libXrender.so.1.3.0
65f2d000-65f2e000 rw-p 0000a000 08:11 22809721   /usr/lib/i386-linux-gnu/libXrender.so.1.3.0
65f2e000-65f31000 ---p 00000000 00:00 0 
65f31000-65f7f000 rw-p 00000000 00:00 0 
65f7f000-65f80000 ---p 00000000 00:00 0 
65f80000-66000000 rw-p 00000000 00:00 0 
66000000-66021000 rw-p 00000000 00:00 0 
66021000-66100000 ---p 00000000 00:00 0 
66100000-66101000 r-xp 00000000 08:11 22811096   /usr/lib/i386-linux-gnu/libxshmfence.so.1.0.0
66101000-66102000 r--p 00000000 08:11 22811096   /usr/lib/i386-linux-gnu/libxshmfence.so.1.0.0
66102000-66103000 rw-p 00001000 08:11 22811096   /usr/lib/i386-linux-gnu/libxshmfence.so.1.0.0
66103000-66108000 r-xp 00000000 08:11 22809703   /usr/lib/i386-linux-gnu/libXfixes.so.3.1.0
66108000-66109000 r--p 00004000 08:11 22809703   /usr/lib/i386-linux-gnu/libXfixes.so.3.1.0
66109000-6610a000 rw-p 00005000 08:11 22809703   /usr/lib/i386-linux-gnu/libXfixes.so.3.1.0
6610a000-66126000 r-xp 00000000 08:11 29361493   /lib/i386-linux-gnu/libgcc_s.so.1
66126000-66127000 rw-p 0001b000 08:11 29361493   /lib/i386-linux-gnu/libgcc_s.so.1
66127000-6612c000 r-xp 00000000 08:11 22809737   /usr/lib/i386-linux-gnu/libXxf86vm.so.1.0.0
6612c000-6612d000 r--p 00004000 08:11 22809737   /usr/lib/i386-linux-gnu/libXxf86vm.so.1.0.0
6612d000-6612e000 rw-p 00005000 08:11 22809737   /usr/lib/i386-linux-gnu/libXxf86vm.so.1.0.0
6612e000-66131000 ---p 00000000 00:00 0 
66131000-6617f000 rw-p 00000000 00:00 0 
6617f000-66180000 ---p 00000000 00:00 0 
66180000-66200000 rw-p 00000000 00:00 0 
66200000-66221000 rw-p 00000000 00:00 0 
66221000-66300000 ---p 00000000 00:00 0 
66301000-66303000 r-xp 00000000 08:11 22809693   /usr/lib/i386-linux-gnu/libXcomposite.so.1.0.0
66303000-66304000 r--p 00001000 08:11 22809693   /usr/lib/i386-linux-gnu/libXcomposite.so.1.0.0
66304000-66305000 rw-p 00002000 08:11 22809693   /usr/lib/i386-linux-gnu/libXcomposite.so.1.0.0
66305000-6632c000 r-xp 00000000 08:11 22814032   /usr/lib/i386-linux-gnu/libgdk_pixbuf-2.0.so.0.3200.2
6632c000-6632d000 r--p 00026000 08:11 22814032   /usr/lib/i386-linux-gnu/libgdk_pixbuf-2.0.so.0.3200.2
6632d000-6632e000 rw-p 00027000 08:11 22814032   /usr/lib/i386-linux-gnu/libgdk_pixbuf-2.0.so.0.3200.2
6632e000-66331000 ---p 00000000 00:00 0 
66331000-6637f000 rw-p 00000000 00:00 0 
6637f000-66380000 ---p 00000000 00:00 0 
66380000-66400000 rw-p 00000000 00:00 0 
66400000-66421000 rw-p 00000000 00:00 0 
66421000-66500000 ---p 00000000 00:00 0 
66501000-66506000 r-xp 00000000 08:11 22809727   /usr/lib/i386-linux-gnu/libXtst.so.6.1.0
66506000-66507000 r--p 00004000 08:11 22809727   /usr/lib/i386-linux-gnu/libXtst.so.6.1.0
66507000-66508000 rw-p 00005000 08:11 22809727   /usr/lib/i386-linux-gnu/libXtst.so.6.1.0
66508000-66514000 r-xp 00000000 08:11 22810641   /usr/lib/i386-linux-gnu/libpangocairo-1.0.so.0.3800.1
66514000-66515000 r--p 0000b000 08:11 22810641   /usr/lib/i386-linux-gnu/libpangocairo-1.0.so.0.3800.1
66515000-66516000 rw-p 0000c000 08:11 22810641   /usr/lib/i386-linux-gnu/libpangocairo-1.0.so.0.3800.1
66516000-6652c000 r-xp 00000000 08:11 22810643   /usr/lib/i386-linux-gnu/libpangoft2-1.0.so.0.3800.1
6652c000-6652d000 r--p 00015000 08:11 22810643   /usr/lib/i386-linux-gnu/libpangoft2-1.0.so.0.3800.1
6652d000-6652e000 rw-p 00016000 08:11 22810643   /usr/lib/i386-linux-gnu/libpangoft2-1.0.so.0.3800.1
6652e000-66531000 ---p 00000000 00:00 0 
66531000-6657f000 rw-p 00000000 00:00 0 
6657f000-66580000 ---p 00000000 00:00 0 
66580000-66600000 rw-p 00000000 00:00 0 
66600000-66621000 rw-p 00000000 00:00 0 
66621000-66700000 ---p 00000000 00:00 0 
66702000-66704000 r-xp 00000000 08:11 22809711   /usr/lib/i386-linux-gnu/libXinerama.so.1.0.0
66704000-66705000 r--p 00001000 08:11 22809711   /usr/lib/i386-linux-gnu/libXinerama.so.1.0.0
66705000-66706000 rw-p 00002000 08:11 22809711   /usr/lib/i386-linux-gnu/libXinerama.so.1.0.0
66706000-66707000 r-xp 00000000 08:11 22806941   /usr/lib/i386-linux-gnu/libgthread-2.0.so.0.4800.2
66707000-66708000 r--p 00000000 08:11 22806941   /usr/lib/i386-linux-gnu/libgthread-2.0.so.0.4800.2
66708000-66709000 rw-p 00001000 08:11 22806941   /usr/lib/i386-linux-gnu/libgthread-2.0.so.0.4800.2
66709000-6672d000 r-xp 00000000 08:11 22809786   /usr/lib/i386-linux-gnu/libatk-1.0.so.0.21809.1
6672d000-6672f000 r--p 00023000 08:11 22809786   /usr/lib/i386-linux-gnu/libatk-1.0.so.0.21809.1
6672f000-66730000 rw-p 00025000 08:11 22809786   /usr/lib/i386-linux-gnu/libatk-1.0.so.0.21809.1
66730000-6677f000 rw-p 00000000 00:00 0 
6677f000-66780000 ---p 00000000 00:00 0 
66780000-66800000 rw-p 00000000 00:00 0 
66800000-66821000 rw-p 00000000 00:00 0 
66821000-66900000 ---p 00000000 00:00 0 
66901000-66905000 r-xp 00000000 08:11 22808558   /usr/lib/libtopmenu-client-gtk2.so.0.0.0
66905000-66906000 r--p 00003000 08:11 22808558   /usr/lib/libtopmenu-client-gtk2.so.0.0.0
66906000-66907000 rw-p 00004000 08:11 22808558   /usr/lib/libtopmenu-client-gtk2.so.0.0.0
66907000-6690b000 r-xp 00000000 08:11 22809865   /usr/lib/i386-linux-gnu/libcanberra-gtk.so.0.1.9
6690b000-6690c000 r--p 00003000 08:11 22809865   /usr/lib/i386-linux-gnu/libcanberra-gtk.so.0.1.9
6690c000-6690d000 rw-p 00004000 08:11 22809865   /usr/lib/i386-linux-gnu/libcanberra-gtk.so.0.1.9
6690d000-66912000 r-xp 00000000 08:11 22812483   /usr/lib/i386-linux-gnu/gtk-2.0/modules/libcanberra-gtk-module.so
66912000-66913000 r--p 00004000 08:11 22812483   /usr/lib/i386-linux-gnu/gtk-2.0/modules/libcanberra-gtk-module.so
66913000-66914000 rw-p 00005000 08:11 22812483   /usr/lib/i386-linux-gnu/gtk-2.0/modules/libcanberra-gtk-module.so
66914000-66915000 r-xp 00000000 08:11 22812482   /usr/lib/i386-linux-gnu/gtk-2.0/modules/libatk-bridge.so
66915000-66916000 r--p 00000000 08:11 22812482   /usr/lib/i386-linux-gnu/gtk-2.0/modules/libatk-bridge.so
66916000-66917000 rw-p 00001000 08:11 22812482   /usr/lib/i386-linux-gnu/gtk-2.0/modules/libatk-bridge.so
66917000-66922000 r-xp 00000000 08:11 22815452   /usr/lib/jvm/java-8-oracle/jre/lib/i386/libprism_es2.so
66922000-66923000 rw-p 0000a000 08:11 22815452   /usr/lib/jvm/java-8-oracle/jre/lib/i386/libprism_es2.so
66923000-6697e000 rw-p 00000000 00:00 0 
6697e000-6697f000 ---p 00000000 00:00 0 
6697f000-66a15000 rw-p 00000000 00:00 0 
66a15000-66b54000 ---p 00000000 00:00 0 
66b54000-66b5f000 rw-p 00000000 00:00 0 
66b5f000-66bff000 ---p 00000000 00:00 0 
66bff000-696c0000 rw-p 00000000 00:00 0 
696c0000-916c0000 ---p 00000000 00:00 0 
916c0000-92c00000 rw-p 00000000 00:00 0 
92c00000-a6c00000 ---p 00000000 00:00 0 
a6c00000-a6c01000 rw-s 105aa7000 00:06 340       /dev/dri/card0
a6c01000-a6c04000 r-xp 00000000 08:11 22806930   /usr/lib/i386-linux-gnu/libgmodule-2.0.so.0.4800.2
a6c04000-a6c05000 r--p 00002000 08:11 22806930   /usr/lib/i386-linux-gnu/libgmodule-2.0.so.0.4800.2
a6c05000-a6c06000 rw-p 00003000 08:11 22806930   /usr/lib/i386-linux-gnu/libgmodule-2.0.so.0.4800.2
a6c06000-a6c08000 r--s 0000c000 08:11 19402189   /home/axel/Desktop/EclipseJava/plugins/org.hamcrest.core_1.3.0.v201303031735.jar
a6c08000-a6c10000 r--s 00045000 08:11 19402178   /home/axel/Desktop/EclipseJava/plugins/org.junit_4.12.0.v201504281640/junit.jar
a6c10000-a6c12000 r--s 00004000 08:11 19402206   /home/axel/Desktop/EclipseJava/plugins/org.opentest4j_1.0.0.v20170910-2246.jar
a6c12000-a6c15000 r--s 00010000 08:11 19402202   /home/axel/Desktop/EclipseJava/plugins/org.junit.vintage.engine_4.12.0.v20170910-2246.jar
a6c15000-a6c17000 r--s 00006000 08:11 19402201   /home/axel/Desktop/EclipseJava/plugins/org.junit.platform.suite.api_1.0.0.v20170910-2246.jar
a6c17000-a6c19000 r--s 00007000 08:11 19402200   /home/axel/Desktop/EclipseJava/plugins/org.junit.platform.runner_1.0.0.v20170910-2246.jar
a6c19000-a6c1b000 r--s 00010000 08:11 19402199   /home/axel/Desktop/EclipseJava/plugins/org.junit.platform.launcher_1.0.0.v20170910-2246.jar
a6c1b000-a6c1e000 r--s 00018000 08:11 19402198   /home/axel/Desktop/EclipseJava/plugins/org.junit.platform.engine_1.0.0.v20170910-2246.jar
a6c1e000-a6c20000 r--s 00012000 08:11 19402197   /home/axel/Desktop/EclipseJava/plugins/org.junit.platform.commons_1.0.0.v20170910-2246.jar
a6c20000-a6c2c000 r--s 0006d000 08:11 19402196   /home/axel/Desktop/EclipseJava/plugins/org.junit.jupiter.params_5.0.0.v20170910-2246.jar
a6c2c000-a6c2e000 r--s 00009000 08:11 19402195   /home/axel/Desktop/EclipseJava/plugins/org.junit.jupiter.migrationsupport_5.0.0.v20170910-2246.jar
a6c2e000-a6c32000 r--s 0001f000 08:11 19402194   /home/axel/Desktop/EclipseJava/plugins/org.junit.jupiter.engine_5.0.0.v20170910-2246.jar
a6c32000-a6c37000 r--s 00084000 08:11 22815291   /usr/lib/jvm/java-8-oracle/jre/lib/jfr.jar
a6c37000-a6c4a000 r--s 00345000 08:11 22815543   /usr/lib/jvm/java-8-oracle/jre/lib/resources.jar
a6c4a000-a6c78000 rw-p 00000000 00:00 0 
a6c78000-a6db8000 ---p 00000000 00:00 0 
a6db8000-a6dc1000 rw-p 00000000 00:00 0 
a6dc1000-a7178000 ---p 00000000 00:00 0 
a7178000-a73b8000 rwxp 00000000 00:00 0 
a73b8000-b6178000 ---p 00000000 00:00 0 
b6178000-b6192000 r-xp 00000000 08:11 22815502   /usr/lib/jvm/java-8-oracle/jre/lib/i386/libzip.so
b6192000-b6193000 rw-p 00019000 08:11 22815502   /usr/lib/jvm/java-8-oracle/jre/lib/i386/libzip.so
b6193000-b619e000 r-xp 00000000 08:11 29365529   /lib/i386-linux-gnu/libnss_files-2.23.so
b619e000-b619f000 r--p 0000a000 08:11 29365529   /lib/i386-linux-gnu/libnss_files-2.23.so
b619f000-b61a0000 rw-p 0000b000 08:11 29365529   /lib/i386-linux-gnu/libnss_files-2.23.so
b61a0000-b61a6000 rw-p 00000000 00:00 0 
b61a6000-b61b1000 r-xp 00000000 08:11 29365532   /lib/i386-linux-gnu/libnss_nis-2.23.so
b61b1000-b61b2000 r--p 0000a000 08:11 29365532   /lib/i386-linux-gnu/libnss_nis-2.23.so
b61b2000-b61b3000 rw-p 0000b000 08:11 29365532   /lib/i386-linux-gnu/libnss_nis-2.23.so
b61b3000-b61ca000 r-xp 00000000 08:11 29360165   /lib/i386-linux-gnu/libnsl-2.23.so
b61ca000-b61cb000 r--p 00016000 08:11 29360165   /lib/i386-linux-gnu/libnsl-2.23.so
b61cb000-b61cc000 rw-p 00017000 08:11 29360165   /lib/i386-linux-gnu/libnsl-2.23.so
b61cc000-b61ce000 rw-p 00000000 00:00 0 
b61ce000-b6300000 r--p 002d7000 08:11 22809097   /usr/lib/locale/locale-archive
b6300000-b6500000 r--p 00000000 08:11 22809097   /usr/lib/locale/locale-archive
b6500000-b65fc000 rw-p 00000000 00:00 0 
b65fc000-b6600000 ---p 00000000 00:00 0 
b6600000-b6608000 r-xp 00000000 08:11 29365524   /lib/i386-linux-gnu/libnss_compat-2.23.so
b6608000-b6609000 r--p 00007000 08:11 29365524   /lib/i386-linux-gnu/libnss_compat-2.23.so
b6609000-b660a000 rw-p 00008000 08:11 29365524   /lib/i386-linux-gnu/libnss_compat-2.23.so
b660a000-b660c000 r--s 00016000 08:11 19402193   /home/axel/Desktop/EclipseJava/plugins/org.junit.jupiter.api_5.0.0.v20170910-2246.jar
b660c000-b6611000 r--s 002f9000 08:11 22815515   /usr/lib/jvm/java-8-oracle/jre/lib/charsets.jar
b6611000-b6614000 r--s 0001a000 08:11 22815506   /usr/lib/jvm/java-8-oracle/jre/lib/jce.jar
b6614000-b6619000 r--s 0009d000 08:11 22815553   /usr/lib/jvm/java-8-oracle/jre/lib/jsse.jar
b6619000-b6621000 rw-s 00000000 08:11 27792753   /tmp/hsperfdata_axel/4027
b6621000-b6658000 r-xp 00000000 08:11 22815491   /usr/lib/jvm/java-8-oracle/jre/lib/i386/libjdwp.so
b6658000-b6659000 rw-p 00037000 08:11 22815491   /usr/lib/jvm/java-8-oracle/jre/lib/i386/libjdwp.so
b6659000-b667d000 r-xp 00000000 08:11 22815496   /usr/lib/jvm/java-8-oracle/jre/lib/i386/libjava.so
b667d000-b667e000 rw-p 00024000 08:11 22815496   /usr/lib/jvm/java-8-oracle/jre/lib/i386/libjava.so
b667e000-b6685000 r-xp 00000000 08:11 29365533   /lib/i386-linux-gnu/librt-2.23.so
b6685000-b6686000 r--p 00006000 08:11 29365533   /lib/i386-linux-gnu/librt-2.23.so
b6686000-b6687000 rw-p 00007000 08:11 29365533   /lib/i386-linux-gnu/librt-2.23.so
b6687000-b668a000 ---p 00000000 00:00 0 
b668a000-b66d8000 rw-p 00000000 00:00 0 
b66d8000-b672b000 r-xp 00000000 08:11 29360164   /lib/i386-linux-gnu/libm-2.23.so
b672b000-b672c000 r--p 00052000 08:11 29360164   /lib/i386-linux-gnu/libm-2.23.so
b672c000-b672d000 rw-p 00053000 08:11 29360164   /lib/i386-linux-gnu/libm-2.23.so
b672d000-b70c2000 r-xp 00000000 08:11 22815481   /usr/lib/jvm/java-8-oracle/jre/lib/i386/server/libjvm.so
b70c2000-b7130000 rw-p 00995000 08:11 22815481   /usr/lib/jvm/java-8-oracle/jre/lib/i386/server/libjvm.so
b7130000-b7559000 rw-p 00000000 00:00 0 
b7559000-b7709000 r-xp 00000000 08:11 29365516   /lib/i386-linux-gnu/libc-2.23.so
b7709000-b770b000 r--p 001af000 08:11 29365516   /lib/i386-linux-gnu/libc-2.23.so
b770b000-b770c000 rw-p 001b1000 08:11 29365516   /lib/i386-linux-gnu/libc-2.23.so
b770c000-b7710000 rw-p 00000000 00:00 0 
b7710000-b7713000 r-xp 00000000 08:11 29365518   /lib/i386-linux-gnu/libdl-2.23.so
b7713000-b7714000 r--p 00002000 08:11 29365518   /lib/i386-linux-gnu/libdl-2.23.so
b7714000-b7715000 rw-p 00003000 08:11 29365518   /lib/i386-linux-gnu/libdl-2.23.so
b7715000-b772a000 r-xp 00000000 08:11 22810263   /usr/lib/jvm/java-8-oracle/lib/i386/jli/libjli.so
b772a000-b772b000 rw-p 00014000 08:11 22810263   /usr/lib/jvm/java-8-oracle/lib/i386/jli/libjli.so
b772b000-b7744000 r-xp 00000000 08:11 29365515   /lib/i386-linux-gnu/libpthread-2.23.so
b7744000-b7745000 r--p 00018000 08:11 29365515   /lib/i386-linux-gnu/libpthread-2.23.so
b7745000-b7746000 rw-p 00019000 08:11 29365515   /lib/i386-linux-gnu/libpthread-2.23.so
b7746000-b7748000 rw-p 00000000 00:00 0 
b7748000-b7749000 r--s 00003000 08:11 19401460   /home/axel/Desktop/EclipseJava/plugins/org.apiguardian_1.0.0.v20170910-2246.jar
b7749000-b774c000 r-xp 00000000 08:11 22815456   /usr/lib/jvm/java-8-oracle/jre/lib/i386/libdt_socket.so
b774c000-b774d000 rw-p 00003000 08:11 22815456   /usr/lib/jvm/java-8-oracle/jre/lib/i386/libdt_socket.so
b774d000-b774e000 r--p 002d4000 08:11 22809097   /usr/lib/locale/locale-archive
b774e000-b7750000 r-xp 00000000 08:11 22815471   /usr/lib/jvm/java-8-oracle/jre/lib/i386/libnpt.so
b7750000-b7751000 rw-p 00001000 08:11 22815471   /usr/lib/jvm/java-8-oracle/jre/lib/i386/libnpt.so
b7751000-b7752000 rw-p 00000000 00:00 0 
b7752000-b7753000 r--p 00000000 00:00 0 
b7753000-b775e000 r-xp 00000000 08:11 22815442   /usr/lib/jvm/java-8-oracle/jre/lib/i386/libverify.so
b775e000-b775f000 rw-p 0000b000 08:11 22815442   /usr/lib/jvm/java-8-oracle/jre/lib/i386/libverify.so
b775f000-b7760000 rw-p 00000000 00:00 0 
b7760000-b7763000 r--p 00000000 00:00 0          [vvar]
b7763000-b7764000 r-xp 00000000 00:00 0          [vdso]
b7764000-b7787000 r-xp 00000000 08:11 29365513   /lib/i386-linux-gnu/ld-2.23.so
b7787000-b7788000 r--p 00022000 08:11 29365513   /lib/i386-linux-gnu/ld-2.23.so
b7788000-b7789000 rw-p 00023000 08:11 29365513   /lib/i386-linux-gnu/ld-2.23.so
bfc9b000-bfcbd000 rw-p 00000000 00:00 0          [stack]

VM Arguments:
jvm_args: -agentlib:jdwp=transport=dt_socket,suspend=y,address=localhost:40340 -Dfile.encoding=UTF-8 
java_command: vista.Algooh
java_class_path (initial): /usr/lib/jvm/java-8-oracle/jre/lib/resources.jar:/usr/lib/jvm/java-8-oracle/jre/lib/rt.jar:/usr/lib/jvm/java-8-oracle/jre/lib/jsse.jar:/usr/lib/jvm/java-8-oracle/jre/lib/jce.jar:/usr/lib/jvm/java-8-oracle/jre/lib/charsets.jar:/usr/lib/jvm/java-8-oracle/jre/lib/jfr.jar:/usr/lib/jvm/java-8-oracle/jre/lib/ext/dnsns.jar:/usr/lib/jvm/java-8-oracle/jre/lib/ext/localedata.jar:/usr/lib/jvm/java-8-oracle/jre/lib/ext/jfxrt.jar:/usr/lib/jvm/java-8-oracle/jre/lib/ext/sunjce_provider.jar:/usr/lib/jvm/java-8-oracle/jre/lib/ext/sunpkcs11.jar:/usr/lib/jvm/java-8-oracle/jre/lib/ext/cldrdata.jar:/usr/lib/jvm/java-8-oracle/jre/lib/ext/jaccess.jar:/usr/lib/jvm/java-8-oracle/jre/lib/ext/zipfs.jar:/usr/lib/jvm/java-8-oracle/jre/lib/ext/sunec.jar:/usr/lib/jvm/java-8-oracle/jre/lib/ext/nashorn.jar:/home/axel/Desktop/EclipseJava/plugins/org.junit.jupiter.api_5.0.0.v20170910-2246.jar:/home/axel/Desktop/EclipseJava/plugins/org.junit.jupiter.engine_5.0.0.v20170910-2246.jar:/home/axel/Desktop/EclipseJava/plugins/org.junit.jupiter.migrationsupport_5.0.0.v20170910-2246.jar:/home/axel/Desktop/EclipseJava/plugins/org.junit.jupiter.params_5.0.0.v20170910-2246.jar:/home/axel/Desktop/EclipseJava/plugins/org.junit.platform.commons_1.0.0.v20170910-2246.jar:/home/axel/Desktop/EclipseJava/plugins/org.junit.platform.engine_1.0.0.v20170910-2246.jar:/home/axel/Desktop/EclipseJava/plugins/org.junit.platform.launcher_1.0.0.v20170910-2246.jar:/home/axel/Desktop/EclipseJava/plugins/org.junit.platform.runner_1.0.0.v20170910-2246.jar:/home/axel/Desktop/EclipseJava/plugins/org.junit.platform.suite.api_1.0.0.v20170910-2246.jar:/home/axel/Desktop/EclipseJava/plugins/org.junit.vintage.engine_4.12.0.v20170910-2246.jar:/home/axel/Desktop/EclipseJava/plugins/org.opentest4j_1.0.0.v20170910-2246.jar:/home/axel/Desktop/EclipseJava/plugins/org.apiguardian_1.0.0.v20170910-2246.jar:/home/axel/Desktop/EclipseJava/plugins/org.junit_4.12.0.v201504281640/junit.jar:/home/axel/Desktop/EclipseJava/plugins
Launcher Type: SUN_STANDARD

Environment Variables:
JAVA_HOME=/usr/lib/jvm/java-8-oracle
PATH=/usr/local/sbin:/usr/local/bin:/usr/sbin:/usr/bin:/sbin:/bin:/usr/games:/usr/local/games:/snap/bin:/usr/lib/jvm/java-8-oracle/bin:/usr/lib/jvm/java-8-oracle/db/bin:/usr/lib/jvm/java-8-oracle/jre/bin
LD_LIBRARY_PATH=/usr/lib/jvm/java-8-oracle/jre/lib/i386/server:/usr/lib/jvm/java-8-oracle/jre/lib/i386:/usr/lib/jvm/java-8-oracle/jre/../lib/i386:/usr/lib/jvm/java-8-oracle/jre/lib/i386/client:/usr/lib/jvm/java-8-oracle/jre/lib/i386:
SHELL=/bin/bash
DISPLAY=:0.0

Signal Handlers:
SIGSEGV: [libjvm.so+0x8dfe10], sa_mask[0]=11111111011111111101111111111110, sa_flags=SA_RESTART|SA_SIGINFO
SIGBUS: [libjvm.so+0x8dfe10], sa_mask[0]=11111111011111111101111111111110, sa_flags=SA_RESTART|SA_SIGINFO
SIGFPE: [libjvm.so+0x75c270], sa_mask[0]=11111111011111111101111111111110, sa_flags=SA_RESTART|SA_SIGINFO
SIGPIPE: SIG_IGN, sa_mask[0]=00000000000010000000000000000000, sa_flags=SA_RESTART
SIGXFSZ: [libjvm.so+0x75c270], sa_mask[0]=11111111011111111101111111111110, sa_flags=SA_RESTART|SA_SIGINFO
SIGILL: [libjvm.so+0x75c270], sa_mask[0]=11111111011111111101111111111110, sa_flags=SA_RESTART|SA_SIGINFO
SIGUSR1: SIG_DFL, sa_mask[0]=00000000000000000000000000000000, sa_flags=none
SIGUSR2: [libjvm.so+0x75db50], sa_mask[0]=00100000000000000000000000000000, sa_flags=SA_RESTART|SA_SIGINFO
SIGHUP: [libjvm.so+0x75f000], sa_mask[0]=11111111011111111101111111111110, sa_flags=SA_RESTART|SA_SIGINFO
SIGINT: [libjvm.so+0x75f000], sa_mask[0]=11111111011111111101111111111110, sa_flags=SA_RESTART|SA_SIGINFO
SIGTERM: [libjvm.so+0x75f000], sa_mask[0]=11111111011111111101111111111110, sa_flags=SA_RESTART|SA_SIGINFO
SIGQUIT: [libjvm.so+0x75f000], sa_mask[0]=11111111011111111101111111111110, sa_flags=SA_RESTART|SA_SIGINFO


---------------  S Y S T E M  ---------------

OS:DISTRIB_ID=Ubuntu
DISTRIB_RELEASE=16.04
DISTRIB_CODENAME=xenial
DISTRIB_DESCRIPTION="Ubuntu 16.04.4 LTS"

uname:Linux 4.4.0-130-generic #156-Ubuntu SMP Thu Jun 14 08:51:45 UTC 2018 i686
libc:glibc 2.23 NPTL 2.23 
rlimit: STACK 8192k, CORE 0k, NPROC 62867, NOFILE 1048576, AS infinity
load average:4,42 1,12 0,51

/proc/meminfo:
MemTotal:        8084852 kB
MemFree:         6180196 kB
MemAvailable:    6422044 kB
Buffers:           83020 kB
Cached:           805212 kB
SwapCached:            0 kB
Active:          1258944 kB
Inactive:         536724 kB
Active(anon):     908448 kB
Inactive(anon):    40040 kB
Active(file):     350496 kB
Inactive(file):   496684 kB
Unevictable:          32 kB
Mlocked:              32 kB
HighTotal:       7273408 kB
HighFree:        5645528 kB
LowTotal:         811444 kB
LowFree:          534668 kB
SwapTotal:       5119996 kB
SwapFree:        5119996 kB
Dirty:             27796 kB
Writeback:             0 kB
AnonPages:        907528 kB
Mapped:           265112 kB
Shmem:             41036 kB
Slab:              54284 kB
SReclaimable:      28696 kB
SUnreclaim:        25588 kB
KernelStack:        5160 kB
PageTables:         9088 kB
NFS_Unstable:          0 kB
Bounce:                0 kB
WritebackTmp:          0 kB
CommitLimit:     9162420 kB
Committed_AS:    3292568 kB
VmallocTotal:     122880 kB
VmallocUsed:           0 kB
VmallocChunk:          0 kB
AnonHugePages:         0 kB
CmaTotal:              0 kB
CmaFree:               0 kB
HugePages_Total:       0
HugePages_Free:        0
HugePages_Rsvd:        0
HugePages_Surp:        0
Hugepagesize:       2048 kB
DirectMap4k:       18424 kB
DirectMap2M:      894976 kB


CPU:total 8 (initial active 8) (4 cores per cpu, 2 threads per core) family 6 model 60 stepping 3, cmov, cx8, fxsr, mmx, sse, sse2, sse3, ssse3, sse4.1, sse4.2, popcnt, avx, avx2, aes, clmul, erms, lzcnt, ht, tsc, tscinvbit, bmi1, bmi2

/proc/cpuinfo:
processor	: 0
vendor_id	: GenuineIntel
cpu family	: 6
model		: 60
model name	: Intel(R) Core(TM) i7-4771 CPU @ 3.50GHz
stepping	: 3
microcode	: 0x24
cpu MHz		: 3284.765
cache size	: 8192 KB
physical id	: 0
siblings	: 8
core id		: 0
cpu cores	: 4
apicid		: 0
initial apicid	: 0
fdiv_bug	: no
f00f_bug	: no
coma_bug	: no
fpu		: yes
fpu_exception	: yes
cpuid level	: 13
wp		: yes
flags		: fpu vme de pse tsc msr pae mce cx8 apic sep mtrr pge mca cmov pat pse36 clflush dts acpi mmx fxsr sse sse2 ss ht tm pbe nx pdpe1gb rdtscp lm constant_tsc arch_perfmon pebs bts xtopology nonstop_tsc aperfmperf eagerfpu pni pclmulqdq dtes64 monitor ds_cpl vmx smx est tm2 ssse3 sdbg fma cx16 xtpr pdcm sse4_1 sse4_2 x2apic movbe popcnt tsc_deadline_timer aes xsave avx f16c rdrand lahf_lm abm epb ibrs ibpb stibp tpr_shadow vnmi flexpriority ept vpid fsgsbase tsc_adjust bmi1 avx2 smep bmi2 erms invpcid xsaveopt dtherm ida arat pln pts
bugs		: cpu_meltdown spectre_v1 spectre_v2 spec_store_bypass
bogomips	: 5985.75
clflush size	: 64
cache_alignment	: 64
address sizes	: 39 bits physical, 48 bits virtual
power management:

processor	: 1
vendor_id	: GenuineIntel
cpu family	: 6
model		: 60
model name	: Intel(R) Core(TM) i7-4771 CPU @ 3.50GHz
stepping	: 3
microcode	: 0x24
cpu MHz		: 3191.250
cache size	: 8192 KB
physical id	: 0
siblings	: 8
core id		: 1
cpu cores	: 4
apicid		: 2
initial apicid	: 2
fdiv_bug	: no
f00f_bug	: no
coma_bug	: no
fpu		: yes
fpu_exception	: yes
cpuid level	: 13
wp		: yes
flags		: fpu vme de pse tsc msr pae mce cx8 apic sep mtrr pge mca cmov pat pse36 clflush dts acpi mmx fxsr sse sse2 ss ht tm pbe nx pdpe1gb rdtscp lm constant_tsc arch_perfmon pebs bts xtopology nonstop_tsc aperfmperf eagerfpu pni pclmulqdq dtes64 monitor ds_cpl vmx smx est tm2 ssse3 sdbg fma cx16 xtpr pdcm sse4_1 sse4_2 x2apic movbe popcnt tsc_deadline_timer aes xsave avx f16c rdrand lahf_lm abm epb ibrs ibpb stibp tpr_shadow vnmi flexpriority ept vpid fsgsbase tsc_adjust bmi1 avx2 smep bmi2 erms invpcid xsaveopt dtherm ida arat pln pts
bugs		: cpu_meltdown spectre_v1 spectre_v2 spec_store_bypass
bogomips	: 5985.75
clflush size	: 64
cache_alignment	: 64
address sizes	: 39 bits physical, 48 bits virtual
power management:

processor	: 2
vendor_id	: GenuineIntel
cpu family	: 6
model		: 60
model name	: Intel(R) Core(TM) i7-4771 CPU @ 3.50GHz
stepping	: 3
microcode	: 0x24
cpu MHz		: 3367.265
cache size	: 8192 KB
physical id	: 0
siblings	: 8
core id		: 2
cpu cores	: 4
apicid		: 4
initial apicid	: 4
fdiv_bug	: no
f00f_bug	: no
coma_bug	: no
fpu		: yes
fpu_exception	: yes
cpuid level	: 13
wp		: yes
flags		: fpu vme de pse tsc msr pae mce cx8 apic sep mtrr pge mca cmov pat pse36 clflush dts acpi mmx fxsr sse sse2 ss ht tm pbe nx pdpe1gb rdtscp lm constant_tsc arch_perfmon pebs bts xtopology nonstop_tsc aperfmperf eagerfpu pni pclmulqdq dtes64 monitor ds_cpl vmx smx est tm2 ssse3 sdbg fma cx16 xtpr pdcm sse4_1 sse4_2 x2apic movbe popcnt tsc_deadline_timer aes xsave avx f16c rdrand lahf_lm abm epb ibrs ibpb stibp tpr_shadow vnmi flexpriority ept vpid fsgsbase tsc_adjust bmi1 avx2 smep bmi2 erms invpcid xsaveopt dtherm ida arat pln pts
bugs		: cpu_meltdown spectre_v1 spectre_v2 spec_store_bypass
bogomips	: 5985.75
clflush size	: 64
cache_alignment	: 64
address sizes	: 39 bits physical, 48 bits virtual
power management:

processor	: 3
vendor_id	: GenuineIntel
cpu family	: 6
model		: 60
model name	: Intel(R) Core(TM) i7-4771 CPU @ 3.50GHz
stepping	: 3
microcode	: 0x24
cpu MHz		: 3340.429
cache size	: 8192 KB
physical id	: 0
siblings	: 8
core id		: 3
cpu cores	: 4
apicid		: 6
initial apicid	: 6
fdiv_bug	: no
f00f_bug	: no
coma_bug	: no
fpu		: yes
fpu_exception	: yes
cpuid level	: 13
wp		: yes
flags		: fpu vme de pse tsc msr pae mce cx8 apic sep mtrr pge mca cmov pat pse36 clflush dts acpi mmx fxsr sse sse2 ss ht tm pbe nx pdpe1gb rdtscp lm constant_tsc arch_perfmon pebs bts xtopology nonstop_tsc aperfmperf eagerfpu pni pclmulqdq dtes64 monitor ds_cpl vmx smx est tm2 ssse3 sdbg fma cx16 xtpr pdcm sse4_1 sse4_2 x2apic movbe popcnt tsc_deadline_timer aes xsave avx f16c rdrand lahf_lm abm epb ibrs ibpb stibp tpr_shadow vnmi flexpriority ept vpid fsgsbase tsc_adjust bmi1 avx2 smep bmi2 erms invpcid xsaveopt dtherm ida arat pln pts
bugs		: cpu_meltdown spectre_v1 spectre_v2 spec_store_bypass
bogomips	: 5985.75
clflush size	: 64
cache_alignment	: 64
address sizes	: 39 bits physical, 48 bits virtual
power management:

processor	: 4
vendor_id	: GenuineIntel
cpu family	: 6
model		: 60
model name	: Intel(R) Core(TM) i7-4771 CPU @ 3.50GHz
stepping	: 3
microcode	: 0x24
cpu MHz		: 3065.390
cache size	: 8192 KB
physical id	: 0
siblings	: 8
core id		: 0
cpu cores	: 4
apicid		: 1
initial apicid	: 1
fdiv_bug	: no
f00f_bug	: no
coma_bug	: no
fpu		: yes
fpu_exception	: yes
cpuid level	: 13
wp		: yes
flags		: fpu vme de pse tsc msr pae mce cx8 apic sep mtrr pge mca cmov pat pse36 clflush dts acpi mmx fxsr sse sse2 ss ht tm pbe nx pdpe1gb rdtscp lm constant_tsc arch_perfmon pebs bts xtopology nonstop_tsc aperfmperf eagerfpu pni pclmulqdq dtes64 monitor ds_cpl vmx smx est tm2 ssse3 sdbg fma cx16 xtpr pdcm sse4_1 sse4_2 x2apic movbe popcnt tsc_deadline_timer aes xsave avx f16c rdrand lahf_lm abm epb ibrs ibpb stibp tpr_shadow vnmi flexpriority ept vpid fsgsbase tsc_adjust bmi1 avx2 smep bmi2 erms invpcid xsaveopt dtherm ida arat pln pts
bugs		: cpu_meltdown spectre_v1 spectre_v2 spec_store_bypass
bogomips	: 5985.75
clflush size	: 64
cache_alignment	: 64
address sizes	: 39 bits physical, 48 bits virtual
power management:

processor	: 5
vendor_id	: GenuineIntel
cpu family	: 6
model		: 60
model name	: Intel(R) Core(TM) i7-4771 CPU @ 3.50GHz
stepping	: 3
microcode	: 0x24
cpu MHz		: 3173.320
cache size	: 8192 KB
physical id	: 0
siblings	: 8
core id		: 1
cpu cores	: 4
apicid		: 3
initial apicid	: 3
fdiv_bug	: no
f00f_bug	: no
coma_bug	: no
fpu		: yes
fpu_exception	: yes
cpuid level	: 13
wp		: yes
flags		: fpu vme de pse tsc msr pae mce cx8 apic sep mtrr pge mca cmov pat pse36 clflush dts acpi mmx fxsr sse sse2 ss ht tm pbe nx pdpe1gb rdtscp lm constant_tsc arch_perfmon pebs bts xtopology nonstop_tsc aperfmperf eagerfpu pni pclmulqdq dtes64 monitor ds_cpl vmx smx est tm2 ssse3 sdbg fma cx16 xtpr pdcm sse4_1 sse4_2 x2apic movbe popcnt tsc_deadline_timer aes xsave avx f16c rdrand lahf_lm abm epb ibrs ibpb stibp tpr_shadow vnmi flexpriority ept vpid fsgsbase tsc_adjust bmi1 avx2 smep bmi2 erms invpcid xsaveopt dtherm ida arat pln pts
bugs		: cpu_meltdown spectre_v1 spectre_v2 spec_store_bypass
bogomips	: 5985.75
clflush size	: 64
cache_alignment	: 64
address sizes	: 39 bits physical, 48 bits virtual
power management:

processor	: 6
vendor_id	: GenuineIntel
cpu family	: 6
model		: 60
model name	: Intel(R) Core(TM) i7-4771 CPU @ 3.50GHz
stepping	: 3
microcode	: 0x24
cpu MHz		: 3242.929
cache size	: 8192 KB
physical id	: 0
siblings	: 8
core id		: 2
cpu cores	: 4
apicid		: 5
initial apicid	: 5
fdiv_bug	: no
f00f_bug	: no
coma_bug	: no
fpu		: yes
fpu_exception	: yes
cpuid level	: 13
wp		: yes
flags		: fpu vme de pse tsc msr pae mce cx8 apic sep mtrr pge mca cmov pat pse36 clflush dts acpi mmx fxsr sse sse2 ss ht tm pbe nx pdpe1gb rdtscp lm constant_tsc arch_perfmon pebs bts xtopology nonstop_tsc aperfmperf eagerfpu pni pclmulqdq dtes64 monitor ds_cpl vmx smx est tm2 ssse3 sdbg fma cx16 xtpr pdcm sse4_1 sse4_2 x2apic movbe popcnt tsc_deadline_timer aes xsave avx f16c rdrand lahf_lm abm epb ibrs ibpb stibp tpr_shadow vnmi flexpriority ept vpid fsgsbase tsc_adjust bmi1 avx2 smep bmi2 erms invpcid xsaveopt dtherm ida arat pln pts
bugs		: cpu_meltdown spectre_v1 spectre_v2 spec_store_bypass
bogomips	: 5985.75
clflush size	: 64
cache_alignment	: 64
address sizes	: 39 bits physical, 48 bits virtual
power management:

processor	: 7
vendor_id	: GenuineIntel
cpu family	: 6
model		: 60
model name	: Intel(R) Core(TM) i7-4771 CPU @ 3.50GHz
stepping	: 3
microcode	: 0x24
cpu MHz		: 3279.726
cache size	: 8192 KB
physical id	: 0
siblings	: 8
core id		: 3
cpu cores	: 4
apicid		: 7
initial apicid	: 7
fdiv_bug	: no
f00f_bug	: no
coma_bug	: no
fpu		: yes
fpu_exception	: yes
cpuid level	: 13
wp		: yes
flags		: fpu vme de pse tsc msr pae mce cx8 apic sep mtrr pge mca cmov pat pse36 clflush dts acpi mmx fxsr sse sse2 ss ht tm pbe nx pdpe1gb rdtscp lm constant_tsc arch_perfmon pebs bts xtopology nonstop_tsc aperfmperf eagerfpu pni pclmulqdq dtes64 monitor ds_cpl vmx smx est tm2 ssse3 sdbg fma cx16 xtpr pdcm sse4_1 sse4_2 x2apic movbe popcnt tsc_deadline_timer aes xsave avx f16c rdrand lahf_lm abm epb ibrs ibpb stibp tpr_shadow vnmi flexpriority ept vpid fsgsbase tsc_adjust bmi1 avx2 smep bmi2 erms invpcid xsaveopt dtherm ida arat pln pts
bugs		: cpu_meltdown spectre_v1 spectre_v2 spec_store_bypass
bogomips	: 5985.75
clflush size	: 64
cache_alignment	: 64
address sizes	: 39 bits physical, 48 bits virtual
power management:



Memory: 4k page, physical 8084852k(6180196k free), swap 5119996k(5119996k free)

vm_info: Java HotSpot(TM) Server VM (25.171-b11) for linux-x86 JRE (1.8.0_171-b11), built on Mar 28 2018 12:00:40 by "java_re" with gcc 4.3.0 20080428 (Red Hat 4.3.0-8)

time: Thu Jul  5 12:45:18 2018
elapsed time: 211 seconds (0d 0h 3m 31s)

