#
# A fatal error has been detected by the Java Runtime Environment:
#
#  SIGSEGV (0xb) at pc=0xb6be0879, pid=4513, tid=0x5b79eb40
#
# JRE version: Java(TM) SE Runtime Environment (8.0_171-b11) (build 1.8.0_171-b11)
# Java VM: Java HotSpot(TM) Server VM (25.171-b11 mixed mode linux-x86 )
# Problematic frame:
# V  [libjvm.so+0x507879]  java_lang_Class::is_primitive(oopDesc*)+0x19
#
# Failed to write core dump. Core dumps have been disabled. To enable core dumping, try "ulimit -c unlimited" before starting Java again
#
# If you would like to submit a bug report, please visit:
#   http://bugreport.java.com/bugreport/crash.jsp
#

---------------  T H R E A D  ---------------

Current thread (0x5ba6fc00):  JavaThread "JavaFX Application Thread" [_thread_in_vm, id=4552, stack(0x5b74e000,0x5b79f000)]

siginfo: si_signo: 11 (SIGSEGV), si_code: 1 (SEGV_MAPERR), si_addr: 0x0000004c

Registers:
EAX=0x00000044, EBX=0xb70bef50, ECX=0xb70bef50, EDX=0x00000008
ESP=0x5b79b684, EBP=0x5b79b700, ESI=0x00000008, EDI=0x5ba6f768
EIP=0xb6be0879, EFLAGS=0x00010296, CR2=0x0000004c

Top of Stack: (sp=0x5b79b684)
0x5b79b684:   b6f3582a 00000008 5ba6ff90 5ba6fc00
0x5b79b694:   5b79b6b0 0000000c 5b79b6b8 62be3658
0x5b79b6a4:   62be4f90 62beb64c 000083d8 5ba6ff90
0x5b79b6b4:   b70bef50 00000000 00000000 75ec1e22
0x5b79b6c4:   00000057 00000001 b650d478 b650d4c8
0x5b79b6d4:   b650d520 5ba70858 5ba70870 00000000
0x5b79b6e4:   00000003 0000000c 00000008 37f490cb
0x5b79b6f4:   b70bef50 65e274d8 62c79fb0 5b79b7c0 

Instructions: (pc=0xb6be0879)
0xb6be0859:   8d bc 27 00 00 00 00 55 e8 00 00 00 00 59 81 c1
0xb6be0869:   ea e6 4d 00 89 e5 8b 81 8c 7d 02 00 8b 55 08 5d
0xb6be0879:   8b 14 02 85 d2 0f 94 c0 c3 8d b4 26 00 00 00 00
0xb6be0889:   8d bc 27 00 00 00 00 55 e8 00 00 00 00 59 81 c1 

Register to memory mapping:

EAX=0x00000044 is an unknown value
EBX=0xb70bef50: <offset 0x9e5f50> in /usr/lib/jvm/java-8-oracle/jre/lib/i386/server/libjvm.so at 0xb66d9000
ECX=0xb70bef50: <offset 0x9e5f50> in /usr/lib/jvm/java-8-oracle/jre/lib/i386/server/libjvm.so at 0xb66d9000
EDX=0x00000008 is an unknown value
ESP=0x5b79b684 is pointing into the stack for thread: 0x5ba6fc00
EBP=0x5b79b700 is pointing into the stack for thread: 0x5ba6fc00
ESI=0x00000008 is an unknown value
EDI=0x5ba6f768 is an unknown value


Stack: [0x5b74e000,0x5b79f000],  sp=0x5b79b684,  free space=309k
Native frames: (J=compiled Java code, j=interpreted, Vv=VM code, C=native code)
V  [libjvm.so+0x507879]  java_lang_Class::is_primitive(oopDesc*)+0x19
V  [libjvm.so+0x85b8ec]  SystemDictionary::resolve_instance_class_or_null(Symbol*, Handle, Handle, Thread*)+0x6dc
V  [libjvm.so+0x85ccee]  SystemDictionary::resolve_or_fail(Symbol*, Handle, Handle, bool, Thread*)+0x1e
V  [libjvm.so+0x8bc1b0]  VerificationType::is_reference_assignable_from(VerificationType const&, ClassVerifier*, bool, Thread*) const+0x190
V  [libjvm.so+0x8d0b6a]  StackMapFrame::pop_stack(VerificationType, Thread*)+0x13a
V  [libjvm.so+0x8c2b4c]  ClassVerifier::verify_field_instructions(RawBytecodeStream*, StackMapFrame*, constantPoolHandle, Thread*)+0x7cc
V  [libjvm.so+0x8c9e9e]  ClassVerifier::verify_method(methodHandle, Thread*)+0x17ce
V  [libjvm.so+0x8cf244]  ClassVerifier::verify_class(Thread*)+0xc4
V  [libjvm.so+0x8cf7d6]  Verifier::verify(instanceKlassHandle, Verifier::Mode, bool, Thread*)+0x376
V  [libjvm.so+0x4d047d]  InstanceKlass::verify_code(instanceKlassHandle, bool, Thread*)+0x2d
V  [libjvm.so+0x4dbdba]  InstanceKlass::link_class_impl(instanceKlassHandle, bool, Thread*)+0x2fa
V  [libjvm.so+0x4dbb22]  InstanceKlass::link_class_impl(instanceKlassHandle, bool, Thread*)+0x62
V  [libjvm.so+0x4dc290]  InstanceKlass::initialize_impl(instanceKlassHandle, Thread*)+0x40
V  [libjvm.so+0x4dc6e1]  InstanceKlass::initialize(Thread*)+0x31
V  [libjvm.so+0x4fa761]  InterpreterRuntime::_new(JavaThread*, ConstantPool*, int)+0x221
j  juego.Mazo.generarCartas()V+124
j  vista.Algooh.start(Ljavafx/stage/Stage;)V+17
j  com.sun.javafx.application.LauncherImpl.lambda$launchApplication1$161(Ljava/util/concurrent/atomic/AtomicBoolean;Ljavafx/application/Application;)V+20
j  com.sun.javafx.application.LauncherImpl$$Lambda$58.run()V+8
j  com.sun.javafx.application.PlatformImpl.lambda$runAndWait$174(Ljava/lang/Runnable;Ljava/util/concurrent/CountDownLatch;)V+1
j  com.sun.javafx.application.PlatformImpl$$Lambda$51.run()V+8
j  com.sun.javafx.application.PlatformImpl.lambda$null$172(Ljava/lang/Runnable;)Ljava/lang/Void;+1
j  com.sun.javafx.application.PlatformImpl$$Lambda$53.run()Ljava/lang/Object;+4
v  ~StubRoutines::call_stub
V  [libjvm.so+0x50579f]  JavaCalls::call_helper(JavaValue*, methodHandle*, JavaCallArguments*, Thread*)+0x101f
V  [libjvm.so+0x75a5e9]  os::os_exception_wrapper(void (*)(JavaValue*, methodHandle*, JavaCallArguments*, Thread*), JavaValue*, methodHandle*, JavaCallArguments*, Thread*)+0x19
V  [libjvm.so+0x503d6f]  JavaCalls::call(JavaValue*, methodHandle, JavaCallArguments*, Thread*)+0x2f
V  [libjvm.so+0x597f90]  JVM_DoPrivileged+0x2a0
C  [libjava.so+0x9f9a]  Java_java_security_AccessController_doPrivileged__Ljava_security_PrivilegedAction_2Ljava_security_AccessControlContext_2+0x3a
j  java.security.AccessController.doPrivileged(Ljava/security/PrivilegedAction;Ljava/security/AccessControlContext;)Ljava/lang/Object;+0
j  com.sun.javafx.application.PlatformImpl.lambda$runLater$173(Ljava/lang/Runnable;Ljava/security/AccessControlContext;)V+7
j  com.sun.javafx.application.PlatformImpl$$Lambda$52.run()V+8
j  com.sun.glass.ui.InvokeLaterDispatcher$Future.run()V+4
v  ~StubRoutines::call_stub
V  [libjvm.so+0x50579f]  JavaCalls::call_helper(JavaValue*, methodHandle*, JavaCallArguments*, Thread*)+0x101f
V  [libjvm.so+0x75a5e9]  os::os_exception_wrapper(void (*)(JavaValue*, methodHandle*, JavaCallArguments*, Thread*), JavaValue*, methodHandle*, JavaCallArguments*, Thread*)+0x19
V  [libjvm.so+0x503d6f]  JavaCalls::call(JavaValue*, methodHandle, JavaCallArguments*, Thread*)+0x2f
V  [libjvm.so+0x548651]  jni_invoke_nonstatic(JNIEnv_*, JavaValue*, _jobject*, JNICallType, _jmethodID*, JNI_ArgumentPusher*, Thread*)+0x441
V  [libjvm.so+0x54b081]  jni_CallVoidMethodV+0xe1
C  [libglass.so+0x12ffc]  JNIEnv_::CallVoidMethod(_jobject*, _jmethodID*, ...)+0x1c
C  [libglass.so+0x1dad0]  call_runnable(void*)+0x30
C  [libgdk-x11-2.0.so.0+0x150a0]

Java frames: (J=compiled Java code, j=interpreted, Vv=VM code)
j  juego.Mazo.generarCartas()V+124
j  vista.Algooh.start(Ljavafx/stage/Stage;)V+17
j  com.sun.javafx.application.LauncherImpl.lambda$launchApplication1$161(Ljava/util/concurrent/atomic/AtomicBoolean;Ljavafx/application/Application;)V+20
j  com.sun.javafx.application.LauncherImpl$$Lambda$58.run()V+8
j  com.sun.javafx.application.PlatformImpl.lambda$runAndWait$174(Ljava/lang/Runnable;Ljava/util/concurrent/CountDownLatch;)V+1
j  com.sun.javafx.application.PlatformImpl$$Lambda$51.run()V+8
j  com.sun.javafx.application.PlatformImpl.lambda$null$172(Ljava/lang/Runnable;)Ljava/lang/Void;+1
j  com.sun.javafx.application.PlatformImpl$$Lambda$53.run()Ljava/lang/Object;+4
v  ~StubRoutines::call_stub
j  java.security.AccessController.doPrivileged(Ljava/security/PrivilegedAction;Ljava/security/AccessControlContext;)Ljava/lang/Object;+0
j  com.sun.javafx.application.PlatformImpl.lambda$runLater$173(Ljava/lang/Runnable;Ljava/security/AccessControlContext;)V+7
j  com.sun.javafx.application.PlatformImpl$$Lambda$52.run()V+8
j  com.sun.glass.ui.InvokeLaterDispatcher$Future.run()V+4
v  ~StubRoutines::call_stub
j  com.sun.glass.ui.gtk.GtkApplication._runLoop(Ljava/lang/Runnable;Z)V+0
j  com.sun.glass.ui.gtk.GtkApplication.lambda$null$48(Ljava/lang/Runnable;Z)V+7
j  com.sun.glass.ui.gtk.GtkApplication$$Lambda$41.run()V+12
j  java.lang.Thread.run()V+11
v  ~StubRoutines::call_stub

---------------  P R O C E S S  ---------------

Java Threads: ( => current thread )
  0x5ba72800 JavaThread "JavaFX-Launcher" [_thread_blocked, id=4553, stack(0x5b67d000,0x5b6ce000)]
=>0x5ba6fc00 JavaThread "JavaFX Application Thread" [_thread_in_vm, id=4552, stack(0x5b74e000,0x5b79f000)]
  0x5ba6d000 JavaThread "Thread-1" daemon [_thread_blocked, id=4551, stack(0x5b79f000,0x5b7f0000)]
  0x622d9800 JavaThread "QuantumRenderer-0" daemon [_thread_blocked, id=4549, stack(0x6272e000,0x6277f000)]
  0x62caec00 JavaThread "Service Thread" daemon [_thread_blocked, id=4547, stack(0x62f08000,0x62f59000)]
  0x62ca4800 JavaThread "C1 CompilerThread3" daemon [_thread_blocked, id=4546, stack(0x6247d000,0x624fe000)]
  0x62ca2c00 JavaThread "C2 CompilerThread2" daemon [_thread_blocked, id=4545, stack(0x624fe000,0x6257f000)]
  0x62ca1800 JavaThread "C2 CompilerThread1" daemon [_thread_blocked, id=4544, stack(0x6257f000,0x62600000)]
  0x62c9f800 JavaThread "C2 CompilerThread0" daemon [_thread_blocked, id=4543, stack(0x6277f000,0x62800000)]
  0x62900800 JavaThread "JDWP Command Reader" daemon [_thread_in_native, id=4537, stack(0x65b2e000,0x65b7f000)]
  0x62c9e000 JavaThread "JDWP Event Helper Thread" daemon [_thread_blocked, id=4536, stack(0x65d2e000,0x65d7f000)]
  0x62c9b800 JavaThread "JDWP Transport Listener: dt_socket" daemon [_thread_blocked, id=4535, stack(0x65f2e000,0x65f7f000)]
  0x62c92800 JavaThread "Signal Dispatcher" daemon [_thread_blocked, id=4533, stack(0x6612e000,0x6617f000)]
  0x62c78000 JavaThread "Finalizer" daemon [_thread_blocked, id=4532, stack(0x6632e000,0x6637f000)]
  0x62c75400 JavaThread "Reference Handler" daemon [_thread_blocked, id=4531, stack(0x6652e000,0x6657f000)]
  0xb650b000 JavaThread "main" [_thread_blocked, id=4515, stack(0xb6633000,0xb6684000)]

Other Threads:
  0x62c70800 VMThread [stack: 0x62f59000,0x62fda000] [id=4530]
  0x62cb2000 WatcherThread [stack: 0x623fc000,0x6247d000] [id=4548]

VM state:not at safepoint (normal execution)

VM Mutex/Monitor currently owned by a thread: None

Heap:
 PSYoungGen      total 19200K, used 4114K [0x916c0000, 0x92c00000, 0xa6c00000)
  eden space 16640K, 9% used [0x916c0000,0x91844f80,0x92700000)
  from space 2560K, 99% used [0x92700000,0x9297f8b8,0x92980000)
  to   space 2560K, 0% used [0x92980000,0x92980000,0x92c00000)
 ParOldGen       total 43776K, used 3576K [0x66c00000, 0x696c0000, 0x916c0000)
  object space 43776K, 8% used [0x66c00000,0x66f7e2c0,0x696c0000)
 Metaspace       used 5066K, capacity 5364K, committed 5400K, reserved 5424K

Card table byte_map: [0x669ff000,0x66c00000] byte_map_base: 0x666c9000

Marking Bits: (ParMarkBitMap*) 0xb70ef660
 Begin Bits: [0x63a00000, 0x64a00000)
 End Bits:   [0x64a00000, 0x65a00000)

Polling page: 0xb76fe000

CodeCache: size=245760Kb used=1880Kb max_used=1890Kb free=243879Kb
 bounds [0xa711f000, 0xa735f000, 0xb611f000]
 total_blobs=875 nmethods=606 adapters=191
 compilation: enabled

Compilation events (10 events):
Event: 1,243 Thread 0x62ca4800  600   !   3       java.lang.ref.ReferenceQueue::remove (125 bytes)
Event: 1,244 Thread 0x62ca4800 nmethod 600 0xa72f2408 code [0xa72f25c0, 0xa72f2d90]
Event: 1,244 Thread 0x62ca4800  603   !   3       java.lang.ref.Finalizer::runFinalizer (62 bytes)
Event: 1,244 Thread 0x62ca4800 nmethod 603 0xa72f18c8 code [0xa72f1a60, 0xa72f2138]
Event: 1,244 Thread 0x62ca4800  604       3       java.lang.ref.Finalizer::hasBeenFinalized (14 bytes)
Event: 1,244 Thread 0x62ca4800 nmethod 604 0xa72f1608 code [0xa72f1720, 0xa72f1840]
Event: 1,244 Thread 0x62ca4800  605   !   3       java.lang.ref.Finalizer::remove (94 bytes)
Event: 1,245 Thread 0x62ca4800 nmethod 605 0xa72f0fc8 code [0xa72f1120, 0xa72f14c0]
Event: 1,245 Thread 0x62c9f800 nmethod 598 0xa72f0808 code [0xa72f0940, 0xa72f0c5c]
Event: 1,245 Thread 0x62ca1800 nmethod 606 0xa72f6608 code [0xa72f6760, 0xa72f6adc]

GC Heap History (2 events):
Event: 1,237 GC heap before
{Heap before GC invocations=1 (full 0):
 PSYoungGen      total 19200K, used 16522K [0x916c0000, 0x92c00000, 0xa6c00000)
  eden space 16640K, 99% used [0x916c0000,0x926e2ac8,0x92700000)
  from space 2560K, 0% used [0x92980000,0x92980000,0x92c00000)
  to   space 2560K, 0% used [0x92700000,0x92700000,0x92980000)
 ParOldGen       total 43776K, used 0K [0x66c00000, 0x696c0000, 0x916c0000)
  object space 43776K, 0% used [0x66c00000,0x66c00000,0x696c0000)
 Metaspace       used 5056K, capacity 5364K, committed 5400K, reserved 5424K
Event: 1,241 GC heap after
Heap after GC invocations=1 (full 0):
 PSYoungGen      total 19200K, used 2558K [0x916c0000, 0x92c00000, 0xa6c00000)
  eden space 16640K, 0% used [0x916c0000,0x916c0000,0x92700000)
  from space 2560K, 99% used [0x92700000,0x9297f8b8,0x92980000)
  to   space 2560K, 0% used [0x92980000,0x92980000,0x92c00000)
 ParOldGen       total 43776K, used 3576K [0x66c00000, 0x696c0000, 0x916c0000)
  object space 43776K, 8% used [0x66c00000,0x66f7e2c0,0x696c0000)
 Metaspace       used 5056K, capacity 5364K, committed 5400K, reserved 5424K
}

Deoptimization events (4 events):
Event: 0,356 Thread 0xb650b000 Uncommon trap: reason=unstable_if action=reinterpret pc=0xa71e5c80 method=java.lang.String.hashCode()I @ 14
Event: 1,018 Thread 0x5ba6fc00 Uncommon trap: reason=unstable_if action=reinterpret pc=0xa725e090 method=java.lang.String.replace(CC)Ljava/lang/String; @ 2
Event: 1,232 Thread 0x5ba6fc00 Uncommon trap: reason=unstable_if action=reinterpret pc=0xa72ead68 method=com.sun.javafx.image.impl.ByteBgra$ToByteBgraPreConv.doConvert([BII[BIIII)V @ 31
Event: 1,232 Thread 0x5ba6fc00 Uncommon trap: reason=unstable_if action=reinterpret pc=0xa72ef32c method=com.sun.javafx.image.impl.BaseByteToByteConverter$FourByteReorderer.doConvert([BII[BIIII)V @ 31

Classes redefined (0 events):
No events

Internal exceptions (10 events):
Event: 0,061 Thread 0xb650b000 Exception <a 'java/lang/NoSuchMethodError': Method sun.misc.Unsafe.prefetchRead(Ljava/lang/Object;J)V name or signature does not match> (0x916c7170) thrown at [/HUDSON/workspace/8-2-build-linux-i586/jdk8u171/10807/hotspot/src/share/vm/prims/jni.cpp, line 
Event: 0,345 Thread 0xb650b000 Exception <a 'java/security/PrivilegedActionException'> (0x918afe88) thrown at [/HUDSON/workspace/8-2-build-linux-i586/jdk8u171/10807/hotspot/src/share/vm/prims/jvm.cpp, line 1435]
Event: 0,345 Thread 0xb650b000 Exception <a 'java/security/PrivilegedActionException'> (0x918b0088) thrown at [/HUDSON/workspace/8-2-build-linux-i586/jdk8u171/10807/hotspot/src/share/vm/prims/jvm.cpp, line 1435]
Event: 0,433 Thread 0xb650b000 Exception <a 'java/lang/NoSuchFieldError': method resolution failed> (0x919d2388) thrown at [/HUDSON/workspace/8-2-build-linux-i586/jdk8u171/10807/hotspot/src/share/vm/prims/methodHandles.cpp, line 1167]
Event: 0,442 Thread 0xb650b000 Exception <a 'java/lang/NoSuchFieldError': method resolution failed> (0x919de4d8) thrown at [/HUDSON/workspace/8-2-build-linux-i586/jdk8u171/10807/hotspot/src/share/vm/prims/methodHandles.cpp, line 1167]
Event: 0,458 Thread 0xb650b000 Exception <a 'java/security/PrivilegedActionException'> (0x91a5b4c8) thrown at [/HUDSON/workspace/8-2-build-linux-i586/jdk8u171/10807/hotspot/src/share/vm/prims/jvm.cpp, line 1435]
Event: 0,458 Thread 0xb650b000 Exception <a 'java/security/PrivilegedActionException'> (0x91a5b6c8) thrown at [/HUDSON/workspace/8-2-build-linux-i586/jdk8u171/10807/hotspot/src/share/vm/prims/jvm.cpp, line 1435]
Event: 0,459 Thread 0xb650b000 Exception <a 'java/security/PrivilegedActionException'> (0x91a5d8d0) thrown at [/HUDSON/workspace/8-2-build-linux-i586/jdk8u171/10807/hotspot/src/share/vm/prims/jvm.cpp, line 1435]
Event: 0,459 Thread 0xb650b000 Exception <a 'java/security/PrivilegedActionException'> (0x91a5dad0) thrown at [/HUDSON/workspace/8-2-build-linux-i586/jdk8u171/10807/hotspot/src/share/vm/prims/jvm.cpp, line 1435]
Event: 0,459 Thread 0xb650b000 Exception <a 'java/lang/NullPointerException'> (0x91a5e038) thrown at [/HUDSON/workspace/8-2-build-linux-i586/jdk8u171/10807/hotspot/src/share/vm/interpreter/linkResolver.cpp, line 1185]

Events (10 events):
Event: 39,923 Executing VM operation: GetOrSetLocal
Event: 39,923 Executing VM operation: GetOrSetLocal done
Event: 39,924 Executing VM operation: GetOrSetLocal
Event: 39,924 Executing VM operation: GetOrSetLocal done
Event: 375,640 Executing VM operation: GetCurrentLocation
Event: 375,640 Executing VM operation: GetCurrentLocation done
Event: 375,640 Executing VM operation: EnterInterpOnlyMode
Event: 375,640 Executing VM operation: EnterInterpOnlyMode done
Event: 375,640 Executing VM operation: ChangeSingleStep
Event: 375,640 Executing VM operation: ChangeSingleStep done


Dynamic libraries:
08048000-08049000 r-xp 00000000 08:11 22815194   /usr/lib/jvm/java-8-oracle/bin/java (deleted)
08049000-0804a000 rw-p 00000000 08:11 22815194   /usr/lib/jvm/java-8-oracle/bin/java (deleted)
08dd0000-08df1000 rw-p 00000000 00:00 0          [heap]
5b2f1000-5b547000 rw-p 00000000 00:00 0 
5b547000-5b57c000 r-xp 00000000 08:11 22815501   /usr/lib/jvm/java-8-oracle/jre/lib/i386/libjavafx_iio.so (deleted)
5b57c000-5b57d000 rw-p 00034000 08:11 22815501   /usr/lib/jvm/java-8-oracle/jre/lib/i386/libjavafx_iio.so (deleted)
5b57d000-5b67d000 rw-p 00000000 00:00 0 
5b67d000-5b680000 ---p 00000000 00:00 0 
5b680000-5b6ce000 rw-p 00000000 00:00 0 
5b6ce000-5b74e000 rw-s 113271000 00:06 339       /dev/dri/card0
5b74e000-5b751000 ---p 00000000 00:00 0 
5b751000-5b79f000 rw-p 00000000 00:00 0 
5b79f000-5b7a2000 ---p 00000000 00:00 0 
5b7a2000-5b7f0000 rw-p 00000000 00:00 0 
5b7f0000-5b82c000 r-xp 00000000 08:11 22812352   /usr/lib/i386-linux-gnu/gtk-2.0/2.10.0/engines/libmurrine.so
5b82c000-5b82d000 r--p 0003b000 08:11 22812352   /usr/lib/i386-linux-gnu/gtk-2.0/2.10.0/engines/libmurrine.so
5b82d000-5b82e000 rw-p 0003c000 08:11 22812352   /usr/lib/i386-linux-gnu/gtk-2.0/2.10.0/engines/libmurrine.so
5b82e000-5b858000 r-xp 00000000 08:11 22809794   /usr/lib/i386-linux-gnu/libvorbis.so.0.4.8
5b858000-5b859000 r--p 00029000 08:11 22809794   /usr/lib/i386-linux-gnu/libvorbis.so.0.4.8
5b859000-5b85a000 rw-p 0002a000 08:11 22809794   /usr/lib/i386-linux-gnu/libvorbis.so.0.4.8
5b85a000-5b863000 r-xp 00000000 08:11 22810457   /usr/lib/i386-linux-gnu/libltdl.so.7.3.1
5b863000-5b864000 ---p 00009000 08:11 22810457   /usr/lib/i386-linux-gnu/libltdl.so.7.3.1
5b864000-5b865000 r--p 00009000 08:11 22810457   /usr/lib/i386-linux-gnu/libltdl.so.7.3.1
5b865000-5b866000 rw-p 0000a000 08:11 22810457   /usr/lib/i386-linux-gnu/libltdl.so.7.3.1
5b866000-5b87d000 r-xp 00000000 08:11 22810869   /usr/lib/i386-linux-gnu/libtdb.so.1.3.8
5b87d000-5b87e000 r--p 00016000 08:11 22810869   /usr/lib/i386-linux-gnu/libtdb.so.1.3.8
5b87e000-5b87f000 rw-p 00017000 08:11 22810869   /usr/lib/i386-linux-gnu/libtdb.so.1.3.8
5b87f000-5b888000 r-xp 00000000 08:11 22807438   /usr/lib/i386-linux-gnu/libvorbisfile.so.3.3.7
5b888000-5b889000 r--p 00008000 08:11 22807438   /usr/lib/i386-linux-gnu/libvorbisfile.so.3.3.7
5b889000-5b88a000 rw-p 00009000 08:11 22807438   /usr/lib/i386-linux-gnu/libvorbisfile.so.3.3.7
5b88a000-5b89b000 r-xp 00000000 08:11 22809869   /usr/lib/i386-linux-gnu/libcanberra.so.0.2.5
5b89b000-5b89c000 r--p 00010000 08:11 22809869   /usr/lib/i386-linux-gnu/libcanberra.so.0.2.5
5b89c000-5b89d000 rw-p 00011000 08:11 22809869   /usr/lib/i386-linux-gnu/libcanberra.so.0.2.5
5b89d000-5b948000 r-xp 00000000 08:11 29360996   /lib/i386-linux-gnu/libgcrypt.so.20.0.5
5b948000-5b949000 r--p 000aa000 08:11 29360996   /lib/i386-linux-gnu/libgcrypt.so.20.0.5
5b949000-5b94c000 rw-p 000ab000 08:11 29360996   /lib/i386-linux-gnu/libgcrypt.so.20.0.5
5b94c000-5b970000 r-xp 00000000 08:11 29361522   /lib/i386-linux-gnu/liblzma.so.5.0.0
5b970000-5b971000 r--p 00023000 08:11 29361522   /lib/i386-linux-gnu/liblzma.so.5.0.0
5b971000-5b972000 rw-p 00024000 08:11 29361522   /lib/i386-linux-gnu/liblzma.so.5.0.0
5b972000-5b9fd000 r-xp 00000000 08:11 29361647   /lib/i386-linux-gnu/libsystemd.so.0.14.0
5b9fd000-5b9ff000 r--p 0008a000 08:11 29361647   /lib/i386-linux-gnu/libsystemd.so.0.14.0
5b9ff000-5ba00000 rw-p 0008c000 08:11 29361647   /lib/i386-linux-gnu/libsystemd.so.0.14.0
5ba00000-5ba7e000 rw-p 00000000 00:00 0 
5ba7e000-5bb00000 ---p 00000000 00:00 0 
5bb0a000-5bb1e000 r-xp 00000000 08:11 29361499   /lib/i386-linux-gnu/libgpg-error.so.0.17.0
5bb1e000-5bb1f000 r--p 00013000 08:11 29361499   /lib/i386-linux-gnu/libgpg-error.so.0.17.0
5bb1f000-5bb20000 rw-p 00014000 08:11 29361499   /lib/i386-linux-gnu/libgpg-error.so.0.17.0
5bb20000-5bb77000 r-xp 00000000 08:11 29361450   /lib/i386-linux-gnu/libdbus-1.so.3.14.6
5bb77000-5bb78000 ---p 00057000 08:11 29361450   /lib/i386-linux-gnu/libdbus-1.so.3.14.6
5bb78000-5bb79000 r--p 00057000 08:11 29361450   /lib/i386-linux-gnu/libdbus-1.so.3.14.6
5bb79000-5bb7a000 rw-p 00058000 08:11 29361450   /lib/i386-linux-gnu/libdbus-1.so.3.14.6
5bb7a000-5bba8000 r-xp 00000000 08:11 22809796   /usr/lib/i386-linux-gnu/libatspi.so.0.0.1
5bba8000-5bbaa000 r--p 0002d000 08:11 22809796   /usr/lib/i386-linux-gnu/libatspi.so.0.0.1
5bbaa000-5bbab000 rw-p 0002f000 08:11 22809796   /usr/lib/i386-linux-gnu/libatspi.so.0.0.1
5bbab000-5bbdc000 r-xp 00000000 08:11 22809788   /usr/lib/i386-linux-gnu/libatk-bridge-2.0.so.0.0.0
5bbdc000-5bbdd000 r--p 00030000 08:11 22809788   /usr/lib/i386-linux-gnu/libatk-bridge-2.0.so.0.0.0
5bbdd000-5bbde000 rw-p 00031000 08:11 22809788   /usr/lib/i386-linux-gnu/libatk-bridge-2.0.so.0.0.0
5bbde000-5bbdf000 rw-p 00000000 00:00 0 
5bbec000-5bbf4000 r-xp 00000000 08:11 22812486   /usr/lib/i386-linux-gnu/gtk-2.0/modules/libtopmenu-gtk-module.so
5bbf4000-5bbf5000 r--p 00007000 08:11 22812486   /usr/lib/i386-linux-gnu/gtk-2.0/modules/libtopmenu-gtk-module.so
5bbf5000-5bbf6000 rw-p 00008000 08:11 22812486   /usr/lib/i386-linux-gnu/gtk-2.0/modules/libtopmenu-gtk-module.so
5bbf6000-5bbfe000 r-xp 00000000 08:11 22809407   /usr/lib/i386-linux-gnu/libgailutil.so.18.0.1
5bbfe000-5bbff000 r--p 00007000 08:11 22809407   /usr/lib/i386-linux-gnu/libgailutil.so.18.0.1
5bbff000-5bc00000 rw-p 00008000 08:11 22809407   /usr/lib/i386-linux-gnu/libgailutil.so.18.0.1
5bc00000-5bc92000 rw-p 00000000 00:00 0 
5bc92000-5bd00000 ---p 00000000 00:00 0 
5bd00000-5bd07000 r-xp 00000000 08:11 22810606   /usr/lib/i386-linux-gnu/libogg.so.0.8.2
5bd07000-5bd08000 r--p 00006000 08:11 22810606   /usr/lib/i386-linux-gnu/libogg.so.0.8.2
5bd08000-5bd09000 rw-p 00007000 08:11 22810606   /usr/lib/i386-linux-gnu/libogg.so.0.8.2
5bd09000-5bd63000 r-xp 00000000 08:11 22809406   /usr/lib/i386-linux-gnu/gtk-2.0/modules/libgail.so
5bd63000-5bd64000 r--p 00059000 08:11 22809406   /usr/lib/i386-linux-gnu/gtk-2.0/modules/libgail.so
5bd64000-5bd65000 rw-p 0005a000 08:11 22809406   /usr/lib/i386-linux-gnu/gtk-2.0/modules/libgail.so
5bd65000-5bd89000 r-xp 00000000 08:11 22815495   /usr/lib/jvm/java-8-oracle/jre/lib/i386/libglass.so (deleted)
5bd89000-5bd8b000 rw-p 00024000 08:11 22815495   /usr/lib/jvm/java-8-oracle/jre/lib/i386/libglass.so (deleted)
5bd8b000-5be0b000 rw-s 10bf03000 00:06 339       /dev/dri/card0
5be0b000-5be40000 r-xp 00000000 08:11 22810900   /usr/lib/i386-linux-gnu/libtxc_dxtn_s2tc.so.0.0.0
5be40000-5be41000 r--p 00034000 08:11 22810900   /usr/lib/i386-linux-gnu/libtxc_dxtn_s2tc.so.0.0.0
5be41000-5be42000 rw-p 00035000 08:11 22810900   /usr/lib/i386-linux-gnu/libtxc_dxtn_s2tc.so.0.0.0
5be42000-5be43000 ---p 00000000 00:00 0 
5be43000-5c643000 rw-p 00000000 00:00 0 
5c643000-5c784000 rw-s 00000000 08:11 18092007   /home/axel/.cache/mesa/index
5c784000-5c79e000 r-xp 00000000 08:11 29361453   /lib/i386-linux-gnu/libbsd.so.0.8.2
5c79e000-5c79f000 r--p 00019000 08:11 29361453   /lib/i386-linux-gnu/libbsd.so.0.8.2
5c79f000-5c7a0000 rw-p 0001a000 08:11 29361453   /lib/i386-linux-gnu/libbsd.so.0.8.2
5c7a0000-5c7c0000 r-xp 00000000 08:11 29361623   /lib/i386-linux-gnu/libtinfo.so.5.9
5c7c0000-5c7c2000 r--p 0001f000 08:11 29361623   /lib/i386-linux-gnu/libtinfo.so.5.9
5c7c2000-5c7c3000 rw-p 00021000 08:11 29361623   /lib/i386-linux-gnu/libtinfo.so.5.9
5c7c3000-5c7f5000 r-xp 00000000 08:11 22810039   /usr/lib/i386-linux-gnu/libedit.so.2.0.53
5c7f5000-5c7f6000 ---p 00032000 08:11 22810039   /usr/lib/i386-linux-gnu/libedit.so.2.0.53
5c7f6000-5c7f7000 r--p 00032000 08:11 22810039   /usr/lib/i386-linux-gnu/libedit.so.2.0.53
5c7f7000-5c7f8000 rw-p 00033000 08:11 22810039   /usr/lib/i386-linux-gnu/libedit.so.2.0.53
5c7f8000-5c7fa000 rw-p 00000000 00:00 0 
5c7fa000-5feee000 r-xp 00000000 08:11 22811575   /usr/lib/i386-linux-gnu/libLLVM-5.0.so.1
5feee000-60148000 r--p 036f3000 08:11 22811575   /usr/lib/i386-linux-gnu/libLLVM-5.0.so.1
60148000-601b5000 rw-p 0394d000 08:11 22811575   /usr/lib/i386-linux-gnu/libLLVM-5.0.so.1
601b5000-601ed000 rw-p 00000000 00:00 0 
601ed000-60207000 r-xp 00000000 08:11 22808162   /usr/lib/i386-linux-gnu/libelf-0.165.so
60207000-60208000 r--p 00019000 08:11 22808162   /usr/lib/i386-linux-gnu/libelf-0.165.so
60208000-60209000 rw-p 0001a000 08:11 22808162   /usr/lib/i386-linux-gnu/libelf-0.165.so
60209000-60213000 r-xp 00000000 08:11 22806656   /usr/lib/i386-linux-gnu/libdrm_amdgpu.so.1.0.0 (deleted)
60213000-60214000 r--p 00009000 08:11 22806656   /usr/lib/i386-linux-gnu/libdrm_amdgpu.so.1.0.0 (deleted)
60214000-60215000 rw-p 0000a000 08:11 22806656   /usr/lib/i386-linux-gnu/libdrm_amdgpu.so.1.0.0 (deleted)
60215000-60221000 r-xp 00000000 08:11 22810011   /usr/lib/i386-linux-gnu/libdrm_radeon.so.1.0.1 (deleted)
60221000-60222000 r--p 0000b000 08:11 22810011   /usr/lib/i386-linux-gnu/libdrm_radeon.so.1.0.1 (deleted)
60222000-60223000 rw-p 0000c000 08:11 22810011   /usr/lib/i386-linux-gnu/libdrm_radeon.so.1.0.1 (deleted)
60223000-6022b000 r-xp 00000000 08:11 22810008   /usr/lib/i386-linux-gnu/libdrm_nouveau.so.2.0.0 (deleted)
6022b000-6022c000 r--p 00007000 08:11 22810008   /usr/lib/i386-linux-gnu/libdrm_nouveau.so.2.0.0 (deleted)
6022c000-6022d000 rw-p 00008000 08:11 22810008   /usr/lib/i386-linux-gnu/libdrm_nouveau.so.2.0.0 (deleted)
6022d000-6023b000 r-xp 00000000 08:11 22810789   /usr/lib/i386-linux-gnu/libsensors.so.4.4.0
6023b000-6023c000 r--p 0000d000 08:11 22810789   /usr/lib/i386-linux-gnu/libsensors.so.4.4.0
6023c000-6023d000 rw-p 0000e000 08:11 22810789   /usr/lib/i386-linux-gnu/libsensors.so.4.4.0
6023d000-60d6c000 r-xp 00000000 08:11 22811577   /usr/lib/i386-linux-gnu/dri/nouveau_dri.so (deleted)
60d6c000-60d95000 r--p 00b2e000 08:11 22811577   /usr/lib/i386-linux-gnu/dri/nouveau_dri.so (deleted)
60d95000-60d9b000 rw-p 00b57000 08:11 22811577   /usr/lib/i386-linux-gnu/dri/nouveau_dri.so (deleted)
60d9b000-60f90000 rw-p 00000000 00:00 0 
60f90000-60f97000 r-xp 00000000 08:11 22809953   /usr/lib/i386-linux-gnu/libdatrie.so.1.3.3
60f97000-60f98000 ---p 00007000 08:11 22809953   /usr/lib/i386-linux-gnu/libdatrie.so.1.3.3
60f98000-60f99000 r--p 00007000 08:11 22809953   /usr/lib/i386-linux-gnu/libdatrie.so.1.3.3
60f99000-60f9a000 rw-p 00008000 08:11 22809953   /usr/lib/i386-linux-gnu/libdatrie.so.1.3.3
60f9a000-60f9f000 r-xp 00000000 08:11 22809699   /usr/lib/i386-linux-gnu/libXdmcp.so.6.0.0
60f9f000-60fa0000 r--p 00004000 08:11 22809699   /usr/lib/i386-linux-gnu/libXdmcp.so.6.0.0
60fa0000-60fa1000 rw-p 00005000 08:11 22809699   /usr/lib/i386-linux-gnu/libXdmcp.so.6.0.0
60fa1000-60fa3000 r-xp 00000000 08:11 22809688   /usr/lib/i386-linux-gnu/libXau.so.6.0.0
60fa3000-60fa4000 r--p 00001000 08:11 22809688   /usr/lib/i386-linux-gnu/libXau.so.6.0.0
60fa4000-60fa5000 rw-p 00002000 08:11 22809688   /usr/lib/i386-linux-gnu/libXau.so.6.0.0
60fa5000-60fca000 r-xp 00000000 08:11 22807269   /usr/lib/i386-linux-gnu/libgraphite2.so.3.0.1
60fca000-60fcb000 ---p 00025000 08:11 22807269   /usr/lib/i386-linux-gnu/libgraphite2.so.3.0.1
60fcb000-60fcc000 r--p 00025000 08:11 22807269   /usr/lib/i386-linux-gnu/libgraphite2.so.3.0.1
60fcc000-60fcd000 rw-p 00026000 08:11 22807269   /usr/lib/i386-linux-gnu/libgraphite2.so.3.0.1
60fcd000-60fdf000 r-xp 00000000 08:11 22813181   /usr/lib/i386-linux-gnu/libdrm.so.2.4.0 (deleted)
60fdf000-60fe0000 r--p 00011000 08:11 22813181   /usr/lib/i386-linux-gnu/libdrm.so.2.4.0 (deleted)
60fe0000-60fe1000 rw-p 00012000 08:11 22813181   /usr/lib/i386-linux-gnu/libdrm.so.2.4.0 (deleted)
60fe1000-60fe5000 r-xp 00000000 08:11 22811050   /usr/lib/i386-linux-gnu/libxcb-dri2.so.0.0.0
60fe5000-60fe6000 r--p 00003000 08:11 22811050   /usr/lib/i386-linux-gnu/libxcb-dri2.so.0.0.0
60fe6000-60fe7000 rw-p 00004000 08:11 22811050   /usr/lib/i386-linux-gnu/libxcb-dri2.so.0.0.0
60fe7000-60fff000 r-xp 00000000 08:11 22811054   /usr/lib/i386-linux-gnu/libxcb-glx.so.0.0.0
60fff000-61000000 ---p 00018000 08:11 22811054   /usr/lib/i386-linux-gnu/libxcb-glx.so.0.0.0
61000000-61001000 r--p 00018000 08:11 22811054   /usr/lib/i386-linux-gnu/libxcb-glx.so.0.0.0
61001000-61002000 rw-p 00019000 08:11 22811054   /usr/lib/i386-linux-gnu/libxcb-glx.so.0.0.0
61002000-61003000 r-xp 00000000 08:11 22809682   /usr/lib/i386-linux-gnu/libX11-xcb.so.1.0.0
61003000-61004000 r--p 00000000 08:11 22809682   /usr/lib/i386-linux-gnu/libX11-xcb.so.1.0.0
61004000-61005000 rw-p 00001000 08:11 22809682   /usr/lib/i386-linux-gnu/libX11-xcb.so.1.0.0
61005000-61019000 r-xp 00000000 08:11 22807298   /usr/lib/i386-linux-gnu/libglapi.so.0.0.0 (deleted)
61019000-6101a000 ---p 00014000 08:11 22807298   /usr/lib/i386-linux-gnu/libglapi.so.0.0.0 (deleted)
6101a000-6101c000 r--p 00014000 08:11 22807298   /usr/lib/i386-linux-gnu/libglapi.so.0.0.0 (deleted)
6101c000-61022000 rwxp 00016000 08:11 22807298   /usr/lib/i386-linux-gnu/libglapi.so.0.0.0 (deleted)
61022000-61023000 rwxp 00000000 00:00 0 
61023000-61096000 r-xp 00000000 08:11 29361580   /lib/i386-linux-gnu/libpcre.so.3.13.2
61096000-61097000 r--p 00072000 08:11 29361580   /lib/i386-linux-gnu/libpcre.so.3.13.2
61097000-61098000 rw-p 00073000 08:11 29361580   /lib/i386-linux-gnu/libpcre.so.3.13.2
61098000-610be000 r-xp 00000000 08:11 29361437   /lib/i386-linux-gnu/libexpat.so.1.6.0
610be000-610bf000 ---p 00026000 08:11 29361437   /lib/i386-linux-gnu/libexpat.so.1.6.0
610bf000-610c1000 r--p 00026000 08:11 29361437   /lib/i386-linux-gnu/libexpat.so.1.6.0
610c1000-610c2000 rw-p 00028000 08:11 29361437   /lib/i386-linux-gnu/libexpat.so.1.6.0
610c2000-610e6000 r-xp 00000000 08:11 22811084   /usr/lib/i386-linux-gnu/libxcb.so.1.1.0
610e6000-610e7000 r--p 00023000 08:11 22811084   /usr/lib/i386-linux-gnu/libxcb.so.1.1.0
610e7000-610e8000 rw-p 00024000 08:11 22811084   /usr/lib/i386-linux-gnu/libxcb.so.1.1.0
610e8000-61111000 r-xp 00000000 08:11 29361592   /lib/i386-linux-gnu/libpng12.so.0.54.0
61111000-61112000 r--p 00028000 08:11 29361592   /lib/i386-linux-gnu/libpng12.so.0.54.0
61112000-61113000 rw-p 00029000 08:11 29361592   /lib/i386-linux-gnu/libpng12.so.0.54.0
61113000-611bc000 r-xp 00000000 08:11 22810669   /usr/lib/i386-linux-gnu/libpixman-1.so.0.33.6
611bc000-611c2000 r--p 000a8000 08:11 22810669   /usr/lib/i386-linux-gnu/libpixman-1.so.0.33.6
611c2000-611c3000 rw-p 000ae000 08:11 22810669   /usr/lib/i386-linux-gnu/libpixman-1.so.0.33.6
611c3000-61225000 r-xp 00000000 08:11 22810258   /usr/lib/i386-linux-gnu/libharfbuzz.so.0.10000.1
61225000-61226000 r--p 00061000 08:11 22810258   /usr/lib/i386-linux-gnu/libharfbuzz.so.0.10000.1
61226000-61227000 rw-p 00062000 08:11 22810258   /usr/lib/i386-linux-gnu/libharfbuzz.so.0.10000.1
61227000-61249000 r-xp 00000000 08:11 29361609   /lib/i386-linux-gnu/libselinux.so.1
61249000-6124a000 ---p 00022000 08:11 29361609   /lib/i386-linux-gnu/libselinux.so.1
6124a000-6124b000 r--p 00022000 08:11 29361609   /lib/i386-linux-gnu/libselinux.so.1
6124b000-6124c000 rw-p 00023000 08:11 29361609   /lib/i386-linux-gnu/libselinux.so.1
6124c000-6124d000 rw-p 00000000 00:00 0 
6124d000-613ba000 r-xp 00000000 08:11 22809828   /usr/lib/i386-linux-gnu/libstdc++.so.6.0.21
613ba000-613bb000 ---p 0016d000 08:11 22809828   /usr/lib/i386-linux-gnu/libstdc++.so.6.0.21
613bb000-613c0000 r--p 0016d000 08:11 22809828   /usr/lib/i386-linux-gnu/libstdc++.so.6.0.21
613c0000-613c1000 rw-p 00172000 08:11 22809828   /usr/lib/i386-linux-gnu/libstdc++.so.6.0.21
613c1000-613c4000 rw-p 00000000 00:00 0 
613c4000-6142d000 r-xp 00000000 08:11 22809926   /usr/lib/i386-linux-gnu/mesa/libGL.so.1.2.0 (deleted)
6142d000-6142f000 r--p 00068000 08:11 22809926   /usr/lib/i386-linux-gnu/mesa/libGL.so.1.2.0 (deleted)
6142f000-61434000 rwxp 0006a000 08:11 22809926   /usr/lib/i386-linux-gnu/mesa/libGL.so.1.2.0 (deleted)
61434000-6157a000 r-xp 00000000 08:11 22809684   /usr/lib/i386-linux-gnu/libX11.so.6.3.0
6157a000-6157b000 ---p 00146000 08:11 22809684   /usr/lib/i386-linux-gnu/libX11.so.6.3.0
6157b000-6157c000 r--p 00146000 08:11 22809684   /usr/lib/i386-linux-gnu/libX11.so.6.3.0
6157c000-6157e000 rw-p 00147000 08:11 22809684   /usr/lib/i386-linux-gnu/libX11.so.6.3.0
6157e000-6157f000 rw-p 00000000 00:00 0 
6157f000-616a6000 r-xp 00000000 08:11 29361563   /lib/i386-linux-gnu/libglib-2.0.so.0.4800.2
616a6000-616a7000 r--p 00126000 08:11 29361563   /lib/i386-linux-gnu/libglib-2.0.so.0.4800.2
616a7000-616a8000 rw-p 00127000 08:11 29361563   /lib/i386-linux-gnu/libglib-2.0.so.0.4800.2
616a8000-61704000 r-xp 00000000 08:11 22806997   /usr/lib/i386-linux-gnu/libgobject-2.0.so.0.4800.2
61704000-61705000 ---p 0005c000 08:11 22806997   /usr/lib/i386-linux-gnu/libgobject-2.0.so.0.4800.2
61705000-61706000 r--p 0005c000 08:11 22806997   /usr/lib/i386-linux-gnu/libgobject-2.0.so.0.4800.2
61706000-61707000 rw-p 0005d000 08:11 22806997   /usr/lib/i386-linux-gnu/libgobject-2.0.so.0.4800.2
61707000-61749000 r-xp 00000000 08:11 22810218   /usr/lib/i386-linux-gnu/libfontconfig.so.1.9.0
61749000-6174a000 ---p 00042000 08:11 22810218   /usr/lib/i386-linux-gnu/libfontconfig.so.1.9.0
6174a000-6174b000 r--p 00042000 08:11 22810218   /usr/lib/i386-linux-gnu/libfontconfig.so.1.9.0
6174b000-61750000 rw-p 00043000 08:11 22810218   /usr/lib/i386-linux-gnu/libfontconfig.so.1.9.0
61750000-617fb000 r-xp 00000000 08:11 22807770   /usr/lib/i386-linux-gnu/libfreetype.so.6.12.1
617fb000-617ff000 r--p 000aa000 08:11 22807770   /usr/lib/i386-linux-gnu/libfreetype.so.6.12.1
617ff000-61800000 rw-p 000ae000 08:11 22807770   /usr/lib/i386-linux-gnu/libfreetype.so.6.12.1
61800000-6193d000 r-xp 00000000 08:11 22809857   /usr/lib/i386-linux-gnu/libcairo.so.2.11400.6
6193d000-6193f000 r--p 0013c000 08:11 22809857   /usr/lib/i386-linux-gnu/libcairo.so.2.11400.6
6193f000-61940000 rw-p 0013e000 08:11 22809857   /usr/lib/i386-linux-gnu/libcairo.so.2.11400.6
61940000-61941000 rw-p 00000000 00:00 0 
61941000-61b05000 r-xp 00000000 08:11 22807027   /usr/lib/i386-linux-gnu/libgio-2.0.so.0.4800.2
61b05000-61b06000 ---p 001c4000 08:11 22807027   /usr/lib/i386-linux-gnu/libgio-2.0.so.0.4800.2
61b06000-61b08000 r--p 001c4000 08:11 22807027   /usr/lib/i386-linux-gnu/libgio-2.0.so.0.4800.2
61b08000-61b09000 rw-p 001c6000 08:11 22807027   /usr/lib/i386-linux-gnu/libgio-2.0.so.0.4800.2
61b09000-61b0a000 rw-p 00000000 00:00 0 
61b0a000-61ff7000 r-xp 00000000 08:11 22809410   /usr/lib/i386-linux-gnu/libgtk-x11-2.0.so.0.2400.30
61ff7000-61ff8000 ---p 004ed000 08:11 22809410   /usr/lib/i386-linux-gnu/libgtk-x11-2.0.so.0.2400.30
61ff8000-61ffc000 r--p 004ed000 08:11 22809410   /usr/lib/i386-linux-gnu/libgtk-x11-2.0.so.0.2400.30
61ffc000-61ffe000 rw-p 004f1000 08:11 22809410   /usr/lib/i386-linux-gnu/libgtk-x11-2.0.so.0.2400.30
61ffe000-62000000 rw-p 00000000 00:00 0 
62000000-62043000 rw-p 00000000 00:00 0 
62043000-62100000 ---p 00000000 00:00 0 
62101000-62102000 r-xp 00000000 08:11 22811096   /usr/lib/i386-linux-gnu/libxshmfence.so.1.0.0
62102000-62103000 r--p 00000000 08:11 22811096   /usr/lib/i386-linux-gnu/libxshmfence.so.1.0.0
62103000-62104000 rw-p 00001000 08:11 22811096   /usr/lib/i386-linux-gnu/libxshmfence.so.1.0.0
62104000-62109000 r-xp 00000000 08:11 22811074   /usr/lib/i386-linux-gnu/libxcb-sync.so.1.0.0
62109000-6210a000 ---p 00005000 08:11 22811074   /usr/lib/i386-linux-gnu/libxcb-sync.so.1.0.0
6210a000-6210b000 r--p 00005000 08:11 22811074   /usr/lib/i386-linux-gnu/libxcb-sync.so.1.0.0
6210b000-6210c000 rw-p 00006000 08:11 22811074   /usr/lib/i386-linux-gnu/libxcb-sync.so.1.0.0
6210c000-62120000 r-xp 00000000 08:11 29365520   /lib/i386-linux-gnu/libresolv-2.23.so
62120000-62121000 ---p 00014000 08:11 29365520   /lib/i386-linux-gnu/libresolv-2.23.so
62121000-62122000 r--p 00014000 08:11 29365520   /lib/i386-linux-gnu/libresolv-2.23.so
62122000-62123000 rw-p 00015000 08:11 29365520   /lib/i386-linux-gnu/libresolv-2.23.so
62123000-62125000 rw-p 00000000 00:00 0 
62125000-6213e000 r-xp 00000000 08:11 29361431   /lib/i386-linux-gnu/libz.so.1.2.8
6213e000-6213f000 r--p 00018000 08:11 29361431   /lib/i386-linux-gnu/libz.so.1.2.8
6213f000-62140000 rw-p 00019000 08:11 29361431   /lib/i386-linux-gnu/libz.so.1.2.8
62140000-621fd000 r-xp 00000000 08:11 22809409   /usr/lib/i386-linux-gnu/libgdk-x11-2.0.so.0.2400.30
621fd000-621ff000 r--p 000bc000 08:11 22809409   /usr/lib/i386-linux-gnu/libgdk-x11-2.0.so.0.2400.30
621ff000-62200000 rw-p 000be000 08:11 22809409   /usr/lib/i386-linux-gnu/libgdk-x11-2.0.so.0.2400.30
62200000-62300000 rw-p 00000000 00:00 0 
62302000-62309000 r-xp 00000000 08:11 22810089   /usr/lib/i386-linux-gnu/libffi.so.6.0.4
62309000-6230a000 r--p 00006000 08:11 22810089   /usr/lib/i386-linux-gnu/libffi.so.6.0.4
6230a000-6230b000 rw-p 00007000 08:11 22810089   /usr/lib/i386-linux-gnu/libffi.so.6.0.4
6230b000-62314000 r-xp 00000000 08:11 22810875   /usr/lib/i386-linux-gnu/libthai.so.0.2.4
62314000-62315000 r--p 00008000 08:11 22810875   /usr/lib/i386-linux-gnu/libthai.so.0.2.4
62315000-62316000 rw-p 00009000 08:11 22810875   /usr/lib/i386-linux-gnu/libthai.so.0.2.4
62316000-62364000 r-xp 00000000 08:11 22810639   /usr/lib/i386-linux-gnu/libpango-1.0.so.0.3800.1
62364000-62365000 ---p 0004e000 08:11 22810639   /usr/lib/i386-linux-gnu/libpango-1.0.so.0.3800.1
62365000-62366000 r--p 0004e000 08:11 22810639   /usr/lib/i386-linux-gnu/libpango-1.0.so.0.3800.1
62366000-62367000 rw-p 0004f000 08:11 22810639   /usr/lib/i386-linux-gnu/libpango-1.0.so.0.3800.1
62367000-623fc000 r--s 0110b000 08:11 22815526   /usr/lib/jvm/java-8-oracle/jre/lib/ext/jfxrt.jar (deleted)
623fc000-623fd000 ---p 00000000 00:00 0 
623fd000-6247d000 rw-p 00000000 00:00 0 
6247d000-62480000 ---p 00000000 00:00 0 
62480000-624fe000 rw-p 00000000 00:00 0 
624fe000-62501000 ---p 00000000 00:00 0 
62501000-6257f000 rw-p 00000000 00:00 0 
6257f000-62582000 ---p 00000000 00:00 0 
62582000-62600000 rw-p 00000000 00:00 0 
62600000-62677000 rw-p 00000000 00:00 0 
62677000-62700000 ---p 00000000 00:00 0 
62702000-6270b000 r-xp 00000000 08:11 22811068   /usr/lib/i386-linux-gnu/libxcb-render.so.0.0.0
6270b000-6270c000 r--p 00008000 08:11 22811068   /usr/lib/i386-linux-gnu/libxcb-render.so.0.0.0
6270c000-6270d000 rw-p 00009000 08:11 22811068   /usr/lib/i386-linux-gnu/libxcb-render.so.0.0.0
6270d000-62720000 r-xp 00000000 08:11 22809701   /usr/lib/i386-linux-gnu/libXext.so.6.4.0
62720000-62721000 r--p 00012000 08:11 22809701   /usr/lib/i386-linux-gnu/libXext.so.6.4.0
62721000-62722000 rw-p 00013000 08:11 22809701   /usr/lib/i386-linux-gnu/libXext.so.6.4.0
62722000-6272c000 r-xp 00000000 08:11 22806816   /usr/lib/i386-linux-gnu/libXcursor.so.1.0.2
6272c000-6272d000 r--p 00009000 08:11 22806816   /usr/lib/i386-linux-gnu/libXcursor.so.1.0.2
6272d000-6272e000 rw-p 0000a000 08:11 22806816   /usr/lib/i386-linux-gnu/libXcursor.so.1.0.2
6272e000-62731000 ---p 00000000 00:00 0 
62731000-6277f000 rw-p 00000000 00:00 0 
6277f000-62782000 ---p 00000000 00:00 0 
62782000-62800000 rw-p 00000000 00:00 0 
62800000-6284f000 rw-p 00000000 00:00 0 
6284f000-62900000 ---p 00000000 00:00 0 
62900000-6293d000 rw-p 00000000 00:00 0 
6293d000-62a00000 ---p 00000000 00:00 0 
62a00000-62a21000 rw-p 00000000 00:00 0 
62a21000-62b00000 ---p 00000000 00:00 0 
62b00000-62c00000 rw-p 00000000 00:00 0 
62c00000-62cfa000 rw-p 00000000 00:00 0 
62cfa000-62d00000 ---p 00000000 00:00 0 
62d00000-62d21000 rw-p 00000000 00:00 0 
62d21000-62e00000 ---p 00000000 00:00 0 
62e00000-62ef9000 rw-p 00000000 00:00 0 
62ef9000-62f00000 ---p 00000000 00:00 0 
62f00000-62f02000 r-xp 00000000 08:11 22811062   /usr/lib/i386-linux-gnu/libxcb-present.so.0.0.0
62f02000-62f03000 r--p 00001000 08:11 22811062   /usr/lib/i386-linux-gnu/libxcb-present.so.0.0.0
62f03000-62f04000 rw-p 00002000 08:11 22811062   /usr/lib/i386-linux-gnu/libxcb-present.so.0.0.0
62f04000-62f06000 r-xp 00000000 08:11 22811052   /usr/lib/i386-linux-gnu/libxcb-dri3.so.0.0.0
62f06000-62f07000 r--p 00001000 08:11 22811052   /usr/lib/i386-linux-gnu/libxcb-dri3.so.0.0.0
62f07000-62f08000 rw-p 00002000 08:11 22811052   /usr/lib/i386-linux-gnu/libxcb-dri3.so.0.0.0
62f08000-62f0b000 ---p 00000000 00:00 0 
62f0b000-62f59000 rw-p 00000000 00:00 0 
62f59000-62f5a000 ---p 00000000 00:00 0 
62f5a000-62fda000 rw-p 00000000 00:00 0 
62fda000-631b4000 r--s 03d68000 08:11 22815549   /usr/lib/jvm/java-8-oracle/jre/lib/rt.jar (deleted)
631b4000-635fa000 rw-p 00000000 00:00 0 
635fa000-63600000 ---p 00000000 00:00 0 
63600000-65a00000 rw-p 00000000 00:00 0 
65a00000-65aee000 rw-p 00000000 00:00 0 
65aee000-65b00000 ---p 00000000 00:00 0 
65b02000-65b0d000 r-xp 00000000 08:11 22809719   /usr/lib/i386-linux-gnu/libXrandr.so.2.2.0
65b0d000-65b0e000 r--p 0000a000 08:11 22809719   /usr/lib/i386-linux-gnu/libXrandr.so.2.2.0
65b0e000-65b0f000 rw-p 0000b000 08:11 22809719   /usr/lib/i386-linux-gnu/libXrandr.so.2.2.0
65b0f000-65b20000 r-xp 00000000 08:11 22809709   /usr/lib/i386-linux-gnu/libXi.so.6.1.0
65b20000-65b21000 r--p 00010000 08:11 22809709   /usr/lib/i386-linux-gnu/libXi.so.6.1.0
65b21000-65b22000 rw-p 00011000 08:11 22809709   /usr/lib/i386-linux-gnu/libXi.so.6.1.0
65b22000-65b2c000 r-xp 00000000 08:11 22809721   /usr/lib/i386-linux-gnu/libXrender.so.1.3.0
65b2c000-65b2d000 r--p 00009000 08:11 22809721   /usr/lib/i386-linux-gnu/libXrender.so.1.3.0
65b2d000-65b2e000 rw-p 0000a000 08:11 22809721   /usr/lib/i386-linux-gnu/libXrender.so.1.3.0
65b2e000-65b31000 ---p 00000000 00:00 0 
65b31000-65b7f000 rw-p 00000000 00:00 0 
65b7f000-65b80000 ---p 00000000 00:00 0 
65b80000-65c00000 rw-p 00000000 00:00 0 
65c00000-65c21000 rw-p 00000000 00:00 0 
65c21000-65d00000 ---p 00000000 00:00 0 
65d02000-65d04000 r-xp 00000000 08:11 22811072   /usr/lib/i386-linux-gnu/libxcb-shm.so.0.0.0
65d04000-65d05000 r--p 00001000 08:11 22811072   /usr/lib/i386-linux-gnu/libxcb-shm.so.0.0.0
65d05000-65d06000 rw-p 00002000 08:11 22811072   /usr/lib/i386-linux-gnu/libxcb-shm.so.0.0.0
65d06000-65d08000 r-xp 00000000 08:11 22809697   /usr/lib/i386-linux-gnu/libXdamage.so.1.1.0
65d08000-65d09000 r--p 00001000 08:11 22809697   /usr/lib/i386-linux-gnu/libXdamage.so.1.1.0
65d09000-65d0a000 rw-p 00002000 08:11 22809697   /usr/lib/i386-linux-gnu/libXdamage.so.1.1.0
65d0a000-65d0f000 r-xp 00000000 08:11 22809703   /usr/lib/i386-linux-gnu/libXfixes.so.3.1.0
65d0f000-65d10000 r--p 00004000 08:11 22809703   /usr/lib/i386-linux-gnu/libXfixes.so.3.1.0
65d10000-65d11000 rw-p 00005000 08:11 22809703   /usr/lib/i386-linux-gnu/libXfixes.so.3.1.0
65d11000-65d2d000 r-xp 00000000 08:11 29361493   /lib/i386-linux-gnu/libgcc_s.so.1
65d2d000-65d2e000 rw-p 0001b000 08:11 29361493   /lib/i386-linux-gnu/libgcc_s.so.1
65d2e000-65d31000 ---p 00000000 00:00 0 
65d31000-65d7f000 rw-p 00000000 00:00 0 
65d7f000-65d80000 ---p 00000000 00:00 0 
65d80000-65e00000 rw-p 00000000 00:00 0 
65e00000-65e92000 rw-p 00000000 00:00 0 
65e92000-65f00000 ---p 00000000 00:00 0 
65f01000-65f03000 r-xp 00000000 08:11 22809693   /usr/lib/i386-linux-gnu/libXcomposite.so.1.0.0
65f03000-65f04000 r--p 00001000 08:11 22809693   /usr/lib/i386-linux-gnu/libXcomposite.so.1.0.0
65f04000-65f05000 rw-p 00002000 08:11 22809693   /usr/lib/i386-linux-gnu/libXcomposite.so.1.0.0
65f05000-65f2c000 r-xp 00000000 08:11 22814032   /usr/lib/i386-linux-gnu/libgdk_pixbuf-2.0.so.0.3200.2
65f2c000-65f2d000 r--p 00026000 08:11 22814032   /usr/lib/i386-linux-gnu/libgdk_pixbuf-2.0.so.0.3200.2
65f2d000-65f2e000 rw-p 00027000 08:11 22814032   /usr/lib/i386-linux-gnu/libgdk_pixbuf-2.0.so.0.3200.2
65f2e000-65f31000 ---p 00000000 00:00 0 
65f31000-65f7f000 rw-p 00000000 00:00 0 
65f7f000-65f80000 ---p 00000000 00:00 0 
65f80000-66000000 rw-p 00000000 00:00 0 
66000000-66021000 rw-p 00000000 00:00 0 
66021000-66100000 ---p 00000000 00:00 0 
66101000-66106000 r-xp 00000000 08:11 22809737   /usr/lib/i386-linux-gnu/libXxf86vm.so.1.0.0
66106000-66107000 r--p 00004000 08:11 22809737   /usr/lib/i386-linux-gnu/libXxf86vm.so.1.0.0
66107000-66108000 rw-p 00005000 08:11 22809737   /usr/lib/i386-linux-gnu/libXxf86vm.so.1.0.0
66108000-66114000 r-xp 00000000 08:11 22810641   /usr/lib/i386-linux-gnu/libpangocairo-1.0.so.0.3800.1
66114000-66115000 r--p 0000b000 08:11 22810641   /usr/lib/i386-linux-gnu/libpangocairo-1.0.so.0.3800.1
66115000-66116000 rw-p 0000c000 08:11 22810641   /usr/lib/i386-linux-gnu/libpangocairo-1.0.so.0.3800.1
66116000-6612c000 r-xp 00000000 08:11 22810643   /usr/lib/i386-linux-gnu/libpangoft2-1.0.so.0.3800.1
6612c000-6612d000 r--p 00015000 08:11 22810643   /usr/lib/i386-linux-gnu/libpangoft2-1.0.so.0.3800.1
6612d000-6612e000 rw-p 00016000 08:11 22810643   /usr/lib/i386-linux-gnu/libpangoft2-1.0.so.0.3800.1
6612e000-66131000 ---p 00000000 00:00 0 
66131000-6617f000 rw-p 00000000 00:00 0 
6617f000-66180000 ---p 00000000 00:00 0 
66180000-66200000 rw-p 00000000 00:00 0 
66200000-66221000 rw-p 00000000 00:00 0 
66221000-66300000 ---p 00000000 00:00 0 
66300000-66305000 r-xp 00000000 08:11 22809727   /usr/lib/i386-linux-gnu/libXtst.so.6.1.0
66305000-66306000 r--p 00004000 08:11 22809727   /usr/lib/i386-linux-gnu/libXtst.so.6.1.0
66306000-66307000 rw-p 00005000 08:11 22809727   /usr/lib/i386-linux-gnu/libXtst.so.6.1.0
66307000-6632b000 r-xp 00000000 08:11 22809786   /usr/lib/i386-linux-gnu/libatk-1.0.so.0.21809.1
6632b000-6632d000 r--p 00023000 08:11 22809786   /usr/lib/i386-linux-gnu/libatk-1.0.so.0.21809.1
6632d000-6632e000 rw-p 00025000 08:11 22809786   /usr/lib/i386-linux-gnu/libatk-1.0.so.0.21809.1
6632e000-66331000 ---p 00000000 00:00 0 
66331000-6637f000 rw-p 00000000 00:00 0 
6637f000-66380000 ---p 00000000 00:00 0 
66380000-66400000 rw-p 00000000 00:00 0 
66400000-66421000 rw-p 00000000 00:00 0 
66421000-66500000 ---p 00000000 00:00 0 
66502000-66504000 r-xp 00000000 08:11 22809711   /usr/lib/i386-linux-gnu/libXinerama.so.1.0.0
66504000-66505000 r--p 00001000 08:11 22809711   /usr/lib/i386-linux-gnu/libXinerama.so.1.0.0
66505000-66506000 rw-p 00002000 08:11 22809711   /usr/lib/i386-linux-gnu/libXinerama.so.1.0.0
66506000-66509000 r-xp 00000000 08:11 22806930   /usr/lib/i386-linux-gnu/libgmodule-2.0.so.0.4800.2
66509000-6650a000 r--p 00002000 08:11 22806930   /usr/lib/i386-linux-gnu/libgmodule-2.0.so.0.4800.2
6650a000-6650b000 rw-p 00003000 08:11 22806930   /usr/lib/i386-linux-gnu/libgmodule-2.0.so.0.4800.2
6650c000-66510000 r-xp 00000000 08:11 22808558   /usr/lib/libtopmenu-client-gtk2.so.0.0.0
66510000-66511000 r--p 00003000 08:11 22808558   /usr/lib/libtopmenu-client-gtk2.so.0.0.0
66511000-66512000 rw-p 00004000 08:11 22808558   /usr/lib/libtopmenu-client-gtk2.so.0.0.0
66512000-66516000 r-xp 00000000 08:11 22809865   /usr/lib/i386-linux-gnu/libcanberra-gtk.so.0.1.9
66516000-66517000 r--p 00003000 08:11 22809865   /usr/lib/i386-linux-gnu/libcanberra-gtk.so.0.1.9
66517000-66518000 rw-p 00004000 08:11 22809865   /usr/lib/i386-linux-gnu/libcanberra-gtk.so.0.1.9
66518000-6651d000 r-xp 00000000 08:11 22812483   /usr/lib/i386-linux-gnu/gtk-2.0/modules/libcanberra-gtk-module.so
6651d000-6651e000 r--p 00004000 08:11 22812483   /usr/lib/i386-linux-gnu/gtk-2.0/modules/libcanberra-gtk-module.so
6651e000-6651f000 rw-p 00005000 08:11 22812483   /usr/lib/i386-linux-gnu/gtk-2.0/modules/libcanberra-gtk-module.so
6651f000-66520000 r-xp 00000000 08:11 22812482   /usr/lib/i386-linux-gnu/gtk-2.0/modules/libatk-bridge.so
66520000-66521000 r--p 00000000 08:11 22812482   /usr/lib/i386-linux-gnu/gtk-2.0/modules/libatk-bridge.so
66521000-66522000 rw-p 00001000 08:11 22812482   /usr/lib/i386-linux-gnu/gtk-2.0/modules/libatk-bridge.so
66522000-6652d000 r-xp 00000000 08:11 22815452   /usr/lib/jvm/java-8-oracle/jre/lib/i386/libprism_es2.so (deleted)
6652d000-6652e000 rw-p 0000a000 08:11 22815452   /usr/lib/jvm/java-8-oracle/jre/lib/i386/libprism_es2.so (deleted)
6652e000-66531000 ---p 00000000 00:00 0 
66531000-6657f000 rw-p 00000000 00:00 0 
6657f000-66580000 ---p 00000000 00:00 0 
66580000-66600000 rw-p 00000000 00:00 0 
66600000-66621000 rw-p 00000000 00:00 0 
66621000-66700000 ---p 00000000 00:00 0 
66701000-66702000 r-xp 00000000 08:11 22806941   /usr/lib/i386-linux-gnu/libgthread-2.0.so.0.4800.2
66702000-66703000 r--p 00000000 08:11 22806941   /usr/lib/i386-linux-gnu/libgthread-2.0.so.0.4800.2
66703000-66704000 rw-p 00001000 08:11 22806941   /usr/lib/i386-linux-gnu/libgthread-2.0.so.0.4800.2
66704000-66706000 r--s 0000c000 08:11 19402189   /home/axel/Desktop/EclipseJava/plugins/org.hamcrest.core_1.3.0.v201303031735.jar
66706000-6670e000 r--s 00045000 08:11 19402178   /home/axel/Desktop/EclipseJava/plugins/org.junit_4.12.0.v201504281640/junit.jar
6670e000-66711000 r--s 00010000 08:11 19402202   /home/axel/Desktop/EclipseJava/plugins/org.junit.vintage.engine_4.12.0.v20170910-2246.jar
66711000-6671d000 r--s 0006d000 08:11 19402196   /home/axel/Desktop/EclipseJava/plugins/org.junit.jupiter.params_5.0.0.v20170910-2246.jar
6671d000-66730000 r--s 00345000 08:11 22815543   /usr/lib/jvm/java-8-oracle/jre/lib/resources.jar (deleted)
66730000-6677f000 rw-p 00000000 00:00 0 
6677f000-66780000 ---p 00000000 00:00 0 
66780000-66800000 rw-p 00000000 00:00 0 
66800000-66821000 rw-p 00000000 00:00 0 
66821000-66900000 ---p 00000000 00:00 0 
66900000-66902000 r--s 00004000 08:11 19402206   /home/axel/Desktop/EclipseJava/plugins/org.opentest4j_1.0.0.v20170910-2246.jar
66902000-66904000 r--s 00006000 08:11 19402201   /home/axel/Desktop/EclipseJava/plugins/org.junit.platform.suite.api_1.0.0.v20170910-2246.jar
66904000-66906000 r--s 00007000 08:11 19402200   /home/axel/Desktop/EclipseJava/plugins/org.junit.platform.runner_1.0.0.v20170910-2246.jar
66906000-66908000 r--s 00010000 08:11 19402199   /home/axel/Desktop/EclipseJava/plugins/org.junit.platform.launcher_1.0.0.v20170910-2246.jar
66908000-6690b000 r--s 00018000 08:11 19402198   /home/axel/Desktop/EclipseJava/plugins/org.junit.platform.engine_1.0.0.v20170910-2246.jar
6690b000-6697e000 rw-p 00000000 00:00 0 
6697e000-6697f000 ---p 00000000 00:00 0 
6697f000-66a15000 rw-p 00000000 00:00 0 
66a15000-66b54000 ---p 00000000 00:00 0 
66b54000-66b5f000 rw-p 00000000 00:00 0 
66b5f000-66bff000 ---p 00000000 00:00 0 
66bff000-696c0000 rw-p 00000000 00:00 0 
696c0000-916c0000 ---p 00000000 00:00 0 
916c0000-92c00000 rw-p 00000000 00:00 0 
92c00000-a6c00000 ---p 00000000 00:00 0 
a6c00000-a6c01000 rw-s 10c103000 00:06 339       /dev/dri/card0
a6c01000-a6c03000 r--s 00012000 08:11 19402197   /home/axel/Desktop/EclipseJava/plugins/org.junit.platform.commons_1.0.0.v20170910-2246.jar
a6c03000-a6c05000 r--s 00009000 08:11 19402195   /home/axel/Desktop/EclipseJava/plugins/org.junit.jupiter.migrationsupport_5.0.0.v20170910-2246.jar
a6c05000-a6c09000 r--s 0001f000 08:11 19402194   /home/axel/Desktop/EclipseJava/plugins/org.junit.jupiter.engine_5.0.0.v20170910-2246.jar
a6c09000-a6c1f000 rw-p 00000000 00:00 0 
a6c1f000-a6d5f000 ---p 00000000 00:00 0 
a6d5f000-a6d68000 rw-p 00000000 00:00 0 
a6d68000-a711f000 ---p 00000000 00:00 0 
a711f000-a735f000 rwxp 00000000 00:00 0 
a735f000-b611f000 ---p 00000000 00:00 0 
b611f000-b6139000 r-xp 00000000 08:11 22815502   /usr/lib/jvm/java-8-oracle/jre/lib/i386/libzip.so (deleted)
b6139000-b613a000 rw-p 00019000 08:11 22815502   /usr/lib/jvm/java-8-oracle/jre/lib/i386/libzip.so (deleted)
b613a000-b6145000 r-xp 00000000 08:11 29365529   /lib/i386-linux-gnu/libnss_files-2.23.so
b6145000-b6146000 r--p 0000a000 08:11 29365529   /lib/i386-linux-gnu/libnss_files-2.23.so
b6146000-b6147000 rw-p 0000b000 08:11 29365529   /lib/i386-linux-gnu/libnss_files-2.23.so
b6147000-b614d000 rw-p 00000000 00:00 0 
b614d000-b6158000 r-xp 00000000 08:11 29365532   /lib/i386-linux-gnu/libnss_nis-2.23.so
b6158000-b6159000 r--p 0000a000 08:11 29365532   /lib/i386-linux-gnu/libnss_nis-2.23.so
b6159000-b615a000 rw-p 0000b000 08:11 29365532   /lib/i386-linux-gnu/libnss_nis-2.23.so
b615a000-b6171000 r-xp 00000000 08:11 29360165   /lib/i386-linux-gnu/libnsl-2.23.so
b6171000-b6172000 r--p 00016000 08:11 29360165   /lib/i386-linux-gnu/libnsl-2.23.so
b6172000-b6173000 rw-p 00017000 08:11 29360165   /lib/i386-linux-gnu/libnsl-2.23.so
b6173000-b6175000 rw-p 00000000 00:00 0 
b6175000-b617d000 r-xp 00000000 08:11 29365524   /lib/i386-linux-gnu/libnss_compat-2.23.so
b617d000-b617e000 r--p 00007000 08:11 29365524   /lib/i386-linux-gnu/libnss_compat-2.23.so
b617e000-b617f000 rw-p 00008000 08:11 29365524   /lib/i386-linux-gnu/libnss_compat-2.23.so
b617f000-b6181000 r--s 00016000 08:11 19402193   /home/axel/Desktop/EclipseJava/plugins/org.junit.jupiter.api_5.0.0.v20170910-2246.jar
b6181000-b6186000 r--s 00084000 08:11 22815291   /usr/lib/jvm/java-8-oracle/jre/lib/jfr.jar (deleted)
b6186000-b618b000 r--s 002f9000 08:11 22815515   /usr/lib/jvm/java-8-oracle/jre/lib/charsets.jar (deleted)
b618b000-b618e000 r--s 0001a000 08:11 22815506   /usr/lib/jvm/java-8-oracle/jre/lib/jce.jar (deleted)
b618e000-b6196000 rw-s 00000000 08:11 27658992   /tmp/hsperfdata_axel/4513
b6196000-b62c8000 r--p 002d7000 08:11 22809097   /usr/lib/locale/locale-archive
b62c8000-b64c8000 r--p 00000000 08:11 22809097   /usr/lib/locale/locale-archive
b64c8000-b64ff000 r-xp 00000000 08:11 22815491   /usr/lib/jvm/java-8-oracle/jre/lib/i386/libjdwp.so (deleted)
b64ff000-b6500000 rw-p 00037000 08:11 22815491   /usr/lib/jvm/java-8-oracle/jre/lib/i386/libjdwp.so (deleted)
b6500000-b65fc000 rw-p 00000000 00:00 0 
b65fc000-b6600000 ---p 00000000 00:00 0 
b6600000-b6605000 r--s 0009d000 08:11 22815553   /usr/lib/jvm/java-8-oracle/jre/lib/jsse.jar (deleted)
b6605000-b6629000 r-xp 00000000 08:11 22815496   /usr/lib/jvm/java-8-oracle/jre/lib/i386/libjava.so (deleted)
b6629000-b662a000 rw-p 00024000 08:11 22815496   /usr/lib/jvm/java-8-oracle/jre/lib/i386/libjava.so (deleted)
b662a000-b6631000 r-xp 00000000 08:11 29365533   /lib/i386-linux-gnu/librt-2.23.so
b6631000-b6632000 r--p 00006000 08:11 29365533   /lib/i386-linux-gnu/librt-2.23.so
b6632000-b6633000 rw-p 00007000 08:11 29365533   /lib/i386-linux-gnu/librt-2.23.so
b6633000-b6636000 ---p 00000000 00:00 0 
b6636000-b6684000 rw-p 00000000 00:00 0 
b6684000-b66d7000 r-xp 00000000 08:11 29360164   /lib/i386-linux-gnu/libm-2.23.so
b66d7000-b66d8000 r--p 00052000 08:11 29360164   /lib/i386-linux-gnu/libm-2.23.so
b66d8000-b66d9000 rw-p 00053000 08:11 29360164   /lib/i386-linux-gnu/libm-2.23.so
b66d9000-b706e000 r-xp 00000000 08:11 22815481   /usr/lib/jvm/java-8-oracle/jre/lib/i386/server/libjvm.so (deleted)
b706e000-b70dc000 rw-p 00995000 08:11 22815481   /usr/lib/jvm/java-8-oracle/jre/lib/i386/server/libjvm.so (deleted)
b70dc000-b7505000 rw-p 00000000 00:00 0 
b7505000-b76b5000 r-xp 00000000 08:11 29365516   /lib/i386-linux-gnu/libc-2.23.so
b76b5000-b76b7000 r--p 001af000 08:11 29365516   /lib/i386-linux-gnu/libc-2.23.so
b76b7000-b76b8000 rw-p 001b1000 08:11 29365516   /lib/i386-linux-gnu/libc-2.23.so
b76b8000-b76bc000 rw-p 00000000 00:00 0 
b76bc000-b76bf000 r-xp 00000000 08:11 29365518   /lib/i386-linux-gnu/libdl-2.23.so
b76bf000-b76c0000 r--p 00002000 08:11 29365518   /lib/i386-linux-gnu/libdl-2.23.so
b76c0000-b76c1000 rw-p 00003000 08:11 29365518   /lib/i386-linux-gnu/libdl-2.23.so
b76c1000-b76d6000 r-xp 00000000 08:11 22810263   /usr/lib/jvm/java-8-oracle/lib/i386/jli/libjli.so (deleted)
b76d6000-b76d7000 rw-p 00014000 08:11 22810263   /usr/lib/jvm/java-8-oracle/lib/i386/jli/libjli.so (deleted)
b76d7000-b76f0000 r-xp 00000000 08:11 29365515   /lib/i386-linux-gnu/libpthread-2.23.so
b76f0000-b76f1000 r--p 00018000 08:11 29365515   /lib/i386-linux-gnu/libpthread-2.23.so
b76f1000-b76f2000 rw-p 00019000 08:11 29365515   /lib/i386-linux-gnu/libpthread-2.23.so
b76f2000-b76f4000 rw-p 00000000 00:00 0 
b76f4000-b76f5000 r--s 00003000 08:11 19401460   /home/axel/Desktop/EclipseJava/plugins/org.apiguardian_1.0.0.v20170910-2246.jar
b76f5000-b76f8000 r-xp 00000000 08:11 22815456   /usr/lib/jvm/java-8-oracle/jre/lib/i386/libdt_socket.so (deleted)
b76f8000-b76f9000 rw-p 00003000 08:11 22815456   /usr/lib/jvm/java-8-oracle/jre/lib/i386/libdt_socket.so (deleted)
b76f9000-b76fa000 r--p 002d4000 08:11 22809097   /usr/lib/locale/locale-archive
b76fa000-b76fc000 r-xp 00000000 08:11 22815471   /usr/lib/jvm/java-8-oracle/jre/lib/i386/libnpt.so (deleted)
b76fc000-b76fd000 rw-p 00001000 08:11 22815471   /usr/lib/jvm/java-8-oracle/jre/lib/i386/libnpt.so (deleted)
b76fd000-b76fe000 rw-p 00000000 00:00 0 
b76fe000-b76ff000 r--p 00000000 00:00 0 
b76ff000-b770a000 r-xp 00000000 08:11 22815442   /usr/lib/jvm/java-8-oracle/jre/lib/i386/libverify.so (deleted)
b770a000-b770b000 rw-p 0000b000 08:11 22815442   /usr/lib/jvm/java-8-oracle/jre/lib/i386/libverify.so (deleted)
b770b000-b770c000 rw-p 00000000 00:00 0 
b770c000-b770f000 r--p 00000000 00:00 0          [vvar]
b770f000-b7710000 r-xp 00000000 00:00 0          [vdso]
b7710000-b7733000 r-xp 00000000 08:11 29365513   /lib/i386-linux-gnu/ld-2.23.so
b7733000-b7734000 r--p 00022000 08:11 29365513   /lib/i386-linux-gnu/ld-2.23.so
b7734000-b7735000 rw-p 00023000 08:11 29365513   /lib/i386-linux-gnu/ld-2.23.so
bfca7000-bfcc9000 rw-p 00000000 00:00 0          [stack]

VM Arguments:
jvm_args: -agentlib:jdwp=transport=dt_socket,suspend=y,address=localhost:37526 -Dfile.encoding=UTF-8 
java_command: vista.Algooh
java_class_path (initial): /usr/lib/jvm/java-8-oracle/jre/lib/resources.jar:/usr/lib/jvm/java-8-oracle/jre/lib/rt.jar:/usr/lib/jvm/java-8-oracle/jre/lib/jsse.jar:/usr/lib/jvm/java-8-oracle/jre/lib/jce.jar:/usr/lib/jvm/java-8-oracle/jre/lib/charsets.jar:/usr/lib/jvm/java-8-oracle/jre/lib/jfr.jar:/usr/lib/jvm/java-8-oracle/jre/lib/ext/dnsns.jar:/usr/lib/jvm/java-8-oracle/jre/lib/ext/localedata.jar:/usr/lib/jvm/java-8-oracle/jre/lib/ext/jfxrt.jar:/usr/lib/jvm/java-8-oracle/jre/lib/ext/sunjce_provider.jar:/usr/lib/jvm/java-8-oracle/jre/lib/ext/sunpkcs11.jar:/usr/lib/jvm/java-8-oracle/jre/lib/ext/cldrdata.jar:/usr/lib/jvm/java-8-oracle/jre/lib/ext/jaccess.jar:/usr/lib/jvm/java-8-oracle/jre/lib/ext/zipfs.jar:/usr/lib/jvm/java-8-oracle/jre/lib/ext/sunec.jar:/usr/lib/jvm/java-8-oracle/jre/lib/ext/nashorn.jar:/home/axel/Desktop/EclipseJava/plugins/org.junit.jupiter.api_5.0.0.v20170910-2246.jar:/home/axel/Desktop/EclipseJava/plugins/org.junit.jupiter.engine_5.0.0.v20170910-2246.jar:/home/axel/Desktop/EclipseJava/plugins/org.junit.jupiter.migrationsupport_5.0.0.v20170910-2246.jar:/home/axel/Desktop/EclipseJava/plugins/org.junit.jupiter.params_5.0.0.v20170910-2246.jar:/home/axel/Desktop/EclipseJava/plugins/org.junit.platform.commons_1.0.0.v20170910-2246.jar:/home/axel/Desktop/EclipseJava/plugins/org.junit.platform.engine_1.0.0.v20170910-2246.jar:/home/axel/Desktop/EclipseJava/plugins/org.junit.platform.launcher_1.0.0.v20170910-2246.jar:/home/axel/Desktop/EclipseJava/plugins/org.junit.platform.runner_1.0.0.v20170910-2246.jar:/home/axel/Desktop/EclipseJava/plugins/org.junit.platform.suite.api_1.0.0.v20170910-2246.jar:/home/axel/Desktop/EclipseJava/plugins/org.junit.vintage.engine_4.12.0.v20170910-2246.jar:/home/axel/Desktop/EclipseJava/plugins/org.opentest4j_1.0.0.v20170910-2246.jar:/home/axel/Desktop/EclipseJava/plugins/org.apiguardian_1.0.0.v20170910-2246.jar:/home/axel/Desktop/EclipseJava/plugins/org.junit_4.12.0.v201504281640/junit.jar:/home/axel/Desktop/EclipseJava/plugins
Launcher Type: SUN_STANDARD

Environment Variables:
JAVA_HOME=/usr/lib/jvm/java-8-oracle
PATH=/usr/local/sbin:/usr/local/bin:/usr/sbin:/usr/bin:/sbin:/bin:/usr/games:/usr/local/games:/snap/bin:/usr/lib/jvm/java-8-oracle/bin:/usr/lib/jvm/java-8-oracle/db/bin:/usr/lib/jvm/java-8-oracle/jre/bin
LD_LIBRARY_PATH=/usr/lib/jvm/java-8-oracle/jre/lib/i386/server:/usr/lib/jvm/java-8-oracle/jre/lib/i386:/usr/lib/jvm/java-8-oracle/jre/../lib/i386:/usr/lib/jvm/java-8-oracle/jre/lib/i386/client:/usr/lib/jvm/java-8-oracle/jre/lib/i386:
SHELL=/bin/bash
DISPLAY=:0.0

Signal Handlers:
SIGSEGV: [libjvm.so+0x8dfe10], sa_mask[0]=11111111011111111101111111111110, sa_flags=SA_RESTART|SA_SIGINFO
SIGBUS: [libjvm.so+0x8dfe10], sa_mask[0]=11111111011111111101111111111110, sa_flags=SA_RESTART|SA_SIGINFO
SIGFPE: [libjvm.so+0x75c270], sa_mask[0]=11111111011111111101111111111110, sa_flags=SA_RESTART|SA_SIGINFO
SIGPIPE: SIG_IGN, sa_mask[0]=00000000000010000000000000000000, sa_flags=SA_RESTART
SIGXFSZ: [libjvm.so+0x75c270], sa_mask[0]=11111111011111111101111111111110, sa_flags=SA_RESTART|SA_SIGINFO
SIGILL: [libjvm.so+0x75c270], sa_mask[0]=11111111011111111101111111111110, sa_flags=SA_RESTART|SA_SIGINFO
SIGUSR1: SIG_DFL, sa_mask[0]=00000000000000000000000000000000, sa_flags=none
SIGUSR2: [libjvm.so+0x75db50], sa_mask[0]=00100000000000000000000000000000, sa_flags=SA_RESTART|SA_SIGINFO
SIGHUP: [libjvm.so+0x75f000], sa_mask[0]=11111111011111111101111111111110, sa_flags=SA_RESTART|SA_SIGINFO
SIGINT: [libjvm.so+0x75f000], sa_mask[0]=11111111011111111101111111111110, sa_flags=SA_RESTART|SA_SIGINFO
SIGTERM: [libjvm.so+0x75f000], sa_mask[0]=11111111011111111101111111111110, sa_flags=SA_RESTART|SA_SIGINFO
SIGQUIT: [libjvm.so+0x75f000], sa_mask[0]=11111111011111111101111111111110, sa_flags=SA_RESTART|SA_SIGINFO


---------------  S Y S T E M  ---------------

OS:DISTRIB_ID=Ubuntu
DISTRIB_RELEASE=16.04
DISTRIB_CODENAME=xenial
DISTRIB_DESCRIPTION="Ubuntu 16.04.4 LTS"

uname:Linux 4.4.0-130-generic #156-Ubuntu SMP Thu Jun 14 08:51:45 UTC 2018 i686
libc:glibc 2.23 NPTL 2.23 
rlimit: STACK 8192k, CORE 0k, NPROC 62867, NOFILE 1048576, AS infinity
load average:2,74 1,86 1,02

/proc/meminfo:
MemTotal:        8084852 kB
MemFree:         3274400 kB
MemAvailable:    5755176 kB
Buffers:          297992 kB
Cached:          2834276 kB
SwapCached:            0 kB
Active:          2915968 kB
Inactive:        1647656 kB
Active(anon):    1432580 kB
Inactive(anon):   108980 kB
Active(file):    1483388 kB
Inactive(file):  1538676 kB
Unevictable:          32 kB
Mlocked:              32 kB
HighTotal:       7273408 kB
HighFree:        3070480 kB
LowTotal:         811444 kB
LowFree:          203920 kB
SwapTotal:       5119996 kB
SwapFree:        5119996 kB
Dirty:              9808 kB
Writeback:           140 kB
AnonPages:       1431304 kB
Mapped:           410740 kB
Shmem:            110132 kB
Slab:             184312 kB
SReclaimable:     156784 kB
SUnreclaim:        27528 kB
KernelStack:        6352 kB
PageTables:        14932 kB
NFS_Unstable:          0 kB
Bounce:               60 kB
WritebackTmp:          0 kB
CommitLimit:     9162420 kB
Committed_AS:    5775372 kB
VmallocTotal:     122880 kB
VmallocUsed:           0 kB
VmallocChunk:          0 kB
AnonHugePages:         0 kB
CmaTotal:              0 kB
CmaFree:               0 kB
HugePages_Total:       0
HugePages_Free:        0
HugePages_Rsvd:        0
HugePages_Surp:        0
Hugepagesize:       2048 kB
DirectMap4k:       16376 kB
DirectMap2M:      897024 kB


CPU:total 8 (initial active 8) (4 cores per cpu, 2 threads per core) family 6 model 60 stepping 3, cmov, cx8, fxsr, mmx, sse, sse2, sse3, ssse3, sse4.1, sse4.2, popcnt, avx, avx2, aes, clmul, erms, lzcnt, ht, tsc, tscinvbit, bmi1, bmi2

/proc/cpuinfo:
processor	: 0
vendor_id	: GenuineIntel
cpu family	: 6
model		: 60
model name	: Intel(R) Core(TM) i7-4771 CPU @ 3.50GHz
stepping	: 3
microcode	: 0x24
cpu MHz		: 3729.277
cache size	: 8192 KB
physical id	: 0
siblings	: 8
core id		: 0
cpu cores	: 4
apicid		: 0
initial apicid	: 0
fdiv_bug	: no
f00f_bug	: no
coma_bug	: no
fpu		: yes
fpu_exception	: yes
cpuid level	: 13
wp		: yes
flags		: fpu vme de pse tsc msr pae mce cx8 apic sep mtrr pge mca cmov pat pse36 clflush dts acpi mmx fxsr sse sse2 ss ht tm pbe nx pdpe1gb rdtscp lm constant_tsc arch_perfmon pebs bts xtopology nonstop_tsc aperfmperf eagerfpu pni pclmulqdq dtes64 monitor ds_cpl vmx smx est tm2 ssse3 sdbg fma cx16 xtpr pdcm sse4_1 sse4_2 x2apic movbe popcnt tsc_deadline_timer aes xsave avx f16c rdrand lahf_lm abm epb ibrs ibpb stibp tpr_shadow vnmi flexpriority ept vpid fsgsbase tsc_adjust bmi1 avx2 smep bmi2 erms invpcid xsaveopt dtherm ida arat pln pts
bugs		: cpu_meltdown spectre_v1 spectre_v2 spec_store_bypass
bogomips	: 6983.90
clflush size	: 64
cache_alignment	: 64
address sizes	: 39 bits physical, 48 bits virtual
power management:

processor	: 1
vendor_id	: GenuineIntel
cpu family	: 6
model		: 60
model name	: Intel(R) Core(TM) i7-4771 CPU @ 3.50GHz
stepping	: 3
microcode	: 0x24
cpu MHz		: 3718.339
cache size	: 8192 KB
physical id	: 0
siblings	: 8
core id		: 1
cpu cores	: 4
apicid		: 2
initial apicid	: 2
fdiv_bug	: no
f00f_bug	: no
coma_bug	: no
fpu		: yes
fpu_exception	: yes
cpuid level	: 13
wp		: yes
flags		: fpu vme de pse tsc msr pae mce cx8 apic sep mtrr pge mca cmov pat pse36 clflush dts acpi mmx fxsr sse sse2 ss ht tm pbe nx pdpe1gb rdtscp lm constant_tsc arch_perfmon pebs bts xtopology nonstop_tsc aperfmperf eagerfpu pni pclmulqdq dtes64 monitor ds_cpl vmx smx est tm2 ssse3 sdbg fma cx16 xtpr pdcm sse4_1 sse4_2 x2apic movbe popcnt tsc_deadline_timer aes xsave avx f16c rdrand lahf_lm abm epb ibrs ibpb stibp tpr_shadow vnmi flexpriority ept vpid fsgsbase tsc_adjust bmi1 avx2 smep bmi2 erms invpcid xsaveopt dtherm ida arat pln pts
bugs		: cpu_meltdown spectre_v1 spectre_v2 spec_store_bypass
bogomips	: 6983.90
clflush size	: 64
cache_alignment	: 64
address sizes	: 39 bits physical, 48 bits virtual
power management:

processor	: 2
vendor_id	: GenuineIntel
cpu family	: 6
model		: 60
model name	: Intel(R) Core(TM) i7-4771 CPU @ 3.50GHz
stepping	: 3
microcode	: 0x24
cpu MHz		: 3766.054
cache size	: 8192 KB
physical id	: 0
siblings	: 8
core id		: 2
cpu cores	: 4
apicid		: 4
initial apicid	: 4
fdiv_bug	: no
f00f_bug	: no
coma_bug	: no
fpu		: yes
fpu_exception	: yes
cpuid level	: 13
wp		: yes
flags		: fpu vme de pse tsc msr pae mce cx8 apic sep mtrr pge mca cmov pat pse36 clflush dts acpi mmx fxsr sse sse2 ss ht tm pbe nx pdpe1gb rdtscp lm constant_tsc arch_perfmon pebs bts xtopology nonstop_tsc aperfmperf eagerfpu pni pclmulqdq dtes64 monitor ds_cpl vmx smx est tm2 ssse3 sdbg fma cx16 xtpr pdcm sse4_1 sse4_2 x2apic movbe popcnt tsc_deadline_timer aes xsave avx f16c rdrand lahf_lm abm epb ibrs ibpb stibp tpr_shadow vnmi flexpriority ept vpid fsgsbase tsc_adjust bmi1 avx2 smep bmi2 erms invpcid xsaveopt dtherm ida arat pln pts
bugs		: cpu_meltdown spectre_v1 spectre_v2 spec_store_bypass
bogomips	: 6983.90
clflush size	: 64
cache_alignment	: 64
address sizes	: 39 bits physical, 48 bits virtual
power management:

processor	: 3
vendor_id	: GenuineIntel
cpu family	: 6
model		: 60
model name	: Intel(R) Core(TM) i7-4771 CPU @ 3.50GHz
stepping	: 3
microcode	: 0x24
cpu MHz		: 3753.066
cache size	: 8192 KB
physical id	: 0
siblings	: 8
core id		: 3
cpu cores	: 4
apicid		: 6
initial apicid	: 6
fdiv_bug	: no
f00f_bug	: no
coma_bug	: no
fpu		: yes
fpu_exception	: yes
cpuid level	: 13
wp		: yes
flags		: fpu vme de pse tsc msr pae mce cx8 apic sep mtrr pge mca cmov pat pse36 clflush dts acpi mmx fxsr sse sse2 ss ht tm pbe nx pdpe1gb rdtscp lm constant_tsc arch_perfmon pebs bts xtopology nonstop_tsc aperfmperf eagerfpu pni pclmulqdq dtes64 monitor ds_cpl vmx smx est tm2 ssse3 sdbg fma cx16 xtpr pdcm sse4_1 sse4_2 x2apic movbe popcnt tsc_deadline_timer aes xsave avx f16c rdrand lahf_lm abm epb ibrs ibpb stibp tpr_shadow vnmi flexpriority ept vpid fsgsbase tsc_adjust bmi1 avx2 smep bmi2 erms invpcid xsaveopt dtherm ida arat pln pts
bugs		: cpu_meltdown spectre_v1 spectre_v2 spec_store_bypass
bogomips	: 6983.90
clflush size	: 64
cache_alignment	: 64
address sizes	: 39 bits physical, 48 bits virtual
power management:

processor	: 4
vendor_id	: GenuineIntel
cpu family	: 6
model		: 60
model name	: Intel(R) Core(TM) i7-4771 CPU @ 3.50GHz
stepping	: 3
microcode	: 0x24
cpu MHz		: 3752.929
cache size	: 8192 KB
physical id	: 0
siblings	: 8
core id		: 0
cpu cores	: 4
apicid		: 1
initial apicid	: 1
fdiv_bug	: no
f00f_bug	: no
coma_bug	: no
fpu		: yes
fpu_exception	: yes
cpuid level	: 13
wp		: yes
flags		: fpu vme de pse tsc msr pae mce cx8 apic sep mtrr pge mca cmov pat pse36 clflush dts acpi mmx fxsr sse sse2 ss ht tm pbe nx pdpe1gb rdtscp lm constant_tsc arch_perfmon pebs bts xtopology nonstop_tsc aperfmperf eagerfpu pni pclmulqdq dtes64 monitor ds_cpl vmx smx est tm2 ssse3 sdbg fma cx16 xtpr pdcm sse4_1 sse4_2 x2apic movbe popcnt tsc_deadline_timer aes xsave avx f16c rdrand lahf_lm abm epb ibrs ibpb stibp tpr_shadow vnmi flexpriority ept vpid fsgsbase tsc_adjust bmi1 avx2 smep bmi2 erms invpcid xsaveopt dtherm ida arat pln pts
bugs		: cpu_meltdown spectre_v1 spectre_v2 spec_store_bypass
bogomips	: 6983.90
clflush size	: 64
cache_alignment	: 64
address sizes	: 39 bits physical, 48 bits virtual
power management:

processor	: 5
vendor_id	: GenuineIntel
cpu family	: 6
model		: 60
model name	: Intel(R) Core(TM) i7-4771 CPU @ 3.50GHz
stepping	: 3
microcode	: 0x24
cpu MHz		: 3748.554
cache size	: 8192 KB
physical id	: 0
siblings	: 8
core id		: 1
cpu cores	: 4
apicid		: 3
initial apicid	: 3
fdiv_bug	: no
f00f_bug	: no
coma_bug	: no
fpu		: yes
fpu_exception	: yes
cpuid level	: 13
wp		: yes
flags		: fpu vme de pse tsc msr pae mce cx8 apic sep mtrr pge mca cmov pat pse36 clflush dts acpi mmx fxsr sse sse2 ss ht tm pbe nx pdpe1gb rdtscp lm constant_tsc arch_perfmon pebs bts xtopology nonstop_tsc aperfmperf eagerfpu pni pclmulqdq dtes64 monitor ds_cpl vmx smx est tm2 ssse3 sdbg fma cx16 xtpr pdcm sse4_1 sse4_2 x2apic movbe popcnt tsc_deadline_timer aes xsave avx f16c rdrand lahf_lm abm epb ibrs ibpb stibp tpr_shadow vnmi flexpriority ept vpid fsgsbase tsc_adjust bmi1 avx2 smep bmi2 erms invpcid xsaveopt dtherm ida arat pln pts
bugs		: cpu_meltdown spectre_v1 spectre_v2 spec_store_bypass
bogomips	: 6983.90
clflush size	: 64
cache_alignment	: 64
address sizes	: 39 bits physical, 48 bits virtual
power management:

processor	: 6
vendor_id	: GenuineIntel
cpu family	: 6
model		: 60
model name	: Intel(R) Core(TM) i7-4771 CPU @ 3.50GHz
stepping	: 3
microcode	: 0x24
cpu MHz		: 3740.625
cache size	: 8192 KB
physical id	: 0
siblings	: 8
core id		: 2
cpu cores	: 4
apicid		: 5
initial apicid	: 5
fdiv_bug	: no
f00f_bug	: no
coma_bug	: no
fpu		: yes
fpu_exception	: yes
cpuid level	: 13
wp		: yes
flags		: fpu vme de pse tsc msr pae mce cx8 apic sep mtrr pge mca cmov pat pse36 clflush dts acpi mmx fxsr sse sse2 ss ht tm pbe nx pdpe1gb rdtscp lm constant_tsc arch_perfmon pebs bts xtopology nonstop_tsc aperfmperf eagerfpu pni pclmulqdq dtes64 monitor ds_cpl vmx smx est tm2 ssse3 sdbg fma cx16 xtpr pdcm sse4_1 sse4_2 x2apic movbe popcnt tsc_deadline_timer aes xsave avx f16c rdrand lahf_lm abm epb ibrs ibpb stibp tpr_shadow vnmi flexpriority ept vpid fsgsbase tsc_adjust bmi1 avx2 smep bmi2 erms invpcid xsaveopt dtherm ida arat pln pts
bugs		: cpu_meltdown spectre_v1 spectre_v2 spec_store_bypass
bogomips	: 6983.90
clflush size	: 64
cache_alignment	: 64
address sizes	: 39 bits physical, 48 bits virtual
power management:

processor	: 7
vendor_id	: GenuineIntel
cpu family	: 6
model		: 60
model name	: Intel(R) Core(TM) i7-4771 CPU @ 3.50GHz
stepping	: 3
microcode	: 0x24
cpu MHz		: 3783.417
cache size	: 8192 KB
physical id	: 0
siblings	: 8
core id		: 3
cpu cores	: 4
apicid		: 7
initial apicid	: 7
fdiv_bug	: no
f00f_bug	: no
coma_bug	: no
fpu		: yes
fpu_exception	: yes
cpuid level	: 13
wp		: yes
flags		: fpu vme de pse tsc msr pae mce cx8 apic sep mtrr pge mca cmov pat pse36 clflush dts acpi mmx fxsr sse sse2 ss ht tm pbe nx pdpe1gb rdtscp lm constant_tsc arch_perfmon pebs bts xtopology nonstop_tsc aperfmperf eagerfpu pni pclmulqdq dtes64 monitor ds_cpl vmx smx est tm2 ssse3 sdbg fma cx16 xtpr pdcm sse4_1 sse4_2 x2apic movbe popcnt tsc_deadline_timer aes xsave avx f16c rdrand lahf_lm abm epb ibrs ibpb stibp tpr_shadow vnmi flexpriority ept vpid fsgsbase tsc_adjust bmi1 avx2 smep bmi2 erms invpcid xsaveopt dtherm ida arat pln pts
bugs		: cpu_meltdown spectre_v1 spectre_v2 spec_store_bypass
bogomips	: 6983.90
clflush size	: 64
cache_alignment	: 64
address sizes	: 39 bits physical, 48 bits virtual
power management:



Memory: 4k page, physical 8084852k(3274400k free), swap 5119996k(5119996k free)

vm_info: Java HotSpot(TM) Server VM (25.171-b11) for linux-x86 JRE (1.8.0_171-b11), built on Mar 28 2018 12:00:40 by "java_re" with gcc 4.3.0 20080428 (Red Hat 4.3.0-8)

time: Mon Jul  9 19:15:47 2018
elapsed time: 375 seconds (0d 0h 6m 15s)

