#
# A fatal error has been detected by the Java Runtime Environment:
#
#  SIGSEGV (0xb) at pc=0xb6bb8879, pid=3833, tid=0x5b77fb40
#
# JRE version: Java(TM) SE Runtime Environment (8.0_171-b11) (build 1.8.0_171-b11)
# Java VM: Java HotSpot(TM) Server VM (25.171-b11 mixed mode linux-x86 )
# Problematic frame:
# V  [libjvm.so+0x507879]  java_lang_Class::is_primitive(oopDesc*)+0x19
#
# Failed to write core dump. Core dumps have been disabled. To enable core dumping, try "ulimit -c unlimited" before starting Java again
#
# If you would like to submit a bug report, please visit:
#   http://bugreport.java.com/bugreport/crash.jsp
#

---------------  T H R E A D  ---------------

Current thread (0x5ba76800):  JavaThread "JavaFX Application Thread" [_thread_in_vm, id=3872, stack(0x5b72f000,0x5b780000)]

siginfo: si_signo: 11 (SIGSEGV), si_code: 1 (SEGV_MAPERR), si_addr: 0x0000004c

Registers:
EAX=0x00000044, EBX=0xb7096f50, ECX=0xb7096f50, EDX=0x00000008
ESP=0x5b77c684, EBP=0x5b77c700, ESI=0x00000008, EDI=0x5ba76650
EIP=0xb6bb8879, EFLAGS=0x00010296, CR2=0x0000004c

Top of Stack: (sp=0x5b77c684)
0x5b77c684:   b6f0d82a 00000008 5ba76e78 5ba76800
0x5b77c694:   5b77c6b0 0000000c 5b77c6b8 62cd5478
0x5b77c6a4:   62cd5b40 62cdd46c 000083d8 5ba76e78
0x5b77c6b4:   b7096f50 00000000 00000000 168b5642
0x5b77c6c4:   00000073 00000001 b650d478 b650d4c8
0x5b77c6d4:   b650d520 5ba77740 5ba77758 00000000
0x5b77c6e4:   00000003 0000000c 00000008 246343f6
0x5b77c6f4:   b7096f50 65f13d50 62d79fb0 5b77c7c0 

Instructions: (pc=0xb6bb8879)
0xb6bb8859:   8d bc 27 00 00 00 00 55 e8 00 00 00 00 59 81 c1
0xb6bb8869:   ea e6 4d 00 89 e5 8b 81 8c 7d 02 00 8b 55 08 5d
0xb6bb8879:   8b 14 02 85 d2 0f 94 c0 c3 8d b4 26 00 00 00 00
0xb6bb8889:   8d bc 27 00 00 00 00 55 e8 00 00 00 00 59 81 c1 

Register to memory mapping:

EAX=0x00000044 is an unknown value
EBX=0xb7096f50: <offset 0x9e5f50> in /usr/lib/jvm/java-8-oracle/jre/lib/i386/server/libjvm.so at 0xb66b1000
ECX=0xb7096f50: <offset 0x9e5f50> in /usr/lib/jvm/java-8-oracle/jre/lib/i386/server/libjvm.so at 0xb66b1000
EDX=0x00000008 is an unknown value
ESP=0x5b77c684 is pointing into the stack for thread: 0x5ba76800
EBP=0x5b77c700 is pointing into the stack for thread: 0x5ba76800
ESI=0x00000008 is an unknown value
EDI=0x5ba76650 is an unknown value


Stack: [0x5b72f000,0x5b780000],  sp=0x5b77c684,  free space=309k
Native frames: (J=compiled Java code, j=interpreted, Vv=VM code, C=native code)
V  [libjvm.so+0x507879]  java_lang_Class::is_primitive(oopDesc*)+0x19
V  [libjvm.so+0x85b8ec]  SystemDictionary::resolve_instance_class_or_null(Symbol*, Handle, Handle, Thread*)+0x6dc
V  [libjvm.so+0x85ccee]  SystemDictionary::resolve_or_fail(Symbol*, Handle, Handle, bool, Thread*)+0x1e
V  [libjvm.so+0x8bc1b0]  VerificationType::is_reference_assignable_from(VerificationType const&, ClassVerifier*, bool, Thread*) const+0x190
V  [libjvm.so+0x8d0b6a]  StackMapFrame::pop_stack(VerificationType, Thread*)+0x13a
V  [libjvm.so+0x8c2b4c]  ClassVerifier::verify_field_instructions(RawBytecodeStream*, StackMapFrame*, constantPoolHandle, Thread*)+0x7cc
V  [libjvm.so+0x8c9e9e]  ClassVerifier::verify_method(methodHandle, Thread*)+0x17ce
V  [libjvm.so+0x8cf244]  ClassVerifier::verify_class(Thread*)+0xc4
V  [libjvm.so+0x8cf7d6]  Verifier::verify(instanceKlassHandle, Verifier::Mode, bool, Thread*)+0x376
V  [libjvm.so+0x4d047d]  InstanceKlass::verify_code(instanceKlassHandle, bool, Thread*)+0x2d
V  [libjvm.so+0x4dbdba]  InstanceKlass::link_class_impl(instanceKlassHandle, bool, Thread*)+0x2fa
V  [libjvm.so+0x4dbb22]  InstanceKlass::link_class_impl(instanceKlassHandle, bool, Thread*)+0x62
V  [libjvm.so+0x4dc290]  InstanceKlass::initialize_impl(instanceKlassHandle, Thread*)+0x40
V  [libjvm.so+0x4dc6e1]  InstanceKlass::initialize(Thread*)+0x31
V  [libjvm.so+0x4fa761]  InterpreterRuntime::_new(JavaThread*, ConstantPool*, int)+0x221
j  juego.Mazo.generarCartas()V+124
j  vista.Algooh.start(Ljavafx/stage/Stage;)V+17
j  com.sun.javafx.application.LauncherImpl.lambda$launchApplication1$161(Ljava/util/concurrent/atomic/AtomicBoolean;Ljavafx/application/Application;)V+20
j  com.sun.javafx.application.LauncherImpl$$Lambda$58.run()V+8
j  com.sun.javafx.application.PlatformImpl.lambda$runAndWait$174(Ljava/lang/Runnable;Ljava/util/concurrent/CountDownLatch;)V+1
j  com.sun.javafx.application.PlatformImpl$$Lambda$51.run()V+8
j  com.sun.javafx.application.PlatformImpl.lambda$null$172(Ljava/lang/Runnable;)Ljava/lang/Void;+1
j  com.sun.javafx.application.PlatformImpl$$Lambda$53.run()Ljava/lang/Object;+4
v  ~StubRoutines::call_stub
V  [libjvm.so+0x50579f]  JavaCalls::call_helper(JavaValue*, methodHandle*, JavaCallArguments*, Thread*)+0x101f
V  [libjvm.so+0x75a5e9]  os::os_exception_wrapper(void (*)(JavaValue*, methodHandle*, JavaCallArguments*, Thread*), JavaValue*, methodHandle*, JavaCallArguments*, Thread*)+0x19
V  [libjvm.so+0x503d6f]  JavaCalls::call(JavaValue*, methodHandle, JavaCallArguments*, Thread*)+0x2f
V  [libjvm.so+0x597f90]  JVM_DoPrivileged+0x2a0
C  [libjava.so+0x9f9a]  Java_java_security_AccessController_doPrivileged__Ljava_security_PrivilegedAction_2Ljava_security_AccessControlContext_2+0x3a
j  java.security.AccessController.doPrivileged(Ljava/security/PrivilegedAction;Ljava/security/AccessControlContext;)Ljava/lang/Object;+0
j  com.sun.javafx.application.PlatformImpl.lambda$runLater$173(Ljava/lang/Runnable;Ljava/security/AccessControlContext;)V+7
j  com.sun.javafx.application.PlatformImpl$$Lambda$52.run()V+8
j  com.sun.glass.ui.InvokeLaterDispatcher$Future.run()V+4
v  ~StubRoutines::call_stub
V  [libjvm.so+0x50579f]  JavaCalls::call_helper(JavaValue*, methodHandle*, JavaCallArguments*, Thread*)+0x101f
V  [libjvm.so+0x75a5e9]  os::os_exception_wrapper(void (*)(JavaValue*, methodHandle*, JavaCallArguments*, Thread*), JavaValue*, methodHandle*, JavaCallArguments*, Thread*)+0x19
V  [libjvm.so+0x503d6f]  JavaCalls::call(JavaValue*, methodHandle, JavaCallArguments*, Thread*)+0x2f
V  [libjvm.so+0x548651]  jni_invoke_nonstatic(JNIEnv_*, JavaValue*, _jobject*, JNICallType, _jmethodID*, JNI_ArgumentPusher*, Thread*)+0x441
V  [libjvm.so+0x54b081]  jni_CallVoidMethodV+0xe1
C  [libglass.so+0x12ffc]  JNIEnv_::CallVoidMethod(_jobject*, _jmethodID*, ...)+0x1c
C  [libglass.so+0x1dad0]  call_runnable(void*)+0x30
C  [libgdk-x11-2.0.so.0+0x150a0]

Java frames: (J=compiled Java code, j=interpreted, Vv=VM code)
j  juego.Mazo.generarCartas()V+124
j  vista.Algooh.start(Ljavafx/stage/Stage;)V+17
j  com.sun.javafx.application.LauncherImpl.lambda$launchApplication1$161(Ljava/util/concurrent/atomic/AtomicBoolean;Ljavafx/application/Application;)V+20
j  com.sun.javafx.application.LauncherImpl$$Lambda$58.run()V+8
j  com.sun.javafx.application.PlatformImpl.lambda$runAndWait$174(Ljava/lang/Runnable;Ljava/util/concurrent/CountDownLatch;)V+1
j  com.sun.javafx.application.PlatformImpl$$Lambda$51.run()V+8
j  com.sun.javafx.application.PlatformImpl.lambda$null$172(Ljava/lang/Runnable;)Ljava/lang/Void;+1
j  com.sun.javafx.application.PlatformImpl$$Lambda$53.run()Ljava/lang/Object;+4
v  ~StubRoutines::call_stub
j  java.security.AccessController.doPrivileged(Ljava/security/PrivilegedAction;Ljava/security/AccessControlContext;)Ljava/lang/Object;+0
j  com.sun.javafx.application.PlatformImpl.lambda$runLater$173(Ljava/lang/Runnable;Ljava/security/AccessControlContext;)V+7
j  com.sun.javafx.application.PlatformImpl$$Lambda$52.run()V+8
j  com.sun.glass.ui.InvokeLaterDispatcher$Future.run()V+4
v  ~StubRoutines::call_stub
j  com.sun.glass.ui.gtk.GtkApplication._runLoop(Ljava/lang/Runnable;Z)V+0
j  com.sun.glass.ui.gtk.GtkApplication.lambda$null$48(Ljava/lang/Runnable;Z)V+7
j  com.sun.glass.ui.gtk.GtkApplication$$Lambda$41.run()V+12
j  java.lang.Thread.run()V+11
v  ~StubRoutines::call_stub

---------------  P R O C E S S  ---------------

Java Threads: ( => current thread )
  0x5ba79400 JavaThread "JavaFX-Launcher" [_thread_blocked, id=3873, stack(0x5b65e000,0x5b6af000)]
=>0x5ba76800 JavaThread "JavaFX Application Thread" [_thread_in_vm, id=3872, stack(0x5b72f000,0x5b780000)]
  0x5ba73c00 JavaThread "Thread-1" daemon [_thread_blocked, id=3871, stack(0x5b780000,0x5b7d1000)]
  0x623e1000 JavaThread "QuantumRenderer-0" daemon [_thread_blocked, id=3869, stack(0x6242a000,0x6247b000)]
  0x62daec00 JavaThread "Service Thread" daemon [_thread_blocked, id=3867, stack(0x6280d000,0x6285e000)]
  0x62da4800 JavaThread "C1 CompilerThread3" daemon [_thread_blocked, id=3866, stack(0x624fc000,0x6257d000)]
  0x62da2c00 JavaThread "C2 CompilerThread2" daemon [_thread_blocked, id=3865, stack(0x6257d000,0x625fe000)]
  0x62da1800 JavaThread "C2 CompilerThread1" daemon [_thread_blocked, id=3864, stack(0x625fe000,0x6267f000)]
  0x62d9f800 JavaThread "C2 CompilerThread0" daemon [_thread_blocked, id=3863, stack(0x6267f000,0x62700000)]
  0x62a00800 JavaThread "JDWP Command Reader" daemon [_thread_in_native, id=3860, stack(0x6285e000,0x628af000)]
  0x62d9e000 JavaThread "JDWP Event Helper Thread" daemon [_thread_blocked, id=3858, stack(0x628af000,0x62900000)]
  0x62d9b800 JavaThread "JDWP Transport Listener: dt_socket" daemon [_thread_blocked, id=3856, stack(0x63008000,0x63059000)]
  0x62d92800 JavaThread "Signal Dispatcher" daemon [_thread_blocked, id=3854, stack(0x65c2e000,0x65c7f000)]
  0x62d78000 JavaThread "Finalizer" daemon [_thread_blocked, id=3851, stack(0x65e2e000,0x65e7f000)]
  0x62d75400 JavaThread "Reference Handler" daemon [_thread_blocked, id=3850, stack(0x6602e000,0x6607f000)]
  0xb650b000 JavaThread "main" [_thread_blocked, id=3840, stack(0xb660b000,0xb665c000)]

Other Threads:
  0x62d70800 VMThread [stack: 0x63059000,0x630da000] [id=3849]
  0x62db2000 WatcherThread [stack: 0x6247b000,0x624fc000] [id=3868]

VM state:not at safepoint (normal execution)

VM Mutex/Monitor currently owned by a thread: None

Heap:
 PSYoungGen      total 19200K, used 4273K [0x916c0000, 0x92c00000, 0xa6c00000)
  eden space 16640K, 10% used [0x916c0000,0x9186eae0,0x92700000)
  from space 2560K, 99% used [0x92700000,0x9297db10,0x92980000)
  to   space 2560K, 0% used [0x92980000,0x92980000,0x92c00000)
 ParOldGen       total 43776K, used 3576K [0x66c00000, 0x696c0000, 0x916c0000)
  object space 43776K, 8% used [0x66c00000,0x66f7e1b0,0x696c0000)
 Metaspace       used 5084K, capacity 5364K, committed 5400K, reserved 5424K

Card table byte_map: [0x669ff000,0x66c00000] byte_map_base: 0x666c9000

Marking Bits: (ParMarkBitMap*) 0xb70c7660
 Begin Bits: [0x63b00000, 0x64b00000)
 End Bits:   [0x64b00000, 0x65b00000)

Polling page: 0xb76d6000

CodeCache: size=245760Kb used=1832Kb max_used=1838Kb free=243927Kb
 bounds [0xa70fa000, 0xa733a000, 0xb60fa000]
 total_blobs=858 nmethods=589 adapters=191
 compilation: enabled

Compilation events (10 events):
Event: 0,601 Thread 0x62da4800  584   !   3       java.lang.ref.ReferenceQueue::remove (125 bytes)
Event: 0,602 Thread 0x62da4800 nmethod 584 0xa72c29c8 code [0xa72c2b80, 0xa72c3350]
Event: 0,602 Thread 0x62da4800  587       3       java.lang.ref.Finalizer::access$100 (6 bytes)
Event: 0,602 Thread 0x62da4800 nmethod 587 0xa72c2708 code [0xa72c2820, 0xa72c290c]
Event: 0,602 Thread 0x62da4800  588   !   3       java.lang.ref.Finalizer::runFinalizer (62 bytes)
Event: 0,602 Thread 0x62da1800 nmethod 581 0xa72c59c8 code [0xa72c5b00, 0xa72c5e1c]
Event: 0,602 Thread 0x62da4800 nmethod 588 0xa72c1bc8 code [0xa72c1d60, 0xa72c2438]
Event: 0,602 Thread 0x62da4800  589       3       java.lang.ref.Finalizer::hasBeenFinalized (14 bytes)
Event: 0,602 Thread 0x62da4800 nmethod 589 0xa72c1908 code [0xa72c1a20, 0xa72c1b40]
Event: 0,603 Thread 0x62d9f800 nmethod 586 0xa72c4648 code [0xa72c47a0, 0xa72c4b1c]

GC Heap History (2 events):
Event: 0,594 GC heap before
{Heap before GC invocations=1 (full 0):
 PSYoungGen      total 19200K, used 16560K [0x916c0000, 0x92c00000, 0xa6c00000)
  eden space 16640K, 99% used [0x916c0000,0x926ec390,0x92700000)
  from space 2560K, 0% used [0x92980000,0x92980000,0x92c00000)
  to   space 2560K, 0% used [0x92700000,0x92700000,0x92980000)
 ParOldGen       total 43776K, used 0K [0x66c00000, 0x696c0000, 0x916c0000)
  object space 43776K, 0% used [0x66c00000,0x66c00000,0x696c0000)
 Metaspace       used 5064K, capacity 5332K, committed 5400K, reserved 5424K
Event: 0,599 GC heap after
Heap after GC invocations=1 (full 0):
 PSYoungGen      total 19200K, used 2550K [0x916c0000, 0x92c00000, 0xa6c00000)
  eden space 16640K, 0% used [0x916c0000,0x916c0000,0x92700000)
  from space 2560K, 99% used [0x92700000,0x9297db10,0x92980000)
  to   space 2560K, 0% used [0x92980000,0x92980000,0x92c00000)
 ParOldGen       total 43776K, used 3576K [0x66c00000, 0x696c0000, 0x916c0000)
  object space 43776K, 8% used [0x66c00000,0x66f7e1b0,0x696c0000)
 Metaspace       used 5064K, capacity 5332K, committed 5400K, reserved 5424K
}

Deoptimization events (2 events):
Event: 0,141 Thread 0xb650b000 Uncommon trap: reason=unstable_if action=reinterpret pc=0xa71b5440 method=java.lang.String.hashCode()I @ 14
Event: 0,457 Thread 0x5ba76800 Uncommon trap: reason=unstable_if action=reinterpret pc=0xa7230290 method=java.lang.String.replace(CC)Ljava/lang/String; @ 2

Classes redefined (2 events):
Event: 236,969 Thread 0x62d70800 redefined class name=cartas.Carta, count=1
Event: 474,499 Thread 0x62d70800 redefined class name=vista.Algooh, count=1

Internal exceptions (10 events):
Event: 0,020 Thread 0xb650b000 Exception <a 'java/lang/NoSuchMethodError': Method sun.misc.Unsafe.prefetchRead(Ljava/lang/Object;J)V name or signature does not match> (0x916c7170) thrown at [/HUDSON/workspace/8-2-build-linux-i586/jdk8u171/10807/hotspot/src/share/vm/prims/jni.cpp, line 
Event: 0,138 Thread 0xb650b000 Exception <a 'java/security/PrivilegedActionException'> (0x918afe88) thrown at [/HUDSON/workspace/8-2-build-linux-i586/jdk8u171/10807/hotspot/src/share/vm/prims/jvm.cpp, line 1435]
Event: 0,138 Thread 0xb650b000 Exception <a 'java/security/PrivilegedActionException'> (0x918b0088) thrown at [/HUDSON/workspace/8-2-build-linux-i586/jdk8u171/10807/hotspot/src/share/vm/prims/jvm.cpp, line 1435]
Event: 0,185 Thread 0xb650b000 Exception <a 'java/lang/NoSuchFieldError': method resolution failed> (0x919d2328) thrown at [/HUDSON/workspace/8-2-build-linux-i586/jdk8u171/10807/hotspot/src/share/vm/prims/methodHandles.cpp, line 1167]
Event: 0,189 Thread 0xb650b000 Exception <a 'java/lang/NoSuchFieldError': method resolution failed> (0x919de478) thrown at [/HUDSON/workspace/8-2-build-linux-i586/jdk8u171/10807/hotspot/src/share/vm/prims/methodHandles.cpp, line 1167]
Event: 0,206 Thread 0xb650b000 Exception <a 'java/security/PrivilegedActionException'> (0x91a5b4c8) thrown at [/HUDSON/workspace/8-2-build-linux-i586/jdk8u171/10807/hotspot/src/share/vm/prims/jvm.cpp, line 1435]
Event: 0,206 Thread 0xb650b000 Exception <a 'java/security/PrivilegedActionException'> (0x91a5b6c8) thrown at [/HUDSON/workspace/8-2-build-linux-i586/jdk8u171/10807/hotspot/src/share/vm/prims/jvm.cpp, line 1435]
Event: 0,207 Thread 0xb650b000 Exception <a 'java/security/PrivilegedActionException'> (0x91a5d8d0) thrown at [/HUDSON/workspace/8-2-build-linux-i586/jdk8u171/10807/hotspot/src/share/vm/prims/jvm.cpp, line 1435]
Event: 0,207 Thread 0xb650b000 Exception <a 'java/security/PrivilegedActionException'> (0x91a5dad0) thrown at [/HUDSON/workspace/8-2-build-linux-i586/jdk8u171/10807/hotspot/src/share/vm/prims/jvm.cpp, line 1435]
Event: 0,207 Thread 0xb650b000 Exception <a 'java/lang/NullPointerException'> (0x91a5e038) thrown at [/HUDSON/workspace/8-2-build-linux-i586/jdk8u171/10807/hotspot/src/share/vm/interpreter/linkResolver.cpp, line 1185]

Events (10 events):
Event: 474,578 Executing VM operation: GetOwnedMonitorInfo
Event: 474,578 Executing VM operation: GetOwnedMonitorInfo done
Event: 474,579 Executing VM operation: GetCurrentContendedMonitor
Event: 474,579 Executing VM operation: GetCurrentContendedMonitor done
Event: 494,299 Executing VM operation: GetCurrentLocation
Event: 494,299 Executing VM operation: GetCurrentLocation done
Event: 494,299 Executing VM operation: EnterInterpOnlyMode
Event: 494,299 Executing VM operation: EnterInterpOnlyMode done
Event: 494,299 Executing VM operation: ChangeSingleStep
Event: 494,299 Executing VM operation: ChangeSingleStep done


Dynamic libraries:
08048000-08049000 r-xp 00000000 08:11 22815194   /usr/lib/jvm/java-8-oracle/bin/java
08049000-0804a000 rw-p 00000000 08:11 22815194   /usr/lib/jvm/java-8-oracle/bin/java
08e80000-08ea1000 rw-p 00000000 00:00 0          [heap]
5b2d2000-5b528000 rw-p 00000000 00:00 0 
5b528000-5b55d000 r-xp 00000000 08:11 22815501   /usr/lib/jvm/java-8-oracle/jre/lib/i386/libjavafx_iio.so
5b55d000-5b55e000 rw-p 00034000 08:11 22815501   /usr/lib/jvm/java-8-oracle/jre/lib/i386/libjavafx_iio.so
5b55e000-5b65e000 rw-p 00000000 00:00 0 
5b65e000-5b661000 ---p 00000000 00:00 0 
5b661000-5b6af000 rw-p 00000000 00:00 0 
5b6af000-5b72f000 rw-s 11ea64000 00:06 340       /dev/dri/card0
5b72f000-5b732000 ---p 00000000 00:00 0 
5b732000-5b780000 rw-p 00000000 00:00 0 
5b780000-5b783000 ---p 00000000 00:00 0 
5b783000-5b7d1000 rw-p 00000000 00:00 0 
5b7d1000-5b80d000 r-xp 00000000 08:11 22812352   /usr/lib/i386-linux-gnu/gtk-2.0/2.10.0/engines/libmurrine.so
5b80d000-5b80e000 r--p 0003b000 08:11 22812352   /usr/lib/i386-linux-gnu/gtk-2.0/2.10.0/engines/libmurrine.so
5b80e000-5b80f000 rw-p 0003c000 08:11 22812352   /usr/lib/i386-linux-gnu/gtk-2.0/2.10.0/engines/libmurrine.so
5b80f000-5b816000 r-xp 00000000 08:11 22810606   /usr/lib/i386-linux-gnu/libogg.so.0.8.2
5b816000-5b817000 r--p 00006000 08:11 22810606   /usr/lib/i386-linux-gnu/libogg.so.0.8.2
5b817000-5b818000 rw-p 00007000 08:11 22810606   /usr/lib/i386-linux-gnu/libogg.so.0.8.2
5b818000-5b842000 r-xp 00000000 08:11 22809794   /usr/lib/i386-linux-gnu/libvorbis.so.0.4.8
5b842000-5b843000 r--p 00029000 08:11 22809794   /usr/lib/i386-linux-gnu/libvorbis.so.0.4.8
5b843000-5b844000 rw-p 0002a000 08:11 22809794   /usr/lib/i386-linux-gnu/libvorbis.so.0.4.8
5b844000-5b84d000 r-xp 00000000 08:11 22810457   /usr/lib/i386-linux-gnu/libltdl.so.7.3.1
5b84d000-5b84e000 ---p 00009000 08:11 22810457   /usr/lib/i386-linux-gnu/libltdl.so.7.3.1
5b84e000-5b84f000 r--p 00009000 08:11 22810457   /usr/lib/i386-linux-gnu/libltdl.so.7.3.1
5b84f000-5b850000 rw-p 0000a000 08:11 22810457   /usr/lib/i386-linux-gnu/libltdl.so.7.3.1
5b850000-5b867000 r-xp 00000000 08:11 22810869   /usr/lib/i386-linux-gnu/libtdb.so.1.3.8
5b867000-5b868000 r--p 00016000 08:11 22810869   /usr/lib/i386-linux-gnu/libtdb.so.1.3.8
5b868000-5b869000 rw-p 00017000 08:11 22810869   /usr/lib/i386-linux-gnu/libtdb.so.1.3.8
5b869000-5b914000 r-xp 00000000 08:11 29360996   /lib/i386-linux-gnu/libgcrypt.so.20.0.5
5b914000-5b915000 r--p 000aa000 08:11 29360996   /lib/i386-linux-gnu/libgcrypt.so.20.0.5
5b915000-5b918000 rw-p 000ab000 08:11 29360996   /lib/i386-linux-gnu/libgcrypt.so.20.0.5
5b918000-5b9a3000 r-xp 00000000 08:11 29361647   /lib/i386-linux-gnu/libsystemd.so.0.14.0
5b9a3000-5b9a5000 r--p 0008a000 08:11 29361647   /lib/i386-linux-gnu/libsystemd.so.0.14.0
5b9a5000-5b9a6000 rw-p 0008c000 08:11 29361647   /lib/i386-linux-gnu/libsystemd.so.0.14.0
5b9a6000-5b9fd000 r-xp 00000000 08:11 29361450   /lib/i386-linux-gnu/libdbus-1.so.3.14.6
5b9fd000-5b9fe000 ---p 00057000 08:11 29361450   /lib/i386-linux-gnu/libdbus-1.so.3.14.6
5b9fe000-5b9ff000 r--p 00057000 08:11 29361450   /lib/i386-linux-gnu/libdbus-1.so.3.14.6
5b9ff000-5ba00000 rw-p 00058000 08:11 29361450   /lib/i386-linux-gnu/libdbus-1.so.3.14.6
5ba00000-5ba84000 rw-p 00000000 00:00 0 
5ba84000-5bb00000 ---p 00000000 00:00 0 
5bb06000-5bb17000 r-xp 00000000 08:11 22809869   /usr/lib/i386-linux-gnu/libcanberra.so.0.2.5
5bb17000-5bb18000 r--p 00010000 08:11 22809869   /usr/lib/i386-linux-gnu/libcanberra.so.0.2.5
5bb18000-5bb19000 rw-p 00011000 08:11 22809869   /usr/lib/i386-linux-gnu/libcanberra.so.0.2.5
5bb19000-5bb3d000 r-xp 00000000 08:11 29361522   /lib/i386-linux-gnu/liblzma.so.5.0.0
5bb3d000-5bb3e000 r--p 00023000 08:11 29361522   /lib/i386-linux-gnu/liblzma.so.5.0.0
5bb3e000-5bb3f000 rw-p 00024000 08:11 29361522   /lib/i386-linux-gnu/liblzma.so.5.0.0
5bb3f000-5bb6d000 r-xp 00000000 08:11 22809796   /usr/lib/i386-linux-gnu/libatspi.so.0.0.1
5bb6d000-5bb6f000 r--p 0002d000 08:11 22809796   /usr/lib/i386-linux-gnu/libatspi.so.0.0.1
5bb6f000-5bb70000 rw-p 0002f000 08:11 22809796   /usr/lib/i386-linux-gnu/libatspi.so.0.0.1
5bb70000-5bba1000 r-xp 00000000 08:11 22809788   /usr/lib/i386-linux-gnu/libatk-bridge-2.0.so.0.0.0
5bba1000-5bba2000 r--p 00030000 08:11 22809788   /usr/lib/i386-linux-gnu/libatk-bridge-2.0.so.0.0.0
5bba2000-5bba3000 rw-p 00031000 08:11 22809788   /usr/lib/i386-linux-gnu/libatk-bridge-2.0.so.0.0.0
5bba3000-5bba4000 rw-p 00000000 00:00 0 
5bba4000-5bbfe000 r-xp 00000000 08:11 22809406   /usr/lib/i386-linux-gnu/gtk-2.0/modules/libgail.so
5bbfe000-5bbff000 r--p 00059000 08:11 22809406   /usr/lib/i386-linux-gnu/gtk-2.0/modules/libgail.so
5bbff000-5bc00000 rw-p 0005a000 08:11 22809406   /usr/lib/i386-linux-gnu/gtk-2.0/modules/libgail.so
5bc00000-5bc92000 rw-p 00000000 00:00 0 
5bc92000-5bd00000 ---p 00000000 00:00 0 
5bd02000-5bd0b000 r-xp 00000000 08:11 22807438   /usr/lib/i386-linux-gnu/libvorbisfile.so.3.3.7
5bd0b000-5bd0c000 r--p 00008000 08:11 22807438   /usr/lib/i386-linux-gnu/libvorbisfile.so.3.3.7
5bd0c000-5bd0d000 rw-p 00009000 08:11 22807438   /usr/lib/i386-linux-gnu/libvorbisfile.so.3.3.7
5bd0d000-5bd21000 r-xp 00000000 08:11 29361499   /lib/i386-linux-gnu/libgpg-error.so.0.17.0
5bd21000-5bd22000 r--p 00013000 08:11 29361499   /lib/i386-linux-gnu/libgpg-error.so.0.17.0
5bd22000-5bd23000 rw-p 00014000 08:11 29361499   /lib/i386-linux-gnu/libgpg-error.so.0.17.0
5bd30000-5bd38000 r-xp 00000000 08:11 22812486   /usr/lib/i386-linux-gnu/gtk-2.0/modules/libtopmenu-gtk-module.so
5bd38000-5bd39000 r--p 00007000 08:11 22812486   /usr/lib/i386-linux-gnu/gtk-2.0/modules/libtopmenu-gtk-module.so
5bd39000-5bd3a000 rw-p 00008000 08:11 22812486   /usr/lib/i386-linux-gnu/gtk-2.0/modules/libtopmenu-gtk-module.so
5bd3a000-5bd42000 r-xp 00000000 08:11 22809407   /usr/lib/i386-linux-gnu/libgailutil.so.18.0.1
5bd42000-5bd43000 r--p 00007000 08:11 22809407   /usr/lib/i386-linux-gnu/libgailutil.so.18.0.1
5bd43000-5bd44000 rw-p 00008000 08:11 22809407   /usr/lib/i386-linux-gnu/libgailutil.so.18.0.1
5bd44000-5bd68000 r-xp 00000000 08:11 22815495   /usr/lib/jvm/java-8-oracle/jre/lib/i386/libglass.so
5bd68000-5bd6a000 rw-p 00024000 08:11 22815495   /usr/lib/jvm/java-8-oracle/jre/lib/i386/libglass.so
5bd6a000-5bdea000 rw-s 11c4b6000 00:06 340       /dev/dri/card0
5bdea000-5be1f000 r-xp 00000000 08:11 22810900   /usr/lib/i386-linux-gnu/libtxc_dxtn_s2tc.so.0.0.0
5be1f000-5be20000 r--p 00034000 08:11 22810900   /usr/lib/i386-linux-gnu/libtxc_dxtn_s2tc.so.0.0.0
5be20000-5be21000 rw-p 00035000 08:11 22810900   /usr/lib/i386-linux-gnu/libtxc_dxtn_s2tc.so.0.0.0
5be21000-5be22000 ---p 00000000 00:00 0 
5be22000-5c622000 rw-p 00000000 00:00 0 
5c622000-5c763000 rw-s 00000000 08:11 18092007   /home/axel/.cache/mesa/index
5c763000-5c77d000 r-xp 00000000 08:11 29361453   /lib/i386-linux-gnu/libbsd.so.0.8.2
5c77d000-5c77e000 r--p 00019000 08:11 29361453   /lib/i386-linux-gnu/libbsd.so.0.8.2
5c77e000-5c77f000 rw-p 0001a000 08:11 29361453   /lib/i386-linux-gnu/libbsd.so.0.8.2
5c77f000-5c79f000 r-xp 00000000 08:11 29361623   /lib/i386-linux-gnu/libtinfo.so.5.9
5c79f000-5c7a1000 r--p 0001f000 08:11 29361623   /lib/i386-linux-gnu/libtinfo.so.5.9
5c7a1000-5c7a2000 rw-p 00021000 08:11 29361623   /lib/i386-linux-gnu/libtinfo.so.5.9
5c7a2000-5c7d4000 r-xp 00000000 08:11 22810039   /usr/lib/i386-linux-gnu/libedit.so.2.0.53
5c7d4000-5c7d5000 ---p 00032000 08:11 22810039   /usr/lib/i386-linux-gnu/libedit.so.2.0.53
5c7d5000-5c7d6000 r--p 00032000 08:11 22810039   /usr/lib/i386-linux-gnu/libedit.so.2.0.53
5c7d6000-5c7d7000 rw-p 00033000 08:11 22810039   /usr/lib/i386-linux-gnu/libedit.so.2.0.53
5c7d7000-5c7d9000 rw-p 00000000 00:00 0 
5c7d9000-5fecd000 r-xp 00000000 08:11 22811575   /usr/lib/i386-linux-gnu/libLLVM-5.0.so.1
5fecd000-60127000 r--p 036f3000 08:11 22811575   /usr/lib/i386-linux-gnu/libLLVM-5.0.so.1
60127000-60194000 rw-p 0394d000 08:11 22811575   /usr/lib/i386-linux-gnu/libLLVM-5.0.so.1
60194000-601cc000 rw-p 00000000 00:00 0 
601cc000-601e6000 r-xp 00000000 08:11 22808162   /usr/lib/i386-linux-gnu/libelf-0.165.so
601e6000-601e7000 r--p 00019000 08:11 22808162   /usr/lib/i386-linux-gnu/libelf-0.165.so
601e7000-601e8000 rw-p 0001a000 08:11 22808162   /usr/lib/i386-linux-gnu/libelf-0.165.so
601e8000-601f2000 r-xp 00000000 08:11 22806656   /usr/lib/i386-linux-gnu/libdrm_amdgpu.so.1.0.0
601f2000-601f3000 r--p 00009000 08:11 22806656   /usr/lib/i386-linux-gnu/libdrm_amdgpu.so.1.0.0
601f3000-601f4000 rw-p 0000a000 08:11 22806656   /usr/lib/i386-linux-gnu/libdrm_amdgpu.so.1.0.0
601f4000-60200000 r-xp 00000000 08:11 22810011   /usr/lib/i386-linux-gnu/libdrm_radeon.so.1.0.1
60200000-60201000 r--p 0000b000 08:11 22810011   /usr/lib/i386-linux-gnu/libdrm_radeon.so.1.0.1
60201000-60202000 rw-p 0000c000 08:11 22810011   /usr/lib/i386-linux-gnu/libdrm_radeon.so.1.0.1
60202000-6020a000 r-xp 00000000 08:11 22810008   /usr/lib/i386-linux-gnu/libdrm_nouveau.so.2.0.0
6020a000-6020b000 r--p 00007000 08:11 22810008   /usr/lib/i386-linux-gnu/libdrm_nouveau.so.2.0.0
6020b000-6020c000 rw-p 00008000 08:11 22810008   /usr/lib/i386-linux-gnu/libdrm_nouveau.so.2.0.0
6020c000-6021a000 r-xp 00000000 08:11 22810789   /usr/lib/i386-linux-gnu/libsensors.so.4.4.0
6021a000-6021b000 r--p 0000d000 08:11 22810789   /usr/lib/i386-linux-gnu/libsensors.so.4.4.0
6021b000-6021c000 rw-p 0000e000 08:11 22810789   /usr/lib/i386-linux-gnu/libsensors.so.4.4.0
6021c000-60d4b000 r-xp 00000000 08:11 22811577   /usr/lib/i386-linux-gnu/dri/nouveau_dri.so
60d4b000-60d74000 r--p 00b2e000 08:11 22811577   /usr/lib/i386-linux-gnu/dri/nouveau_dri.so
60d74000-60d7a000 rw-p 00b57000 08:11 22811577   /usr/lib/i386-linux-gnu/dri/nouveau_dri.so
60d7a000-60f6f000 rw-p 00000000 00:00 0 
60f6f000-60f76000 r-xp 00000000 08:11 22809953   /usr/lib/i386-linux-gnu/libdatrie.so.1.3.3
60f76000-60f77000 ---p 00007000 08:11 22809953   /usr/lib/i386-linux-gnu/libdatrie.so.1.3.3
60f77000-60f78000 r--p 00007000 08:11 22809953   /usr/lib/i386-linux-gnu/libdatrie.so.1.3.3
60f78000-60f79000 rw-p 00008000 08:11 22809953   /usr/lib/i386-linux-gnu/libdatrie.so.1.3.3
60f79000-60f7e000 r-xp 00000000 08:11 22809699   /usr/lib/i386-linux-gnu/libXdmcp.so.6.0.0
60f7e000-60f7f000 r--p 00004000 08:11 22809699   /usr/lib/i386-linux-gnu/libXdmcp.so.6.0.0
60f7f000-60f80000 rw-p 00005000 08:11 22809699   /usr/lib/i386-linux-gnu/libXdmcp.so.6.0.0
60f80000-60f82000 r-xp 00000000 08:11 22809688   /usr/lib/i386-linux-gnu/libXau.so.6.0.0
60f82000-60f83000 r--p 00001000 08:11 22809688   /usr/lib/i386-linux-gnu/libXau.so.6.0.0
60f83000-60f84000 rw-p 00002000 08:11 22809688   /usr/lib/i386-linux-gnu/libXau.so.6.0.0
60f84000-60fa9000 r-xp 00000000 08:11 22807269   /usr/lib/i386-linux-gnu/libgraphite2.so.3.0.1
60fa9000-60faa000 ---p 00025000 08:11 22807269   /usr/lib/i386-linux-gnu/libgraphite2.so.3.0.1
60faa000-60fab000 r--p 00025000 08:11 22807269   /usr/lib/i386-linux-gnu/libgraphite2.so.3.0.1
60fab000-60fac000 rw-p 00026000 08:11 22807269   /usr/lib/i386-linux-gnu/libgraphite2.so.3.0.1
60fac000-60fbe000 r-xp 00000000 08:11 22813181   /usr/lib/i386-linux-gnu/libdrm.so.2.4.0
60fbe000-60fbf000 r--p 00011000 08:11 22813181   /usr/lib/i386-linux-gnu/libdrm.so.2.4.0
60fbf000-60fc0000 rw-p 00012000 08:11 22813181   /usr/lib/i386-linux-gnu/libdrm.so.2.4.0
60fc0000-60fc4000 r-xp 00000000 08:11 22811050   /usr/lib/i386-linux-gnu/libxcb-dri2.so.0.0.0
60fc4000-60fc5000 r--p 00003000 08:11 22811050   /usr/lib/i386-linux-gnu/libxcb-dri2.so.0.0.0
60fc5000-60fc6000 rw-p 00004000 08:11 22811050   /usr/lib/i386-linux-gnu/libxcb-dri2.so.0.0.0
60fc6000-60fde000 r-xp 00000000 08:11 22811054   /usr/lib/i386-linux-gnu/libxcb-glx.so.0.0.0
60fde000-60fdf000 ---p 00018000 08:11 22811054   /usr/lib/i386-linux-gnu/libxcb-glx.so.0.0.0
60fdf000-60fe0000 r--p 00018000 08:11 22811054   /usr/lib/i386-linux-gnu/libxcb-glx.so.0.0.0
60fe0000-60fe1000 rw-p 00019000 08:11 22811054   /usr/lib/i386-linux-gnu/libxcb-glx.so.0.0.0
60fe1000-60ff5000 r-xp 00000000 08:11 22807298   /usr/lib/i386-linux-gnu/libglapi.so.0.0.0
60ff5000-60ff6000 ---p 00014000 08:11 22807298   /usr/lib/i386-linux-gnu/libglapi.so.0.0.0
60ff6000-60ff8000 r--p 00014000 08:11 22807298   /usr/lib/i386-linux-gnu/libglapi.so.0.0.0
60ff8000-60ffe000 rwxp 00016000 08:11 22807298   /usr/lib/i386-linux-gnu/libglapi.so.0.0.0
60ffe000-60fff000 rwxp 00000000 00:00 0 
60fff000-61004000 r-xp 00000000 08:11 22811074   /usr/lib/i386-linux-gnu/libxcb-sync.so.1.0.0
61004000-61005000 ---p 00005000 08:11 22811074   /usr/lib/i386-linux-gnu/libxcb-sync.so.1.0.0
61005000-61006000 r--p 00005000 08:11 22811074   /usr/lib/i386-linux-gnu/libxcb-sync.so.1.0.0
61006000-61007000 rw-p 00006000 08:11 22811074   /usr/lib/i386-linux-gnu/libxcb-sync.so.1.0.0
61007000-61009000 r-xp 00000000 08:11 22811062   /usr/lib/i386-linux-gnu/libxcb-present.so.0.0.0
61009000-6100a000 r--p 00001000 08:11 22811062   /usr/lib/i386-linux-gnu/libxcb-present.so.0.0.0
6100a000-6100b000 rw-p 00002000 08:11 22811062   /usr/lib/i386-linux-gnu/libxcb-present.so.0.0.0
6100b000-6100d000 r-xp 00000000 08:11 22811052   /usr/lib/i386-linux-gnu/libxcb-dri3.so.0.0.0
6100d000-6100e000 r--p 00001000 08:11 22811052   /usr/lib/i386-linux-gnu/libxcb-dri3.so.0.0.0
6100e000-6100f000 rw-p 00002000 08:11 22811052   /usr/lib/i386-linux-gnu/libxcb-dri3.so.0.0.0
6100f000-61082000 r-xp 00000000 08:11 29361580   /lib/i386-linux-gnu/libpcre.so.3.13.2
61082000-61083000 r--p 00072000 08:11 29361580   /lib/i386-linux-gnu/libpcre.so.3.13.2
61083000-61084000 rw-p 00073000 08:11 29361580   /lib/i386-linux-gnu/libpcre.so.3.13.2
61084000-610aa000 r-xp 00000000 08:11 29361437   /lib/i386-linux-gnu/libexpat.so.1.6.0
610aa000-610ab000 ---p 00026000 08:11 29361437   /lib/i386-linux-gnu/libexpat.so.1.6.0
610ab000-610ad000 r--p 00026000 08:11 29361437   /lib/i386-linux-gnu/libexpat.so.1.6.0
610ad000-610ae000 rw-p 00028000 08:11 29361437   /lib/i386-linux-gnu/libexpat.so.1.6.0
610ae000-610b7000 r-xp 00000000 08:11 22810875   /usr/lib/i386-linux-gnu/libthai.so.0.2.4
610b7000-610b8000 r--p 00008000 08:11 22810875   /usr/lib/i386-linux-gnu/libthai.so.0.2.4
610b8000-610b9000 rw-p 00009000 08:11 22810875   /usr/lib/i386-linux-gnu/libthai.so.0.2.4
610b9000-610dd000 r-xp 00000000 08:11 22811084   /usr/lib/i386-linux-gnu/libxcb.so.1.1.0
610dd000-610de000 r--p 00023000 08:11 22811084   /usr/lib/i386-linux-gnu/libxcb.so.1.1.0
610de000-610df000 rw-p 00024000 08:11 22811084   /usr/lib/i386-linux-gnu/libxcb.so.1.1.0
610df000-61108000 r-xp 00000000 08:11 29361592   /lib/i386-linux-gnu/libpng12.so.0.54.0
61108000-61109000 r--p 00028000 08:11 29361592   /lib/i386-linux-gnu/libpng12.so.0.54.0
61109000-6110a000 rw-p 00029000 08:11 29361592   /lib/i386-linux-gnu/libpng12.so.0.54.0
6110a000-611b3000 r-xp 00000000 08:11 22810669   /usr/lib/i386-linux-gnu/libpixman-1.so.0.33.6
611b3000-611b9000 r--p 000a8000 08:11 22810669   /usr/lib/i386-linux-gnu/libpixman-1.so.0.33.6
611b9000-611ba000 rw-p 000ae000 08:11 22810669   /usr/lib/i386-linux-gnu/libpixman-1.so.0.33.6
611ba000-6121c000 r-xp 00000000 08:11 22810258   /usr/lib/i386-linux-gnu/libharfbuzz.so.0.10000.1
6121c000-6121d000 r--p 00061000 08:11 22810258   /usr/lib/i386-linux-gnu/libharfbuzz.so.0.10000.1
6121d000-6121e000 rw-p 00062000 08:11 22810258   /usr/lib/i386-linux-gnu/libharfbuzz.so.0.10000.1
6121e000-61232000 r-xp 00000000 08:11 29365520   /lib/i386-linux-gnu/libresolv-2.23.so
61232000-61233000 ---p 00014000 08:11 29365520   /lib/i386-linux-gnu/libresolv-2.23.so
61233000-61234000 r--p 00014000 08:11 29365520   /lib/i386-linux-gnu/libresolv-2.23.so
61234000-61235000 rw-p 00015000 08:11 29365520   /lib/i386-linux-gnu/libresolv-2.23.so
61235000-61237000 rw-p 00000000 00:00 0 
61237000-61259000 r-xp 00000000 08:11 29361609   /lib/i386-linux-gnu/libselinux.so.1
61259000-6125a000 ---p 00022000 08:11 29361609   /lib/i386-linux-gnu/libselinux.so.1
6125a000-6125b000 r--p 00022000 08:11 29361609   /lib/i386-linux-gnu/libselinux.so.1
6125b000-6125c000 rw-p 00023000 08:11 29361609   /lib/i386-linux-gnu/libselinux.so.1
6125c000-6125d000 rw-p 00000000 00:00 0 
6125d000-61276000 r-xp 00000000 08:11 29361431   /lib/i386-linux-gnu/libz.so.1.2.8
61276000-61277000 r--p 00018000 08:11 29361431   /lib/i386-linux-gnu/libz.so.1.2.8
61277000-61278000 rw-p 00019000 08:11 29361431   /lib/i386-linux-gnu/libz.so.1.2.8
61278000-6128b000 r-xp 00000000 08:11 22809701   /usr/lib/i386-linux-gnu/libXext.so.6.4.0
6128b000-6128c000 r--p 00012000 08:11 22809701   /usr/lib/i386-linux-gnu/libXext.so.6.4.0
6128c000-6128d000 rw-p 00013000 08:11 22809701   /usr/lib/i386-linux-gnu/libXext.so.6.4.0
6128d000-613fa000 r-xp 00000000 08:11 22809828   /usr/lib/i386-linux-gnu/libstdc++.so.6.0.21
613fa000-613fb000 ---p 0016d000 08:11 22809828   /usr/lib/i386-linux-gnu/libstdc++.so.6.0.21
613fb000-61400000 r--p 0016d000 08:11 22809828   /usr/lib/i386-linux-gnu/libstdc++.so.6.0.21
61400000-61401000 rw-p 00172000 08:11 22809828   /usr/lib/i386-linux-gnu/libstdc++.so.6.0.21
61401000-61404000 rw-p 00000000 00:00 0 
61404000-6146d000 r-xp 00000000 08:11 22809926   /usr/lib/i386-linux-gnu/mesa/libGL.so.1.2.0
6146d000-6146f000 r--p 00068000 08:11 22809926   /usr/lib/i386-linux-gnu/mesa/libGL.so.1.2.0
6146f000-61474000 rwxp 0006a000 08:11 22809926   /usr/lib/i386-linux-gnu/mesa/libGL.so.1.2.0
61474000-615ba000 r-xp 00000000 08:11 22809684   /usr/lib/i386-linux-gnu/libX11.so.6.3.0
615ba000-615bb000 ---p 00146000 08:11 22809684   /usr/lib/i386-linux-gnu/libX11.so.6.3.0
615bb000-615bc000 r--p 00146000 08:11 22809684   /usr/lib/i386-linux-gnu/libX11.so.6.3.0
615bc000-615be000 rw-p 00147000 08:11 22809684   /usr/lib/i386-linux-gnu/libX11.so.6.3.0
615be000-615bf000 rw-p 00000000 00:00 0 
615bf000-616e6000 r-xp 00000000 08:11 29361563   /lib/i386-linux-gnu/libglib-2.0.so.0.4800.2
616e6000-616e7000 r--p 00126000 08:11 29361563   /lib/i386-linux-gnu/libglib-2.0.so.0.4800.2
616e7000-616e8000 rw-p 00127000 08:11 29361563   /lib/i386-linux-gnu/libglib-2.0.so.0.4800.2
616e8000-61744000 r-xp 00000000 08:11 22806997   /usr/lib/i386-linux-gnu/libgobject-2.0.so.0.4800.2
61744000-61745000 ---p 0005c000 08:11 22806997   /usr/lib/i386-linux-gnu/libgobject-2.0.so.0.4800.2
61745000-61746000 r--p 0005c000 08:11 22806997   /usr/lib/i386-linux-gnu/libgobject-2.0.so.0.4800.2
61746000-61747000 rw-p 0005d000 08:11 22806997   /usr/lib/i386-linux-gnu/libgobject-2.0.so.0.4800.2
61747000-61789000 r-xp 00000000 08:11 22810218   /usr/lib/i386-linux-gnu/libfontconfig.so.1.9.0
61789000-6178a000 ---p 00042000 08:11 22810218   /usr/lib/i386-linux-gnu/libfontconfig.so.1.9.0
6178a000-6178b000 r--p 00042000 08:11 22810218   /usr/lib/i386-linux-gnu/libfontconfig.so.1.9.0
6178b000-61790000 rw-p 00043000 08:11 22810218   /usr/lib/i386-linux-gnu/libfontconfig.so.1.9.0
61790000-6183b000 r-xp 00000000 08:11 22807770   /usr/lib/i386-linux-gnu/libfreetype.so.6.12.1
6183b000-6183f000 r--p 000aa000 08:11 22807770   /usr/lib/i386-linux-gnu/libfreetype.so.6.12.1
6183f000-61840000 rw-p 000ae000 08:11 22807770   /usr/lib/i386-linux-gnu/libfreetype.so.6.12.1
61840000-6197d000 r-xp 00000000 08:11 22809857   /usr/lib/i386-linux-gnu/libcairo.so.2.11400.6
6197d000-6197f000 r--p 0013c000 08:11 22809857   /usr/lib/i386-linux-gnu/libcairo.so.2.11400.6
6197f000-61980000 rw-p 0013e000 08:11 22809857   /usr/lib/i386-linux-gnu/libcairo.so.2.11400.6
61980000-61981000 rw-p 00000000 00:00 0 
61981000-61b45000 r-xp 00000000 08:11 22807027   /usr/lib/i386-linux-gnu/libgio-2.0.so.0.4800.2
61b45000-61b46000 ---p 001c4000 08:11 22807027   /usr/lib/i386-linux-gnu/libgio-2.0.so.0.4800.2
61b46000-61b48000 r--p 001c4000 08:11 22807027   /usr/lib/i386-linux-gnu/libgio-2.0.so.0.4800.2
61b48000-61b49000 rw-p 001c6000 08:11 22807027   /usr/lib/i386-linux-gnu/libgio-2.0.so.0.4800.2
61b49000-61b4a000 rw-p 00000000 00:00 0 
61b4a000-61c07000 r-xp 00000000 08:11 22809409   /usr/lib/i386-linux-gnu/libgdk-x11-2.0.so.0.2400.30
61c07000-61c09000 r--p 000bc000 08:11 22809409   /usr/lib/i386-linux-gnu/libgdk-x11-2.0.so.0.2400.30
61c09000-61c0a000 rw-p 000be000 08:11 22809409   /usr/lib/i386-linux-gnu/libgdk-x11-2.0.so.0.2400.30
61c0a000-620f7000 r-xp 00000000 08:11 22809410   /usr/lib/i386-linux-gnu/libgtk-x11-2.0.so.0.2400.30
620f7000-620f8000 ---p 004ed000 08:11 22809410   /usr/lib/i386-linux-gnu/libgtk-x11-2.0.so.0.2400.30
620f8000-620fc000 r--p 004ed000 08:11 22809410   /usr/lib/i386-linux-gnu/libgtk-x11-2.0.so.0.2400.30
620fc000-620fe000 rw-p 004f1000 08:11 22809410   /usr/lib/i386-linux-gnu/libgtk-x11-2.0.so.0.2400.30
620fe000-62100000 rw-p 00000000 00:00 0 
62100000-6212b000 rw-p 00000000 00:00 0 
6212b000-62200000 ---p 00000000 00:00 0 
62200000-62201000 r-xp 00000000 08:11 22809682   /usr/lib/i386-linux-gnu/libX11-xcb.so.1.0.0
62201000-62202000 r--p 00000000 08:11 22809682   /usr/lib/i386-linux-gnu/libX11-xcb.so.1.0.0
62202000-62203000 rw-p 00001000 08:11 22809682   /usr/lib/i386-linux-gnu/libX11-xcb.so.1.0.0
62203000-6220c000 r-xp 00000000 08:11 22811068   /usr/lib/i386-linux-gnu/libxcb-render.so.0.0.0
6220c000-6220d000 r--p 00008000 08:11 22811068   /usr/lib/i386-linux-gnu/libxcb-render.so.0.0.0
6220d000-6220e000 rw-p 00009000 08:11 22811068   /usr/lib/i386-linux-gnu/libxcb-render.so.0.0.0
6220e000-62218000 r-xp 00000000 08:11 22806816   /usr/lib/i386-linux-gnu/libXcursor.so.1.0.2
62218000-62219000 r--p 00009000 08:11 22806816   /usr/lib/i386-linux-gnu/libXcursor.so.1.0.2
62219000-6221a000 rw-p 0000a000 08:11 22806816   /usr/lib/i386-linux-gnu/libXcursor.so.1.0.2
6221a000-62268000 r-xp 00000000 08:11 22810639   /usr/lib/i386-linux-gnu/libpango-1.0.so.0.3800.1
62268000-62269000 ---p 0004e000 08:11 22810639   /usr/lib/i386-linux-gnu/libpango-1.0.so.0.3800.1
62269000-6226a000 r--p 0004e000 08:11 22810639   /usr/lib/i386-linux-gnu/libpango-1.0.so.0.3800.1
6226a000-6226b000 rw-p 0004f000 08:11 22810639   /usr/lib/i386-linux-gnu/libpango-1.0.so.0.3800.1
6226b000-62300000 r--s 0110b000 08:11 22815526   /usr/lib/jvm/java-8-oracle/jre/lib/ext/jfxrt.jar
62300000-623ff000 rw-p 00000000 00:00 0 
623ff000-62400000 ---p 00000000 00:00 0 
62401000-62408000 r-xp 00000000 08:11 22810089   /usr/lib/i386-linux-gnu/libffi.so.6.0.4
62408000-62409000 r--p 00006000 08:11 22810089   /usr/lib/i386-linux-gnu/libffi.so.6.0.4
62409000-6240a000 rw-p 00007000 08:11 22810089   /usr/lib/i386-linux-gnu/libffi.so.6.0.4
6240a000-62415000 r-xp 00000000 08:11 22809719   /usr/lib/i386-linux-gnu/libXrandr.so.2.2.0
62415000-62416000 r--p 0000a000 08:11 22809719   /usr/lib/i386-linux-gnu/libXrandr.so.2.2.0
62416000-62417000 rw-p 0000b000 08:11 22809719   /usr/lib/i386-linux-gnu/libXrandr.so.2.2.0
62417000-62428000 r-xp 00000000 08:11 22809709   /usr/lib/i386-linux-gnu/libXi.so.6.1.0
62428000-62429000 r--p 00010000 08:11 22809709   /usr/lib/i386-linux-gnu/libXi.so.6.1.0
62429000-6242a000 rw-p 00011000 08:11 22809709   /usr/lib/i386-linux-gnu/libXi.so.6.1.0
6242a000-6242d000 ---p 00000000 00:00 0 
6242d000-6247b000 rw-p 00000000 00:00 0 
6247b000-6247c000 ---p 00000000 00:00 0 
6247c000-624fc000 rw-p 00000000 00:00 0 
624fc000-624ff000 ---p 00000000 00:00 0 
624ff000-6257d000 rw-p 00000000 00:00 0 
6257d000-62580000 ---p 00000000 00:00 0 
62580000-625fe000 rw-p 00000000 00:00 0 
625fe000-62601000 ---p 00000000 00:00 0 
62601000-6267f000 rw-p 00000000 00:00 0 
6267f000-62682000 ---p 00000000 00:00 0 
62682000-62700000 rw-p 00000000 00:00 0 
62700000-627a8000 rw-p 00000000 00:00 0 
627a8000-62800000 ---p 00000000 00:00 0 
62801000-6280b000 r-xp 00000000 08:11 22809721   /usr/lib/i386-linux-gnu/libXrender.so.1.3.0
6280b000-6280c000 r--p 00009000 08:11 22809721   /usr/lib/i386-linux-gnu/libXrender.so.1.3.0
6280c000-6280d000 rw-p 0000a000 08:11 22809721   /usr/lib/i386-linux-gnu/libXrender.so.1.3.0
6280d000-62810000 ---p 00000000 00:00 0 
62810000-6285e000 rw-p 00000000 00:00 0 
6285e000-62861000 ---p 00000000 00:00 0 
62861000-628af000 rw-p 00000000 00:00 0 
628af000-628b2000 ---p 00000000 00:00 0 
628b2000-62900000 rw-p 00000000 00:00 0 
62900000-62934000 rw-p 00000000 00:00 0 
62934000-62a00000 ---p 00000000 00:00 0 
62a00000-62a3f000 rw-p 00000000 00:00 0 
62a3f000-62b00000 ---p 00000000 00:00 0 
62b00000-62b21000 rw-p 00000000 00:00 0 
62b21000-62c00000 ---p 00000000 00:00 0 
62c00000-62cfe000 rw-p 00000000 00:00 0 
62cfe000-62d00000 ---p 00000000 00:00 0 
62d00000-62dfa000 rw-p 00000000 00:00 0 
62dfa000-62e00000 ---p 00000000 00:00 0 
62e00000-62e21000 rw-p 00000000 00:00 0 
62e21000-62f00000 ---p 00000000 00:00 0 
62f00000-62ff9000 rw-p 00000000 00:00 0 
62ff9000-63000000 ---p 00000000 00:00 0 
63000000-63002000 r-xp 00000000 08:11 22811072   /usr/lib/i386-linux-gnu/libxcb-shm.so.0.0.0
63002000-63003000 r--p 00001000 08:11 22811072   /usr/lib/i386-linux-gnu/libxcb-shm.so.0.0.0
63003000-63004000 rw-p 00002000 08:11 22811072   /usr/lib/i386-linux-gnu/libxcb-shm.so.0.0.0
63004000-63006000 r-xp 00000000 08:11 22809697   /usr/lib/i386-linux-gnu/libXdamage.so.1.1.0
63006000-63007000 r--p 00001000 08:11 22809697   /usr/lib/i386-linux-gnu/libXdamage.so.1.1.0
63007000-63008000 rw-p 00002000 08:11 22809697   /usr/lib/i386-linux-gnu/libXdamage.so.1.1.0
63008000-6300b000 ---p 00000000 00:00 0 
6300b000-63059000 rw-p 00000000 00:00 0 
63059000-6305a000 ---p 00000000 00:00 0 
6305a000-630da000 rw-p 00000000 00:00 0 
630da000-632b4000 r--s 03d68000 08:11 22815549   /usr/lib/jvm/java-8-oracle/jre/lib/rt.jar
632b4000-636fa000 rw-p 00000000 00:00 0 
636fa000-63700000 ---p 00000000 00:00 0 
63700000-65b00000 rw-p 00000000 00:00 0 
65b00000-65bee000 rw-p 00000000 00:00 0 
65bee000-65c00000 ---p 00000000 00:00 0 
65c00000-65c01000 r-xp 00000000 08:11 22811096   /usr/lib/i386-linux-gnu/libxshmfence.so.1.0.0
65c01000-65c02000 r--p 00000000 08:11 22811096   /usr/lib/i386-linux-gnu/libxshmfence.so.1.0.0
65c02000-65c03000 rw-p 00001000 08:11 22811096   /usr/lib/i386-linux-gnu/libxshmfence.so.1.0.0
65c03000-65c08000 r-xp 00000000 08:11 22809703   /usr/lib/i386-linux-gnu/libXfixes.so.3.1.0
65c08000-65c09000 r--p 00004000 08:11 22809703   /usr/lib/i386-linux-gnu/libXfixes.so.3.1.0
65c09000-65c0a000 rw-p 00005000 08:11 22809703   /usr/lib/i386-linux-gnu/libXfixes.so.3.1.0
65c0a000-65c26000 r-xp 00000000 08:11 29361493   /lib/i386-linux-gnu/libgcc_s.so.1
65c26000-65c27000 rw-p 0001b000 08:11 29361493   /lib/i386-linux-gnu/libgcc_s.so.1
65c27000-65c2c000 r-xp 00000000 08:11 22809737   /usr/lib/i386-linux-gnu/libXxf86vm.so.1.0.0
65c2c000-65c2d000 r--p 00004000 08:11 22809737   /usr/lib/i386-linux-gnu/libXxf86vm.so.1.0.0
65c2d000-65c2e000 rw-p 00005000 08:11 22809737   /usr/lib/i386-linux-gnu/libXxf86vm.so.1.0.0
65c2e000-65c31000 ---p 00000000 00:00 0 
65c31000-65c7f000 rw-p 00000000 00:00 0 
65c7f000-65c80000 ---p 00000000 00:00 0 
65c80000-65d00000 rw-p 00000000 00:00 0 
65d00000-65d21000 rw-p 00000000 00:00 0 
65d21000-65e00000 ---p 00000000 00:00 0 
65e01000-65e03000 r-xp 00000000 08:11 22809693   /usr/lib/i386-linux-gnu/libXcomposite.so.1.0.0
65e03000-65e04000 r--p 00001000 08:11 22809693   /usr/lib/i386-linux-gnu/libXcomposite.so.1.0.0
65e04000-65e05000 rw-p 00002000 08:11 22809693   /usr/lib/i386-linux-gnu/libXcomposite.so.1.0.0
65e05000-65e2c000 r-xp 00000000 08:11 22814032   /usr/lib/i386-linux-gnu/libgdk_pixbuf-2.0.so.0.3200.2
65e2c000-65e2d000 r--p 00026000 08:11 22814032   /usr/lib/i386-linux-gnu/libgdk_pixbuf-2.0.so.0.3200.2
65e2d000-65e2e000 rw-p 00027000 08:11 22814032   /usr/lib/i386-linux-gnu/libgdk_pixbuf-2.0.so.0.3200.2
65e2e000-65e31000 ---p 00000000 00:00 0 
65e31000-65e7f000 rw-p 00000000 00:00 0 
65e7f000-65e80000 ---p 00000000 00:00 0 
65e80000-65f00000 rw-p 00000000 00:00 0 
65f00000-65f95000 rw-p 00000000 00:00 0 
65f95000-66000000 ---p 00000000 00:00 0 
66001000-66006000 r-xp 00000000 08:11 22809727   /usr/lib/i386-linux-gnu/libXtst.so.6.1.0
66006000-66007000 r--p 00004000 08:11 22809727   /usr/lib/i386-linux-gnu/libXtst.so.6.1.0
66007000-66008000 rw-p 00005000 08:11 22809727   /usr/lib/i386-linux-gnu/libXtst.so.6.1.0
66008000-66014000 r-xp 00000000 08:11 22810641   /usr/lib/i386-linux-gnu/libpangocairo-1.0.so.0.3800.1
66014000-66015000 r--p 0000b000 08:11 22810641   /usr/lib/i386-linux-gnu/libpangocairo-1.0.so.0.3800.1
66015000-66016000 rw-p 0000c000 08:11 22810641   /usr/lib/i386-linux-gnu/libpangocairo-1.0.so.0.3800.1
66016000-6602c000 r-xp 00000000 08:11 22810643   /usr/lib/i386-linux-gnu/libpangoft2-1.0.so.0.3800.1
6602c000-6602d000 r--p 00015000 08:11 22810643   /usr/lib/i386-linux-gnu/libpangoft2-1.0.so.0.3800.1
6602d000-6602e000 rw-p 00016000 08:11 22810643   /usr/lib/i386-linux-gnu/libpangoft2-1.0.so.0.3800.1
6602e000-66031000 ---p 00000000 00:00 0 
66031000-6607f000 rw-p 00000000 00:00 0 
6607f000-66080000 ---p 00000000 00:00 0 
66080000-66100000 rw-p 00000000 00:00 0 
66100000-66121000 rw-p 00000000 00:00 0 
66121000-66200000 ---p 00000000 00:00 0 
66202000-66204000 r-xp 00000000 08:11 22809711   /usr/lib/i386-linux-gnu/libXinerama.so.1.0.0
66204000-66205000 r--p 00001000 08:11 22809711   /usr/lib/i386-linux-gnu/libXinerama.so.1.0.0
66205000-66206000 rw-p 00002000 08:11 22809711   /usr/lib/i386-linux-gnu/libXinerama.so.1.0.0
66206000-66207000 r-xp 00000000 08:11 22806941   /usr/lib/i386-linux-gnu/libgthread-2.0.so.0.4800.2
66207000-66208000 r--p 00000000 08:11 22806941   /usr/lib/i386-linux-gnu/libgthread-2.0.so.0.4800.2
66208000-66209000 rw-p 00001000 08:11 22806941   /usr/lib/i386-linux-gnu/libgthread-2.0.so.0.4800.2
66209000-6622d000 r-xp 00000000 08:11 22809786   /usr/lib/i386-linux-gnu/libatk-1.0.so.0.21809.1
6622d000-6622f000 r--p 00023000 08:11 22809786   /usr/lib/i386-linux-gnu/libatk-1.0.so.0.21809.1
6622f000-66230000 rw-p 00025000 08:11 22809786   /usr/lib/i386-linux-gnu/libatk-1.0.so.0.21809.1
66230000-6627f000 rw-p 00000000 00:00 0 
6627f000-66280000 ---p 00000000 00:00 0 
66280000-66300000 rw-p 00000000 00:00 0 
66300000-66321000 rw-p 00000000 00:00 0 
66321000-66400000 ---p 00000000 00:00 0 
66402000-66406000 r-xp 00000000 08:11 22808558   /usr/lib/libtopmenu-client-gtk2.so.0.0.0
66406000-66407000 r--p 00003000 08:11 22808558   /usr/lib/libtopmenu-client-gtk2.so.0.0.0
66407000-66408000 rw-p 00004000 08:11 22808558   /usr/lib/libtopmenu-client-gtk2.so.0.0.0
66408000-6640c000 r-xp 00000000 08:11 22809865   /usr/lib/i386-linux-gnu/libcanberra-gtk.so.0.1.9
6640c000-6640d000 r--p 00003000 08:11 22809865   /usr/lib/i386-linux-gnu/libcanberra-gtk.so.0.1.9
6640d000-6640e000 rw-p 00004000 08:11 22809865   /usr/lib/i386-linux-gnu/libcanberra-gtk.so.0.1.9
6640e000-66413000 r-xp 00000000 08:11 22812483   /usr/lib/i386-linux-gnu/gtk-2.0/modules/libcanberra-gtk-module.so
66413000-66414000 r--p 00004000 08:11 22812483   /usr/lib/i386-linux-gnu/gtk-2.0/modules/libcanberra-gtk-module.so
66414000-66415000 rw-p 00005000 08:11 22812483   /usr/lib/i386-linux-gnu/gtk-2.0/modules/libcanberra-gtk-module.so
66415000-66416000 r-xp 00000000 08:11 22812482   /usr/lib/i386-linux-gnu/gtk-2.0/modules/libatk-bridge.so
66416000-66417000 r--p 00000000 08:11 22812482   /usr/lib/i386-linux-gnu/gtk-2.0/modules/libatk-bridge.so
66417000-66418000 rw-p 00001000 08:11 22812482   /usr/lib/i386-linux-gnu/gtk-2.0/modules/libatk-bridge.so
66418000-66423000 r-xp 00000000 08:11 22815452   /usr/lib/jvm/java-8-oracle/jre/lib/i386/libprism_es2.so
66423000-66424000 rw-p 0000a000 08:11 22815452   /usr/lib/jvm/java-8-oracle/jre/lib/i386/libprism_es2.so
66424000-6647f000 rw-p 00000000 00:00 0 
6647f000-66480000 ---p 00000000 00:00 0 
66480000-66500000 rw-p 00000000 00:00 0 
66500000-66521000 rw-p 00000000 00:00 0 
66521000-66600000 ---p 00000000 00:00 0 
66600000-66621000 rw-p 00000000 00:00 0 
66621000-66700000 ---p 00000000 00:00 0 
66700000-66721000 rw-p 00000000 00:00 0 
66721000-66800000 ---p 00000000 00:00 0 
66800000-66801000 rw-s 11c803000 00:06 340       /dev/dri/card0
66801000-66804000 r-xp 00000000 08:11 22806930   /usr/lib/i386-linux-gnu/libgmodule-2.0.so.0.4800.2
66804000-66805000 r--p 00002000 08:11 22806930   /usr/lib/i386-linux-gnu/libgmodule-2.0.so.0.4800.2
66805000-66806000 rw-p 00003000 08:11 22806930   /usr/lib/i386-linux-gnu/libgmodule-2.0.so.0.4800.2
66806000-66808000 r--s 0000c000 08:11 19402189   /home/axel/Desktop/EclipseJava/plugins/org.hamcrest.core_1.3.0.v201303031735.jar
66808000-66810000 r--s 00045000 08:11 19402178   /home/axel/Desktop/EclipseJava/plugins/org.junit_4.12.0.v201504281640/junit.jar
66810000-66812000 r--s 00004000 08:11 19402206   /home/axel/Desktop/EclipseJava/plugins/org.opentest4j_1.0.0.v20170910-2246.jar
66812000-66815000 r--s 00010000 08:11 19402202   /home/axel/Desktop/EclipseJava/plugins/org.junit.vintage.engine_4.12.0.v20170910-2246.jar
66815000-66817000 r--s 00006000 08:11 19402201   /home/axel/Desktop/EclipseJava/plugins/org.junit.platform.suite.api_1.0.0.v20170910-2246.jar
66817000-66819000 r--s 00007000 08:11 19402200   /home/axel/Desktop/EclipseJava/plugins/org.junit.platform.runner_1.0.0.v20170910-2246.jar
66819000-6681c000 r--s 00018000 08:11 19402198   /home/axel/Desktop/EclipseJava/plugins/org.junit.platform.engine_1.0.0.v20170910-2246.jar
6681c000-66828000 r--s 0006d000 08:11 19402196   /home/axel/Desktop/EclipseJava/plugins/org.junit.jupiter.params_5.0.0.v20170910-2246.jar
66828000-66829000 ---p 00000000 00:00 0 
66829000-668bf000 rw-p 00000000 00:00 0 
668bf000-669ff000 ---p 00000000 00:00 0 
669ff000-66a15000 rw-p 00000000 00:00 0 
66a15000-66b54000 ---p 00000000 00:00 0 
66b54000-66b5f000 rw-p 00000000 00:00 0 
66b5f000-66bff000 ---p 00000000 00:00 0 
66bff000-696c0000 rw-p 00000000 00:00 0 
696c0000-916c0000 ---p 00000000 00:00 0 
916c0000-92c00000 rw-p 00000000 00:00 0 
92c00000-a6c00000 ---p 00000000 00:00 0 
a6c00000-a6c02000 r--s 00010000 08:11 19402199   /home/axel/Desktop/EclipseJava/plugins/org.junit.platform.launcher_1.0.0.v20170910-2246.jar
a6c02000-a6c04000 r--s 00012000 08:11 19402197   /home/axel/Desktop/EclipseJava/plugins/org.junit.platform.commons_1.0.0.v20170910-2246.jar
a6c04000-a6c08000 r--s 0001f000 08:11 19402194   /home/axel/Desktop/EclipseJava/plugins/org.junit.jupiter.engine_5.0.0.v20170910-2246.jar
a6c08000-a6c0d000 r--s 00084000 08:11 22815291   /usr/lib/jvm/java-8-oracle/jre/lib/jfr.jar
a6c0d000-a6c20000 r--s 00345000 08:11 22815543   /usr/lib/jvm/java-8-oracle/jre/lib/resources.jar
a6c20000-a6c38000 rw-p 00000000 00:00 0 
a6c38000-a6c39000 ---p 00000000 00:00 0 
a6c39000-a6cb9000 rw-p 00000000 00:00 0 
a6cb9000-a6cba000 ---p 00000000 00:00 0 
a6cba000-a6d43000 rw-p 00000000 00:00 0 
a6d43000-a70fa000 ---p 00000000 00:00 0 
a70fa000-a733a000 rwxp 00000000 00:00 0 
a733a000-b60fa000 ---p 00000000 00:00 0 
b60fa000-b6114000 r-xp 00000000 08:11 22815502   /usr/lib/jvm/java-8-oracle/jre/lib/i386/libzip.so
b6114000-b6115000 rw-p 00019000 08:11 22815502   /usr/lib/jvm/java-8-oracle/jre/lib/i386/libzip.so
b6115000-b6120000 r-xp 00000000 08:11 29365529   /lib/i386-linux-gnu/libnss_files-2.23.so
b6120000-b6121000 r--p 0000a000 08:11 29365529   /lib/i386-linux-gnu/libnss_files-2.23.so
b6121000-b6122000 rw-p 0000b000 08:11 29365529   /lib/i386-linux-gnu/libnss_files-2.23.so
b6122000-b6128000 rw-p 00000000 00:00 0 
b6128000-b6133000 r-xp 00000000 08:11 29365532   /lib/i386-linux-gnu/libnss_nis-2.23.so
b6133000-b6134000 r--p 0000a000 08:11 29365532   /lib/i386-linux-gnu/libnss_nis-2.23.so
b6134000-b6135000 rw-p 0000b000 08:11 29365532   /lib/i386-linux-gnu/libnss_nis-2.23.so
b6135000-b614c000 r-xp 00000000 08:11 29360165   /lib/i386-linux-gnu/libnsl-2.23.so
b614c000-b614d000 r--p 00016000 08:11 29360165   /lib/i386-linux-gnu/libnsl-2.23.so
b614d000-b614e000 rw-p 00017000 08:11 29360165   /lib/i386-linux-gnu/libnsl-2.23.so
b614e000-b6150000 rw-p 00000000 00:00 0 
b6150000-b6158000 r-xp 00000000 08:11 29365524   /lib/i386-linux-gnu/libnss_compat-2.23.so
b6158000-b6159000 r--p 00007000 08:11 29365524   /lib/i386-linux-gnu/libnss_compat-2.23.so
b6159000-b615a000 rw-p 00008000 08:11 29365524   /lib/i386-linux-gnu/libnss_compat-2.23.so
b615a000-b615c000 r--s 00009000 08:11 19402195   /home/axel/Desktop/EclipseJava/plugins/org.junit.jupiter.migrationsupport_5.0.0.v20170910-2246.jar
b615c000-b6161000 r--s 002f9000 08:11 22815515   /usr/lib/jvm/java-8-oracle/jre/lib/charsets.jar
b6161000-b6164000 r--s 0001a000 08:11 22815506   /usr/lib/jvm/java-8-oracle/jre/lib/jce.jar
b6164000-b6169000 r--s 0009d000 08:11 22815553   /usr/lib/jvm/java-8-oracle/jre/lib/jsse.jar
b6169000-b6171000 rw-s 00000000 08:11 27792752   /tmp/hsperfdata_axel/3833
b6171000-b62a3000 r--p 002d7000 08:11 22809097   /usr/lib/locale/locale-archive
b62a3000-b64a3000 r--p 00000000 08:11 22809097   /usr/lib/locale/locale-archive
b64a3000-b64da000 r-xp 00000000 08:11 22815491   /usr/lib/jvm/java-8-oracle/jre/lib/i386/libjdwp.so
b64da000-b64db000 rw-p 00037000 08:11 22815491   /usr/lib/jvm/java-8-oracle/jre/lib/i386/libjdwp.so
b64db000-b64ff000 r-xp 00000000 08:11 22815496   /usr/lib/jvm/java-8-oracle/jre/lib/i386/libjava.so
b64ff000-b6500000 rw-p 00024000 08:11 22815496   /usr/lib/jvm/java-8-oracle/jre/lib/i386/libjava.so
b6500000-b65fc000 rw-p 00000000 00:00 0 
b65fc000-b6600000 ---p 00000000 00:00 0 
b6600000-b6602000 r--s 00016000 08:11 19402193   /home/axel/Desktop/EclipseJava/plugins/org.junit.jupiter.api_5.0.0.v20170910-2246.jar
b6602000-b6609000 r-xp 00000000 08:11 29365533   /lib/i386-linux-gnu/librt-2.23.so
b6609000-b660a000 r--p 00006000 08:11 29365533   /lib/i386-linux-gnu/librt-2.23.so
b660a000-b660b000 rw-p 00007000 08:11 29365533   /lib/i386-linux-gnu/librt-2.23.so
b660b000-b660e000 ---p 00000000 00:00 0 
b660e000-b665c000 rw-p 00000000 00:00 0 
b665c000-b66af000 r-xp 00000000 08:11 29360164   /lib/i386-linux-gnu/libm-2.23.so
b66af000-b66b0000 r--p 00052000 08:11 29360164   /lib/i386-linux-gnu/libm-2.23.so
b66b0000-b66b1000 rw-p 00053000 08:11 29360164   /lib/i386-linux-gnu/libm-2.23.so
b66b1000-b7046000 r-xp 00000000 08:11 22815481   /usr/lib/jvm/java-8-oracle/jre/lib/i386/server/libjvm.so
b7046000-b70b4000 rw-p 00995000 08:11 22815481   /usr/lib/jvm/java-8-oracle/jre/lib/i386/server/libjvm.so
b70b4000-b74dd000 rw-p 00000000 00:00 0 
b74dd000-b768d000 r-xp 00000000 08:11 29365516   /lib/i386-linux-gnu/libc-2.23.so
b768d000-b768f000 r--p 001af000 08:11 29365516   /lib/i386-linux-gnu/libc-2.23.so
b768f000-b7690000 rw-p 001b1000 08:11 29365516   /lib/i386-linux-gnu/libc-2.23.so
b7690000-b7694000 rw-p 00000000 00:00 0 
b7694000-b7697000 r-xp 00000000 08:11 29365518   /lib/i386-linux-gnu/libdl-2.23.so
b7697000-b7698000 r--p 00002000 08:11 29365518   /lib/i386-linux-gnu/libdl-2.23.so
b7698000-b7699000 rw-p 00003000 08:11 29365518   /lib/i386-linux-gnu/libdl-2.23.so
b7699000-b76ae000 r-xp 00000000 08:11 22810263   /usr/lib/jvm/java-8-oracle/lib/i386/jli/libjli.so
b76ae000-b76af000 rw-p 00014000 08:11 22810263   /usr/lib/jvm/java-8-oracle/lib/i386/jli/libjli.so
b76af000-b76c8000 r-xp 00000000 08:11 29365515   /lib/i386-linux-gnu/libpthread-2.23.so
b76c8000-b76c9000 r--p 00018000 08:11 29365515   /lib/i386-linux-gnu/libpthread-2.23.so
b76c9000-b76ca000 rw-p 00019000 08:11 29365515   /lib/i386-linux-gnu/libpthread-2.23.so
b76ca000-b76cc000 rw-p 00000000 00:00 0 
b76cc000-b76cd000 r--s 00003000 08:11 19401460   /home/axel/Desktop/EclipseJava/plugins/org.apiguardian_1.0.0.v20170910-2246.jar
b76cd000-b76d0000 r-xp 00000000 08:11 22815456   /usr/lib/jvm/java-8-oracle/jre/lib/i386/libdt_socket.so
b76d0000-b76d1000 rw-p 00003000 08:11 22815456   /usr/lib/jvm/java-8-oracle/jre/lib/i386/libdt_socket.so
b76d1000-b76d2000 r--p 002d4000 08:11 22809097   /usr/lib/locale/locale-archive
b76d2000-b76d4000 r-xp 00000000 08:11 22815471   /usr/lib/jvm/java-8-oracle/jre/lib/i386/libnpt.so
b76d4000-b76d5000 rw-p 00001000 08:11 22815471   /usr/lib/jvm/java-8-oracle/jre/lib/i386/libnpt.so
b76d5000-b76d6000 rw-p 00000000 00:00 0 
b76d6000-b76d7000 r--p 00000000 00:00 0 
b76d7000-b76e2000 r-xp 00000000 08:11 22815442   /usr/lib/jvm/java-8-oracle/jre/lib/i386/libverify.so
b76e2000-b76e3000 rw-p 0000b000 08:11 22815442   /usr/lib/jvm/java-8-oracle/jre/lib/i386/libverify.so
b76e3000-b76e4000 rw-p 00000000 00:00 0 
b76e4000-b76e7000 r--p 00000000 00:00 0          [vvar]
b76e7000-b76e8000 r-xp 00000000 00:00 0          [vdso]
b76e8000-b770b000 r-xp 00000000 08:11 29365513   /lib/i386-linux-gnu/ld-2.23.so
b770b000-b770c000 r--p 00022000 08:11 29365513   /lib/i386-linux-gnu/ld-2.23.so
b770c000-b770d000 rw-p 00023000 08:11 29365513   /lib/i386-linux-gnu/ld-2.23.so
bfcea000-bfd0c000 rw-p 00000000 00:00 0          [stack]

VM Arguments:
jvm_args: -agentlib:jdwp=transport=dt_socket,suspend=y,address=localhost:36515 -Dfile.encoding=UTF-8 
java_command: vista.Algooh
java_class_path (initial): /usr/lib/jvm/java-8-oracle/jre/lib/resources.jar:/usr/lib/jvm/java-8-oracle/jre/lib/rt.jar:/usr/lib/jvm/java-8-oracle/jre/lib/jsse.jar:/usr/lib/jvm/java-8-oracle/jre/lib/jce.jar:/usr/lib/jvm/java-8-oracle/jre/lib/charsets.jar:/usr/lib/jvm/java-8-oracle/jre/lib/jfr.jar:/usr/lib/jvm/java-8-oracle/jre/lib/ext/dnsns.jar:/usr/lib/jvm/java-8-oracle/jre/lib/ext/localedata.jar:/usr/lib/jvm/java-8-oracle/jre/lib/ext/jfxrt.jar:/usr/lib/jvm/java-8-oracle/jre/lib/ext/sunjce_provider.jar:/usr/lib/jvm/java-8-oracle/jre/lib/ext/sunpkcs11.jar:/usr/lib/jvm/java-8-oracle/jre/lib/ext/cldrdata.jar:/usr/lib/jvm/java-8-oracle/jre/lib/ext/jaccess.jar:/usr/lib/jvm/java-8-oracle/jre/lib/ext/zipfs.jar:/usr/lib/jvm/java-8-oracle/jre/lib/ext/sunec.jar:/usr/lib/jvm/java-8-oracle/jre/lib/ext/nashorn.jar:/home/axel/Desktop/EclipseJava/plugins/org.junit.jupiter.api_5.0.0.v20170910-2246.jar:/home/axel/Desktop/EclipseJava/plugins/org.junit.jupiter.engine_5.0.0.v20170910-2246.jar:/home/axel/Desktop/EclipseJava/plugins/org.junit.jupiter.migrationsupport_5.0.0.v20170910-2246.jar:/home/axel/Desktop/EclipseJava/plugins/org.junit.jupiter.params_5.0.0.v20170910-2246.jar:/home/axel/Desktop/EclipseJava/plugins/org.junit.platform.commons_1.0.0.v20170910-2246.jar:/home/axel/Desktop/EclipseJava/plugins/org.junit.platform.engine_1.0.0.v20170910-2246.jar:/home/axel/Desktop/EclipseJava/plugins/org.junit.platform.launcher_1.0.0.v20170910-2246.jar:/home/axel/Desktop/EclipseJava/plugins/org.junit.platform.runner_1.0.0.v20170910-2246.jar:/home/axel/Desktop/EclipseJava/plugins/org.junit.platform.suite.api_1.0.0.v20170910-2246.jar:/home/axel/Desktop/EclipseJava/plugins/org.junit.vintage.engine_4.12.0.v20170910-2246.jar:/home/axel/Desktop/EclipseJava/plugins/org.opentest4j_1.0.0.v20170910-2246.jar:/home/axel/Desktop/EclipseJava/plugins/org.apiguardian_1.0.0.v20170910-2246.jar:/home/axel/Desktop/EclipseJava/plugins/org.junit_4.12.0.v201504281640/junit.jar:/home/axel/Desktop/EclipseJava/plugins
Launcher Type: SUN_STANDARD

Environment Variables:
JAVA_HOME=/usr/lib/jvm/java-8-oracle
PATH=/usr/local/sbin:/usr/local/bin:/usr/sbin:/usr/bin:/sbin:/bin:/usr/games:/usr/local/games:/snap/bin:/usr/lib/jvm/java-8-oracle/bin:/usr/lib/jvm/java-8-oracle/db/bin:/usr/lib/jvm/java-8-oracle/jre/bin
LD_LIBRARY_PATH=/usr/lib/jvm/java-8-oracle/jre/lib/i386/server:/usr/lib/jvm/java-8-oracle/jre/lib/i386:/usr/lib/jvm/java-8-oracle/jre/../lib/i386:/usr/lib/jvm/java-8-oracle/jre/lib/i386/client:/usr/lib/jvm/java-8-oracle/jre/lib/i386:
SHELL=/bin/bash
DISPLAY=:0.0

Signal Handlers:
SIGSEGV: [libjvm.so+0x8dfe10], sa_mask[0]=11111111011111111101111111111110, sa_flags=SA_RESTART|SA_SIGINFO
SIGBUS: [libjvm.so+0x8dfe10], sa_mask[0]=11111111011111111101111111111110, sa_flags=SA_RESTART|SA_SIGINFO
SIGFPE: [libjvm.so+0x75c270], sa_mask[0]=11111111011111111101111111111110, sa_flags=SA_RESTART|SA_SIGINFO
SIGPIPE: SIG_IGN, sa_mask[0]=00000000000010000000000000000000, sa_flags=SA_RESTART
SIGXFSZ: [libjvm.so+0x75c270], sa_mask[0]=11111111011111111101111111111110, sa_flags=SA_RESTART|SA_SIGINFO
SIGILL: [libjvm.so+0x75c270], sa_mask[0]=11111111011111111101111111111110, sa_flags=SA_RESTART|SA_SIGINFO
SIGUSR1: SIG_DFL, sa_mask[0]=00000000000000000000000000000000, sa_flags=none
SIGUSR2: [libjvm.so+0x75db50], sa_mask[0]=00100000000000000000000000000000, sa_flags=SA_RESTART|SA_SIGINFO
SIGHUP: [libjvm.so+0x75f000], sa_mask[0]=11111111011111111101111111111110, sa_flags=SA_RESTART|SA_SIGINFO
SIGINT: [libjvm.so+0x75f000], sa_mask[0]=11111111011111111101111111111110, sa_flags=SA_RESTART|SA_SIGINFO
SIGTERM: [libjvm.so+0x75f000], sa_mask[0]=11111111011111111101111111111110, sa_flags=SA_RESTART|SA_SIGINFO
SIGQUIT: [libjvm.so+0x75f000], sa_mask[0]=11111111011111111101111111111110, sa_flags=SA_RESTART|SA_SIGINFO


---------------  S Y S T E M  ---------------

OS:DISTRIB_ID=Ubuntu
DISTRIB_RELEASE=16.04
DISTRIB_CODENAME=xenial
DISTRIB_DESCRIPTION="Ubuntu 16.04.4 LTS"

uname:Linux 4.4.0-130-generic #156-Ubuntu SMP Thu Jun 14 08:51:45 UTC 2018 i686
libc:glibc 2.23 NPTL 2.23 
rlimit: STACK 8192k, CORE 0k, NPROC 62867, NOFILE 1048576, AS infinity
load average:4,42 1,12 0,51

/proc/meminfo:
MemTotal:        8084852 kB
MemFree:         6134144 kB
MemAvailable:    6375992 kB
Buffers:           83020 kB
Cached:           805212 kB
SwapCached:            0 kB
Active:          1302492 kB
Inactive:         536724 kB
Active(anon):     951996 kB
Inactive(anon):    40040 kB
Active(file):     350496 kB
Inactive(file):   496684 kB
Unevictable:          32 kB
Mlocked:              32 kB
HighTotal:       7273408 kB
HighFree:        5600296 kB
LowTotal:         811444 kB
LowFree:          533848 kB
SwapTotal:       5119996 kB
SwapFree:        5119996 kB
Dirty:             27796 kB
Writeback:             0 kB
AnonPages:        951076 kB
Mapped:           268172 kB
Shmem:             41036 kB
Slab:              54416 kB
SReclaimable:      28696 kB
SUnreclaim:        25720 kB
KernelStack:        5160 kB
PageTables:         9428 kB
NFS_Unstable:          0 kB
Bounce:                0 kB
WritebackTmp:          0 kB
CommitLimit:     9162420 kB
Committed_AS:    3446628 kB
VmallocTotal:     122880 kB
VmallocUsed:           0 kB
VmallocChunk:          0 kB
AnonHugePages:         0 kB
CmaTotal:              0 kB
CmaFree:               0 kB
HugePages_Total:       0
HugePages_Free:        0
HugePages_Rsvd:        0
HugePages_Surp:        0
Hugepagesize:       2048 kB
DirectMap4k:       18424 kB
DirectMap2M:      894976 kB


CPU:total 8 (initial active 8) (4 cores per cpu, 2 threads per core) family 6 model 60 stepping 3, cmov, cx8, fxsr, mmx, sse, sse2, sse3, ssse3, sse4.1, sse4.2, popcnt, avx, avx2, aes, clmul, erms, lzcnt, ht, tsc, tscinvbit, bmi1, bmi2

/proc/cpuinfo:
processor	: 0
vendor_id	: GenuineIntel
cpu family	: 6
model		: 60
model name	: Intel(R) Core(TM) i7-4771 CPU @ 3.50GHz
stepping	: 3
microcode	: 0x24
cpu MHz		: 3386.953
cache size	: 8192 KB
physical id	: 0
siblings	: 8
core id		: 0
cpu cores	: 4
apicid		: 0
initial apicid	: 0
fdiv_bug	: no
f00f_bug	: no
coma_bug	: no
fpu		: yes
fpu_exception	: yes
cpuid level	: 13
wp		: yes
flags		: fpu vme de pse tsc msr pae mce cx8 apic sep mtrr pge mca cmov pat pse36 clflush dts acpi mmx fxsr sse sse2 ss ht tm pbe nx pdpe1gb rdtscp lm constant_tsc arch_perfmon pebs bts xtopology nonstop_tsc aperfmperf eagerfpu pni pclmulqdq dtes64 monitor ds_cpl vmx smx est tm2 ssse3 sdbg fma cx16 xtpr pdcm sse4_1 sse4_2 x2apic movbe popcnt tsc_deadline_timer aes xsave avx f16c rdrand lahf_lm abm epb ibrs ibpb stibp tpr_shadow vnmi flexpriority ept vpid fsgsbase tsc_adjust bmi1 avx2 smep bmi2 erms invpcid xsaveopt dtherm ida arat pln pts
bugs		: cpu_meltdown spectre_v1 spectre_v2 spec_store_bypass
bogomips	: 5985.75
clflush size	: 64
cache_alignment	: 64
address sizes	: 39 bits physical, 48 bits virtual
power management:

processor	: 1
vendor_id	: GenuineIntel
cpu family	: 6
model		: 60
model name	: Intel(R) Core(TM) i7-4771 CPU @ 3.50GHz
stepping	: 3
microcode	: 0x24
cpu MHz		: 3386.601
cache size	: 8192 KB
physical id	: 0
siblings	: 8
core id		: 1
cpu cores	: 4
apicid		: 2
initial apicid	: 2
fdiv_bug	: no
f00f_bug	: no
coma_bug	: no
fpu		: yes
fpu_exception	: yes
cpuid level	: 13
wp		: yes
flags		: fpu vme de pse tsc msr pae mce cx8 apic sep mtrr pge mca cmov pat pse36 clflush dts acpi mmx fxsr sse sse2 ss ht tm pbe nx pdpe1gb rdtscp lm constant_tsc arch_perfmon pebs bts xtopology nonstop_tsc aperfmperf eagerfpu pni pclmulqdq dtes64 monitor ds_cpl vmx smx est tm2 ssse3 sdbg fma cx16 xtpr pdcm sse4_1 sse4_2 x2apic movbe popcnt tsc_deadline_timer aes xsave avx f16c rdrand lahf_lm abm epb ibrs ibpb stibp tpr_shadow vnmi flexpriority ept vpid fsgsbase tsc_adjust bmi1 avx2 smep bmi2 erms invpcid xsaveopt dtherm ida arat pln pts
bugs		: cpu_meltdown spectre_v1 spectre_v2 spec_store_bypass
bogomips	: 5985.75
clflush size	: 64
cache_alignment	: 64
address sizes	: 39 bits physical, 48 bits virtual
power management:

processor	: 2
vendor_id	: GenuineIntel
cpu family	: 6
model		: 60
model name	: Intel(R) Core(TM) i7-4771 CPU @ 3.50GHz
stepping	: 3
microcode	: 0x24
cpu MHz		: 3362.929
cache size	: 8192 KB
physical id	: 0
siblings	: 8
core id		: 2
cpu cores	: 4
apicid		: 4
initial apicid	: 4
fdiv_bug	: no
f00f_bug	: no
coma_bug	: no
fpu		: yes
fpu_exception	: yes
cpuid level	: 13
wp		: yes
flags		: fpu vme de pse tsc msr pae mce cx8 apic sep mtrr pge mca cmov pat pse36 clflush dts acpi mmx fxsr sse sse2 ss ht tm pbe nx pdpe1gb rdtscp lm constant_tsc arch_perfmon pebs bts xtopology nonstop_tsc aperfmperf eagerfpu pni pclmulqdq dtes64 monitor ds_cpl vmx smx est tm2 ssse3 sdbg fma cx16 xtpr pdcm sse4_1 sse4_2 x2apic movbe popcnt tsc_deadline_timer aes xsave avx f16c rdrand lahf_lm abm epb ibrs ibpb stibp tpr_shadow vnmi flexpriority ept vpid fsgsbase tsc_adjust bmi1 avx2 smep bmi2 erms invpcid xsaveopt dtherm ida arat pln pts
bugs		: cpu_meltdown spectre_v1 spectre_v2 spec_store_bypass
bogomips	: 5985.75
clflush size	: 64
cache_alignment	: 64
address sizes	: 39 bits physical, 48 bits virtual
power management:

processor	: 3
vendor_id	: GenuineIntel
cpu family	: 6
model		: 60
model name	: Intel(R) Core(TM) i7-4771 CPU @ 3.50GHz
stepping	: 3
microcode	: 0x24
cpu MHz		: 3389.765
cache size	: 8192 KB
physical id	: 0
siblings	: 8
core id		: 3
cpu cores	: 4
apicid		: 6
initial apicid	: 6
fdiv_bug	: no
f00f_bug	: no
coma_bug	: no
fpu		: yes
fpu_exception	: yes
cpuid level	: 13
wp		: yes
flags		: fpu vme de pse tsc msr pae mce cx8 apic sep mtrr pge mca cmov pat pse36 clflush dts acpi mmx fxsr sse sse2 ss ht tm pbe nx pdpe1gb rdtscp lm constant_tsc arch_perfmon pebs bts xtopology nonstop_tsc aperfmperf eagerfpu pni pclmulqdq dtes64 monitor ds_cpl vmx smx est tm2 ssse3 sdbg fma cx16 xtpr pdcm sse4_1 sse4_2 x2apic movbe popcnt tsc_deadline_timer aes xsave avx f16c rdrand lahf_lm abm epb ibrs ibpb stibp tpr_shadow vnmi flexpriority ept vpid fsgsbase tsc_adjust bmi1 avx2 smep bmi2 erms invpcid xsaveopt dtherm ida arat pln pts
bugs		: cpu_meltdown spectre_v1 spectre_v2 spec_store_bypass
bogomips	: 5985.75
clflush size	: 64
cache_alignment	: 64
address sizes	: 39 bits physical, 48 bits virtual
power management:

processor	: 4
vendor_id	: GenuineIntel
cpu family	: 6
model		: 60
model name	: Intel(R) Core(TM) i7-4771 CPU @ 3.50GHz
stepping	: 3
microcode	: 0x24
cpu MHz		: 3341.015
cache size	: 8192 KB
physical id	: 0
siblings	: 8
core id		: 0
cpu cores	: 4
apicid		: 1
initial apicid	: 1
fdiv_bug	: no
f00f_bug	: no
coma_bug	: no
fpu		: yes
fpu_exception	: yes
cpuid level	: 13
wp		: yes
flags		: fpu vme de pse tsc msr pae mce cx8 apic sep mtrr pge mca cmov pat pse36 clflush dts acpi mmx fxsr sse sse2 ss ht tm pbe nx pdpe1gb rdtscp lm constant_tsc arch_perfmon pebs bts xtopology nonstop_tsc aperfmperf eagerfpu pni pclmulqdq dtes64 monitor ds_cpl vmx smx est tm2 ssse3 sdbg fma cx16 xtpr pdcm sse4_1 sse4_2 x2apic movbe popcnt tsc_deadline_timer aes xsave avx f16c rdrand lahf_lm abm epb ibrs ibpb stibp tpr_shadow vnmi flexpriority ept vpid fsgsbase tsc_adjust bmi1 avx2 smep bmi2 erms invpcid xsaveopt dtherm ida arat pln pts
bugs		: cpu_meltdown spectre_v1 spectre_v2 spec_store_bypass
bogomips	: 5985.75
clflush size	: 64
cache_alignment	: 64
address sizes	: 39 bits physical, 48 bits virtual
power management:

processor	: 5
vendor_id	: GenuineIntel
cpu family	: 6
model		: 60
model name	: Intel(R) Core(TM) i7-4771 CPU @ 3.50GHz
stepping	: 3
microcode	: 0x24
cpu MHz		: 3017.226
cache size	: 8192 KB
physical id	: 0
siblings	: 8
core id		: 1
cpu cores	: 4
apicid		: 3
initial apicid	: 3
fdiv_bug	: no
f00f_bug	: no
coma_bug	: no
fpu		: yes
fpu_exception	: yes
cpuid level	: 13
wp		: yes
flags		: fpu vme de pse tsc msr pae mce cx8 apic sep mtrr pge mca cmov pat pse36 clflush dts acpi mmx fxsr sse sse2 ss ht tm pbe nx pdpe1gb rdtscp lm constant_tsc arch_perfmon pebs bts xtopology nonstop_tsc aperfmperf eagerfpu pni pclmulqdq dtes64 monitor ds_cpl vmx smx est tm2 ssse3 sdbg fma cx16 xtpr pdcm sse4_1 sse4_2 x2apic movbe popcnt tsc_deadline_timer aes xsave avx f16c rdrand lahf_lm abm epb ibrs ibpb stibp tpr_shadow vnmi flexpriority ept vpid fsgsbase tsc_adjust bmi1 avx2 smep bmi2 erms invpcid xsaveopt dtherm ida arat pln pts
bugs		: cpu_meltdown spectre_v1 spectre_v2 spec_store_bypass
bogomips	: 5985.75
clflush size	: 64
cache_alignment	: 64
address sizes	: 39 bits physical, 48 bits virtual
power management:

processor	: 6
vendor_id	: GenuineIntel
cpu family	: 6
model		: 60
model name	: Intel(R) Core(TM) i7-4771 CPU @ 3.50GHz
stepping	: 3
microcode	: 0x24
cpu MHz		: 3385.664
cache size	: 8192 KB
physical id	: 0
siblings	: 8
core id		: 2
cpu cores	: 4
apicid		: 5
initial apicid	: 5
fdiv_bug	: no
f00f_bug	: no
coma_bug	: no
fpu		: yes
fpu_exception	: yes
cpuid level	: 13
wp		: yes
flags		: fpu vme de pse tsc msr pae mce cx8 apic sep mtrr pge mca cmov pat pse36 clflush dts acpi mmx fxsr sse sse2 ss ht tm pbe nx pdpe1gb rdtscp lm constant_tsc arch_perfmon pebs bts xtopology nonstop_tsc aperfmperf eagerfpu pni pclmulqdq dtes64 monitor ds_cpl vmx smx est tm2 ssse3 sdbg fma cx16 xtpr pdcm sse4_1 sse4_2 x2apic movbe popcnt tsc_deadline_timer aes xsave avx f16c rdrand lahf_lm abm epb ibrs ibpb stibp tpr_shadow vnmi flexpriority ept vpid fsgsbase tsc_adjust bmi1 avx2 smep bmi2 erms invpcid xsaveopt dtherm ida arat pln pts
bugs		: cpu_meltdown spectre_v1 spectre_v2 spec_store_bypass
bogomips	: 5985.75
clflush size	: 64
cache_alignment	: 64
address sizes	: 39 bits physical, 48 bits virtual
power management:

processor	: 7
vendor_id	: GenuineIntel
cpu family	: 6
model		: 60
model name	: Intel(R) Core(TM) i7-4771 CPU @ 3.50GHz
stepping	: 3
microcode	: 0x24
cpu MHz		: 3397.031
cache size	: 8192 KB
physical id	: 0
siblings	: 8
core id		: 3
cpu cores	: 4
apicid		: 7
initial apicid	: 7
fdiv_bug	: no
f00f_bug	: no
coma_bug	: no
fpu		: yes
fpu_exception	: yes
cpuid level	: 13
wp		: yes
flags		: fpu vme de pse tsc msr pae mce cx8 apic sep mtrr pge mca cmov pat pse36 clflush dts acpi mmx fxsr sse sse2 ss ht tm pbe nx pdpe1gb rdtscp lm constant_tsc arch_perfmon pebs bts xtopology nonstop_tsc aperfmperf eagerfpu pni pclmulqdq dtes64 monitor ds_cpl vmx smx est tm2 ssse3 sdbg fma cx16 xtpr pdcm sse4_1 sse4_2 x2apic movbe popcnt tsc_deadline_timer aes xsave avx f16c rdrand lahf_lm abm epb ibrs ibpb stibp tpr_shadow vnmi flexpriority ept vpid fsgsbase tsc_adjust bmi1 avx2 smep bmi2 erms invpcid xsaveopt dtherm ida arat pln pts
bugs		: cpu_meltdown spectre_v1 spectre_v2 spec_store_bypass
bogomips	: 5985.75
clflush size	: 64
cache_alignment	: 64
address sizes	: 39 bits physical, 48 bits virtual
power management:



Memory: 4k page, physical 8084852k(6134144k free), swap 5119996k(5119996k free)

vm_info: Java HotSpot(TM) Server VM (25.171-b11) for linux-x86 JRE (1.8.0_171-b11), built on Mar 28 2018 12:00:40 by "java_re" with gcc 4.3.0 20080428 (Red Hat 4.3.0-8)

time: Thu Jul  5 12:45:18 2018
elapsed time: 494 seconds (0d 0h 8m 14s)

