#
# A fatal error has been detected by the Java Runtime Environment:
#
#  SIGSEGV (0xb) at pc=0xb6c8c879, pid=3448, tid=0x5b856b40
#
# JRE version: Java(TM) SE Runtime Environment (8.0_171-b11) (build 1.8.0_171-b11)
# Java VM: Java HotSpot(TM) Server VM (25.171-b11 mixed mode linux-x86 )
# Problematic frame:
# V  [libjvm.so+0x507879]  java_lang_Class::is_primitive(oopDesc*)+0x19
#
# Failed to write core dump. Core dumps have been disabled. To enable core dumping, try "ulimit -c unlimited" before starting Java again
#
# If you would like to submit a bug report, please visit:
#   http://bugreport.java.com/bugreport/crash.jsp
#

---------------  T H R E A D  ---------------

Current thread (0x5bb77000):  JavaThread "JavaFX Application Thread" [_thread_in_vm, id=3487, stack(0x5b806000,0x5b857000)]

siginfo: si_signo: 11 (SIGSEGV), si_code: 1 (SEGV_MAPERR), si_addr: 0x0000004c

Registers:
EAX=0x00000044, EBX=0xb716af50, ECX=0xb716af50, EDX=0x00000008
ESP=0x5b853604, EBP=0x5b853680, ESI=0x00000008, EDI=0x5bb76af0
EIP=0xb6c8c879, EFLAGS=0x00010296, CR2=0x0000004c

Top of Stack: (sp=0x5b853604)
0x5b853604:   b6fe182a 00000008 5bb77318 5bb77000
0x5b853614:   5b853630 0000000c 5b853638 6278a0d8
0x5b853624:   6278ba10 627920cc 000083d8 5bb77318
0x5b853634:   b716af50 00000000 00000000 fe239e9b
0x5b853644:   000000c3 00000001 b650d478 b650d4c8
0x5b853654:   b650d520 5bb77be0 5bb77bf8 00000000
0x5b853664:   00000003 0000000c 00000008 6411f4a1
0x5b853674:   b716af50 65f29db8 62d79fb0 5b853740 

Instructions: (pc=0xb6c8c879)
0xb6c8c859:   8d bc 27 00 00 00 00 55 e8 00 00 00 00 59 81 c1
0xb6c8c869:   ea e6 4d 00 89 e5 8b 81 8c 7d 02 00 8b 55 08 5d
0xb6c8c879:   8b 14 02 85 d2 0f 94 c0 c3 8d b4 26 00 00 00 00
0xb6c8c889:   8d bc 27 00 00 00 00 55 e8 00 00 00 00 59 81 c1 

Register to memory mapping:

EAX=0x00000044 is an unknown value
EBX=0xb716af50: <offset 0x9e5f50> in /usr/lib/jvm/java-8-oracle/jre/lib/i386/server/libjvm.so at 0xb6785000
ECX=0xb716af50: <offset 0x9e5f50> in /usr/lib/jvm/java-8-oracle/jre/lib/i386/server/libjvm.so at 0xb6785000
EDX=0x00000008 is an unknown value
ESP=0x5b853604 is pointing into the stack for thread: 0x5bb77000
EBP=0x5b853680 is pointing into the stack for thread: 0x5bb77000
ESI=0x00000008 is an unknown value
EDI=0x5bb76af0 is an unknown value


Stack: [0x5b806000,0x5b857000],  sp=0x5b853604,  free space=309k
Native frames: (J=compiled Java code, j=interpreted, Vv=VM code, C=native code)
V  [libjvm.so+0x507879]  java_lang_Class::is_primitive(oopDesc*)+0x19
V  [libjvm.so+0x85b8ec]  SystemDictionary::resolve_instance_class_or_null(Symbol*, Handle, Handle, Thread*)+0x6dc
V  [libjvm.so+0x85ccee]  SystemDictionary::resolve_or_fail(Symbol*, Handle, Handle, bool, Thread*)+0x1e
V  [libjvm.so+0x8bc1b0]  VerificationType::is_reference_assignable_from(VerificationType const&, ClassVerifier*, bool, Thread*) const+0x190
V  [libjvm.so+0x8d0b6a]  StackMapFrame::pop_stack(VerificationType, Thread*)+0x13a
V  [libjvm.so+0x8c2b4c]  ClassVerifier::verify_field_instructions(RawBytecodeStream*, StackMapFrame*, constantPoolHandle, Thread*)+0x7cc
V  [libjvm.so+0x8c9e9e]  ClassVerifier::verify_method(methodHandle, Thread*)+0x17ce
V  [libjvm.so+0x8cf244]  ClassVerifier::verify_class(Thread*)+0xc4
V  [libjvm.so+0x8cf7d6]  Verifier::verify(instanceKlassHandle, Verifier::Mode, bool, Thread*)+0x376
V  [libjvm.so+0x4d047d]  InstanceKlass::verify_code(instanceKlassHandle, bool, Thread*)+0x2d
V  [libjvm.so+0x4dbdba]  InstanceKlass::link_class_impl(instanceKlassHandle, bool, Thread*)+0x2fa
V  [libjvm.so+0x4dbb22]  InstanceKlass::link_class_impl(instanceKlassHandle, bool, Thread*)+0x62
V  [libjvm.so+0x4dc290]  InstanceKlass::initialize_impl(instanceKlassHandle, Thread*)+0x40
V  [libjvm.so+0x4dc6e1]  InstanceKlass::initialize(Thread*)+0x31
V  [libjvm.so+0x4fa761]  InterpreterRuntime::_new(JavaThread*, ConstantPool*, int)+0x221
j  juego.Mazo.generarCartas()V+124
j  vista.Algooh.start(Ljavafx/stage/Stage;)V+17
j  com.sun.javafx.application.LauncherImpl.lambda$launchApplication1$161(Ljava/util/concurrent/atomic/AtomicBoolean;Ljavafx/application/Application;)V+20
j  com.sun.javafx.application.LauncherImpl$$Lambda$58.run()V+8
j  com.sun.javafx.application.PlatformImpl.lambda$runAndWait$174(Ljava/lang/Runnable;Ljava/util/concurrent/CountDownLatch;)V+1
j  com.sun.javafx.application.PlatformImpl$$Lambda$51.run()V+8
j  com.sun.javafx.application.PlatformImpl.lambda$null$172(Ljava/lang/Runnable;)Ljava/lang/Void;+1
j  com.sun.javafx.application.PlatformImpl$$Lambda$53.run()Ljava/lang/Object;+4
v  ~StubRoutines::call_stub
V  [libjvm.so+0x50579f]  JavaCalls::call_helper(JavaValue*, methodHandle*, JavaCallArguments*, Thread*)+0x101f
V  [libjvm.so+0x75a5e9]  os::os_exception_wrapper(void (*)(JavaValue*, methodHandle*, JavaCallArguments*, Thread*), JavaValue*, methodHandle*, JavaCallArguments*, Thread*)+0x19
V  [libjvm.so+0x503d6f]  JavaCalls::call(JavaValue*, methodHandle, JavaCallArguments*, Thread*)+0x2f
V  [libjvm.so+0x597f90]  JVM_DoPrivileged+0x2a0
C  [libjava.so+0x9f9a]  Java_java_security_AccessController_doPrivileged__Ljava_security_PrivilegedAction_2Ljava_security_AccessControlContext_2+0x3a
j  java.security.AccessController.doPrivileged(Ljava/security/PrivilegedAction;Ljava/security/AccessControlContext;)Ljava/lang/Object;+0
j  com.sun.javafx.application.PlatformImpl.lambda$runLater$173(Ljava/lang/Runnable;Ljava/security/AccessControlContext;)V+7
j  com.sun.javafx.application.PlatformImpl$$Lambda$52.run()V+8
j  com.sun.glass.ui.InvokeLaterDispatcher$Future.run()V+4
v  ~StubRoutines::call_stub
V  [libjvm.so+0x50579f]  JavaCalls::call_helper(JavaValue*, methodHandle*, JavaCallArguments*, Thread*)+0x101f
V  [libjvm.so+0x75a5e9]  os::os_exception_wrapper(void (*)(JavaValue*, methodHandle*, JavaCallArguments*, Thread*), JavaValue*, methodHandle*, JavaCallArguments*, Thread*)+0x19
V  [libjvm.so+0x503d6f]  JavaCalls::call(JavaValue*, methodHandle, JavaCallArguments*, Thread*)+0x2f
V  [libjvm.so+0x548651]  jni_invoke_nonstatic(JNIEnv_*, JavaValue*, _jobject*, JNICallType, _jmethodID*, JNI_ArgumentPusher*, Thread*)+0x441
V  [libjvm.so+0x54b081]  jni_CallVoidMethodV+0xe1
C  [libglass.so+0x12ffc]  JNIEnv_::CallVoidMethod(_jobject*, _jmethodID*, ...)+0x1c
C  [libglass.so+0x1dad0]  call_runnable(void*)+0x30
C  [libgdk-x11-2.0.so.0+0x150a0]

Java frames: (J=compiled Java code, j=interpreted, Vv=VM code)
j  juego.Mazo.generarCartas()V+124
j  vista.Algooh.start(Ljavafx/stage/Stage;)V+17
j  com.sun.javafx.application.LauncherImpl.lambda$launchApplication1$161(Ljava/util/concurrent/atomic/AtomicBoolean;Ljavafx/application/Application;)V+20
j  com.sun.javafx.application.LauncherImpl$$Lambda$58.run()V+8
j  com.sun.javafx.application.PlatformImpl.lambda$runAndWait$174(Ljava/lang/Runnable;Ljava/util/concurrent/CountDownLatch;)V+1
j  com.sun.javafx.application.PlatformImpl$$Lambda$51.run()V+8
j  com.sun.javafx.application.PlatformImpl.lambda$null$172(Ljava/lang/Runnable;)Ljava/lang/Void;+1
j  com.sun.javafx.application.PlatformImpl$$Lambda$53.run()Ljava/lang/Object;+4
v  ~StubRoutines::call_stub
j  java.security.AccessController.doPrivileged(Ljava/security/PrivilegedAction;Ljava/security/AccessControlContext;)Ljava/lang/Object;+0
j  com.sun.javafx.application.PlatformImpl.lambda$runLater$173(Ljava/lang/Runnable;Ljava/security/AccessControlContext;)V+7
j  com.sun.javafx.application.PlatformImpl$$Lambda$52.run()V+8
j  com.sun.glass.ui.InvokeLaterDispatcher$Future.run()V+4
v  ~StubRoutines::call_stub
j  com.sun.glass.ui.gtk.GtkApplication._runLoop(Ljava/lang/Runnable;Z)V+0
j  com.sun.glass.ui.gtk.GtkApplication.lambda$null$48(Ljava/lang/Runnable;Z)V+7
j  com.sun.glass.ui.gtk.GtkApplication$$Lambda$41.run()V+12
j  java.lang.Thread.run()V+11
v  ~StubRoutines::call_stub

---------------  P R O C E S S  ---------------

Java Threads: ( => current thread )
  0x5bb79c00 JavaThread "JavaFX-Launcher" [_thread_blocked, id=3488, stack(0x5b735000,0x5b786000)]
=>0x5bb77000 JavaThread "JavaFX Application Thread" [_thread_in_vm, id=3487, stack(0x5b806000,0x5b857000)]
  0x5bb74000 JavaThread "Thread-1" daemon [_thread_blocked, id=3486, stack(0x5b857000,0x5b8a8000)]
  0x623de800 JavaThread "QuantumRenderer-0" daemon [_thread_blocked, id=3484, stack(0x62416000,0x62467000)]
  0x62da6c00 JavaThread "Service Thread" daemon [_thread_blocked, id=3482, stack(0x6282e000,0x6287f000)]
  0x62da4800 JavaThread "C1 CompilerThread3" daemon [_thread_blocked, id=3481, stack(0x6257d000,0x625fe000)]
  0x62da2c00 JavaThread "C2 CompilerThread2" daemon [_thread_blocked, id=3480, stack(0x625fe000,0x6267f000)]
  0x62da1800 JavaThread "C2 CompilerThread1" daemon [_thread_blocked, id=3479, stack(0x6267f000,0x62700000)]
  0x62d9f800 JavaThread "C2 CompilerThread0" daemon [_thread_blocked, id=3478, stack(0x6287f000,0x62900000)]
  0x62a00800 JavaThread "JDWP Command Reader" daemon [_thread_in_native, id=3474, stack(0x63008000,0x63059000)]
  0x62d9e000 JavaThread "JDWP Event Helper Thread" daemon [_thread_blocked, id=3472, stack(0x65c2e000,0x65c7f000)]
  0x62d9b800 JavaThread "JDWP Transport Listener: dt_socket" daemon [_thread_blocked, id=3470, stack(0x65e2e000,0x65e7f000)]
  0x62d92800 JavaThread "Signal Dispatcher" daemon [_thread_blocked, id=3468, stack(0x6602e000,0x6607f000)]
  0x62d78000 JavaThread "Finalizer" daemon [_thread_blocked, id=3466, stack(0x6622e000,0x6627f000)]
  0x62d75400 JavaThread "Reference Handler" daemon [_thread_blocked, id=3465, stack(0x6642e000,0x6647f000)]
  0xb650b000 JavaThread "main" [_thread_blocked, id=3454, stack(0xb66df000,0xb6730000)]

Other Threads:
  0x62d70800 VMThread [stack: 0x63059000,0x630da000] [id=3464]
  0x62daa000 WatcherThread [stack: 0x624fc000,0x6257d000] [id=3483]

VM state:not at safepoint (normal execution)

VM Mutex/Monitor currently owned by a thread: None

Heap:
 PSYoungGen      total 19200K, used 4268K [0x918c0000, 0x92e00000, 0xa6e00000)
  eden space 16640K, 10% used [0x918c0000,0x91a6eae0,0x92900000)
  from space 2560K, 99% used [0x92900000,0x92b7c910,0x92b80000)
  to   space 2560K, 0% used [0x92b80000,0x92b80000,0x92e00000)
 ParOldGen       total 43776K, used 3588K [0x66e00000, 0x698c0000, 0x918c0000)
  object space 43776K, 8% used [0x66e00000,0x671813a0,0x698c0000)
 Metaspace       used 5089K, capacity 5364K, committed 5400K, reserved 5424K

Card table byte_map: [0x66bff000,0x66e00000] byte_map_base: 0x668c8000

Marking Bits: (ParMarkBitMap*) 0xb719b660
 Begin Bits: [0x63b00000, 0x64b00000)
 End Bits:   [0x64b00000, 0x65b00000)

Polling page: 0xb77aa000

CodeCache: size=245760Kb used=1864Kb max_used=1871Kb free=243895Kb
 bounds [0xa71ce000, 0xa740e000, 0xb61ce000]
 total_blobs=866 nmethods=597 adapters=191
 compilation: enabled

Compilation events (10 events):
Event: 0,609 Thread 0x62da4800  589       3       java.util.zip.ZipFile$ZipFileInputStream::finalize (5 bytes)
Event: 0,609 Thread 0x62da4800 nmethod 589 0xa73981c8 code [0xa73982e0, 0xa73983cc]
Event: 0,610 Thread 0x62da4800  594       3       java.lang.ref.ReferenceQueue::reallyPoll (66 bytes)
Event: 0,610 Thread 0x62da4800 nmethod 594 0xa739c3c8 code [0xa739c500, 0xa739c820]
Event: 0,610 Thread 0x62da4800  595       3       java.lang.ref.Finalizer::access$100 (6 bytes)
Event: 0,610 Thread 0x62da4800 nmethod 595 0xa7397ec8 code [0xa7397fe0, 0xa73980cc]
Event: 0,610 Thread 0x62da4800  596   !   3       java.lang.ref.Finalizer::runFinalizer (62 bytes)
Event: 0,610 Thread 0x62da1800 nmethod 590 0xa73a1908 code [0xa73a1a40, 0xa73a1d5c]
Event: 0,611 Thread 0x62da4800 nmethod 596 0xa73a0dc8 code [0xa73a0f60, 0xa73a1638]
Event: 0,612 Thread 0x62da2c00 nmethod 597 0xa739f548 code [0xa739f6a0, 0xa739fa1c]

GC Heap History (2 events):
Event: 0,604 GC heap before
{Heap before GC invocations=1 (full 0):
 PSYoungGen      total 19200K, used 16560K [0x918c0000, 0x92e00000, 0xa6e00000)
  eden space 16640K, 99% used [0x918c0000,0x928ec390,0x92900000)
  from space 2560K, 0% used [0x92b80000,0x92b80000,0x92e00000)
  to   space 2560K, 0% used [0x92900000,0x92900000,0x92b80000)
 ParOldGen       total 43776K, used 0K [0x66e00000, 0x698c0000, 0x918c0000)
  object space 43776K, 0% used [0x66e00000,0x66e00000,0x698c0000)
 Metaspace       used 5069K, capacity 5364K, committed 5400K, reserved 5424K
Event: 0,607 GC heap after
Heap after GC invocations=1 (full 0):
 PSYoungGen      total 19200K, used 2546K [0x918c0000, 0x92e00000, 0xa6e00000)
  eden space 16640K, 0% used [0x918c0000,0x918c0000,0x92900000)
  from space 2560K, 99% used [0x92900000,0x92b7c910,0x92b80000)
  to   space 2560K, 0% used [0x92b80000,0x92b80000,0x92e00000)
 ParOldGen       total 43776K, used 3588K [0x66e00000, 0x698c0000, 0x918c0000)
  object space 43776K, 8% used [0x66e00000,0x671813a0,0x698c0000)
 Metaspace       used 5069K, capacity 5364K, committed 5400K, reserved 5424K
}

Deoptimization events (3 events):
Event: 0,146 Thread 0xb650b000 Uncommon trap: reason=unstable_if action=reinterpret pc=0xa728a540 method=java.lang.String.hashCode()I @ 14
Event: 0,457 Thread 0x5bb77000 Uncommon trap: reason=unstable_if action=reinterpret pc=0xa73028d0 method=java.lang.String.replace(CC)Ljava/lang/String; @ 2
Event: 0,584 Thread 0x5bb77000 Uncommon trap: reason=unstable_if action=reinterpret pc=0xa739762c method=com.sun.javafx.image.impl.BaseByteToByteConverter$FourByteReorderer.doConvert([BII[BIIII)V @ 31

Classes redefined (2 events):
Event: 585,203 Thread 0x62d70800 redefined class name=cartas.Carta, count=1
Event: 822,597 Thread 0x62d70800 redefined class name=vista.Algooh, count=1

Internal exceptions (10 events):
Event: 0,021 Thread 0xb650b000 Exception <a 'java/lang/NoSuchMethodError': Method sun.misc.Unsafe.prefetchRead(Ljava/lang/Object;J)V name or signature does not match> (0x918c7170) thrown at [/HUDSON/workspace/8-2-build-linux-i586/jdk8u171/10807/hotspot/src/share/vm/prims/jni.cpp, line 
Event: 0,143 Thread 0xb650b000 Exception <a 'java/security/PrivilegedActionException'> (0x91aafe88) thrown at [/HUDSON/workspace/8-2-build-linux-i586/jdk8u171/10807/hotspot/src/share/vm/prims/jvm.cpp, line 1435]
Event: 0,143 Thread 0xb650b000 Exception <a 'java/security/PrivilegedActionException'> (0x91ab0088) thrown at [/HUDSON/workspace/8-2-build-linux-i586/jdk8u171/10807/hotspot/src/share/vm/prims/jvm.cpp, line 1435]
Event: 0,189 Thread 0xb650b000 Exception <a 'java/lang/NoSuchFieldError': method resolution failed> (0x91bd2328) thrown at [/HUDSON/workspace/8-2-build-linux-i586/jdk8u171/10807/hotspot/src/share/vm/prims/methodHandles.cpp, line 1167]
Event: 0,193 Thread 0xb650b000 Exception <a 'java/lang/NoSuchFieldError': method resolution failed> (0x91bde478) thrown at [/HUDSON/workspace/8-2-build-linux-i586/jdk8u171/10807/hotspot/src/share/vm/prims/methodHandles.cpp, line 1167]
Event: 0,209 Thread 0xb650b000 Exception <a 'java/security/PrivilegedActionException'> (0x91c5b4c8) thrown at [/HUDSON/workspace/8-2-build-linux-i586/jdk8u171/10807/hotspot/src/share/vm/prims/jvm.cpp, line 1435]
Event: 0,209 Thread 0xb650b000 Exception <a 'java/security/PrivilegedActionException'> (0x91c5b6c8) thrown at [/HUDSON/workspace/8-2-build-linux-i586/jdk8u171/10807/hotspot/src/share/vm/prims/jvm.cpp, line 1435]
Event: 0,209 Thread 0xb650b000 Exception <a 'java/security/PrivilegedActionException'> (0x91c5d8d0) thrown at [/HUDSON/workspace/8-2-build-linux-i586/jdk8u171/10807/hotspot/src/share/vm/prims/jvm.cpp, line 1435]
Event: 0,209 Thread 0xb650b000 Exception <a 'java/security/PrivilegedActionException'> (0x91c5dad0) thrown at [/HUDSON/workspace/8-2-build-linux-i586/jdk8u171/10807/hotspot/src/share/vm/prims/jvm.cpp, line 1435]
Event: 0,210 Thread 0xb650b000 Exception <a 'java/lang/NullPointerException'> (0x91c5e038) thrown at [/HUDSON/workspace/8-2-build-linux-i586/jdk8u171/10807/hotspot/src/share/vm/interpreter/linkResolver.cpp, line 1185]

Events (10 events):
Event: 822,866 Executing VM operation: GetOwnedMonitorInfo
Event: 822,866 Executing VM operation: GetOwnedMonitorInfo done
Event: 822,867 Executing VM operation: GetCurrentContendedMonitor
Event: 822,867 Executing VM operation: GetCurrentContendedMonitor done
Event: 841,782 Executing VM operation: GetCurrentLocation
Event: 841,782 Executing VM operation: GetCurrentLocation done
Event: 841,782 Executing VM operation: EnterInterpOnlyMode
Event: 841,782 Executing VM operation: EnterInterpOnlyMode done
Event: 841,782 Executing VM operation: ChangeSingleStep
Event: 841,782 Executing VM operation: ChangeSingleStep done


Dynamic libraries:
08048000-08049000 r-xp 00000000 08:11 22815194   /usr/lib/jvm/java-8-oracle/bin/java
08049000-0804a000 rw-p 00000000 08:11 22815194   /usr/lib/jvm/java-8-oracle/bin/java
097ab000-097cc000 rw-p 00000000 00:00 0          [heap]
5b3a9000-5b5ff000 rw-p 00000000 00:00 0 
5b5ff000-5b634000 r-xp 00000000 08:11 22815501   /usr/lib/jvm/java-8-oracle/jre/lib/i386/libjavafx_iio.so
5b634000-5b635000 rw-p 00034000 08:11 22815501   /usr/lib/jvm/java-8-oracle/jre/lib/i386/libjavafx_iio.so
5b635000-5b735000 rw-p 00000000 00:00 0 
5b735000-5b738000 ---p 00000000 00:00 0 
5b738000-5b786000 rw-p 00000000 00:00 0 
5b786000-5b806000 rw-s 12855a000 00:06 340       /dev/dri/card0
5b806000-5b809000 ---p 00000000 00:00 0 
5b809000-5b857000 rw-p 00000000 00:00 0 
5b857000-5b85a000 ---p 00000000 00:00 0 
5b85a000-5b8a8000 rw-p 00000000 00:00 0 
5b8a8000-5b8e4000 r-xp 00000000 08:11 22812352   /usr/lib/i386-linux-gnu/gtk-2.0/2.10.0/engines/libmurrine.so
5b8e4000-5b8e5000 r--p 0003b000 08:11 22812352   /usr/lib/i386-linux-gnu/gtk-2.0/2.10.0/engines/libmurrine.so
5b8e5000-5b8e6000 rw-p 0003c000 08:11 22812352   /usr/lib/i386-linux-gnu/gtk-2.0/2.10.0/engines/libmurrine.so
5b8e6000-5b8ed000 r-xp 00000000 08:11 22810606   /usr/lib/i386-linux-gnu/libogg.so.0.8.2
5b8ed000-5b8ee000 r--p 00006000 08:11 22810606   /usr/lib/i386-linux-gnu/libogg.so.0.8.2
5b8ee000-5b8ef000 rw-p 00007000 08:11 22810606   /usr/lib/i386-linux-gnu/libogg.so.0.8.2
5b8ef000-5b919000 r-xp 00000000 08:11 22809794   /usr/lib/i386-linux-gnu/libvorbis.so.0.4.8
5b919000-5b91a000 r--p 00029000 08:11 22809794   /usr/lib/i386-linux-gnu/libvorbis.so.0.4.8
5b91a000-5b91b000 rw-p 0002a000 08:11 22809794   /usr/lib/i386-linux-gnu/libvorbis.so.0.4.8
5b91b000-5b924000 r-xp 00000000 08:11 22810457   /usr/lib/i386-linux-gnu/libltdl.so.7.3.1
5b924000-5b925000 ---p 00009000 08:11 22810457   /usr/lib/i386-linux-gnu/libltdl.so.7.3.1
5b925000-5b926000 r--p 00009000 08:11 22810457   /usr/lib/i386-linux-gnu/libltdl.so.7.3.1
5b926000-5b927000 rw-p 0000a000 08:11 22810457   /usr/lib/i386-linux-gnu/libltdl.so.7.3.1
5b927000-5b93e000 r-xp 00000000 08:11 22810869   /usr/lib/i386-linux-gnu/libtdb.so.1.3.8
5b93e000-5b93f000 r--p 00016000 08:11 22810869   /usr/lib/i386-linux-gnu/libtdb.so.1.3.8
5b93f000-5b940000 rw-p 00017000 08:11 22810869   /usr/lib/i386-linux-gnu/libtdb.so.1.3.8
5b940000-5b951000 r-xp 00000000 08:11 22809869   /usr/lib/i386-linux-gnu/libcanberra.so.0.2.5
5b951000-5b952000 r--p 00010000 08:11 22809869   /usr/lib/i386-linux-gnu/libcanberra.so.0.2.5
5b952000-5b953000 rw-p 00011000 08:11 22809869   /usr/lib/i386-linux-gnu/libcanberra.so.0.2.5
5b953000-5b967000 r-xp 00000000 08:11 29361499   /lib/i386-linux-gnu/libgpg-error.so.0.17.0
5b967000-5b968000 r--p 00013000 08:11 29361499   /lib/i386-linux-gnu/libgpg-error.so.0.17.0
5b968000-5b969000 rw-p 00014000 08:11 29361499   /lib/i386-linux-gnu/libgpg-error.so.0.17.0
5b969000-5ba14000 r-xp 00000000 08:11 29360996   /lib/i386-linux-gnu/libgcrypt.so.20.0.5
5ba14000-5ba15000 r--p 000aa000 08:11 29360996   /lib/i386-linux-gnu/libgcrypt.so.20.0.5
5ba15000-5ba18000 rw-p 000ab000 08:11 29360996   /lib/i386-linux-gnu/libgcrypt.so.20.0.5
5ba18000-5baa3000 r-xp 00000000 08:11 29361647   /lib/i386-linux-gnu/libsystemd.so.0.14.0
5baa3000-5baa5000 r--p 0008a000 08:11 29361647   /lib/i386-linux-gnu/libsystemd.so.0.14.0
5baa5000-5baa6000 rw-p 0008c000 08:11 29361647   /lib/i386-linux-gnu/libsystemd.so.0.14.0
5baa6000-5bafd000 r-xp 00000000 08:11 29361450   /lib/i386-linux-gnu/libdbus-1.so.3.14.6
5bafd000-5bafe000 ---p 00057000 08:11 29361450   /lib/i386-linux-gnu/libdbus-1.so.3.14.6
5bafe000-5baff000 r--p 00057000 08:11 29361450   /lib/i386-linux-gnu/libdbus-1.so.3.14.6
5baff000-5bb00000 rw-p 00058000 08:11 29361450   /lib/i386-linux-gnu/libdbus-1.so.3.14.6
5bb00000-5bb84000 rw-p 00000000 00:00 0 
5bb84000-5bc00000 ---p 00000000 00:00 0 
5bc02000-5bc26000 r-xp 00000000 08:11 29361522   /lib/i386-linux-gnu/liblzma.so.5.0.0
5bc26000-5bc27000 r--p 00023000 08:11 29361522   /lib/i386-linux-gnu/liblzma.so.5.0.0
5bc27000-5bc28000 rw-p 00024000 08:11 29361522   /lib/i386-linux-gnu/liblzma.so.5.0.0
5bc28000-5bc56000 r-xp 00000000 08:11 22809796   /usr/lib/i386-linux-gnu/libatspi.so.0.0.1
5bc56000-5bc58000 r--p 0002d000 08:11 22809796   /usr/lib/i386-linux-gnu/libatspi.so.0.0.1
5bc58000-5bc59000 rw-p 0002f000 08:11 22809796   /usr/lib/i386-linux-gnu/libatspi.so.0.0.1
5bc59000-5bc8a000 r-xp 00000000 08:11 22809788   /usr/lib/i386-linux-gnu/libatk-bridge-2.0.so.0.0.0
5bc8a000-5bc8b000 r--p 00030000 08:11 22809788   /usr/lib/i386-linux-gnu/libatk-bridge-2.0.so.0.0.0
5bc8b000-5bc8c000 rw-p 00031000 08:11 22809788   /usr/lib/i386-linux-gnu/libatk-bridge-2.0.so.0.0.0
5bc8c000-5bc8d000 rw-p 00000000 00:00 0 
5bc94000-5bc98000 r-xp 00000000 08:11 22808558   /usr/lib/libtopmenu-client-gtk2.so.0.0.0
5bc98000-5bc99000 r--p 00003000 08:11 22808558   /usr/lib/libtopmenu-client-gtk2.so.0.0.0
5bc99000-5bc9a000 rw-p 00004000 08:11 22808558   /usr/lib/libtopmenu-client-gtk2.so.0.0.0
5bc9a000-5bca2000 r-xp 00000000 08:11 22812486   /usr/lib/i386-linux-gnu/gtk-2.0/modules/libtopmenu-gtk-module.so
5bca2000-5bca3000 r--p 00007000 08:11 22812486   /usr/lib/i386-linux-gnu/gtk-2.0/modules/libtopmenu-gtk-module.so
5bca3000-5bca4000 rw-p 00008000 08:11 22812486   /usr/lib/i386-linux-gnu/gtk-2.0/modules/libtopmenu-gtk-module.so
5bca4000-5bcfe000 r-xp 00000000 08:11 22809406   /usr/lib/i386-linux-gnu/gtk-2.0/modules/libgail.so
5bcfe000-5bcff000 r--p 00059000 08:11 22809406   /usr/lib/i386-linux-gnu/gtk-2.0/modules/libgail.so
5bcff000-5bd00000 rw-p 0005a000 08:11 22809406   /usr/lib/i386-linux-gnu/gtk-2.0/modules/libgail.so
5bd00000-5bd92000 rw-p 00000000 00:00 0 
5bd92000-5be00000 ---p 00000000 00:00 0 
5be03000-5be0c000 r-xp 00000000 08:11 22807438   /usr/lib/i386-linux-gnu/libvorbisfile.so.3.3.7
5be0c000-5be0d000 r--p 00008000 08:11 22807438   /usr/lib/i386-linux-gnu/libvorbisfile.so.3.3.7
5be0d000-5be0e000 rw-p 00009000 08:11 22807438   /usr/lib/i386-linux-gnu/libvorbisfile.so.3.3.7
5be0e000-5be12000 r-xp 00000000 08:11 22809865   /usr/lib/i386-linux-gnu/libcanberra-gtk.so.0.1.9
5be12000-5be13000 r--p 00003000 08:11 22809865   /usr/lib/i386-linux-gnu/libcanberra-gtk.so.0.1.9
5be13000-5be14000 rw-p 00004000 08:11 22809865   /usr/lib/i386-linux-gnu/libcanberra-gtk.so.0.1.9
5be14000-5be38000 r-xp 00000000 08:11 22815495   /usr/lib/jvm/java-8-oracle/jre/lib/i386/libglass.so
5be38000-5be3a000 rw-p 00024000 08:11 22815495   /usr/lib/jvm/java-8-oracle/jre/lib/i386/libglass.so
5be3a000-5beba000 rw-s 1260f9000 00:06 340       /dev/dri/card0
5beba000-5beef000 r-xp 00000000 08:11 22810900   /usr/lib/i386-linux-gnu/libtxc_dxtn_s2tc.so.0.0.0
5beef000-5bef0000 r--p 00034000 08:11 22810900   /usr/lib/i386-linux-gnu/libtxc_dxtn_s2tc.so.0.0.0
5bef0000-5bef1000 rw-p 00035000 08:11 22810900   /usr/lib/i386-linux-gnu/libtxc_dxtn_s2tc.so.0.0.0
5bef1000-5bef2000 ---p 00000000 00:00 0 
5bef2000-5c6f2000 rw-p 00000000 00:00 0 
5c6f2000-5c833000 rw-s 00000000 08:11 18092007   /home/axel/.cache/mesa/index
5c833000-5c84d000 r-xp 00000000 08:11 29361453   /lib/i386-linux-gnu/libbsd.so.0.8.2
5c84d000-5c84e000 r--p 00019000 08:11 29361453   /lib/i386-linux-gnu/libbsd.so.0.8.2
5c84e000-5c84f000 rw-p 0001a000 08:11 29361453   /lib/i386-linux-gnu/libbsd.so.0.8.2
5c84f000-5c86f000 r-xp 00000000 08:11 29361623   /lib/i386-linux-gnu/libtinfo.so.5.9
5c86f000-5c871000 r--p 0001f000 08:11 29361623   /lib/i386-linux-gnu/libtinfo.so.5.9
5c871000-5c872000 rw-p 00021000 08:11 29361623   /lib/i386-linux-gnu/libtinfo.so.5.9
5c872000-5c8a4000 r-xp 00000000 08:11 22810039   /usr/lib/i386-linux-gnu/libedit.so.2.0.53
5c8a4000-5c8a5000 ---p 00032000 08:11 22810039   /usr/lib/i386-linux-gnu/libedit.so.2.0.53
5c8a5000-5c8a6000 r--p 00032000 08:11 22810039   /usr/lib/i386-linux-gnu/libedit.so.2.0.53
5c8a6000-5c8a7000 rw-p 00033000 08:11 22810039   /usr/lib/i386-linux-gnu/libedit.so.2.0.53
5c8a7000-5c8a9000 rw-p 00000000 00:00 0 
5c8a9000-5ff9d000 r-xp 00000000 08:11 22811575   /usr/lib/i386-linux-gnu/libLLVM-5.0.so.1
5ff9d000-601f7000 r--p 036f3000 08:11 22811575   /usr/lib/i386-linux-gnu/libLLVM-5.0.so.1
601f7000-60264000 rw-p 0394d000 08:11 22811575   /usr/lib/i386-linux-gnu/libLLVM-5.0.so.1
60264000-6029c000 rw-p 00000000 00:00 0 
6029c000-602b6000 r-xp 00000000 08:11 22808162   /usr/lib/i386-linux-gnu/libelf-0.165.so
602b6000-602b7000 r--p 00019000 08:11 22808162   /usr/lib/i386-linux-gnu/libelf-0.165.so
602b7000-602b8000 rw-p 0001a000 08:11 22808162   /usr/lib/i386-linux-gnu/libelf-0.165.so
602b8000-602c2000 r-xp 00000000 08:11 22806656   /usr/lib/i386-linux-gnu/libdrm_amdgpu.so.1.0.0
602c2000-602c3000 r--p 00009000 08:11 22806656   /usr/lib/i386-linux-gnu/libdrm_amdgpu.so.1.0.0
602c3000-602c4000 rw-p 0000a000 08:11 22806656   /usr/lib/i386-linux-gnu/libdrm_amdgpu.so.1.0.0
602c4000-602d0000 r-xp 00000000 08:11 22810011   /usr/lib/i386-linux-gnu/libdrm_radeon.so.1.0.1
602d0000-602d1000 r--p 0000b000 08:11 22810011   /usr/lib/i386-linux-gnu/libdrm_radeon.so.1.0.1
602d1000-602d2000 rw-p 0000c000 08:11 22810011   /usr/lib/i386-linux-gnu/libdrm_radeon.so.1.0.1
602d2000-602da000 r-xp 00000000 08:11 22810008   /usr/lib/i386-linux-gnu/libdrm_nouveau.so.2.0.0
602da000-602db000 r--p 00007000 08:11 22810008   /usr/lib/i386-linux-gnu/libdrm_nouveau.so.2.0.0
602db000-602dc000 rw-p 00008000 08:11 22810008   /usr/lib/i386-linux-gnu/libdrm_nouveau.so.2.0.0
602dc000-602ea000 r-xp 00000000 08:11 22810789   /usr/lib/i386-linux-gnu/libsensors.so.4.4.0
602ea000-602eb000 r--p 0000d000 08:11 22810789   /usr/lib/i386-linux-gnu/libsensors.so.4.4.0
602eb000-602ec000 rw-p 0000e000 08:11 22810789   /usr/lib/i386-linux-gnu/libsensors.so.4.4.0
602ec000-60e1b000 r-xp 00000000 08:11 22811577   /usr/lib/i386-linux-gnu/dri/nouveau_dri.so
60e1b000-60e44000 r--p 00b2e000 08:11 22811577   /usr/lib/i386-linux-gnu/dri/nouveau_dri.so
60e44000-60e4a000 rw-p 00b57000 08:11 22811577   /usr/lib/i386-linux-gnu/dri/nouveau_dri.so
60e4a000-6103f000 rw-p 00000000 00:00 0 
6103f000-61046000 r-xp 00000000 08:11 22809953   /usr/lib/i386-linux-gnu/libdatrie.so.1.3.3
61046000-61047000 ---p 00007000 08:11 22809953   /usr/lib/i386-linux-gnu/libdatrie.so.1.3.3
61047000-61048000 r--p 00007000 08:11 22809953   /usr/lib/i386-linux-gnu/libdatrie.so.1.3.3
61048000-61049000 rw-p 00008000 08:11 22809953   /usr/lib/i386-linux-gnu/libdatrie.so.1.3.3
61049000-6104e000 r-xp 00000000 08:11 22809699   /usr/lib/i386-linux-gnu/libXdmcp.so.6.0.0
6104e000-6104f000 r--p 00004000 08:11 22809699   /usr/lib/i386-linux-gnu/libXdmcp.so.6.0.0
6104f000-61050000 rw-p 00005000 08:11 22809699   /usr/lib/i386-linux-gnu/libXdmcp.so.6.0.0
61050000-61052000 r-xp 00000000 08:11 22809688   /usr/lib/i386-linux-gnu/libXau.so.6.0.0
61052000-61053000 r--p 00001000 08:11 22809688   /usr/lib/i386-linux-gnu/libXau.so.6.0.0
61053000-61054000 rw-p 00002000 08:11 22809688   /usr/lib/i386-linux-gnu/libXau.so.6.0.0
61054000-61079000 r-xp 00000000 08:11 22807269   /usr/lib/i386-linux-gnu/libgraphite2.so.3.0.1
61079000-6107a000 ---p 00025000 08:11 22807269   /usr/lib/i386-linux-gnu/libgraphite2.so.3.0.1
6107a000-6107b000 r--p 00025000 08:11 22807269   /usr/lib/i386-linux-gnu/libgraphite2.so.3.0.1
6107b000-6107c000 rw-p 00026000 08:11 22807269   /usr/lib/i386-linux-gnu/libgraphite2.so.3.0.1
6107c000-6108e000 r-xp 00000000 08:11 22813181   /usr/lib/i386-linux-gnu/libdrm.so.2.4.0
6108e000-6108f000 r--p 00011000 08:11 22813181   /usr/lib/i386-linux-gnu/libdrm.so.2.4.0
6108f000-61090000 rw-p 00012000 08:11 22813181   /usr/lib/i386-linux-gnu/libdrm.so.2.4.0
61090000-61094000 r-xp 00000000 08:11 22811050   /usr/lib/i386-linux-gnu/libxcb-dri2.so.0.0.0
61094000-61095000 r--p 00003000 08:11 22811050   /usr/lib/i386-linux-gnu/libxcb-dri2.so.0.0.0
61095000-61096000 rw-p 00004000 08:11 22811050   /usr/lib/i386-linux-gnu/libxcb-dri2.so.0.0.0
61096000-610ae000 r-xp 00000000 08:11 22811054   /usr/lib/i386-linux-gnu/libxcb-glx.so.0.0.0
610ae000-610af000 ---p 00018000 08:11 22811054   /usr/lib/i386-linux-gnu/libxcb-glx.so.0.0.0
610af000-610b0000 r--p 00018000 08:11 22811054   /usr/lib/i386-linux-gnu/libxcb-glx.so.0.0.0
610b0000-610b1000 rw-p 00019000 08:11 22811054   /usr/lib/i386-linux-gnu/libxcb-glx.so.0.0.0
610b1000-610b2000 r-xp 00000000 08:11 22809682   /usr/lib/i386-linux-gnu/libX11-xcb.so.1.0.0
610b2000-610b3000 r--p 00000000 08:11 22809682   /usr/lib/i386-linux-gnu/libX11-xcb.so.1.0.0
610b3000-610b4000 rw-p 00001000 08:11 22809682   /usr/lib/i386-linux-gnu/libX11-xcb.so.1.0.0
610b4000-610c8000 r-xp 00000000 08:11 22807298   /usr/lib/i386-linux-gnu/libglapi.so.0.0.0
610c8000-610c9000 ---p 00014000 08:11 22807298   /usr/lib/i386-linux-gnu/libglapi.so.0.0.0
610c9000-610cb000 r--p 00014000 08:11 22807298   /usr/lib/i386-linux-gnu/libglapi.so.0.0.0
610cb000-610d1000 rwxp 00016000 08:11 22807298   /usr/lib/i386-linux-gnu/libglapi.so.0.0.0
610d1000-610d2000 rwxp 00000000 00:00 0 
610d2000-61145000 r-xp 00000000 08:11 29361580   /lib/i386-linux-gnu/libpcre.so.3.13.2
61145000-61146000 r--p 00072000 08:11 29361580   /lib/i386-linux-gnu/libpcre.so.3.13.2
61146000-61147000 rw-p 00073000 08:11 29361580   /lib/i386-linux-gnu/libpcre.so.3.13.2
61147000-6116d000 r-xp 00000000 08:11 29361437   /lib/i386-linux-gnu/libexpat.so.1.6.0
6116d000-6116e000 ---p 00026000 08:11 29361437   /lib/i386-linux-gnu/libexpat.so.1.6.0
6116e000-61170000 r--p 00026000 08:11 29361437   /lib/i386-linux-gnu/libexpat.so.1.6.0
61170000-61171000 rw-p 00028000 08:11 29361437   /lib/i386-linux-gnu/libexpat.so.1.6.0
61171000-61195000 r-xp 00000000 08:11 22811084   /usr/lib/i386-linux-gnu/libxcb.so.1.1.0
61195000-61196000 r--p 00023000 08:11 22811084   /usr/lib/i386-linux-gnu/libxcb.so.1.1.0
61196000-61197000 rw-p 00024000 08:11 22811084   /usr/lib/i386-linux-gnu/libxcb.so.1.1.0
61197000-611c0000 r-xp 00000000 08:11 29361592   /lib/i386-linux-gnu/libpng12.so.0.54.0
611c0000-611c1000 r--p 00028000 08:11 29361592   /lib/i386-linux-gnu/libpng12.so.0.54.0
611c1000-611c2000 rw-p 00029000 08:11 29361592   /lib/i386-linux-gnu/libpng12.so.0.54.0
611c2000-6126b000 r-xp 00000000 08:11 22810669   /usr/lib/i386-linux-gnu/libpixman-1.so.0.33.6
6126b000-61271000 r--p 000a8000 08:11 22810669   /usr/lib/i386-linux-gnu/libpixman-1.so.0.33.6
61271000-61272000 rw-p 000ae000 08:11 22810669   /usr/lib/i386-linux-gnu/libpixman-1.so.0.33.6
61272000-612d4000 r-xp 00000000 08:11 22810258   /usr/lib/i386-linux-gnu/libharfbuzz.so.0.10000.1
612d4000-612d5000 r--p 00061000 08:11 22810258   /usr/lib/i386-linux-gnu/libharfbuzz.so.0.10000.1
612d5000-612d6000 rw-p 00062000 08:11 22810258   /usr/lib/i386-linux-gnu/libharfbuzz.so.0.10000.1
612d6000-612f8000 r-xp 00000000 08:11 29361609   /lib/i386-linux-gnu/libselinux.so.1
612f8000-612f9000 ---p 00022000 08:11 29361609   /lib/i386-linux-gnu/libselinux.so.1
612f9000-612fa000 r--p 00022000 08:11 29361609   /lib/i386-linux-gnu/libselinux.so.1
612fa000-612fb000 rw-p 00023000 08:11 29361609   /lib/i386-linux-gnu/libselinux.so.1
612fb000-612fc000 rw-p 00000000 00:00 0 
612fc000-61469000 r-xp 00000000 08:11 22809828   /usr/lib/i386-linux-gnu/libstdc++.so.6.0.21
61469000-6146a000 ---p 0016d000 08:11 22809828   /usr/lib/i386-linux-gnu/libstdc++.so.6.0.21
6146a000-6146f000 r--p 0016d000 08:11 22809828   /usr/lib/i386-linux-gnu/libstdc++.so.6.0.21
6146f000-61470000 rw-p 00172000 08:11 22809828   /usr/lib/i386-linux-gnu/libstdc++.so.6.0.21
61470000-61473000 rw-p 00000000 00:00 0 
61473000-614dc000 r-xp 00000000 08:11 22809926   /usr/lib/i386-linux-gnu/mesa/libGL.so.1.2.0
614dc000-614de000 r--p 00068000 08:11 22809926   /usr/lib/i386-linux-gnu/mesa/libGL.so.1.2.0
614de000-614e3000 rwxp 0006a000 08:11 22809926   /usr/lib/i386-linux-gnu/mesa/libGL.so.1.2.0
614e3000-61629000 r-xp 00000000 08:11 22809684   /usr/lib/i386-linux-gnu/libX11.so.6.3.0
61629000-6162a000 ---p 00146000 08:11 22809684   /usr/lib/i386-linux-gnu/libX11.so.6.3.0
6162a000-6162b000 r--p 00146000 08:11 22809684   /usr/lib/i386-linux-gnu/libX11.so.6.3.0
6162b000-6162d000 rw-p 00147000 08:11 22809684   /usr/lib/i386-linux-gnu/libX11.so.6.3.0
6162d000-6162e000 rw-p 00000000 00:00 0 
6162e000-61755000 r-xp 00000000 08:11 29361563   /lib/i386-linux-gnu/libglib-2.0.so.0.4800.2
61755000-61756000 r--p 00126000 08:11 29361563   /lib/i386-linux-gnu/libglib-2.0.so.0.4800.2
61756000-61757000 rw-p 00127000 08:11 29361563   /lib/i386-linux-gnu/libglib-2.0.so.0.4800.2
61757000-617b3000 r-xp 00000000 08:11 22806997   /usr/lib/i386-linux-gnu/libgobject-2.0.so.0.4800.2
617b3000-617b4000 ---p 0005c000 08:11 22806997   /usr/lib/i386-linux-gnu/libgobject-2.0.so.0.4800.2
617b4000-617b5000 r--p 0005c000 08:11 22806997   /usr/lib/i386-linux-gnu/libgobject-2.0.so.0.4800.2
617b5000-617b6000 rw-p 0005d000 08:11 22806997   /usr/lib/i386-linux-gnu/libgobject-2.0.so.0.4800.2
617b6000-617f8000 r-xp 00000000 08:11 22810218   /usr/lib/i386-linux-gnu/libfontconfig.so.1.9.0
617f8000-617f9000 ---p 00042000 08:11 22810218   /usr/lib/i386-linux-gnu/libfontconfig.so.1.9.0
617f9000-617fa000 r--p 00042000 08:11 22810218   /usr/lib/i386-linux-gnu/libfontconfig.so.1.9.0
617fa000-617ff000 rw-p 00043000 08:11 22810218   /usr/lib/i386-linux-gnu/libfontconfig.so.1.9.0
617ff000-618aa000 r-xp 00000000 08:11 22807770   /usr/lib/i386-linux-gnu/libfreetype.so.6.12.1
618aa000-618ae000 r--p 000aa000 08:11 22807770   /usr/lib/i386-linux-gnu/libfreetype.so.6.12.1
618ae000-618af000 rw-p 000ae000 08:11 22807770   /usr/lib/i386-linux-gnu/libfreetype.so.6.12.1
618af000-618fd000 r-xp 00000000 08:11 22810639   /usr/lib/i386-linux-gnu/libpango-1.0.so.0.3800.1
618fd000-618fe000 ---p 0004e000 08:11 22810639   /usr/lib/i386-linux-gnu/libpango-1.0.so.0.3800.1
618fe000-618ff000 r--p 0004e000 08:11 22810639   /usr/lib/i386-linux-gnu/libpango-1.0.so.0.3800.1
618ff000-61900000 rw-p 0004f000 08:11 22810639   /usr/lib/i386-linux-gnu/libpango-1.0.so.0.3800.1
61900000-61a3d000 r-xp 00000000 08:11 22809857   /usr/lib/i386-linux-gnu/libcairo.so.2.11400.6
61a3d000-61a3f000 r--p 0013c000 08:11 22809857   /usr/lib/i386-linux-gnu/libcairo.so.2.11400.6
61a3f000-61a40000 rw-p 0013e000 08:11 22809857   /usr/lib/i386-linux-gnu/libcairo.so.2.11400.6
61a40000-61a41000 rw-p 00000000 00:00 0 
61a41000-61c05000 r-xp 00000000 08:11 22807027   /usr/lib/i386-linux-gnu/libgio-2.0.so.0.4800.2
61c05000-61c06000 ---p 001c4000 08:11 22807027   /usr/lib/i386-linux-gnu/libgio-2.0.so.0.4800.2
61c06000-61c08000 r--p 001c4000 08:11 22807027   /usr/lib/i386-linux-gnu/libgio-2.0.so.0.4800.2
61c08000-61c09000 rw-p 001c6000 08:11 22807027   /usr/lib/i386-linux-gnu/libgio-2.0.so.0.4800.2
61c09000-61c0a000 rw-p 00000000 00:00 0 
61c0a000-620f7000 r-xp 00000000 08:11 22809410   /usr/lib/i386-linux-gnu/libgtk-x11-2.0.so.0.2400.30
620f7000-620f8000 ---p 004ed000 08:11 22809410   /usr/lib/i386-linux-gnu/libgtk-x11-2.0.so.0.2400.30
620f8000-620fc000 r--p 004ed000 08:11 22809410   /usr/lib/i386-linux-gnu/libgtk-x11-2.0.so.0.2400.30
620fc000-620fe000 rw-p 004f1000 08:11 22809410   /usr/lib/i386-linux-gnu/libgtk-x11-2.0.so.0.2400.30
620fe000-62100000 rw-p 00000000 00:00 0 
62100000-62122000 rw-p 00000000 00:00 0 
62122000-62200000 ---p 00000000 00:00 0 
62201000-62202000 r-xp 00000000 08:11 22811096   /usr/lib/i386-linux-gnu/libxshmfence.so.1.0.0
62202000-62203000 r--p 00000000 08:11 22811096   /usr/lib/i386-linux-gnu/libxshmfence.so.1.0.0
62203000-62204000 rw-p 00001000 08:11 22811096   /usr/lib/i386-linux-gnu/libxshmfence.so.1.0.0
62204000-62209000 r-xp 00000000 08:11 22811074   /usr/lib/i386-linux-gnu/libxcb-sync.so.1.0.0
62209000-6220a000 ---p 00005000 08:11 22811074   /usr/lib/i386-linux-gnu/libxcb-sync.so.1.0.0
6220a000-6220b000 r--p 00005000 08:11 22811074   /usr/lib/i386-linux-gnu/libxcb-sync.so.1.0.0
6220b000-6220c000 rw-p 00006000 08:11 22811074   /usr/lib/i386-linux-gnu/libxcb-sync.so.1.0.0
6220c000-62220000 r-xp 00000000 08:11 29365520   /lib/i386-linux-gnu/libresolv-2.23.so
62220000-62221000 ---p 00014000 08:11 29365520   /lib/i386-linux-gnu/libresolv-2.23.so
62221000-62222000 r--p 00014000 08:11 29365520   /lib/i386-linux-gnu/libresolv-2.23.so
62222000-62223000 rw-p 00015000 08:11 29365520   /lib/i386-linux-gnu/libresolv-2.23.so
62223000-62225000 rw-p 00000000 00:00 0 
62225000-6223e000 r-xp 00000000 08:11 29361431   /lib/i386-linux-gnu/libz.so.1.2.8
6223e000-6223f000 r--p 00018000 08:11 29361431   /lib/i386-linux-gnu/libz.so.1.2.8
6223f000-62240000 rw-p 00019000 08:11 29361431   /lib/i386-linux-gnu/libz.so.1.2.8
62240000-622fd000 r-xp 00000000 08:11 22809409   /usr/lib/i386-linux-gnu/libgdk-x11-2.0.so.0.2400.30
622fd000-622ff000 r--p 000bc000 08:11 22809409   /usr/lib/i386-linux-gnu/libgdk-x11-2.0.so.0.2400.30
622ff000-62300000 rw-p 000be000 08:11 22809409   /usr/lib/i386-linux-gnu/libgdk-x11-2.0.so.0.2400.30
62300000-623fe000 rw-p 00000000 00:00 0 
623fe000-62400000 ---p 00000000 00:00 0 
62402000-62409000 r-xp 00000000 08:11 22810089   /usr/lib/i386-linux-gnu/libffi.so.6.0.4
62409000-6240a000 r--p 00006000 08:11 22810089   /usr/lib/i386-linux-gnu/libffi.so.6.0.4
6240a000-6240b000 rw-p 00007000 08:11 22810089   /usr/lib/i386-linux-gnu/libffi.so.6.0.4
6240b000-62414000 r-xp 00000000 08:11 22810875   /usr/lib/i386-linux-gnu/libthai.so.0.2.4
62414000-62415000 r--p 00008000 08:11 22810875   /usr/lib/i386-linux-gnu/libthai.so.0.2.4
62415000-62416000 rw-p 00009000 08:11 22810875   /usr/lib/i386-linux-gnu/libthai.so.0.2.4
62416000-62419000 ---p 00000000 00:00 0 
62419000-62467000 rw-p 00000000 00:00 0 
62467000-624fc000 r--s 0110b000 08:11 22815526   /usr/lib/jvm/java-8-oracle/jre/lib/ext/jfxrt.jar
624fc000-624fd000 ---p 00000000 00:00 0 
624fd000-6257d000 rw-p 00000000 00:00 0 
6257d000-62580000 ---p 00000000 00:00 0 
62580000-625fe000 rw-p 00000000 00:00 0 
625fe000-62601000 ---p 00000000 00:00 0 
62601000-6267f000 rw-p 00000000 00:00 0 
6267f000-62682000 ---p 00000000 00:00 0 
62682000-62700000 rw-p 00000000 00:00 0 
62700000-627fd000 rw-p 00000000 00:00 0 
627fd000-62800000 ---p 00000000 00:00 0 
62802000-6280b000 r-xp 00000000 08:11 22811068   /usr/lib/i386-linux-gnu/libxcb-render.so.0.0.0
6280b000-6280c000 r--p 00008000 08:11 22811068   /usr/lib/i386-linux-gnu/libxcb-render.so.0.0.0
6280c000-6280d000 rw-p 00009000 08:11 22811068   /usr/lib/i386-linux-gnu/libxcb-render.so.0.0.0
6280d000-62820000 r-xp 00000000 08:11 22809701   /usr/lib/i386-linux-gnu/libXext.so.6.4.0
62820000-62821000 r--p 00012000 08:11 22809701   /usr/lib/i386-linux-gnu/libXext.so.6.4.0
62821000-62822000 rw-p 00013000 08:11 22809701   /usr/lib/i386-linux-gnu/libXext.so.6.4.0
62822000-6282c000 r-xp 00000000 08:11 22806816   /usr/lib/i386-linux-gnu/libXcursor.so.1.0.2
6282c000-6282d000 r--p 00009000 08:11 22806816   /usr/lib/i386-linux-gnu/libXcursor.so.1.0.2
6282d000-6282e000 rw-p 0000a000 08:11 22806816   /usr/lib/i386-linux-gnu/libXcursor.so.1.0.2
6282e000-62831000 ---p 00000000 00:00 0 
62831000-6287f000 rw-p 00000000 00:00 0 
6287f000-62882000 ---p 00000000 00:00 0 
62882000-62900000 rw-p 00000000 00:00 0 
62900000-62930000 rw-p 00000000 00:00 0 
62930000-62a00000 ---p 00000000 00:00 0 
62a00000-62a2d000 rw-p 00000000 00:00 0 
62a2d000-62b00000 ---p 00000000 00:00 0 
62b00000-62b21000 rw-p 00000000 00:00 0 
62b21000-62c00000 ---p 00000000 00:00 0 
62c00000-62d00000 rw-p 00000000 00:00 0 
62d00000-62dfd000 rw-p 00000000 00:00 0 
62dfd000-62e00000 ---p 00000000 00:00 0 
62e00000-62e21000 rw-p 00000000 00:00 0 
62e21000-62f00000 ---p 00000000 00:00 0 
62f00000-62ff9000 rw-p 00000000 00:00 0 
62ff9000-63000000 ---p 00000000 00:00 0 
63000000-63002000 r-xp 00000000 08:11 22811062   /usr/lib/i386-linux-gnu/libxcb-present.so.0.0.0
63002000-63003000 r--p 00001000 08:11 22811062   /usr/lib/i386-linux-gnu/libxcb-present.so.0.0.0
63003000-63004000 rw-p 00002000 08:11 22811062   /usr/lib/i386-linux-gnu/libxcb-present.so.0.0.0
63004000-63006000 r-xp 00000000 08:11 22811052   /usr/lib/i386-linux-gnu/libxcb-dri3.so.0.0.0
63006000-63007000 r--p 00001000 08:11 22811052   /usr/lib/i386-linux-gnu/libxcb-dri3.so.0.0.0
63007000-63008000 rw-p 00002000 08:11 22811052   /usr/lib/i386-linux-gnu/libxcb-dri3.so.0.0.0
63008000-6300b000 ---p 00000000 00:00 0 
6300b000-63059000 rw-p 00000000 00:00 0 
63059000-6305a000 ---p 00000000 00:00 0 
6305a000-630da000 rw-p 00000000 00:00 0 
630da000-632b4000 r--s 03d68000 08:11 22815549   /usr/lib/jvm/java-8-oracle/jre/lib/rt.jar
632b4000-636fa000 rw-p 00000000 00:00 0 
636fa000-63700000 ---p 00000000 00:00 0 
63700000-65b00000 rw-p 00000000 00:00 0 
65b00000-65bee000 rw-p 00000000 00:00 0 
65bee000-65c00000 ---p 00000000 00:00 0 
65c02000-65c0d000 r-xp 00000000 08:11 22809719   /usr/lib/i386-linux-gnu/libXrandr.so.2.2.0
65c0d000-65c0e000 r--p 0000a000 08:11 22809719   /usr/lib/i386-linux-gnu/libXrandr.so.2.2.0
65c0e000-65c0f000 rw-p 0000b000 08:11 22809719   /usr/lib/i386-linux-gnu/libXrandr.so.2.2.0
65c0f000-65c20000 r-xp 00000000 08:11 22809709   /usr/lib/i386-linux-gnu/libXi.so.6.1.0
65c20000-65c21000 r--p 00010000 08:11 22809709   /usr/lib/i386-linux-gnu/libXi.so.6.1.0
65c21000-65c22000 rw-p 00011000 08:11 22809709   /usr/lib/i386-linux-gnu/libXi.so.6.1.0
65c22000-65c2c000 r-xp 00000000 08:11 22809721   /usr/lib/i386-linux-gnu/libXrender.so.1.3.0
65c2c000-65c2d000 r--p 00009000 08:11 22809721   /usr/lib/i386-linux-gnu/libXrender.so.1.3.0
65c2d000-65c2e000 rw-p 0000a000 08:11 22809721   /usr/lib/i386-linux-gnu/libXrender.so.1.3.0
65c2e000-65c31000 ---p 00000000 00:00 0 
65c31000-65c7f000 rw-p 00000000 00:00 0 
65c7f000-65c80000 ---p 00000000 00:00 0 
65c80000-65d00000 rw-p 00000000 00:00 0 
65d00000-65d21000 rw-p 00000000 00:00 0 
65d21000-65e00000 ---p 00000000 00:00 0 
65e02000-65e04000 r-xp 00000000 08:11 22811072   /usr/lib/i386-linux-gnu/libxcb-shm.so.0.0.0
65e04000-65e05000 r--p 00001000 08:11 22811072   /usr/lib/i386-linux-gnu/libxcb-shm.so.0.0.0
65e05000-65e06000 rw-p 00002000 08:11 22811072   /usr/lib/i386-linux-gnu/libxcb-shm.so.0.0.0
65e06000-65e08000 r-xp 00000000 08:11 22809697   /usr/lib/i386-linux-gnu/libXdamage.so.1.1.0
65e08000-65e09000 r--p 00001000 08:11 22809697   /usr/lib/i386-linux-gnu/libXdamage.so.1.1.0
65e09000-65e0a000 rw-p 00002000 08:11 22809697   /usr/lib/i386-linux-gnu/libXdamage.so.1.1.0
65e0a000-65e0f000 r-xp 00000000 08:11 22809703   /usr/lib/i386-linux-gnu/libXfixes.so.3.1.0
65e0f000-65e10000 r--p 00004000 08:11 22809703   /usr/lib/i386-linux-gnu/libXfixes.so.3.1.0
65e10000-65e11000 rw-p 00005000 08:11 22809703   /usr/lib/i386-linux-gnu/libXfixes.so.3.1.0
65e11000-65e2d000 r-xp 00000000 08:11 29361493   /lib/i386-linux-gnu/libgcc_s.so.1
65e2d000-65e2e000 rw-p 0001b000 08:11 29361493   /lib/i386-linux-gnu/libgcc_s.so.1
65e2e000-65e31000 ---p 00000000 00:00 0 
65e31000-65e7f000 rw-p 00000000 00:00 0 
65e7f000-65e80000 ---p 00000000 00:00 0 
65e80000-65f00000 rw-p 00000000 00:00 0 
65f00000-65f94000 rw-p 00000000 00:00 0 
65f94000-66000000 ---p 00000000 00:00 0 
66001000-66003000 r-xp 00000000 08:11 22809693   /usr/lib/i386-linux-gnu/libXcomposite.so.1.0.0
66003000-66004000 r--p 00001000 08:11 22809693   /usr/lib/i386-linux-gnu/libXcomposite.so.1.0.0
66004000-66005000 rw-p 00002000 08:11 22809693   /usr/lib/i386-linux-gnu/libXcomposite.so.1.0.0
66005000-6602c000 r-xp 00000000 08:11 22814032   /usr/lib/i386-linux-gnu/libgdk_pixbuf-2.0.so.0.3200.2
6602c000-6602d000 r--p 00026000 08:11 22814032   /usr/lib/i386-linux-gnu/libgdk_pixbuf-2.0.so.0.3200.2
6602d000-6602e000 rw-p 00027000 08:11 22814032   /usr/lib/i386-linux-gnu/libgdk_pixbuf-2.0.so.0.3200.2
6602e000-66031000 ---p 00000000 00:00 0 
66031000-6607f000 rw-p 00000000 00:00 0 
6607f000-66080000 ---p 00000000 00:00 0 
66080000-66100000 rw-p 00000000 00:00 0 
66100000-66121000 rw-p 00000000 00:00 0 
66121000-66200000 ---p 00000000 00:00 0 
66201000-66206000 r-xp 00000000 08:11 22809737   /usr/lib/i386-linux-gnu/libXxf86vm.so.1.0.0
66206000-66207000 r--p 00004000 08:11 22809737   /usr/lib/i386-linux-gnu/libXxf86vm.so.1.0.0
66207000-66208000 rw-p 00005000 08:11 22809737   /usr/lib/i386-linux-gnu/libXxf86vm.so.1.0.0
66208000-66214000 r-xp 00000000 08:11 22810641   /usr/lib/i386-linux-gnu/libpangocairo-1.0.so.0.3800.1
66214000-66215000 r--p 0000b000 08:11 22810641   /usr/lib/i386-linux-gnu/libpangocairo-1.0.so.0.3800.1
66215000-66216000 rw-p 0000c000 08:11 22810641   /usr/lib/i386-linux-gnu/libpangocairo-1.0.so.0.3800.1
66216000-6622c000 r-xp 00000000 08:11 22810643   /usr/lib/i386-linux-gnu/libpangoft2-1.0.so.0.3800.1
6622c000-6622d000 r--p 00015000 08:11 22810643   /usr/lib/i386-linux-gnu/libpangoft2-1.0.so.0.3800.1
6622d000-6622e000 rw-p 00016000 08:11 22810643   /usr/lib/i386-linux-gnu/libpangoft2-1.0.so.0.3800.1
6622e000-66231000 ---p 00000000 00:00 0 
66231000-6627f000 rw-p 00000000 00:00 0 
6627f000-66280000 ---p 00000000 00:00 0 
66280000-66300000 rw-p 00000000 00:00 0 
66300000-66321000 rw-p 00000000 00:00 0 
66321000-66400000 ---p 00000000 00:00 0 
66400000-66405000 r-xp 00000000 08:11 22809727   /usr/lib/i386-linux-gnu/libXtst.so.6.1.0
66405000-66406000 r--p 00004000 08:11 22809727   /usr/lib/i386-linux-gnu/libXtst.so.6.1.0
66406000-66407000 rw-p 00005000 08:11 22809727   /usr/lib/i386-linux-gnu/libXtst.so.6.1.0
66407000-6642b000 r-xp 00000000 08:11 22809786   /usr/lib/i386-linux-gnu/libatk-1.0.so.0.21809.1
6642b000-6642d000 r--p 00023000 08:11 22809786   /usr/lib/i386-linux-gnu/libatk-1.0.so.0.21809.1
6642d000-6642e000 rw-p 00025000 08:11 22809786   /usr/lib/i386-linux-gnu/libatk-1.0.so.0.21809.1
6642e000-66431000 ---p 00000000 00:00 0 
66431000-6647f000 rw-p 00000000 00:00 0 
6647f000-66480000 ---p 00000000 00:00 0 
66480000-66500000 rw-p 00000000 00:00 0 
66500000-66521000 rw-p 00000000 00:00 0 
66521000-66600000 ---p 00000000 00:00 0 
66601000-66603000 r-xp 00000000 08:11 22809711   /usr/lib/i386-linux-gnu/libXinerama.so.1.0.0
66603000-66604000 r--p 00001000 08:11 22809711   /usr/lib/i386-linux-gnu/libXinerama.so.1.0.0
66604000-66605000 rw-p 00002000 08:11 22809711   /usr/lib/i386-linux-gnu/libXinerama.so.1.0.0
66605000-66606000 r-xp 00000000 08:11 22806941   /usr/lib/i386-linux-gnu/libgthread-2.0.so.0.4800.2
66606000-66607000 r--p 00000000 08:11 22806941   /usr/lib/i386-linux-gnu/libgthread-2.0.so.0.4800.2
66607000-66608000 rw-p 00001000 08:11 22806941   /usr/lib/i386-linux-gnu/libgthread-2.0.so.0.4800.2
66608000-6660b000 r-xp 00000000 08:11 22806930   /usr/lib/i386-linux-gnu/libgmodule-2.0.so.0.4800.2
6660b000-6660c000 r--p 00002000 08:11 22806930   /usr/lib/i386-linux-gnu/libgmodule-2.0.so.0.4800.2
6660c000-6660d000 rw-p 00003000 08:11 22806930   /usr/lib/i386-linux-gnu/libgmodule-2.0.so.0.4800.2
6660f000-66614000 r-xp 00000000 08:11 22812483   /usr/lib/i386-linux-gnu/gtk-2.0/modules/libcanberra-gtk-module.so
66614000-66615000 r--p 00004000 08:11 22812483   /usr/lib/i386-linux-gnu/gtk-2.0/modules/libcanberra-gtk-module.so
66615000-66616000 rw-p 00005000 08:11 22812483   /usr/lib/i386-linux-gnu/gtk-2.0/modules/libcanberra-gtk-module.so
66616000-66617000 r-xp 00000000 08:11 22812482   /usr/lib/i386-linux-gnu/gtk-2.0/modules/libatk-bridge.so
66617000-66618000 r--p 00000000 08:11 22812482   /usr/lib/i386-linux-gnu/gtk-2.0/modules/libatk-bridge.so
66618000-66619000 rw-p 00001000 08:11 22812482   /usr/lib/i386-linux-gnu/gtk-2.0/modules/libatk-bridge.so
66619000-66621000 r-xp 00000000 08:11 22809407   /usr/lib/i386-linux-gnu/libgailutil.so.18.0.1
66621000-66622000 r--p 00007000 08:11 22809407   /usr/lib/i386-linux-gnu/libgailutil.so.18.0.1
66622000-66623000 rw-p 00008000 08:11 22809407   /usr/lib/i386-linux-gnu/libgailutil.so.18.0.1
66623000-66624000 rw-s 1262f9000 00:06 340       /dev/dri/card0
66624000-6662f000 r-xp 00000000 08:11 22815452   /usr/lib/jvm/java-8-oracle/jre/lib/i386/libprism_es2.so
6662f000-66630000 rw-p 0000a000 08:11 22815452   /usr/lib/jvm/java-8-oracle/jre/lib/i386/libprism_es2.so
66630000-6667f000 rw-p 00000000 00:00 0 
6667f000-66680000 ---p 00000000 00:00 0 
66680000-66700000 rw-p 00000000 00:00 0 
66700000-66721000 rw-p 00000000 00:00 0 
66721000-66800000 ---p 00000000 00:00 0 
66800000-66802000 r--s 0000c000 08:11 19402189   /home/axel/Desktop/EclipseJava/plugins/org.hamcrest.core_1.3.0.v201303031735.jar
66802000-6680a000 r--s 00045000 08:11 19402178   /home/axel/Desktop/EclipseJava/plugins/org.junit_4.12.0.v201504281640/junit.jar
6680a000-6680c000 r--s 00004000 08:11 19402206   /home/axel/Desktop/EclipseJava/plugins/org.opentest4j_1.0.0.v20170910-2246.jar
6680c000-6680f000 r--s 00010000 08:11 19402202   /home/axel/Desktop/EclipseJava/plugins/org.junit.vintage.engine_4.12.0.v20170910-2246.jar
6680f000-66811000 r--s 00006000 08:11 19402201   /home/axel/Desktop/EclipseJava/plugins/org.junit.platform.suite.api_1.0.0.v20170910-2246.jar
66811000-66824000 r--s 00345000 08:11 22815543   /usr/lib/jvm/java-8-oracle/jre/lib/resources.jar
66824000-6687f000 rw-p 00000000 00:00 0 
6687f000-66880000 ---p 00000000 00:00 0 
66880000-66900000 rw-p 00000000 00:00 0 
66900000-66921000 rw-p 00000000 00:00 0 
66921000-66a00000 ---p 00000000 00:00 0 
66a00000-66a02000 r--s 00007000 08:11 19402200   /home/axel/Desktop/EclipseJava/plugins/org.junit.platform.runner_1.0.0.v20170910-2246.jar
66a02000-66a04000 r--s 00010000 08:11 19402199   /home/axel/Desktop/EclipseJava/plugins/org.junit.platform.launcher_1.0.0.v20170910-2246.jar
66a04000-66a10000 r--s 0006d000 08:11 19402196   /home/axel/Desktop/EclipseJava/plugins/org.junit.jupiter.params_5.0.0.v20170910-2246.jar
66a10000-66a28000 rw-p 00000000 00:00 0 
66a28000-66a29000 ---p 00000000 00:00 0 
66a29000-66abf000 rw-p 00000000 00:00 0 
66abf000-66bff000 ---p 00000000 00:00 0 
66bff000-66c15000 rw-p 00000000 00:00 0 
66c15000-66d54000 ---p 00000000 00:00 0 
66d54000-66d5f000 rw-p 00000000 00:00 0 
66d5f000-66dff000 ---p 00000000 00:00 0 
66dff000-698c0000 rw-p 00000000 00:00 0 
698c0000-918c0000 ---p 00000000 00:00 0 
918c0000-92e00000 rw-p 00000000 00:00 0 
92e00000-a6e00000 ---p 00000000 00:00 0 
a6e00000-a6e03000 r--s 00018000 08:11 19402198   /home/axel/Desktop/EclipseJava/plugins/org.junit.platform.engine_1.0.0.v20170910-2246.jar
a6e03000-a6e05000 r--s 00012000 08:11 19402197   /home/axel/Desktop/EclipseJava/plugins/org.junit.platform.commons_1.0.0.v20170910-2246.jar
a6e05000-a6e09000 r--s 0001f000 08:11 19402194   /home/axel/Desktop/EclipseJava/plugins/org.junit.jupiter.engine_5.0.0.v20170910-2246.jar
a6e09000-a6e0e000 r--s 00084000 08:11 22815291   /usr/lib/jvm/java-8-oracle/jre/lib/jfr.jar
a6e0e000-a6e17000 rw-p 00000000 00:00 0 
a6e17000-a71ce000 ---p 00000000 00:00 0 
a71ce000-a740e000 rwxp 00000000 00:00 0 
a740e000-b61ce000 ---p 00000000 00:00 0 
b61ce000-b6300000 r--p 002d7000 08:11 22809097   /usr/lib/locale/locale-archive
b6300000-b6500000 r--p 00000000 08:11 22809097   /usr/lib/locale/locale-archive
b6500000-b65fc000 rw-p 00000000 00:00 0 
b65fc000-b6600000 ---p 00000000 00:00 0 
b6600000-b6602000 r--s 00009000 08:11 19402195   /home/axel/Desktop/EclipseJava/plugins/org.junit.jupiter.migrationsupport_5.0.0.v20170910-2246.jar
b6602000-b661c000 r-xp 00000000 08:11 22815502   /usr/lib/jvm/java-8-oracle/jre/lib/i386/libzip.so
b661c000-b661d000 rw-p 00019000 08:11 22815502   /usr/lib/jvm/java-8-oracle/jre/lib/i386/libzip.so
b661d000-b6628000 r-xp 00000000 08:11 29365529   /lib/i386-linux-gnu/libnss_files-2.23.so
b6628000-b6629000 r--p 0000a000 08:11 29365529   /lib/i386-linux-gnu/libnss_files-2.23.so
b6629000-b662a000 rw-p 0000b000 08:11 29365529   /lib/i386-linux-gnu/libnss_files-2.23.so
b662a000-b6630000 rw-p 00000000 00:00 0 
b6630000-b663b000 r-xp 00000000 08:11 29365532   /lib/i386-linux-gnu/libnss_nis-2.23.so
b663b000-b663c000 r--p 0000a000 08:11 29365532   /lib/i386-linux-gnu/libnss_nis-2.23.so
b663c000-b663d000 rw-p 0000b000 08:11 29365532   /lib/i386-linux-gnu/libnss_nis-2.23.so
b663d000-b6654000 r-xp 00000000 08:11 29360165   /lib/i386-linux-gnu/libnsl-2.23.so
b6654000-b6655000 r--p 00016000 08:11 29360165   /lib/i386-linux-gnu/libnsl-2.23.so
b6655000-b6656000 rw-p 00017000 08:11 29360165   /lib/i386-linux-gnu/libnsl-2.23.so
b6656000-b6658000 rw-p 00000000 00:00 0 
b6658000-b6660000 r-xp 00000000 08:11 29365524   /lib/i386-linux-gnu/libnss_compat-2.23.so
b6660000-b6661000 r--p 00007000 08:11 29365524   /lib/i386-linux-gnu/libnss_compat-2.23.so
b6661000-b6662000 rw-p 00008000 08:11 29365524   /lib/i386-linux-gnu/libnss_compat-2.23.so
b6662000-b6664000 r--s 00016000 08:11 19402193   /home/axel/Desktop/EclipseJava/plugins/org.junit.jupiter.api_5.0.0.v20170910-2246.jar
b6664000-b6669000 r--s 002f9000 08:11 22815515   /usr/lib/jvm/java-8-oracle/jre/lib/charsets.jar
b6669000-b666c000 r--s 0001a000 08:11 22815506   /usr/lib/jvm/java-8-oracle/jre/lib/jce.jar
b666c000-b6671000 r--s 0009d000 08:11 22815553   /usr/lib/jvm/java-8-oracle/jre/lib/jsse.jar
b6671000-b6679000 rw-s 00000000 08:11 27792747   /tmp/hsperfdata_axel/3448
b6679000-b66b0000 r-xp 00000000 08:11 22815491   /usr/lib/jvm/java-8-oracle/jre/lib/i386/libjdwp.so
b66b0000-b66b1000 rw-p 00037000 08:11 22815491   /usr/lib/jvm/java-8-oracle/jre/lib/i386/libjdwp.so
b66b1000-b66d5000 r-xp 00000000 08:11 22815496   /usr/lib/jvm/java-8-oracle/jre/lib/i386/libjava.so
b66d5000-b66d6000 rw-p 00024000 08:11 22815496   /usr/lib/jvm/java-8-oracle/jre/lib/i386/libjava.so
b66d6000-b66dd000 r-xp 00000000 08:11 29365533   /lib/i386-linux-gnu/librt-2.23.so
b66dd000-b66de000 r--p 00006000 08:11 29365533   /lib/i386-linux-gnu/librt-2.23.so
b66de000-b66df000 rw-p 00007000 08:11 29365533   /lib/i386-linux-gnu/librt-2.23.so
b66df000-b66e2000 ---p 00000000 00:00 0 
b66e2000-b6730000 rw-p 00000000 00:00 0 
b6730000-b6783000 r-xp 00000000 08:11 29360164   /lib/i386-linux-gnu/libm-2.23.so
b6783000-b6784000 r--p 00052000 08:11 29360164   /lib/i386-linux-gnu/libm-2.23.so
b6784000-b6785000 rw-p 00053000 08:11 29360164   /lib/i386-linux-gnu/libm-2.23.so
b6785000-b711a000 r-xp 00000000 08:11 22815481   /usr/lib/jvm/java-8-oracle/jre/lib/i386/server/libjvm.so
b711a000-b7188000 rw-p 00995000 08:11 22815481   /usr/lib/jvm/java-8-oracle/jre/lib/i386/server/libjvm.so
b7188000-b75b1000 rw-p 00000000 00:00 0 
b75b1000-b7761000 r-xp 00000000 08:11 29365516   /lib/i386-linux-gnu/libc-2.23.so
b7761000-b7763000 r--p 001af000 08:11 29365516   /lib/i386-linux-gnu/libc-2.23.so
b7763000-b7764000 rw-p 001b1000 08:11 29365516   /lib/i386-linux-gnu/libc-2.23.so
b7764000-b7768000 rw-p 00000000 00:00 0 
b7768000-b776b000 r-xp 00000000 08:11 29365518   /lib/i386-linux-gnu/libdl-2.23.so
b776b000-b776c000 r--p 00002000 08:11 29365518   /lib/i386-linux-gnu/libdl-2.23.so
b776c000-b776d000 rw-p 00003000 08:11 29365518   /lib/i386-linux-gnu/libdl-2.23.so
b776d000-b7782000 r-xp 00000000 08:11 22810263   /usr/lib/jvm/java-8-oracle/lib/i386/jli/libjli.so
b7782000-b7783000 rw-p 00014000 08:11 22810263   /usr/lib/jvm/java-8-oracle/lib/i386/jli/libjli.so
b7783000-b779c000 r-xp 00000000 08:11 29365515   /lib/i386-linux-gnu/libpthread-2.23.so
b779c000-b779d000 r--p 00018000 08:11 29365515   /lib/i386-linux-gnu/libpthread-2.23.so
b779d000-b779e000 rw-p 00019000 08:11 29365515   /lib/i386-linux-gnu/libpthread-2.23.so
b779e000-b77a0000 rw-p 00000000 00:00 0 
b77a0000-b77a1000 r--s 00003000 08:11 19401460   /home/axel/Desktop/EclipseJava/plugins/org.apiguardian_1.0.0.v20170910-2246.jar
b77a1000-b77a4000 r-xp 00000000 08:11 22815456   /usr/lib/jvm/java-8-oracle/jre/lib/i386/libdt_socket.so
b77a4000-b77a5000 rw-p 00003000 08:11 22815456   /usr/lib/jvm/java-8-oracle/jre/lib/i386/libdt_socket.so
b77a5000-b77a6000 r--p 002d4000 08:11 22809097   /usr/lib/locale/locale-archive
b77a6000-b77a8000 r-xp 00000000 08:11 22815471   /usr/lib/jvm/java-8-oracle/jre/lib/i386/libnpt.so
b77a8000-b77a9000 rw-p 00001000 08:11 22815471   /usr/lib/jvm/java-8-oracle/jre/lib/i386/libnpt.so
b77a9000-b77aa000 rw-p 00000000 00:00 0 
b77aa000-b77ab000 r--p 00000000 00:00 0 
b77ab000-b77b6000 r-xp 00000000 08:11 22815442   /usr/lib/jvm/java-8-oracle/jre/lib/i386/libverify.so
b77b6000-b77b7000 rw-p 0000b000 08:11 22815442   /usr/lib/jvm/java-8-oracle/jre/lib/i386/libverify.so
b77b7000-b77b8000 rw-p 00000000 00:00 0 
b77b8000-b77bb000 r--p 00000000 00:00 0          [vvar]
b77bb000-b77bc000 r-xp 00000000 00:00 0          [vdso]
b77bc000-b77df000 r-xp 00000000 08:11 29365513   /lib/i386-linux-gnu/ld-2.23.so
b77df000-b77e0000 r--p 00022000 08:11 29365513   /lib/i386-linux-gnu/ld-2.23.so
b77e0000-b77e1000 rw-p 00023000 08:11 29365513   /lib/i386-linux-gnu/ld-2.23.so
bf917000-bf939000 rw-p 00000000 00:00 0          [stack]

VM Arguments:
jvm_args: -agentlib:jdwp=transport=dt_socket,suspend=y,address=localhost:38140 -Dfile.encoding=UTF-8 
java_command: vista.Algooh
java_class_path (initial): /usr/lib/jvm/java-8-oracle/jre/lib/resources.jar:/usr/lib/jvm/java-8-oracle/jre/lib/rt.jar:/usr/lib/jvm/java-8-oracle/jre/lib/jsse.jar:/usr/lib/jvm/java-8-oracle/jre/lib/jce.jar:/usr/lib/jvm/java-8-oracle/jre/lib/charsets.jar:/usr/lib/jvm/java-8-oracle/jre/lib/jfr.jar:/usr/lib/jvm/java-8-oracle/jre/lib/ext/dnsns.jar:/usr/lib/jvm/java-8-oracle/jre/lib/ext/localedata.jar:/usr/lib/jvm/java-8-oracle/jre/lib/ext/jfxrt.jar:/usr/lib/jvm/java-8-oracle/jre/lib/ext/sunjce_provider.jar:/usr/lib/jvm/java-8-oracle/jre/lib/ext/sunpkcs11.jar:/usr/lib/jvm/java-8-oracle/jre/lib/ext/cldrdata.jar:/usr/lib/jvm/java-8-oracle/jre/lib/ext/jaccess.jar:/usr/lib/jvm/java-8-oracle/jre/lib/ext/zipfs.jar:/usr/lib/jvm/java-8-oracle/jre/lib/ext/sunec.jar:/usr/lib/jvm/java-8-oracle/jre/lib/ext/nashorn.jar:/home/axel/Desktop/EclipseJava/plugins/org.junit.jupiter.api_5.0.0.v20170910-2246.jar:/home/axel/Desktop/EclipseJava/plugins/org.junit.jupiter.engine_5.0.0.v20170910-2246.jar:/home/axel/Desktop/EclipseJava/plugins/org.junit.jupiter.migrationsupport_5.0.0.v20170910-2246.jar:/home/axel/Desktop/EclipseJava/plugins/org.junit.jupiter.params_5.0.0.v20170910-2246.jar:/home/axel/Desktop/EclipseJava/plugins/org.junit.platform.commons_1.0.0.v20170910-2246.jar:/home/axel/Desktop/EclipseJava/plugins/org.junit.platform.engine_1.0.0.v20170910-2246.jar:/home/axel/Desktop/EclipseJava/plugins/org.junit.platform.launcher_1.0.0.v20170910-2246.jar:/home/axel/Desktop/EclipseJava/plugins/org.junit.platform.runner_1.0.0.v20170910-2246.jar:/home/axel/Desktop/EclipseJava/plugins/org.junit.platform.suite.api_1.0.0.v20170910-2246.jar:/home/axel/Desktop/EclipseJava/plugins/org.junit.vintage.engine_4.12.0.v20170910-2246.jar:/home/axel/Desktop/EclipseJava/plugins/org.opentest4j_1.0.0.v20170910-2246.jar:/home/axel/Desktop/EclipseJava/plugins/org.apiguardian_1.0.0.v20170910-2246.jar:/home/axel/Desktop/EclipseJava/plugins/org.junit_4.12.0.v201504281640/junit.jar:/home/axel/Desktop/EclipseJava/plugins
Launcher Type: SUN_STANDARD

Environment Variables:
JAVA_HOME=/usr/lib/jvm/java-8-oracle
PATH=/usr/local/sbin:/usr/local/bin:/usr/sbin:/usr/bin:/sbin:/bin:/usr/games:/usr/local/games:/snap/bin:/usr/lib/jvm/java-8-oracle/bin:/usr/lib/jvm/java-8-oracle/db/bin:/usr/lib/jvm/java-8-oracle/jre/bin
LD_LIBRARY_PATH=/usr/lib/jvm/java-8-oracle/jre/lib/i386/server:/usr/lib/jvm/java-8-oracle/jre/lib/i386:/usr/lib/jvm/java-8-oracle/jre/../lib/i386:/usr/lib/jvm/java-8-oracle/jre/lib/i386/client:/usr/lib/jvm/java-8-oracle/jre/lib/i386:
SHELL=/bin/bash
DISPLAY=:0.0

Signal Handlers:
SIGSEGV: [libjvm.so+0x8dfe10], sa_mask[0]=11111111011111111101111111111110, sa_flags=SA_RESTART|SA_SIGINFO
SIGBUS: [libjvm.so+0x8dfe10], sa_mask[0]=11111111011111111101111111111110, sa_flags=SA_RESTART|SA_SIGINFO
SIGFPE: [libjvm.so+0x75c270], sa_mask[0]=11111111011111111101111111111110, sa_flags=SA_RESTART|SA_SIGINFO
SIGPIPE: SIG_IGN, sa_mask[0]=00000000000010000000000000000000, sa_flags=SA_RESTART
SIGXFSZ: [libjvm.so+0x75c270], sa_mask[0]=11111111011111111101111111111110, sa_flags=SA_RESTART|SA_SIGINFO
SIGILL: [libjvm.so+0x75c270], sa_mask[0]=11111111011111111101111111111110, sa_flags=SA_RESTART|SA_SIGINFO
SIGUSR1: SIG_DFL, sa_mask[0]=00000000000000000000000000000000, sa_flags=none
SIGUSR2: [libjvm.so+0x75db50], sa_mask[0]=00100000000000000000000000000000, sa_flags=SA_RESTART|SA_SIGINFO
SIGHUP: [libjvm.so+0x75f000], sa_mask[0]=11111111011111111101111111111110, sa_flags=SA_RESTART|SA_SIGINFO
SIGINT: [libjvm.so+0x75f000], sa_mask[0]=11111111011111111101111111111110, sa_flags=SA_RESTART|SA_SIGINFO
SIGTERM: [libjvm.so+0x75f000], sa_mask[0]=11111111011111111101111111111110, sa_flags=SA_RESTART|SA_SIGINFO
SIGQUIT: [libjvm.so+0x75f000], sa_mask[0]=11111111011111111101111111111110, sa_flags=SA_RESTART|SA_SIGINFO


---------------  S Y S T E M  ---------------

OS:DISTRIB_ID=Ubuntu
DISTRIB_RELEASE=16.04
DISTRIB_CODENAME=xenial
DISTRIB_DESCRIPTION="Ubuntu 16.04.4 LTS"

uname:Linux 4.4.0-130-generic #156-Ubuntu SMP Thu Jun 14 08:51:45 UTC 2018 i686
libc:glibc 2.23 NPTL 2.23 
rlimit: STACK 8192k, CORE 0k, NPROC 62867, NOFILE 1048576, AS infinity
load average:2,37 0,67 0,36

/proc/meminfo:
MemTotal:        8084852 kB
MemFree:         5900840 kB
MemAvailable:    6142416 kB
Buffers:           83020 kB
Cached:           804772 kB
SwapCached:            0 kB
Active:          1517584 kB
Inactive:         537120 kB
Active(anon):    1167860 kB
Inactive(anon):    40028 kB
Active(file):     349724 kB
Inactive(file):   497092 kB
Unevictable:          32 kB
Mlocked:              32 kB
HighTotal:       7273408 kB
HighFree:        5386252 kB
LowTotal:         811444 kB
LowFree:          514588 kB
SwapTotal:       5119996 kB
SwapFree:        5119996 kB
Dirty:             27260 kB
Writeback:             0 kB
AnonPages:       1166760 kB
Mapped:           268544 kB
Shmem:             41024 kB
Slab:              54700 kB
SReclaimable:      28876 kB
SUnreclaim:        25824 kB
KernelStack:        6552 kB
PageTables:        11364 kB
NFS_Unstable:          0 kB
Bounce:                0 kB
WritebackTmp:          0 kB
CommitLimit:     9162420 kB
Committed_AS:    4212032 kB
VmallocTotal:     122880 kB
VmallocUsed:           0 kB
VmallocChunk:          0 kB
AnonHugePages:         0 kB
CmaTotal:              0 kB
CmaFree:               0 kB
HugePages_Total:       0
HugePages_Free:        0
HugePages_Rsvd:        0
HugePages_Surp:        0
Hugepagesize:       2048 kB
DirectMap4k:       18424 kB
DirectMap2M:      894976 kB


CPU:total 8 (initial active 8) (4 cores per cpu, 2 threads per core) family 6 model 60 stepping 3, cmov, cx8, fxsr, mmx, sse, sse2, sse3, ssse3, sse4.1, sse4.2, popcnt, avx, avx2, aes, clmul, erms, lzcnt, ht, tsc, tscinvbit, bmi1, bmi2

/proc/cpuinfo:
processor	: 0
vendor_id	: GenuineIntel
cpu family	: 6
model		: 60
model name	: Intel(R) Core(TM) i7-4771 CPU @ 3.50GHz
stepping	: 3
microcode	: 0x24
cpu MHz		: 3680.859
cache size	: 8192 KB
physical id	: 0
siblings	: 8
core id		: 0
cpu cores	: 4
apicid		: 0
initial apicid	: 0
fdiv_bug	: no
f00f_bug	: no
coma_bug	: no
fpu		: yes
fpu_exception	: yes
cpuid level	: 13
wp		: yes
flags		: fpu vme de pse tsc msr pae mce cx8 apic sep mtrr pge mca cmov pat pse36 clflush dts acpi mmx fxsr sse sse2 ss ht tm pbe nx pdpe1gb rdtscp lm constant_tsc arch_perfmon pebs bts xtopology nonstop_tsc aperfmperf eagerfpu pni pclmulqdq dtes64 monitor ds_cpl vmx smx est tm2 ssse3 sdbg fma cx16 xtpr pdcm sse4_1 sse4_2 x2apic movbe popcnt tsc_deadline_timer aes xsave avx f16c rdrand lahf_lm abm epb ibrs ibpb stibp tpr_shadow vnmi flexpriority ept vpid fsgsbase tsc_adjust bmi1 avx2 smep bmi2 erms invpcid xsaveopt dtherm ida arat pln pts
bugs		: cpu_meltdown spectre_v1 spectre_v2 spec_store_bypass
bogomips	: 5985.75
clflush size	: 64
cache_alignment	: 64
address sizes	: 39 bits physical, 48 bits virtual
power management:

processor	: 1
vendor_id	: GenuineIntel
cpu family	: 6
model		: 60
model name	: Intel(R) Core(TM) i7-4771 CPU @ 3.50GHz
stepping	: 3
microcode	: 0x24
cpu MHz		: 3678.281
cache size	: 8192 KB
physical id	: 0
siblings	: 8
core id		: 1
cpu cores	: 4
apicid		: 2
initial apicid	: 2
fdiv_bug	: no
f00f_bug	: no
coma_bug	: no
fpu		: yes
fpu_exception	: yes
cpuid level	: 13
wp		: yes
flags		: fpu vme de pse tsc msr pae mce cx8 apic sep mtrr pge mca cmov pat pse36 clflush dts acpi mmx fxsr sse sse2 ss ht tm pbe nx pdpe1gb rdtscp lm constant_tsc arch_perfmon pebs bts xtopology nonstop_tsc aperfmperf eagerfpu pni pclmulqdq dtes64 monitor ds_cpl vmx smx est tm2 ssse3 sdbg fma cx16 xtpr pdcm sse4_1 sse4_2 x2apic movbe popcnt tsc_deadline_timer aes xsave avx f16c rdrand lahf_lm abm epb ibrs ibpb stibp tpr_shadow vnmi flexpriority ept vpid fsgsbase tsc_adjust bmi1 avx2 smep bmi2 erms invpcid xsaveopt dtherm ida arat pln pts
bugs		: cpu_meltdown spectre_v1 spectre_v2 spec_store_bypass
bogomips	: 5985.75
clflush size	: 64
cache_alignment	: 64
address sizes	: 39 bits physical, 48 bits virtual
power management:

processor	: 2
vendor_id	: GenuineIntel
cpu family	: 6
model		: 60
model name	: Intel(R) Core(TM) i7-4771 CPU @ 3.50GHz
stepping	: 3
microcode	: 0x24
cpu MHz		: 3658.710
cache size	: 8192 KB
physical id	: 0
siblings	: 8
core id		: 2
cpu cores	: 4
apicid		: 4
initial apicid	: 4
fdiv_bug	: no
f00f_bug	: no
coma_bug	: no
fpu		: yes
fpu_exception	: yes
cpuid level	: 13
wp		: yes
flags		: fpu vme de pse tsc msr pae mce cx8 apic sep mtrr pge mca cmov pat pse36 clflush dts acpi mmx fxsr sse sse2 ss ht tm pbe nx pdpe1gb rdtscp lm constant_tsc arch_perfmon pebs bts xtopology nonstop_tsc aperfmperf eagerfpu pni pclmulqdq dtes64 monitor ds_cpl vmx smx est tm2 ssse3 sdbg fma cx16 xtpr pdcm sse4_1 sse4_2 x2apic movbe popcnt tsc_deadline_timer aes xsave avx f16c rdrand lahf_lm abm epb ibrs ibpb stibp tpr_shadow vnmi flexpriority ept vpid fsgsbase tsc_adjust bmi1 avx2 smep bmi2 erms invpcid xsaveopt dtherm ida arat pln pts
bugs		: cpu_meltdown spectre_v1 spectre_v2 spec_store_bypass
bogomips	: 5985.75
clflush size	: 64
cache_alignment	: 64
address sizes	: 39 bits physical, 48 bits virtual
power management:

processor	: 3
vendor_id	: GenuineIntel
cpu family	: 6
model		: 60
model name	: Intel(R) Core(TM) i7-4771 CPU @ 3.50GHz
stepping	: 3
microcode	: 0x24
cpu MHz		: 3648.164
cache size	: 8192 KB
physical id	: 0
siblings	: 8
core id		: 3
cpu cores	: 4
apicid		: 6
initial apicid	: 6
fdiv_bug	: no
f00f_bug	: no
coma_bug	: no
fpu		: yes
fpu_exception	: yes
cpuid level	: 13
wp		: yes
flags		: fpu vme de pse tsc msr pae mce cx8 apic sep mtrr pge mca cmov pat pse36 clflush dts acpi mmx fxsr sse sse2 ss ht tm pbe nx pdpe1gb rdtscp lm constant_tsc arch_perfmon pebs bts xtopology nonstop_tsc aperfmperf eagerfpu pni pclmulqdq dtes64 monitor ds_cpl vmx smx est tm2 ssse3 sdbg fma cx16 xtpr pdcm sse4_1 sse4_2 x2apic movbe popcnt tsc_deadline_timer aes xsave avx f16c rdrand lahf_lm abm epb ibrs ibpb stibp tpr_shadow vnmi flexpriority ept vpid fsgsbase tsc_adjust bmi1 avx2 smep bmi2 erms invpcid xsaveopt dtherm ida arat pln pts
bugs		: cpu_meltdown spectre_v1 spectre_v2 spec_store_bypass
bogomips	: 5985.75
clflush size	: 64
cache_alignment	: 64
address sizes	: 39 bits physical, 48 bits virtual
power management:

processor	: 4
vendor_id	: GenuineIntel
cpu family	: 6
model		: 60
model name	: Intel(R) Core(TM) i7-4771 CPU @ 3.50GHz
stepping	: 3
microcode	: 0x24
cpu MHz		: 3631.523
cache size	: 8192 KB
physical id	: 0
siblings	: 8
core id		: 0
cpu cores	: 4
apicid		: 1
initial apicid	: 1
fdiv_bug	: no
f00f_bug	: no
coma_bug	: no
fpu		: yes
fpu_exception	: yes
cpuid level	: 13
wp		: yes
flags		: fpu vme de pse tsc msr pae mce cx8 apic sep mtrr pge mca cmov pat pse36 clflush dts acpi mmx fxsr sse sse2 ss ht tm pbe nx pdpe1gb rdtscp lm constant_tsc arch_perfmon pebs bts xtopology nonstop_tsc aperfmperf eagerfpu pni pclmulqdq dtes64 monitor ds_cpl vmx smx est tm2 ssse3 sdbg fma cx16 xtpr pdcm sse4_1 sse4_2 x2apic movbe popcnt tsc_deadline_timer aes xsave avx f16c rdrand lahf_lm abm epb ibrs ibpb stibp tpr_shadow vnmi flexpriority ept vpid fsgsbase tsc_adjust bmi1 avx2 smep bmi2 erms invpcid xsaveopt dtherm ida arat pln pts
bugs		: cpu_meltdown spectre_v1 spectre_v2 spec_store_bypass
bogomips	: 5985.75
clflush size	: 64
cache_alignment	: 64
address sizes	: 39 bits physical, 48 bits virtual
power management:

processor	: 5
vendor_id	: GenuineIntel
cpu family	: 6
model		: 60
model name	: Intel(R) Core(TM) i7-4771 CPU @ 3.50GHz
stepping	: 3
microcode	: 0x24
cpu MHz		: 3725.507
cache size	: 8192 KB
physical id	: 0
siblings	: 8
core id		: 1
cpu cores	: 4
apicid		: 3
initial apicid	: 3
fdiv_bug	: no
f00f_bug	: no
coma_bug	: no
fpu		: yes
fpu_exception	: yes
cpuid level	: 13
wp		: yes
flags		: fpu vme de pse tsc msr pae mce cx8 apic sep mtrr pge mca cmov pat pse36 clflush dts acpi mmx fxsr sse sse2 ss ht tm pbe nx pdpe1gb rdtscp lm constant_tsc arch_perfmon pebs bts xtopology nonstop_tsc aperfmperf eagerfpu pni pclmulqdq dtes64 monitor ds_cpl vmx smx est tm2 ssse3 sdbg fma cx16 xtpr pdcm sse4_1 sse4_2 x2apic movbe popcnt tsc_deadline_timer aes xsave avx f16c rdrand lahf_lm abm epb ibrs ibpb stibp tpr_shadow vnmi flexpriority ept vpid fsgsbase tsc_adjust bmi1 avx2 smep bmi2 erms invpcid xsaveopt dtherm ida arat pln pts
bugs		: cpu_meltdown spectre_v1 spectre_v2 spec_store_bypass
bogomips	: 5985.75
clflush size	: 64
cache_alignment	: 64
address sizes	: 39 bits physical, 48 bits virtual
power management:

processor	: 6
vendor_id	: GenuineIntel
cpu family	: 6
model		: 60
model name	: Intel(R) Core(TM) i7-4771 CPU @ 3.50GHz
stepping	: 3
microcode	: 0x24
cpu MHz		: 3769.453
cache size	: 8192 KB
physical id	: 0
siblings	: 8
core id		: 2
cpu cores	: 4
apicid		: 5
initial apicid	: 5
fdiv_bug	: no
f00f_bug	: no
coma_bug	: no
fpu		: yes
fpu_exception	: yes
cpuid level	: 13
wp		: yes
flags		: fpu vme de pse tsc msr pae mce cx8 apic sep mtrr pge mca cmov pat pse36 clflush dts acpi mmx fxsr sse sse2 ss ht tm pbe nx pdpe1gb rdtscp lm constant_tsc arch_perfmon pebs bts xtopology nonstop_tsc aperfmperf eagerfpu pni pclmulqdq dtes64 monitor ds_cpl vmx smx est tm2 ssse3 sdbg fma cx16 xtpr pdcm sse4_1 sse4_2 x2apic movbe popcnt tsc_deadline_timer aes xsave avx f16c rdrand lahf_lm abm epb ibrs ibpb stibp tpr_shadow vnmi flexpriority ept vpid fsgsbase tsc_adjust bmi1 avx2 smep bmi2 erms invpcid xsaveopt dtherm ida arat pln pts
bugs		: cpu_meltdown spectre_v1 spectre_v2 spec_store_bypass
bogomips	: 5985.75
clflush size	: 64
cache_alignment	: 64
address sizes	: 39 bits physical, 48 bits virtual
power management:

processor	: 7
vendor_id	: GenuineIntel
cpu family	: 6
model		: 60
model name	: Intel(R) Core(TM) i7-4771 CPU @ 3.50GHz
stepping	: 3
microcode	: 0x24
cpu MHz		: 3702.773
cache size	: 8192 KB
physical id	: 0
siblings	: 8
core id		: 3
cpu cores	: 4
apicid		: 7
initial apicid	: 7
fdiv_bug	: no
f00f_bug	: no
coma_bug	: no
fpu		: yes
fpu_exception	: yes
cpuid level	: 13
wp		: yes
flags		: fpu vme de pse tsc msr pae mce cx8 apic sep mtrr pge mca cmov pat pse36 clflush dts acpi mmx fxsr sse sse2 ss ht tm pbe nx pdpe1gb rdtscp lm constant_tsc arch_perfmon pebs bts xtopology nonstop_tsc aperfmperf eagerfpu pni pclmulqdq dtes64 monitor ds_cpl vmx smx est tm2 ssse3 sdbg fma cx16 xtpr pdcm sse4_1 sse4_2 x2apic movbe popcnt tsc_deadline_timer aes xsave avx f16c rdrand lahf_lm abm epb ibrs ibpb stibp tpr_shadow vnmi flexpriority ept vpid fsgsbase tsc_adjust bmi1 avx2 smep bmi2 erms invpcid xsaveopt dtherm ida arat pln pts
bugs		: cpu_meltdown spectre_v1 spectre_v2 spec_store_bypass
bogomips	: 5985.75
clflush size	: 64
cache_alignment	: 64
address sizes	: 39 bits physical, 48 bits virtual
power management:



Memory: 4k page, physical 8084852k(5900840k free), swap 5119996k(5119996k free)

vm_info: Java HotSpot(TM) Server VM (25.171-b11) for linux-x86 JRE (1.8.0_171-b11), built on Mar 28 2018 12:00:40 by "java_re" with gcc 4.3.0 20080428 (Red Hat 4.3.0-8)

time: Thu Jul  5 12:45:17 2018
elapsed time: 841 seconds (0d 0h 14m 1s)

